[2023-05-01T06:20:19.870+0000] {processor.py:156} INFO - Started process (PID=40) to work on /home/airflow/.local/lib/python3.7/site-packages/airflow/example_dags/example_branch_day_of_week_operator.py
[2023-05-01T06:20:19.871+0000] {processor.py:799} INFO - Processing file /home/airflow/.local/lib/python3.7/site-packages/airflow/example_dags/example_branch_day_of_week_operator.py for tasks to queue
[2023-05-01T06:20:19.871+0000] {logging_mixin.py:149} INFO - [2023-05-01T06:20:19.871+0000] {dagbag.py:541} INFO - Filling up the DagBag from /home/airflow/.local/lib/python3.7/site-packages/airflow/example_dags/example_branch_day_of_week_operator.py
[2023-05-01T06:20:19.884+0000] {processor.py:809} INFO - DAG(s) dict_keys(['example_weekday_branch_operator']) retrieved from /home/airflow/.local/lib/python3.7/site-packages/airflow/example_dags/example_branch_day_of_week_operator.py
[2023-05-01T06:20:19.894+0000] {logging_mixin.py:149} INFO - [2023-05-01T06:20:19.894+0000] {dag.py:2726} INFO - Sync 1 DAGs
[2023-05-01T06:20:19.918+0000] {logging_mixin.py:149} INFO - [2023-05-01T06:20:19.918+0000] {dag.py:3490} INFO - Setting next_dagrun for example_weekday_branch_operator to 2023-04-30T00:00:00+00:00, run_after=2023-05-01T00:00:00+00:00
[2023-05-01T06:20:19.936+0000] {processor.py:178} INFO - Processing /home/airflow/.local/lib/python3.7/site-packages/airflow/example_dags/example_branch_day_of_week_operator.py took 0.069 seconds
[2023-05-01T06:20:49.963+0000] {processor.py:156} INFO - Started process (PID=95) to work on /home/airflow/.local/lib/python3.7/site-packages/airflow/example_dags/example_branch_day_of_week_operator.py
[2023-05-01T06:20:49.964+0000] {processor.py:799} INFO - Processing file /home/airflow/.local/lib/python3.7/site-packages/airflow/example_dags/example_branch_day_of_week_operator.py for tasks to queue
[2023-05-01T06:20:49.964+0000] {logging_mixin.py:149} INFO - [2023-05-01T06:20:49.964+0000] {dagbag.py:541} INFO - Filling up the DagBag from /home/airflow/.local/lib/python3.7/site-packages/airflow/example_dags/example_branch_day_of_week_operator.py
[2023-05-01T06:20:49.970+0000] {processor.py:809} INFO - DAG(s) dict_keys(['example_weekday_branch_operator']) retrieved from /home/airflow/.local/lib/python3.7/site-packages/airflow/example_dags/example_branch_day_of_week_operator.py
[2023-05-01T06:20:49.990+0000] {logging_mixin.py:149} INFO - [2023-05-01T06:20:49.990+0000] {dag.py:2726} INFO - Sync 1 DAGs
[2023-05-01T06:20:50.012+0000] {logging_mixin.py:149} INFO - [2023-05-01T06:20:50.012+0000] {dag.py:3490} INFO - Setting next_dagrun for example_weekday_branch_operator to 2023-04-30T00:00:00+00:00, run_after=2023-05-01T00:00:00+00:00
[2023-05-01T06:20:50.029+0000] {processor.py:178} INFO - Processing /home/airflow/.local/lib/python3.7/site-packages/airflow/example_dags/example_branch_day_of_week_operator.py took 0.069 seconds
[2023-05-01T06:21:20.485+0000] {processor.py:156} INFO - Started process (PID=151) to work on /home/airflow/.local/lib/python3.7/site-packages/airflow/example_dags/example_branch_day_of_week_operator.py
[2023-05-01T06:21:20.486+0000] {processor.py:799} INFO - Processing file /home/airflow/.local/lib/python3.7/site-packages/airflow/example_dags/example_branch_day_of_week_operator.py for tasks to queue
[2023-05-01T06:21:20.486+0000] {logging_mixin.py:149} INFO - [2023-05-01T06:21:20.486+0000] {dagbag.py:541} INFO - Filling up the DagBag from /home/airflow/.local/lib/python3.7/site-packages/airflow/example_dags/example_branch_day_of_week_operator.py
[2023-05-01T06:21:20.493+0000] {processor.py:809} INFO - DAG(s) dict_keys(['example_weekday_branch_operator']) retrieved from /home/airflow/.local/lib/python3.7/site-packages/airflow/example_dags/example_branch_day_of_week_operator.py
[2023-05-01T06:21:20.515+0000] {logging_mixin.py:149} INFO - [2023-05-01T06:21:20.515+0000] {dag.py:2726} INFO - Sync 1 DAGs
[2023-05-01T06:21:20.540+0000] {logging_mixin.py:149} INFO - [2023-05-01T06:21:20.540+0000] {dag.py:3490} INFO - Setting next_dagrun for example_weekday_branch_operator to 2023-04-30T00:00:00+00:00, run_after=2023-05-01T00:00:00+00:00
[2023-05-01T06:21:20.558+0000] {processor.py:178} INFO - Processing /home/airflow/.local/lib/python3.7/site-packages/airflow/example_dags/example_branch_day_of_week_operator.py took 0.076 seconds
[2023-05-01T06:21:50.998+0000] {processor.py:156} INFO - Started process (PID=207) to work on /home/airflow/.local/lib/python3.7/site-packages/airflow/example_dags/example_branch_day_of_week_operator.py
[2023-05-01T06:21:50.999+0000] {processor.py:799} INFO - Processing file /home/airflow/.local/lib/python3.7/site-packages/airflow/example_dags/example_branch_day_of_week_operator.py for tasks to queue
[2023-05-01T06:21:51.000+0000] {logging_mixin.py:149} INFO - [2023-05-01T06:21:50.999+0000] {dagbag.py:541} INFO - Filling up the DagBag from /home/airflow/.local/lib/python3.7/site-packages/airflow/example_dags/example_branch_day_of_week_operator.py
[2023-05-01T06:21:51.006+0000] {processor.py:809} INFO - DAG(s) dict_keys(['example_weekday_branch_operator']) retrieved from /home/airflow/.local/lib/python3.7/site-packages/airflow/example_dags/example_branch_day_of_week_operator.py
[2023-05-01T06:21:51.026+0000] {logging_mixin.py:149} INFO - [2023-05-01T06:21:51.025+0000] {dag.py:2726} INFO - Sync 1 DAGs
[2023-05-01T06:21:51.050+0000] {logging_mixin.py:149} INFO - [2023-05-01T06:21:51.050+0000] {dag.py:3490} INFO - Setting next_dagrun for example_weekday_branch_operator to 2023-04-30T00:00:00+00:00, run_after=2023-05-01T00:00:00+00:00
[2023-05-01T06:21:51.067+0000] {processor.py:178} INFO - Processing /home/airflow/.local/lib/python3.7/site-packages/airflow/example_dags/example_branch_day_of_week_operator.py took 0.071 seconds
[2023-05-01T06:22:21.502+0000] {processor.py:156} INFO - Started process (PID=263) to work on /home/airflow/.local/lib/python3.7/site-packages/airflow/example_dags/example_branch_day_of_week_operator.py
[2023-05-01T06:22:21.503+0000] {processor.py:799} INFO - Processing file /home/airflow/.local/lib/python3.7/site-packages/airflow/example_dags/example_branch_day_of_week_operator.py for tasks to queue
[2023-05-01T06:22:21.504+0000] {logging_mixin.py:149} INFO - [2023-05-01T06:22:21.504+0000] {dagbag.py:541} INFO - Filling up the DagBag from /home/airflow/.local/lib/python3.7/site-packages/airflow/example_dags/example_branch_day_of_week_operator.py
[2023-05-01T06:22:21.510+0000] {processor.py:809} INFO - DAG(s) dict_keys(['example_weekday_branch_operator']) retrieved from /home/airflow/.local/lib/python3.7/site-packages/airflow/example_dags/example_branch_day_of_week_operator.py
[2023-05-01T06:22:21.530+0000] {logging_mixin.py:149} INFO - [2023-05-01T06:22:21.530+0000] {dag.py:2726} INFO - Sync 1 DAGs
[2023-05-01T06:22:21.553+0000] {logging_mixin.py:149} INFO - [2023-05-01T06:22:21.553+0000] {dag.py:3490} INFO - Setting next_dagrun for example_weekday_branch_operator to 2023-04-30T00:00:00+00:00, run_after=2023-05-01T00:00:00+00:00
[2023-05-01T06:22:21.568+0000] {processor.py:178} INFO - Processing /home/airflow/.local/lib/python3.7/site-packages/airflow/example_dags/example_branch_day_of_week_operator.py took 0.068 seconds
[2023-05-01T06:22:51.976+0000] {processor.py:156} INFO - Started process (PID=319) to work on /home/airflow/.local/lib/python3.7/site-packages/airflow/example_dags/example_branch_day_of_week_operator.py
[2023-05-01T06:22:51.977+0000] {processor.py:799} INFO - Processing file /home/airflow/.local/lib/python3.7/site-packages/airflow/example_dags/example_branch_day_of_week_operator.py for tasks to queue
[2023-05-01T06:22:51.978+0000] {logging_mixin.py:149} INFO - [2023-05-01T06:22:51.977+0000] {dagbag.py:541} INFO - Filling up the DagBag from /home/airflow/.local/lib/python3.7/site-packages/airflow/example_dags/example_branch_day_of_week_operator.py
[2023-05-01T06:22:51.984+0000] {processor.py:809} INFO - DAG(s) dict_keys(['example_weekday_branch_operator']) retrieved from /home/airflow/.local/lib/python3.7/site-packages/airflow/example_dags/example_branch_day_of_week_operator.py
[2023-05-01T06:22:52.004+0000] {logging_mixin.py:149} INFO - [2023-05-01T06:22:52.004+0000] {dag.py:2726} INFO - Sync 1 DAGs
[2023-05-01T06:22:52.027+0000] {logging_mixin.py:149} INFO - [2023-05-01T06:22:52.027+0000] {dag.py:3490} INFO - Setting next_dagrun for example_weekday_branch_operator to 2023-04-30T00:00:00+00:00, run_after=2023-05-01T00:00:00+00:00
[2023-05-01T06:22:52.043+0000] {processor.py:178} INFO - Processing /home/airflow/.local/lib/python3.7/site-packages/airflow/example_dags/example_branch_day_of_week_operator.py took 0.069 seconds
[2023-05-01T06:23:22.742+0000] {processor.py:156} INFO - Started process (PID=374) to work on /home/airflow/.local/lib/python3.7/site-packages/airflow/example_dags/example_branch_day_of_week_operator.py
[2023-05-01T06:23:22.743+0000] {processor.py:799} INFO - Processing file /home/airflow/.local/lib/python3.7/site-packages/airflow/example_dags/example_branch_day_of_week_operator.py for tasks to queue
[2023-05-01T06:23:22.744+0000] {logging_mixin.py:149} INFO - [2023-05-01T06:23:22.744+0000] {dagbag.py:541} INFO - Filling up the DagBag from /home/airflow/.local/lib/python3.7/site-packages/airflow/example_dags/example_branch_day_of_week_operator.py
[2023-05-01T06:23:22.753+0000] {processor.py:809} INFO - DAG(s) dict_keys(['example_weekday_branch_operator']) retrieved from /home/airflow/.local/lib/python3.7/site-packages/airflow/example_dags/example_branch_day_of_week_operator.py
[2023-05-01T06:23:22.776+0000] {logging_mixin.py:149} INFO - [2023-05-01T06:23:22.776+0000] {dag.py:2726} INFO - Sync 1 DAGs
[2023-05-01T06:23:22.802+0000] {logging_mixin.py:149} INFO - [2023-05-01T06:23:22.802+0000] {dag.py:3490} INFO - Setting next_dagrun for example_weekday_branch_operator to 2023-04-30T00:00:00+00:00, run_after=2023-05-01T00:00:00+00:00
[2023-05-01T06:23:22.820+0000] {processor.py:178} INFO - Processing /home/airflow/.local/lib/python3.7/site-packages/airflow/example_dags/example_branch_day_of_week_operator.py took 0.080 seconds
