[2023-05-01T06:20:20.677+0000] {processor.py:156} INFO - Started process (PID=48) to work on /home/airflow/.local/lib/python3.7/site-packages/airflow/example_dags/example_sensor_decorator.py
[2023-05-01T06:20:20.678+0000] {processor.py:799} INFO - Processing file /home/airflow/.local/lib/python3.7/site-packages/airflow/example_dags/example_sensor_decorator.py for tasks to queue
[2023-05-01T06:20:20.678+0000] {logging_mixin.py:149} INFO - [2023-05-01T06:20:20.678+0000] {dagbag.py:541} INFO - Filling up the DagBag from /home/airflow/.local/lib/python3.7/site-packages/airflow/example_dags/example_sensor_decorator.py
[2023-05-01T06:20:20.685+0000] {processor.py:809} INFO - DAG(s) dict_keys(['example_sensor_decorator']) retrieved from /home/airflow/.local/lib/python3.7/site-packages/airflow/example_dags/example_sensor_decorator.py
[2023-05-01T06:20:20.695+0000] {logging_mixin.py:149} INFO - [2023-05-01T06:20:20.695+0000] {dag.py:2726} INFO - Sync 1 DAGs
[2023-05-01T06:20:20.720+0000] {logging_mixin.py:149} INFO - [2023-05-01T06:20:20.719+0000] {dag.py:3490} INFO - Setting next_dagrun for example_sensor_decorator to None, run_after=None
[2023-05-01T06:20:20.735+0000] {processor.py:178} INFO - Processing /home/airflow/.local/lib/python3.7/site-packages/airflow/example_dags/example_sensor_decorator.py took 0.061 seconds
[2023-05-01T06:20:51.449+0000] {processor.py:156} INFO - Started process (PID=104) to work on /home/airflow/.local/lib/python3.7/site-packages/airflow/example_dags/example_sensor_decorator.py
[2023-05-01T06:20:51.449+0000] {processor.py:799} INFO - Processing file /home/airflow/.local/lib/python3.7/site-packages/airflow/example_dags/example_sensor_decorator.py for tasks to queue
[2023-05-01T06:20:51.450+0000] {logging_mixin.py:149} INFO - [2023-05-01T06:20:51.450+0000] {dagbag.py:541} INFO - Filling up the DagBag from /home/airflow/.local/lib/python3.7/site-packages/airflow/example_dags/example_sensor_decorator.py
[2023-05-01T06:20:51.454+0000] {processor.py:809} INFO - DAG(s) dict_keys(['example_sensor_decorator']) retrieved from /home/airflow/.local/lib/python3.7/site-packages/airflow/example_dags/example_sensor_decorator.py
[2023-05-01T06:20:51.474+0000] {logging_mixin.py:149} INFO - [2023-05-01T06:20:51.473+0000] {dag.py:2726} INFO - Sync 1 DAGs
[2023-05-01T06:20:51.495+0000] {logging_mixin.py:149} INFO - [2023-05-01T06:20:51.495+0000] {dag.py:3490} INFO - Setting next_dagrun for example_sensor_decorator to None, run_after=None
[2023-05-01T06:20:51.511+0000] {processor.py:178} INFO - Processing /home/airflow/.local/lib/python3.7/site-packages/airflow/example_dags/example_sensor_decorator.py took 0.065 seconds
[2023-05-01T06:21:22.048+0000] {processor.py:156} INFO - Started process (PID=160) to work on /home/airflow/.local/lib/python3.7/site-packages/airflow/example_dags/example_sensor_decorator.py
[2023-05-01T06:21:22.049+0000] {processor.py:799} INFO - Processing file /home/airflow/.local/lib/python3.7/site-packages/airflow/example_dags/example_sensor_decorator.py for tasks to queue
[2023-05-01T06:21:22.049+0000] {logging_mixin.py:149} INFO - [2023-05-01T06:21:22.049+0000] {dagbag.py:541} INFO - Filling up the DagBag from /home/airflow/.local/lib/python3.7/site-packages/airflow/example_dags/example_sensor_decorator.py
[2023-05-01T06:21:22.054+0000] {processor.py:809} INFO - DAG(s) dict_keys(['example_sensor_decorator']) retrieved from /home/airflow/.local/lib/python3.7/site-packages/airflow/example_dags/example_sensor_decorator.py
[2023-05-01T06:21:22.073+0000] {logging_mixin.py:149} INFO - [2023-05-01T06:21:22.073+0000] {dag.py:2726} INFO - Sync 1 DAGs
[2023-05-01T06:21:22.093+0000] {logging_mixin.py:149} INFO - [2023-05-01T06:21:22.093+0000] {dag.py:3490} INFO - Setting next_dagrun for example_sensor_decorator to None, run_after=None
[2023-05-01T06:21:22.108+0000] {processor.py:178} INFO - Processing /home/airflow/.local/lib/python3.7/site-packages/airflow/example_dags/example_sensor_decorator.py took 0.062 seconds
[2023-05-01T06:21:52.542+0000] {processor.py:156} INFO - Started process (PID=216) to work on /home/airflow/.local/lib/python3.7/site-packages/airflow/example_dags/example_sensor_decorator.py
[2023-05-01T06:21:52.543+0000] {processor.py:799} INFO - Processing file /home/airflow/.local/lib/python3.7/site-packages/airflow/example_dags/example_sensor_decorator.py for tasks to queue
[2023-05-01T06:21:52.543+0000] {logging_mixin.py:149} INFO - [2023-05-01T06:21:52.543+0000] {dagbag.py:541} INFO - Filling up the DagBag from /home/airflow/.local/lib/python3.7/site-packages/airflow/example_dags/example_sensor_decorator.py
[2023-05-01T06:21:52.547+0000] {processor.py:809} INFO - DAG(s) dict_keys(['example_sensor_decorator']) retrieved from /home/airflow/.local/lib/python3.7/site-packages/airflow/example_dags/example_sensor_decorator.py
[2023-05-01T06:21:52.566+0000] {logging_mixin.py:149} INFO - [2023-05-01T06:21:52.566+0000] {dag.py:2726} INFO - Sync 1 DAGs
[2023-05-01T06:21:52.587+0000] {logging_mixin.py:149} INFO - [2023-05-01T06:21:52.586+0000] {dag.py:3490} INFO - Setting next_dagrun for example_sensor_decorator to None, run_after=None
[2023-05-01T06:21:52.603+0000] {processor.py:178} INFO - Processing /home/airflow/.local/lib/python3.7/site-packages/airflow/example_dags/example_sensor_decorator.py took 0.064 seconds
[2023-05-01T06:22:22.991+0000] {processor.py:156} INFO - Started process (PID=272) to work on /home/airflow/.local/lib/python3.7/site-packages/airflow/example_dags/example_sensor_decorator.py
[2023-05-01T06:22:22.992+0000] {processor.py:799} INFO - Processing file /home/airflow/.local/lib/python3.7/site-packages/airflow/example_dags/example_sensor_decorator.py for tasks to queue
[2023-05-01T06:22:22.992+0000] {logging_mixin.py:149} INFO - [2023-05-01T06:22:22.992+0000] {dagbag.py:541} INFO - Filling up the DagBag from /home/airflow/.local/lib/python3.7/site-packages/airflow/example_dags/example_sensor_decorator.py
[2023-05-01T06:22:22.997+0000] {processor.py:809} INFO - DAG(s) dict_keys(['example_sensor_decorator']) retrieved from /home/airflow/.local/lib/python3.7/site-packages/airflow/example_dags/example_sensor_decorator.py
[2023-05-01T06:22:23.016+0000] {logging_mixin.py:149} INFO - [2023-05-01T06:22:23.016+0000] {dag.py:2726} INFO - Sync 1 DAGs
[2023-05-01T06:22:23.037+0000] {logging_mixin.py:149} INFO - [2023-05-01T06:22:23.037+0000] {dag.py:3490} INFO - Setting next_dagrun for example_sensor_decorator to None, run_after=None
[2023-05-01T06:22:23.053+0000] {processor.py:178} INFO - Processing /home/airflow/.local/lib/python3.7/site-packages/airflow/example_dags/example_sensor_decorator.py took 0.064 seconds
[2023-05-01T06:22:53.540+0000] {processor.py:156} INFO - Started process (PID=328) to work on /home/airflow/.local/lib/python3.7/site-packages/airflow/example_dags/example_sensor_decorator.py
[2023-05-01T06:22:53.540+0000] {processor.py:799} INFO - Processing file /home/airflow/.local/lib/python3.7/site-packages/airflow/example_dags/example_sensor_decorator.py for tasks to queue
[2023-05-01T06:22:53.541+0000] {logging_mixin.py:149} INFO - [2023-05-01T06:22:53.541+0000] {dagbag.py:541} INFO - Filling up the DagBag from /home/airflow/.local/lib/python3.7/site-packages/airflow/example_dags/example_sensor_decorator.py
[2023-05-01T06:22:53.545+0000] {processor.py:809} INFO - DAG(s) dict_keys(['example_sensor_decorator']) retrieved from /home/airflow/.local/lib/python3.7/site-packages/airflow/example_dags/example_sensor_decorator.py
[2023-05-01T06:22:53.564+0000] {logging_mixin.py:149} INFO - [2023-05-01T06:22:53.564+0000] {dag.py:2726} INFO - Sync 1 DAGs
[2023-05-01T06:22:53.585+0000] {logging_mixin.py:149} INFO - [2023-05-01T06:22:53.585+0000] {dag.py:3490} INFO - Setting next_dagrun for example_sensor_decorator to None, run_after=None
[2023-05-01T06:22:53.600+0000] {processor.py:178} INFO - Processing /home/airflow/.local/lib/python3.7/site-packages/airflow/example_dags/example_sensor_decorator.py took 0.062 seconds
[2023-05-01T06:23:24.352+0000] {processor.py:156} INFO - Started process (PID=383) to work on /home/airflow/.local/lib/python3.7/site-packages/airflow/example_dags/example_sensor_decorator.py
[2023-05-01T06:23:24.353+0000] {processor.py:799} INFO - Processing file /home/airflow/.local/lib/python3.7/site-packages/airflow/example_dags/example_sensor_decorator.py for tasks to queue
[2023-05-01T06:23:24.354+0000] {logging_mixin.py:149} INFO - [2023-05-01T06:23:24.353+0000] {dagbag.py:541} INFO - Filling up the DagBag from /home/airflow/.local/lib/python3.7/site-packages/airflow/example_dags/example_sensor_decorator.py
[2023-05-01T06:23:24.358+0000] {processor.py:809} INFO - DAG(s) dict_keys(['example_sensor_decorator']) retrieved from /home/airflow/.local/lib/python3.7/site-packages/airflow/example_dags/example_sensor_decorator.py
[2023-05-01T06:23:24.378+0000] {logging_mixin.py:149} INFO - [2023-05-01T06:23:24.378+0000] {dag.py:2726} INFO - Sync 1 DAGs
[2023-05-01T06:23:24.400+0000] {logging_mixin.py:149} INFO - [2023-05-01T06:23:24.400+0000] {dag.py:3490} INFO - Setting next_dagrun for example_sensor_decorator to None, run_after=None
[2023-05-01T06:23:24.417+0000] {processor.py:178} INFO - Processing /home/airflow/.local/lib/python3.7/site-packages/airflow/example_dags/example_sensor_decorator.py took 0.067 seconds
[2023-05-01T06:23:55.023+0000] {processor.py:156} INFO - Started process (PID=439) to work on /home/airflow/.local/lib/python3.7/site-packages/airflow/example_dags/example_sensor_decorator.py
[2023-05-01T06:23:55.023+0000] {processor.py:799} INFO - Processing file /home/airflow/.local/lib/python3.7/site-packages/airflow/example_dags/example_sensor_decorator.py for tasks to queue
[2023-05-01T06:23:55.024+0000] {logging_mixin.py:149} INFO - [2023-05-01T06:23:55.024+0000] {dagbag.py:541} INFO - Filling up the DagBag from /home/airflow/.local/lib/python3.7/site-packages/airflow/example_dags/example_sensor_decorator.py
[2023-05-01T06:23:55.028+0000] {processor.py:809} INFO - DAG(s) dict_keys(['example_sensor_decorator']) retrieved from /home/airflow/.local/lib/python3.7/site-packages/airflow/example_dags/example_sensor_decorator.py
[2023-05-01T06:23:55.048+0000] {logging_mixin.py:149} INFO - [2023-05-01T06:23:55.048+0000] {dag.py:2726} INFO - Sync 1 DAGs
[2023-05-01T06:23:55.068+0000] {logging_mixin.py:149} INFO - [2023-05-01T06:23:55.068+0000] {dag.py:3490} INFO - Setting next_dagrun for example_sensor_decorator to None, run_after=None
[2023-05-01T06:23:55.084+0000] {processor.py:178} INFO - Processing /home/airflow/.local/lib/python3.7/site-packages/airflow/example_dags/example_sensor_decorator.py took 0.063 seconds
[2023-05-01T06:24:25.561+0000] {processor.py:156} INFO - Started process (PID=495) to work on /home/airflow/.local/lib/python3.7/site-packages/airflow/example_dags/example_sensor_decorator.py
[2023-05-01T06:24:25.562+0000] {processor.py:799} INFO - Processing file /home/airflow/.local/lib/python3.7/site-packages/airflow/example_dags/example_sensor_decorator.py for tasks to queue
[2023-05-01T06:24:25.563+0000] {logging_mixin.py:149} INFO - [2023-05-01T06:24:25.563+0000] {dagbag.py:541} INFO - Filling up the DagBag from /home/airflow/.local/lib/python3.7/site-packages/airflow/example_dags/example_sensor_decorator.py
[2023-05-01T06:24:25.567+0000] {processor.py:809} INFO - DAG(s) dict_keys(['example_sensor_decorator']) retrieved from /home/airflow/.local/lib/python3.7/site-packages/airflow/example_dags/example_sensor_decorator.py
[2023-05-01T06:24:25.591+0000] {logging_mixin.py:149} INFO - [2023-05-01T06:24:25.591+0000] {dag.py:2726} INFO - Sync 1 DAGs
[2023-05-01T06:24:25.621+0000] {logging_mixin.py:149} INFO - [2023-05-01T06:24:25.621+0000] {dag.py:3490} INFO - Setting next_dagrun for example_sensor_decorator to None, run_after=None
[2023-05-01T06:24:25.658+0000] {processor.py:178} INFO - Processing /home/airflow/.local/lib/python3.7/site-packages/airflow/example_dags/example_sensor_decorator.py took 0.100 seconds
[2023-05-01T06:24:56.227+0000] {processor.py:156} INFO - Started process (PID=551) to work on /home/airflow/.local/lib/python3.7/site-packages/airflow/example_dags/example_sensor_decorator.py
[2023-05-01T06:24:56.228+0000] {processor.py:799} INFO - Processing file /home/airflow/.local/lib/python3.7/site-packages/airflow/example_dags/example_sensor_decorator.py for tasks to queue
[2023-05-01T06:24:56.229+0000] {logging_mixin.py:149} INFO - [2023-05-01T06:24:56.228+0000] {dagbag.py:541} INFO - Filling up the DagBag from /home/airflow/.local/lib/python3.7/site-packages/airflow/example_dags/example_sensor_decorator.py
[2023-05-01T06:24:56.233+0000] {processor.py:809} INFO - DAG(s) dict_keys(['example_sensor_decorator']) retrieved from /home/airflow/.local/lib/python3.7/site-packages/airflow/example_dags/example_sensor_decorator.py
[2023-05-01T06:24:56.252+0000] {logging_mixin.py:149} INFO - [2023-05-01T06:24:56.252+0000] {dag.py:2726} INFO - Sync 1 DAGs
[2023-05-01T06:24:56.273+0000] {logging_mixin.py:149} INFO - [2023-05-01T06:24:56.273+0000] {dag.py:3490} INFO - Setting next_dagrun for example_sensor_decorator to None, run_after=None
[2023-05-01T06:24:56.289+0000] {processor.py:178} INFO - Processing /home/airflow/.local/lib/python3.7/site-packages/airflow/example_dags/example_sensor_decorator.py took 0.065 seconds
[2023-05-01T06:25:26.465+0000] {processor.py:156} INFO - Started process (PID=607) to work on /home/airflow/.local/lib/python3.7/site-packages/airflow/example_dags/example_sensor_decorator.py
[2023-05-01T06:25:26.466+0000] {processor.py:799} INFO - Processing file /home/airflow/.local/lib/python3.7/site-packages/airflow/example_dags/example_sensor_decorator.py for tasks to queue
[2023-05-01T06:25:26.466+0000] {logging_mixin.py:149} INFO - [2023-05-01T06:25:26.466+0000] {dagbag.py:541} INFO - Filling up the DagBag from /home/airflow/.local/lib/python3.7/site-packages/airflow/example_dags/example_sensor_decorator.py
[2023-05-01T06:25:26.471+0000] {processor.py:809} INFO - DAG(s) dict_keys(['example_sensor_decorator']) retrieved from /home/airflow/.local/lib/python3.7/site-packages/airflow/example_dags/example_sensor_decorator.py
[2023-05-01T06:25:26.490+0000] {logging_mixin.py:149} INFO - [2023-05-01T06:25:26.490+0000] {dag.py:2726} INFO - Sync 1 DAGs
[2023-05-01T06:25:26.510+0000] {logging_mixin.py:149} INFO - [2023-05-01T06:25:26.510+0000] {dag.py:3490} INFO - Setting next_dagrun for example_sensor_decorator to None, run_after=None
[2023-05-01T06:25:26.526+0000] {processor.py:178} INFO - Processing /home/airflow/.local/lib/python3.7/site-packages/airflow/example_dags/example_sensor_decorator.py took 0.064 seconds
