[2023-05-01T06:20:19.765+0000] {processor.py:156} INFO - Started process (PID=39) to work on /home/airflow/.local/lib/python3.7/site-packages/airflow/example_dags/example_latest_only_with_trigger.py
[2023-05-01T06:20:19.766+0000] {processor.py:799} INFO - Processing file /home/airflow/.local/lib/python3.7/site-packages/airflow/example_dags/example_latest_only_with_trigger.py for tasks to queue
[2023-05-01T06:20:19.766+0000] {logging_mixin.py:149} INFO - [2023-05-01T06:20:19.766+0000] {dagbag.py:541} INFO - Filling up the DagBag from /home/airflow/.local/lib/python3.7/site-packages/airflow/example_dags/example_latest_only_with_trigger.py
[2023-05-01T06:20:19.776+0000] {processor.py:809} INFO - DAG(s) dict_keys(['latest_only_with_trigger']) retrieved from /home/airflow/.local/lib/python3.7/site-packages/airflow/example_dags/example_latest_only_with_trigger.py
[2023-05-01T06:20:19.787+0000] {logging_mixin.py:149} INFO - [2023-05-01T06:20:19.787+0000] {dag.py:2726} INFO - Sync 1 DAGs
[2023-05-01T06:20:19.811+0000] {logging_mixin.py:149} INFO - [2023-05-01T06:20:19.810+0000] {dag.py:3490} INFO - Setting next_dagrun for latest_only_with_trigger to 2023-05-01T02:20:19.810762+00:00, run_after=2023-05-01T06:20:19.810762+00:00
[2023-05-01T06:20:19.829+0000] {processor.py:178} INFO - Processing /home/airflow/.local/lib/python3.7/site-packages/airflow/example_dags/example_latest_only_with_trigger.py took 0.066 seconds
[2023-05-01T06:20:49.884+0000] {processor.py:156} INFO - Started process (PID=94) to work on /home/airflow/.local/lib/python3.7/site-packages/airflow/example_dags/example_latest_only_with_trigger.py
[2023-05-01T06:20:49.885+0000] {processor.py:799} INFO - Processing file /home/airflow/.local/lib/python3.7/site-packages/airflow/example_dags/example_latest_only_with_trigger.py for tasks to queue
[2023-05-01T06:20:49.886+0000] {logging_mixin.py:149} INFO - [2023-05-01T06:20:49.886+0000] {dagbag.py:541} INFO - Filling up the DagBag from /home/airflow/.local/lib/python3.7/site-packages/airflow/example_dags/example_latest_only_with_trigger.py
[2023-05-01T06:20:49.890+0000] {processor.py:809} INFO - DAG(s) dict_keys(['latest_only_with_trigger']) retrieved from /home/airflow/.local/lib/python3.7/site-packages/airflow/example_dags/example_latest_only_with_trigger.py
[2023-05-01T06:20:49.910+0000] {logging_mixin.py:149} INFO - [2023-05-01T06:20:49.910+0000] {dag.py:2726} INFO - Sync 1 DAGs
[2023-05-01T06:20:49.931+0000] {logging_mixin.py:149} INFO - [2023-05-01T06:20:49.931+0000] {dag.py:3490} INFO - Setting next_dagrun for latest_only_with_trigger to 2023-05-01T02:20:49.930983+00:00, run_after=2023-05-01T06:20:49.930983+00:00
[2023-05-01T06:20:49.947+0000] {processor.py:178} INFO - Processing /home/airflow/.local/lib/python3.7/site-packages/airflow/example_dags/example_latest_only_with_trigger.py took 0.065 seconds
[2023-05-01T06:21:20.461+0000] {processor.py:156} INFO - Started process (PID=150) to work on /home/airflow/.local/lib/python3.7/site-packages/airflow/example_dags/example_latest_only_with_trigger.py
[2023-05-01T06:21:20.462+0000] {processor.py:799} INFO - Processing file /home/airflow/.local/lib/python3.7/site-packages/airflow/example_dags/example_latest_only_with_trigger.py for tasks to queue
[2023-05-01T06:21:20.462+0000] {logging_mixin.py:149} INFO - [2023-05-01T06:21:20.462+0000] {dagbag.py:541} INFO - Filling up the DagBag from /home/airflow/.local/lib/python3.7/site-packages/airflow/example_dags/example_latest_only_with_trigger.py
[2023-05-01T06:21:20.467+0000] {processor.py:809} INFO - DAG(s) dict_keys(['latest_only_with_trigger']) retrieved from /home/airflow/.local/lib/python3.7/site-packages/airflow/example_dags/example_latest_only_with_trigger.py
[2023-05-01T06:21:20.488+0000] {logging_mixin.py:149} INFO - [2023-05-01T06:21:20.488+0000] {dag.py:2726} INFO - Sync 1 DAGs
[2023-05-01T06:21:20.510+0000] {logging_mixin.py:149} INFO - [2023-05-01T06:21:20.509+0000] {dag.py:3490} INFO - Setting next_dagrun for latest_only_with_trigger to 2023-05-01T02:21:20.509745+00:00, run_after=2023-05-01T06:21:20.509745+00:00
[2023-05-01T06:21:20.526+0000] {processor.py:178} INFO - Processing /home/airflow/.local/lib/python3.7/site-packages/airflow/example_dags/example_latest_only_with_trigger.py took 0.068 seconds
[2023-05-01T06:21:50.971+0000] {processor.py:156} INFO - Started process (PID=206) to work on /home/airflow/.local/lib/python3.7/site-packages/airflow/example_dags/example_latest_only_with_trigger.py
[2023-05-01T06:21:50.972+0000] {processor.py:799} INFO - Processing file /home/airflow/.local/lib/python3.7/site-packages/airflow/example_dags/example_latest_only_with_trigger.py for tasks to queue
[2023-05-01T06:21:50.972+0000] {logging_mixin.py:149} INFO - [2023-05-01T06:21:50.972+0000] {dagbag.py:541} INFO - Filling up the DagBag from /home/airflow/.local/lib/python3.7/site-packages/airflow/example_dags/example_latest_only_with_trigger.py
[2023-05-01T06:21:50.977+0000] {processor.py:809} INFO - DAG(s) dict_keys(['latest_only_with_trigger']) retrieved from /home/airflow/.local/lib/python3.7/site-packages/airflow/example_dags/example_latest_only_with_trigger.py
[2023-05-01T06:21:50.997+0000] {logging_mixin.py:149} INFO - [2023-05-01T06:21:50.997+0000] {dag.py:2726} INFO - Sync 1 DAGs
[2023-05-01T06:21:51.019+0000] {logging_mixin.py:149} INFO - [2023-05-01T06:21:51.019+0000] {dag.py:3490} INFO - Setting next_dagrun for latest_only_with_trigger to 2023-05-01T02:21:51.019120+00:00, run_after=2023-05-01T06:21:51.019120+00:00
[2023-05-01T06:21:51.035+0000] {processor.py:178} INFO - Processing /home/airflow/.local/lib/python3.7/site-packages/airflow/example_dags/example_latest_only_with_trigger.py took 0.066 seconds
[2023-05-01T06:22:21.474+0000] {processor.py:156} INFO - Started process (PID=262) to work on /home/airflow/.local/lib/python3.7/site-packages/airflow/example_dags/example_latest_only_with_trigger.py
[2023-05-01T06:22:21.474+0000] {processor.py:799} INFO - Processing file /home/airflow/.local/lib/python3.7/site-packages/airflow/example_dags/example_latest_only_with_trigger.py for tasks to queue
[2023-05-01T06:22:21.475+0000] {logging_mixin.py:149} INFO - [2023-05-01T06:22:21.475+0000] {dagbag.py:541} INFO - Filling up the DagBag from /home/airflow/.local/lib/python3.7/site-packages/airflow/example_dags/example_latest_only_with_trigger.py
[2023-05-01T06:22:21.480+0000] {processor.py:809} INFO - DAG(s) dict_keys(['latest_only_with_trigger']) retrieved from /home/airflow/.local/lib/python3.7/site-packages/airflow/example_dags/example_latest_only_with_trigger.py
[2023-05-01T06:22:21.500+0000] {logging_mixin.py:149} INFO - [2023-05-01T06:22:21.499+0000] {dag.py:2726} INFO - Sync 1 DAGs
[2023-05-01T06:22:21.521+0000] {logging_mixin.py:149} INFO - [2023-05-01T06:22:21.521+0000] {dag.py:3490} INFO - Setting next_dagrun for latest_only_with_trigger to 2023-05-01T02:22:21.521096+00:00, run_after=2023-05-01T06:22:21.521096+00:00
[2023-05-01T06:22:21.537+0000] {processor.py:178} INFO - Processing /home/airflow/.local/lib/python3.7/site-packages/airflow/example_dags/example_latest_only_with_trigger.py took 0.065 seconds
[2023-05-01T06:22:51.951+0000] {processor.py:156} INFO - Started process (PID=318) to work on /home/airflow/.local/lib/python3.7/site-packages/airflow/example_dags/example_latest_only_with_trigger.py
[2023-05-01T06:22:51.951+0000] {processor.py:799} INFO - Processing file /home/airflow/.local/lib/python3.7/site-packages/airflow/example_dags/example_latest_only_with_trigger.py for tasks to queue
[2023-05-01T06:22:51.952+0000] {logging_mixin.py:149} INFO - [2023-05-01T06:22:51.952+0000] {dagbag.py:541} INFO - Filling up the DagBag from /home/airflow/.local/lib/python3.7/site-packages/airflow/example_dags/example_latest_only_with_trigger.py
[2023-05-01T06:22:51.956+0000] {processor.py:809} INFO - DAG(s) dict_keys(['latest_only_with_trigger']) retrieved from /home/airflow/.local/lib/python3.7/site-packages/airflow/example_dags/example_latest_only_with_trigger.py
[2023-05-01T06:22:51.977+0000] {logging_mixin.py:149} INFO - [2023-05-01T06:22:51.976+0000] {dag.py:2726} INFO - Sync 1 DAGs
[2023-05-01T06:22:51.998+0000] {logging_mixin.py:149} INFO - [2023-05-01T06:22:51.998+0000] {dag.py:3490} INFO - Setting next_dagrun for latest_only_with_trigger to 2023-05-01T02:22:51.997974+00:00, run_after=2023-05-01T06:22:51.997974+00:00
[2023-05-01T06:22:52.013+0000] {processor.py:178} INFO - Processing /home/airflow/.local/lib/python3.7/site-packages/airflow/example_dags/example_latest_only_with_trigger.py took 0.065 seconds
[2023-05-01T06:23:22.635+0000] {processor.py:156} INFO - Started process (PID=373) to work on /home/airflow/.local/lib/python3.7/site-packages/airflow/example_dags/example_latest_only_with_trigger.py
[2023-05-01T06:23:22.636+0000] {processor.py:799} INFO - Processing file /home/airflow/.local/lib/python3.7/site-packages/airflow/example_dags/example_latest_only_with_trigger.py for tasks to queue
[2023-05-01T06:23:22.636+0000] {logging_mixin.py:149} INFO - [2023-05-01T06:23:22.636+0000] {dagbag.py:541} INFO - Filling up the DagBag from /home/airflow/.local/lib/python3.7/site-packages/airflow/example_dags/example_latest_only_with_trigger.py
[2023-05-01T06:23:22.646+0000] {processor.py:809} INFO - DAG(s) dict_keys(['latest_only_with_trigger']) retrieved from /home/airflow/.local/lib/python3.7/site-packages/airflow/example_dags/example_latest_only_with_trigger.py
[2023-05-01T06:23:22.682+0000] {logging_mixin.py:149} INFO - [2023-05-01T06:23:22.681+0000] {dag.py:2726} INFO - Sync 1 DAGs
[2023-05-01T06:23:22.741+0000] {logging_mixin.py:149} INFO - [2023-05-01T06:23:22.741+0000] {dag.py:3490} INFO - Setting next_dagrun for latest_only_with_trigger to 2023-05-01T02:23:22.741342+00:00, run_after=2023-05-01T06:23:22.741342+00:00
[2023-05-01T06:23:22.760+0000] {processor.py:178} INFO - Processing /home/airflow/.local/lib/python3.7/site-packages/airflow/example_dags/example_latest_only_with_trigger.py took 0.128 seconds
