[2023-05-01T06:20:21.662+0000] {processor.py:156} INFO - Started process (PID=63) to work on /home/airflow/.local/lib/python3.7/site-packages/airflow/example_dags/example_python_operator.py
[2023-05-01T06:20:21.663+0000] {processor.py:799} INFO - Processing file /home/airflow/.local/lib/python3.7/site-packages/airflow/example_dags/example_python_operator.py for tasks to queue
[2023-05-01T06:20:21.663+0000] {logging_mixin.py:149} INFO - [2023-05-01T06:20:21.663+0000] {dagbag.py:541} INFO - Filling up the DagBag from /home/airflow/.local/lib/python3.7/site-packages/airflow/example_dags/example_python_operator.py
[2023-05-01T06:20:21.670+0000] {logging_mixin.py:149} INFO - [2023-05-01T06:20:21.670+0000] {taskmixin.py:211} WARNING - Dependency <Task(_PythonDecoratedOperator): print_the_context>, log_sql_query already registered for DAG: example_python_operator
[2023-05-01T06:20:21.670+0000] {logging_mixin.py:149} INFO - [2023-05-01T06:20:21.670+0000] {taskmixin.py:211} WARNING - Dependency <Task(_PythonDecoratedOperator): log_sql_query>, print_the_context already registered for DAG: example_python_operator
[2023-05-01T06:20:21.671+0000] {logging_mixin.py:149} INFO - [2023-05-01T06:20:21.671+0000] {taskmixin.py:211} WARNING - Dependency <Task(_PythonDecoratedOperator): print_the_context>, log_sql_query already registered for DAG: example_python_operator
[2023-05-01T06:20:21.671+0000] {logging_mixin.py:149} INFO - [2023-05-01T06:20:21.671+0000] {taskmixin.py:211} WARNING - Dependency <Task(_PythonDecoratedOperator): log_sql_query>, print_the_context already registered for DAG: example_python_operator
[2023-05-01T06:20:21.672+0000] {logging_mixin.py:149} INFO - [2023-05-01T06:20:21.671+0000] {taskmixin.py:211} WARNING - Dependency <Task(_PythonDecoratedOperator): print_the_context>, log_sql_query already registered for DAG: example_python_operator
[2023-05-01T06:20:21.672+0000] {logging_mixin.py:149} INFO - [2023-05-01T06:20:21.672+0000] {taskmixin.py:211} WARNING - Dependency <Task(_PythonDecoratedOperator): log_sql_query>, print_the_context already registered for DAG: example_python_operator
[2023-05-01T06:20:21.672+0000] {logging_mixin.py:149} INFO - [2023-05-01T06:20:21.672+0000] {taskmixin.py:211} WARNING - Dependency <Task(_PythonDecoratedOperator): print_the_context>, log_sql_query already registered for DAG: example_python_operator
[2023-05-01T06:20:21.673+0000] {logging_mixin.py:149} INFO - [2023-05-01T06:20:21.672+0000] {taskmixin.py:211} WARNING - Dependency <Task(_PythonDecoratedOperator): log_sql_query>, print_the_context already registered for DAG: example_python_operator
[2023-05-01T06:20:21.675+0000] {processor.py:809} INFO - DAG(s) dict_keys(['example_python_operator']) retrieved from /home/airflow/.local/lib/python3.7/site-packages/airflow/example_dags/example_python_operator.py
[2023-05-01T06:20:21.686+0000] {logging_mixin.py:149} INFO - [2023-05-01T06:20:21.686+0000] {dag.py:2726} INFO - Sync 1 DAGs
[2023-05-01T06:20:21.711+0000] {logging_mixin.py:149} INFO - [2023-05-01T06:20:21.711+0000] {dag.py:3490} INFO - Setting next_dagrun for example_python_operator to None, run_after=None
[2023-05-01T06:20:21.738+0000] {processor.py:178} INFO - Processing /home/airflow/.local/lib/python3.7/site-packages/airflow/example_dags/example_python_operator.py took 0.079 seconds
[2023-05-01T06:20:52.339+0000] {processor.py:156} INFO - Started process (PID=119) to work on /home/airflow/.local/lib/python3.7/site-packages/airflow/example_dags/example_python_operator.py
[2023-05-01T06:20:52.340+0000] {processor.py:799} INFO - Processing file /home/airflow/.local/lib/python3.7/site-packages/airflow/example_dags/example_python_operator.py for tasks to queue
[2023-05-01T06:20:52.340+0000] {logging_mixin.py:149} INFO - [2023-05-01T06:20:52.340+0000] {dagbag.py:541} INFO - Filling up the DagBag from /home/airflow/.local/lib/python3.7/site-packages/airflow/example_dags/example_python_operator.py
[2023-05-01T06:20:52.346+0000] {logging_mixin.py:149} INFO - [2023-05-01T06:20:52.346+0000] {taskmixin.py:211} WARNING - Dependency <Task(_PythonDecoratedOperator): print_the_context>, log_sql_query already registered for DAG: example_python_operator
[2023-05-01T06:20:52.346+0000] {logging_mixin.py:149} INFO - [2023-05-01T06:20:52.346+0000] {taskmixin.py:211} WARNING - Dependency <Task(_PythonDecoratedOperator): log_sql_query>, print_the_context already registered for DAG: example_python_operator
[2023-05-01T06:20:52.346+0000] {logging_mixin.py:149} INFO - [2023-05-01T06:20:52.346+0000] {taskmixin.py:211} WARNING - Dependency <Task(_PythonDecoratedOperator): print_the_context>, log_sql_query already registered for DAG: example_python_operator
[2023-05-01T06:20:52.347+0000] {logging_mixin.py:149} INFO - [2023-05-01T06:20:52.346+0000] {taskmixin.py:211} WARNING - Dependency <Task(_PythonDecoratedOperator): log_sql_query>, print_the_context already registered for DAG: example_python_operator
[2023-05-01T06:20:52.347+0000] {logging_mixin.py:149} INFO - [2023-05-01T06:20:52.347+0000] {taskmixin.py:211} WARNING - Dependency <Task(_PythonDecoratedOperator): print_the_context>, log_sql_query already registered for DAG: example_python_operator
[2023-05-01T06:20:52.347+0000] {logging_mixin.py:149} INFO - [2023-05-01T06:20:52.347+0000] {taskmixin.py:211} WARNING - Dependency <Task(_PythonDecoratedOperator): log_sql_query>, print_the_context already registered for DAG: example_python_operator
[2023-05-01T06:20:52.348+0000] {logging_mixin.py:149} INFO - [2023-05-01T06:20:52.348+0000] {taskmixin.py:211} WARNING - Dependency <Task(_PythonDecoratedOperator): print_the_context>, log_sql_query already registered for DAG: example_python_operator
[2023-05-01T06:20:52.348+0000] {logging_mixin.py:149} INFO - [2023-05-01T06:20:52.348+0000] {taskmixin.py:211} WARNING - Dependency <Task(_PythonDecoratedOperator): log_sql_query>, print_the_context already registered for DAG: example_python_operator
[2023-05-01T06:20:52.350+0000] {processor.py:809} INFO - DAG(s) dict_keys(['example_python_operator']) retrieved from /home/airflow/.local/lib/python3.7/site-packages/airflow/example_dags/example_python_operator.py
[2023-05-01T06:20:52.411+0000] {logging_mixin.py:149} INFO - [2023-05-01T06:20:52.410+0000] {dag.py:2726} INFO - Sync 1 DAGs
[2023-05-01T06:20:52.432+0000] {logging_mixin.py:149} INFO - [2023-05-01T06:20:52.431+0000] {dag.py:3490} INFO - Setting next_dagrun for example_python_operator to None, run_after=None
[2023-05-01T06:20:52.449+0000] {processor.py:178} INFO - Processing /home/airflow/.local/lib/python3.7/site-packages/airflow/example_dags/example_python_operator.py took 0.114 seconds
[2023-05-01T06:21:22.993+0000] {processor.py:156} INFO - Started process (PID=175) to work on /home/airflow/.local/lib/python3.7/site-packages/airflow/example_dags/example_python_operator.py
[2023-05-01T06:21:22.993+0000] {processor.py:799} INFO - Processing file /home/airflow/.local/lib/python3.7/site-packages/airflow/example_dags/example_python_operator.py for tasks to queue
[2023-05-01T06:21:22.994+0000] {logging_mixin.py:149} INFO - [2023-05-01T06:21:22.994+0000] {dagbag.py:541} INFO - Filling up the DagBag from /home/airflow/.local/lib/python3.7/site-packages/airflow/example_dags/example_python_operator.py
[2023-05-01T06:21:22.999+0000] {logging_mixin.py:149} INFO - [2023-05-01T06:21:22.999+0000] {taskmixin.py:211} WARNING - Dependency <Task(_PythonDecoratedOperator): print_the_context>, log_sql_query already registered for DAG: example_python_operator
[2023-05-01T06:21:22.999+0000] {logging_mixin.py:149} INFO - [2023-05-01T06:21:22.999+0000] {taskmixin.py:211} WARNING - Dependency <Task(_PythonDecoratedOperator): log_sql_query>, print_the_context already registered for DAG: example_python_operator
[2023-05-01T06:21:23.000+0000] {logging_mixin.py:149} INFO - [2023-05-01T06:21:23.000+0000] {taskmixin.py:211} WARNING - Dependency <Task(_PythonDecoratedOperator): print_the_context>, log_sql_query already registered for DAG: example_python_operator
[2023-05-01T06:21:23.000+0000] {logging_mixin.py:149} INFO - [2023-05-01T06:21:23.000+0000] {taskmixin.py:211} WARNING - Dependency <Task(_PythonDecoratedOperator): log_sql_query>, print_the_context already registered for DAG: example_python_operator
[2023-05-01T06:21:23.001+0000] {logging_mixin.py:149} INFO - [2023-05-01T06:21:23.001+0000] {taskmixin.py:211} WARNING - Dependency <Task(_PythonDecoratedOperator): print_the_context>, log_sql_query already registered for DAG: example_python_operator
[2023-05-01T06:21:23.001+0000] {logging_mixin.py:149} INFO - [2023-05-01T06:21:23.001+0000] {taskmixin.py:211} WARNING - Dependency <Task(_PythonDecoratedOperator): log_sql_query>, print_the_context already registered for DAG: example_python_operator
[2023-05-01T06:21:23.002+0000] {logging_mixin.py:149} INFO - [2023-05-01T06:21:23.001+0000] {taskmixin.py:211} WARNING - Dependency <Task(_PythonDecoratedOperator): print_the_context>, log_sql_query already registered for DAG: example_python_operator
[2023-05-01T06:21:23.002+0000] {logging_mixin.py:149} INFO - [2023-05-01T06:21:23.002+0000] {taskmixin.py:211} WARNING - Dependency <Task(_PythonDecoratedOperator): log_sql_query>, print_the_context already registered for DAG: example_python_operator
[2023-05-01T06:21:23.004+0000] {processor.py:809} INFO - DAG(s) dict_keys(['example_python_operator']) retrieved from /home/airflow/.local/lib/python3.7/site-packages/airflow/example_dags/example_python_operator.py
[2023-05-01T06:21:23.027+0000] {logging_mixin.py:149} INFO - [2023-05-01T06:21:23.026+0000] {dag.py:2726} INFO - Sync 1 DAGs
[2023-05-01T06:21:23.048+0000] {logging_mixin.py:149} INFO - [2023-05-01T06:21:23.048+0000] {dag.py:3490} INFO - Setting next_dagrun for example_python_operator to None, run_after=None
[2023-05-01T06:21:23.064+0000] {processor.py:178} INFO - Processing /home/airflow/.local/lib/python3.7/site-packages/airflow/example_dags/example_python_operator.py took 0.073 seconds
[2023-05-01T06:21:53.438+0000] {processor.py:156} INFO - Started process (PID=231) to work on /home/airflow/.local/lib/python3.7/site-packages/airflow/example_dags/example_python_operator.py
[2023-05-01T06:21:53.439+0000] {processor.py:799} INFO - Processing file /home/airflow/.local/lib/python3.7/site-packages/airflow/example_dags/example_python_operator.py for tasks to queue
[2023-05-01T06:21:53.439+0000] {logging_mixin.py:149} INFO - [2023-05-01T06:21:53.439+0000] {dagbag.py:541} INFO - Filling up the DagBag from /home/airflow/.local/lib/python3.7/site-packages/airflow/example_dags/example_python_operator.py
[2023-05-01T06:21:53.445+0000] {logging_mixin.py:149} INFO - [2023-05-01T06:21:53.445+0000] {taskmixin.py:211} WARNING - Dependency <Task(_PythonDecoratedOperator): print_the_context>, log_sql_query already registered for DAG: example_python_operator
[2023-05-01T06:21:53.445+0000] {logging_mixin.py:149} INFO - [2023-05-01T06:21:53.445+0000] {taskmixin.py:211} WARNING - Dependency <Task(_PythonDecoratedOperator): log_sql_query>, print_the_context already registered for DAG: example_python_operator
[2023-05-01T06:21:53.446+0000] {logging_mixin.py:149} INFO - [2023-05-01T06:21:53.445+0000] {taskmixin.py:211} WARNING - Dependency <Task(_PythonDecoratedOperator): print_the_context>, log_sql_query already registered for DAG: example_python_operator
[2023-05-01T06:21:53.446+0000] {logging_mixin.py:149} INFO - [2023-05-01T06:21:53.446+0000] {taskmixin.py:211} WARNING - Dependency <Task(_PythonDecoratedOperator): log_sql_query>, print_the_context already registered for DAG: example_python_operator
[2023-05-01T06:21:53.446+0000] {logging_mixin.py:149} INFO - [2023-05-01T06:21:53.446+0000] {taskmixin.py:211} WARNING - Dependency <Task(_PythonDecoratedOperator): print_the_context>, log_sql_query already registered for DAG: example_python_operator
[2023-05-01T06:21:53.446+0000] {logging_mixin.py:149} INFO - [2023-05-01T06:21:53.446+0000] {taskmixin.py:211} WARNING - Dependency <Task(_PythonDecoratedOperator): log_sql_query>, print_the_context already registered for DAG: example_python_operator
[2023-05-01T06:21:53.447+0000] {logging_mixin.py:149} INFO - [2023-05-01T06:21:53.447+0000] {taskmixin.py:211} WARNING - Dependency <Task(_PythonDecoratedOperator): print_the_context>, log_sql_query already registered for DAG: example_python_operator
[2023-05-01T06:21:53.447+0000] {logging_mixin.py:149} INFO - [2023-05-01T06:21:53.447+0000] {taskmixin.py:211} WARNING - Dependency <Task(_PythonDecoratedOperator): log_sql_query>, print_the_context already registered for DAG: example_python_operator
[2023-05-01T06:21:53.449+0000] {processor.py:809} INFO - DAG(s) dict_keys(['example_python_operator']) retrieved from /home/airflow/.local/lib/python3.7/site-packages/airflow/example_dags/example_python_operator.py
[2023-05-01T06:21:53.476+0000] {logging_mixin.py:149} INFO - [2023-05-01T06:21:53.476+0000] {dag.py:2726} INFO - Sync 1 DAGs
[2023-05-01T06:21:53.498+0000] {logging_mixin.py:149} INFO - [2023-05-01T06:21:53.498+0000] {dag.py:3490} INFO - Setting next_dagrun for example_python_operator to None, run_after=None
[2023-05-01T06:21:53.514+0000] {processor.py:178} INFO - Processing /home/airflow/.local/lib/python3.7/site-packages/airflow/example_dags/example_python_operator.py took 0.078 seconds
[2023-05-01T06:22:23.956+0000] {processor.py:156} INFO - Started process (PID=287) to work on /home/airflow/.local/lib/python3.7/site-packages/airflow/example_dags/example_python_operator.py
[2023-05-01T06:22:23.956+0000] {processor.py:799} INFO - Processing file /home/airflow/.local/lib/python3.7/site-packages/airflow/example_dags/example_python_operator.py for tasks to queue
[2023-05-01T06:22:23.957+0000] {logging_mixin.py:149} INFO - [2023-05-01T06:22:23.957+0000] {dagbag.py:541} INFO - Filling up the DagBag from /home/airflow/.local/lib/python3.7/site-packages/airflow/example_dags/example_python_operator.py
[2023-05-01T06:22:23.962+0000] {logging_mixin.py:149} INFO - [2023-05-01T06:22:23.962+0000] {taskmixin.py:211} WARNING - Dependency <Task(_PythonDecoratedOperator): print_the_context>, log_sql_query already registered for DAG: example_python_operator
[2023-05-01T06:22:23.962+0000] {logging_mixin.py:149} INFO - [2023-05-01T06:22:23.962+0000] {taskmixin.py:211} WARNING - Dependency <Task(_PythonDecoratedOperator): log_sql_query>, print_the_context already registered for DAG: example_python_operator
[2023-05-01T06:22:23.963+0000] {logging_mixin.py:149} INFO - [2023-05-01T06:22:23.963+0000] {taskmixin.py:211} WARNING - Dependency <Task(_PythonDecoratedOperator): print_the_context>, log_sql_query already registered for DAG: example_python_operator
[2023-05-01T06:22:23.963+0000] {logging_mixin.py:149} INFO - [2023-05-01T06:22:23.963+0000] {taskmixin.py:211} WARNING - Dependency <Task(_PythonDecoratedOperator): log_sql_query>, print_the_context already registered for DAG: example_python_operator
[2023-05-01T06:22:23.964+0000] {logging_mixin.py:149} INFO - [2023-05-01T06:22:23.964+0000] {taskmixin.py:211} WARNING - Dependency <Task(_PythonDecoratedOperator): print_the_context>, log_sql_query already registered for DAG: example_python_operator
[2023-05-01T06:22:23.964+0000] {logging_mixin.py:149} INFO - [2023-05-01T06:22:23.964+0000] {taskmixin.py:211} WARNING - Dependency <Task(_PythonDecoratedOperator): log_sql_query>, print_the_context already registered for DAG: example_python_operator
[2023-05-01T06:22:23.964+0000] {logging_mixin.py:149} INFO - [2023-05-01T06:22:23.964+0000] {taskmixin.py:211} WARNING - Dependency <Task(_PythonDecoratedOperator): print_the_context>, log_sql_query already registered for DAG: example_python_operator
[2023-05-01T06:22:23.964+0000] {logging_mixin.py:149} INFO - [2023-05-01T06:22:23.964+0000] {taskmixin.py:211} WARNING - Dependency <Task(_PythonDecoratedOperator): log_sql_query>, print_the_context already registered for DAG: example_python_operator
[2023-05-01T06:22:23.967+0000] {processor.py:809} INFO - DAG(s) dict_keys(['example_python_operator']) retrieved from /home/airflow/.local/lib/python3.7/site-packages/airflow/example_dags/example_python_operator.py
[2023-05-01T06:22:23.989+0000] {logging_mixin.py:149} INFO - [2023-05-01T06:22:23.989+0000] {dag.py:2726} INFO - Sync 1 DAGs
[2023-05-01T06:22:24.010+0000] {logging_mixin.py:149} INFO - [2023-05-01T06:22:24.010+0000] {dag.py:3490} INFO - Setting next_dagrun for example_python_operator to None, run_after=None
[2023-05-01T06:22:24.026+0000] {processor.py:178} INFO - Processing /home/airflow/.local/lib/python3.7/site-packages/airflow/example_dags/example_python_operator.py took 0.073 seconds
[2023-05-01T06:22:54.480+0000] {processor.py:156} INFO - Started process (PID=343) to work on /home/airflow/.local/lib/python3.7/site-packages/airflow/example_dags/example_python_operator.py
[2023-05-01T06:22:54.481+0000] {processor.py:799} INFO - Processing file /home/airflow/.local/lib/python3.7/site-packages/airflow/example_dags/example_python_operator.py for tasks to queue
[2023-05-01T06:22:54.481+0000] {logging_mixin.py:149} INFO - [2023-05-01T06:22:54.481+0000] {dagbag.py:541} INFO - Filling up the DagBag from /home/airflow/.local/lib/python3.7/site-packages/airflow/example_dags/example_python_operator.py
[2023-05-01T06:22:54.486+0000] {logging_mixin.py:149} INFO - [2023-05-01T06:22:54.486+0000] {taskmixin.py:211} WARNING - Dependency <Task(_PythonDecoratedOperator): print_the_context>, log_sql_query already registered for DAG: example_python_operator
[2023-05-01T06:22:54.486+0000] {logging_mixin.py:149} INFO - [2023-05-01T06:22:54.486+0000] {taskmixin.py:211} WARNING - Dependency <Task(_PythonDecoratedOperator): log_sql_query>, print_the_context already registered for DAG: example_python_operator
[2023-05-01T06:22:54.487+0000] {logging_mixin.py:149} INFO - [2023-05-01T06:22:54.487+0000] {taskmixin.py:211} WARNING - Dependency <Task(_PythonDecoratedOperator): print_the_context>, log_sql_query already registered for DAG: example_python_operator
[2023-05-01T06:22:54.487+0000] {logging_mixin.py:149} INFO - [2023-05-01T06:22:54.487+0000] {taskmixin.py:211} WARNING - Dependency <Task(_PythonDecoratedOperator): log_sql_query>, print_the_context already registered for DAG: example_python_operator
[2023-05-01T06:22:54.488+0000] {logging_mixin.py:149} INFO - [2023-05-01T06:22:54.488+0000] {taskmixin.py:211} WARNING - Dependency <Task(_PythonDecoratedOperator): print_the_context>, log_sql_query already registered for DAG: example_python_operator
[2023-05-01T06:22:54.488+0000] {logging_mixin.py:149} INFO - [2023-05-01T06:22:54.488+0000] {taskmixin.py:211} WARNING - Dependency <Task(_PythonDecoratedOperator): log_sql_query>, print_the_context already registered for DAG: example_python_operator
[2023-05-01T06:22:54.488+0000] {logging_mixin.py:149} INFO - [2023-05-01T06:22:54.488+0000] {taskmixin.py:211} WARNING - Dependency <Task(_PythonDecoratedOperator): print_the_context>, log_sql_query already registered for DAG: example_python_operator
[2023-05-01T06:22:54.488+0000] {logging_mixin.py:149} INFO - [2023-05-01T06:22:54.488+0000] {taskmixin.py:211} WARNING - Dependency <Task(_PythonDecoratedOperator): log_sql_query>, print_the_context already registered for DAG: example_python_operator
[2023-05-01T06:22:54.491+0000] {processor.py:809} INFO - DAG(s) dict_keys(['example_python_operator']) retrieved from /home/airflow/.local/lib/python3.7/site-packages/airflow/example_dags/example_python_operator.py
[2023-05-01T06:22:54.512+0000] {logging_mixin.py:149} INFO - [2023-05-01T06:22:54.512+0000] {dag.py:2726} INFO - Sync 1 DAGs
[2023-05-01T06:22:54.532+0000] {logging_mixin.py:149} INFO - [2023-05-01T06:22:54.532+0000] {dag.py:3490} INFO - Setting next_dagrun for example_python_operator to None, run_after=None
[2023-05-01T06:22:54.547+0000] {processor.py:178} INFO - Processing /home/airflow/.local/lib/python3.7/site-packages/airflow/example_dags/example_python_operator.py took 0.069 seconds
[2023-05-01T06:23:25.270+0000] {processor.py:156} INFO - Started process (PID=398) to work on /home/airflow/.local/lib/python3.7/site-packages/airflow/example_dags/example_python_operator.py
[2023-05-01T06:23:25.271+0000] {processor.py:799} INFO - Processing file /home/airflow/.local/lib/python3.7/site-packages/airflow/example_dags/example_python_operator.py for tasks to queue
[2023-05-01T06:23:25.271+0000] {logging_mixin.py:149} INFO - [2023-05-01T06:23:25.271+0000] {dagbag.py:541} INFO - Filling up the DagBag from /home/airflow/.local/lib/python3.7/site-packages/airflow/example_dags/example_python_operator.py
[2023-05-01T06:23:25.277+0000] {logging_mixin.py:149} INFO - [2023-05-01T06:23:25.276+0000] {taskmixin.py:211} WARNING - Dependency <Task(_PythonDecoratedOperator): print_the_context>, log_sql_query already registered for DAG: example_python_operator
[2023-05-01T06:23:25.277+0000] {logging_mixin.py:149} INFO - [2023-05-01T06:23:25.277+0000] {taskmixin.py:211} WARNING - Dependency <Task(_PythonDecoratedOperator): log_sql_query>, print_the_context already registered for DAG: example_python_operator
[2023-05-01T06:23:25.277+0000] {logging_mixin.py:149} INFO - [2023-05-01T06:23:25.277+0000] {taskmixin.py:211} WARNING - Dependency <Task(_PythonDecoratedOperator): print_the_context>, log_sql_query already registered for DAG: example_python_operator
[2023-05-01T06:23:25.278+0000] {logging_mixin.py:149} INFO - [2023-05-01T06:23:25.278+0000] {taskmixin.py:211} WARNING - Dependency <Task(_PythonDecoratedOperator): log_sql_query>, print_the_context already registered for DAG: example_python_operator
[2023-05-01T06:23:25.278+0000] {logging_mixin.py:149} INFO - [2023-05-01T06:23:25.278+0000] {taskmixin.py:211} WARNING - Dependency <Task(_PythonDecoratedOperator): print_the_context>, log_sql_query already registered for DAG: example_python_operator
[2023-05-01T06:23:25.278+0000] {logging_mixin.py:149} INFO - [2023-05-01T06:23:25.278+0000] {taskmixin.py:211} WARNING - Dependency <Task(_PythonDecoratedOperator): log_sql_query>, print_the_context already registered for DAG: example_python_operator
[2023-05-01T06:23:25.279+0000] {logging_mixin.py:149} INFO - [2023-05-01T06:23:25.279+0000] {taskmixin.py:211} WARNING - Dependency <Task(_PythonDecoratedOperator): print_the_context>, log_sql_query already registered for DAG: example_python_operator
[2023-05-01T06:23:25.279+0000] {logging_mixin.py:149} INFO - [2023-05-01T06:23:25.279+0000] {taskmixin.py:211} WARNING - Dependency <Task(_PythonDecoratedOperator): log_sql_query>, print_the_context already registered for DAG: example_python_operator
[2023-05-01T06:23:25.282+0000] {processor.py:809} INFO - DAG(s) dict_keys(['example_python_operator']) retrieved from /home/airflow/.local/lib/python3.7/site-packages/airflow/example_dags/example_python_operator.py
[2023-05-01T06:23:25.305+0000] {logging_mixin.py:149} INFO - [2023-05-01T06:23:25.305+0000] {dag.py:2726} INFO - Sync 1 DAGs
[2023-05-01T06:23:25.328+0000] {logging_mixin.py:149} INFO - [2023-05-01T06:23:25.328+0000] {dag.py:3490} INFO - Setting next_dagrun for example_python_operator to None, run_after=None
[2023-05-01T06:23:25.346+0000] {processor.py:178} INFO - Processing /home/airflow/.local/lib/python3.7/site-packages/airflow/example_dags/example_python_operator.py took 0.078 seconds
