[2023-05-01T06:20:20.494+0000] {processor.py:156} INFO - Started process (PID=46) to work on /home/airflow/.local/lib/python3.7/site-packages/airflow/example_dags/example_sensors.py
[2023-05-01T06:20:20.495+0000] {processor.py:799} INFO - Processing file /home/airflow/.local/lib/python3.7/site-packages/airflow/example_dags/example_sensors.py for tasks to queue
[2023-05-01T06:20:20.495+0000] {logging_mixin.py:149} INFO - [2023-05-01T06:20:20.495+0000] {dagbag.py:541} INFO - Filling up the DagBag from /home/airflow/.local/lib/python3.7/site-packages/airflow/example_dags/example_sensors.py
[2023-05-01T06:20:20.506+0000] {processor.py:809} INFO - DAG(s) dict_keys(['example_sensors']) retrieved from /home/airflow/.local/lib/python3.7/site-packages/airflow/example_dags/example_sensors.py
[2023-05-01T06:20:20.518+0000] {logging_mixin.py:149} INFO - [2023-05-01T06:20:20.518+0000] {dag.py:2726} INFO - Sync 1 DAGs
[2023-05-01T06:20:20.543+0000] {logging_mixin.py:149} INFO - [2023-05-01T06:20:20.543+0000] {dag.py:3490} INFO - Setting next_dagrun for example_sensors to None, run_after=None
[2023-05-01T06:20:20.560+0000] {processor.py:178} INFO - Processing /home/airflow/.local/lib/python3.7/site-packages/airflow/example_dags/example_sensors.py took 0.071 seconds
[2023-05-01T06:20:51.361+0000] {processor.py:156} INFO - Started process (PID=102) to work on /home/airflow/.local/lib/python3.7/site-packages/airflow/example_dags/example_sensors.py
[2023-05-01T06:20:51.362+0000] {processor.py:799} INFO - Processing file /home/airflow/.local/lib/python3.7/site-packages/airflow/example_dags/example_sensors.py for tasks to queue
[2023-05-01T06:20:51.363+0000] {logging_mixin.py:149} INFO - [2023-05-01T06:20:51.363+0000] {dagbag.py:541} INFO - Filling up the DagBag from /home/airflow/.local/lib/python3.7/site-packages/airflow/example_dags/example_sensors.py
[2023-05-01T06:20:51.371+0000] {processor.py:809} INFO - DAG(s) dict_keys(['example_sensors']) retrieved from /home/airflow/.local/lib/python3.7/site-packages/airflow/example_dags/example_sensors.py
[2023-05-01T06:20:51.394+0000] {logging_mixin.py:149} INFO - [2023-05-01T06:20:51.394+0000] {dag.py:2726} INFO - Sync 1 DAGs
[2023-05-01T06:20:51.415+0000] {logging_mixin.py:149} INFO - [2023-05-01T06:20:51.415+0000] {dag.py:3490} INFO - Setting next_dagrun for example_sensors to None, run_after=None
[2023-05-01T06:20:51.432+0000] {processor.py:178} INFO - Processing /home/airflow/.local/lib/python3.7/site-packages/airflow/example_dags/example_sensors.py took 0.073 seconds
[2023-05-01T06:21:21.962+0000] {processor.py:156} INFO - Started process (PID=158) to work on /home/airflow/.local/lib/python3.7/site-packages/airflow/example_dags/example_sensors.py
[2023-05-01T06:21:21.963+0000] {processor.py:799} INFO - Processing file /home/airflow/.local/lib/python3.7/site-packages/airflow/example_dags/example_sensors.py for tasks to queue
[2023-05-01T06:21:21.963+0000] {logging_mixin.py:149} INFO - [2023-05-01T06:21:21.963+0000] {dagbag.py:541} INFO - Filling up the DagBag from /home/airflow/.local/lib/python3.7/site-packages/airflow/example_dags/example_sensors.py
[2023-05-01T06:21:21.971+0000] {processor.py:809} INFO - DAG(s) dict_keys(['example_sensors']) retrieved from /home/airflow/.local/lib/python3.7/site-packages/airflow/example_dags/example_sensors.py
[2023-05-01T06:21:21.994+0000] {logging_mixin.py:149} INFO - [2023-05-01T06:21:21.994+0000] {dag.py:2726} INFO - Sync 1 DAGs
[2023-05-01T06:21:22.015+0000] {logging_mixin.py:149} INFO - [2023-05-01T06:21:22.015+0000] {dag.py:3490} INFO - Setting next_dagrun for example_sensors to None, run_after=None
[2023-05-01T06:21:22.031+0000] {processor.py:178} INFO - Processing /home/airflow/.local/lib/python3.7/site-packages/airflow/example_dags/example_sensors.py took 0.072 seconds
[2023-05-01T06:21:52.456+0000] {processor.py:156} INFO - Started process (PID=214) to work on /home/airflow/.local/lib/python3.7/site-packages/airflow/example_dags/example_sensors.py
[2023-05-01T06:21:52.457+0000] {processor.py:799} INFO - Processing file /home/airflow/.local/lib/python3.7/site-packages/airflow/example_dags/example_sensors.py for tasks to queue
[2023-05-01T06:21:52.458+0000] {logging_mixin.py:149} INFO - [2023-05-01T06:21:52.457+0000] {dagbag.py:541} INFO - Filling up the DagBag from /home/airflow/.local/lib/python3.7/site-packages/airflow/example_dags/example_sensors.py
[2023-05-01T06:21:52.465+0000] {processor.py:809} INFO - DAG(s) dict_keys(['example_sensors']) retrieved from /home/airflow/.local/lib/python3.7/site-packages/airflow/example_dags/example_sensors.py
[2023-05-01T06:21:52.488+0000] {logging_mixin.py:149} INFO - [2023-05-01T06:21:52.488+0000] {dag.py:2726} INFO - Sync 1 DAGs
[2023-05-01T06:21:52.510+0000] {logging_mixin.py:149} INFO - [2023-05-01T06:21:52.510+0000] {dag.py:3490} INFO - Setting next_dagrun for example_sensors to None, run_after=None
[2023-05-01T06:21:52.526+0000] {processor.py:178} INFO - Processing /home/airflow/.local/lib/python3.7/site-packages/airflow/example_dags/example_sensors.py took 0.072 seconds
[2023-05-01T06:22:22.904+0000] {processor.py:156} INFO - Started process (PID=270) to work on /home/airflow/.local/lib/python3.7/site-packages/airflow/example_dags/example_sensors.py
[2023-05-01T06:22:22.905+0000] {processor.py:799} INFO - Processing file /home/airflow/.local/lib/python3.7/site-packages/airflow/example_dags/example_sensors.py for tasks to queue
[2023-05-01T06:22:22.906+0000] {logging_mixin.py:149} INFO - [2023-05-01T06:22:22.906+0000] {dagbag.py:541} INFO - Filling up the DagBag from /home/airflow/.local/lib/python3.7/site-packages/airflow/example_dags/example_sensors.py
[2023-05-01T06:22:22.914+0000] {processor.py:809} INFO - DAG(s) dict_keys(['example_sensors']) retrieved from /home/airflow/.local/lib/python3.7/site-packages/airflow/example_dags/example_sensors.py
[2023-05-01T06:22:22.936+0000] {logging_mixin.py:149} INFO - [2023-05-01T06:22:22.936+0000] {dag.py:2726} INFO - Sync 1 DAGs
[2023-05-01T06:22:22.957+0000] {logging_mixin.py:149} INFO - [2023-05-01T06:22:22.957+0000] {dag.py:3490} INFO - Setting next_dagrun for example_sensors to None, run_after=None
[2023-05-01T06:22:22.973+0000] {processor.py:178} INFO - Processing /home/airflow/.local/lib/python3.7/site-packages/airflow/example_dags/example_sensors.py took 0.072 seconds
[2023-05-01T06:22:53.453+0000] {processor.py:156} INFO - Started process (PID=326) to work on /home/airflow/.local/lib/python3.7/site-packages/airflow/example_dags/example_sensors.py
[2023-05-01T06:22:53.454+0000] {processor.py:799} INFO - Processing file /home/airflow/.local/lib/python3.7/site-packages/airflow/example_dags/example_sensors.py for tasks to queue
[2023-05-01T06:22:53.455+0000] {logging_mixin.py:149} INFO - [2023-05-01T06:22:53.455+0000] {dagbag.py:541} INFO - Filling up the DagBag from /home/airflow/.local/lib/python3.7/site-packages/airflow/example_dags/example_sensors.py
[2023-05-01T06:22:53.462+0000] {processor.py:809} INFO - DAG(s) dict_keys(['example_sensors']) retrieved from /home/airflow/.local/lib/python3.7/site-packages/airflow/example_dags/example_sensors.py
[2023-05-01T06:22:53.486+0000] {logging_mixin.py:149} INFO - [2023-05-01T06:22:53.486+0000] {dag.py:2726} INFO - Sync 1 DAGs
[2023-05-01T06:22:53.507+0000] {logging_mixin.py:149} INFO - [2023-05-01T06:22:53.507+0000] {dag.py:3490} INFO - Setting next_dagrun for example_sensors to None, run_after=None
[2023-05-01T06:22:53.523+0000] {processor.py:178} INFO - Processing /home/airflow/.local/lib/python3.7/site-packages/airflow/example_dags/example_sensors.py took 0.072 seconds
[2023-05-01T06:23:24.260+0000] {processor.py:156} INFO - Started process (PID=381) to work on /home/airflow/.local/lib/python3.7/site-packages/airflow/example_dags/example_sensors.py
[2023-05-01T06:23:24.261+0000] {processor.py:799} INFO - Processing file /home/airflow/.local/lib/python3.7/site-packages/airflow/example_dags/example_sensors.py for tasks to queue
[2023-05-01T06:23:24.261+0000] {logging_mixin.py:149} INFO - [2023-05-01T06:23:24.261+0000] {dagbag.py:541} INFO - Filling up the DagBag from /home/airflow/.local/lib/python3.7/site-packages/airflow/example_dags/example_sensors.py
[2023-05-01T06:23:24.269+0000] {processor.py:809} INFO - DAG(s) dict_keys(['example_sensors']) retrieved from /home/airflow/.local/lib/python3.7/site-packages/airflow/example_dags/example_sensors.py
[2023-05-01T06:23:24.294+0000] {logging_mixin.py:149} INFO - [2023-05-01T06:23:24.293+0000] {dag.py:2726} INFO - Sync 1 DAGs
[2023-05-01T06:23:24.318+0000] {logging_mixin.py:149} INFO - [2023-05-01T06:23:24.318+0000] {dag.py:3490} INFO - Setting next_dagrun for example_sensors to None, run_after=None
[2023-05-01T06:23:24.335+0000] {processor.py:178} INFO - Processing /home/airflow/.local/lib/python3.7/site-packages/airflow/example_dags/example_sensors.py took 0.077 seconds
[2023-05-01T06:23:54.933+0000] {processor.py:156} INFO - Started process (PID=437) to work on /home/airflow/.local/lib/python3.7/site-packages/airflow/example_dags/example_sensors.py
[2023-05-01T06:23:54.933+0000] {processor.py:799} INFO - Processing file /home/airflow/.local/lib/python3.7/site-packages/airflow/example_dags/example_sensors.py for tasks to queue
[2023-05-01T06:23:54.934+0000] {logging_mixin.py:149} INFO - [2023-05-01T06:23:54.934+0000] {dagbag.py:541} INFO - Filling up the DagBag from /home/airflow/.local/lib/python3.7/site-packages/airflow/example_dags/example_sensors.py
[2023-05-01T06:23:54.942+0000] {processor.py:809} INFO - DAG(s) dict_keys(['example_sensors']) retrieved from /home/airflow/.local/lib/python3.7/site-packages/airflow/example_dags/example_sensors.py
[2023-05-01T06:23:54.968+0000] {logging_mixin.py:149} INFO - [2023-05-01T06:23:54.968+0000] {dag.py:2726} INFO - Sync 1 DAGs
[2023-05-01T06:23:54.989+0000] {logging_mixin.py:149} INFO - [2023-05-01T06:23:54.989+0000] {dag.py:3490} INFO - Setting next_dagrun for example_sensors to None, run_after=None
[2023-05-01T06:23:55.006+0000] {processor.py:178} INFO - Processing /home/airflow/.local/lib/python3.7/site-packages/airflow/example_dags/example_sensors.py took 0.076 seconds
[2023-05-01T06:24:25.470+0000] {processor.py:156} INFO - Started process (PID=493) to work on /home/airflow/.local/lib/python3.7/site-packages/airflow/example_dags/example_sensors.py
[2023-05-01T06:24:25.470+0000] {processor.py:799} INFO - Processing file /home/airflow/.local/lib/python3.7/site-packages/airflow/example_dags/example_sensors.py for tasks to queue
[2023-05-01T06:24:25.471+0000] {logging_mixin.py:149} INFO - [2023-05-01T06:24:25.471+0000] {dagbag.py:541} INFO - Filling up the DagBag from /home/airflow/.local/lib/python3.7/site-packages/airflow/example_dags/example_sensors.py
[2023-05-01T06:24:25.479+0000] {processor.py:809} INFO - DAG(s) dict_keys(['example_sensors']) retrieved from /home/airflow/.local/lib/python3.7/site-packages/airflow/example_dags/example_sensors.py
[2023-05-01T06:24:25.507+0000] {logging_mixin.py:149} INFO - [2023-05-01T06:24:25.507+0000] {dag.py:2726} INFO - Sync 1 DAGs
[2023-05-01T06:24:25.529+0000] {logging_mixin.py:149} INFO - [2023-05-01T06:24:25.529+0000] {dag.py:3490} INFO - Setting next_dagrun for example_sensors to None, run_after=None
[2023-05-01T06:24:25.545+0000] {processor.py:178} INFO - Processing /home/airflow/.local/lib/python3.7/site-packages/airflow/example_dags/example_sensors.py took 0.078 seconds
[2023-05-01T06:24:56.134+0000] {processor.py:156} INFO - Started process (PID=549) to work on /home/airflow/.local/lib/python3.7/site-packages/airflow/example_dags/example_sensors.py
[2023-05-01T06:24:56.134+0000] {processor.py:799} INFO - Processing file /home/airflow/.local/lib/python3.7/site-packages/airflow/example_dags/example_sensors.py for tasks to queue
[2023-05-01T06:24:56.135+0000] {logging_mixin.py:149} INFO - [2023-05-01T06:24:56.135+0000] {dagbag.py:541} INFO - Filling up the DagBag from /home/airflow/.local/lib/python3.7/site-packages/airflow/example_dags/example_sensors.py
[2023-05-01T06:24:56.143+0000] {processor.py:809} INFO - DAG(s) dict_keys(['example_sensors']) retrieved from /home/airflow/.local/lib/python3.7/site-packages/airflow/example_dags/example_sensors.py
[2023-05-01T06:24:56.168+0000] {logging_mixin.py:149} INFO - [2023-05-01T06:24:56.168+0000] {dag.py:2726} INFO - Sync 1 DAGs
[2023-05-01T06:24:56.192+0000] {logging_mixin.py:149} INFO - [2023-05-01T06:24:56.191+0000] {dag.py:3490} INFO - Setting next_dagrun for example_sensors to None, run_after=None
[2023-05-01T06:24:56.211+0000] {processor.py:178} INFO - Processing /home/airflow/.local/lib/python3.7/site-packages/airflow/example_dags/example_sensors.py took 0.080 seconds
[2023-05-01T06:25:26.378+0000] {processor.py:156} INFO - Started process (PID=605) to work on /home/airflow/.local/lib/python3.7/site-packages/airflow/example_dags/example_sensors.py
[2023-05-01T06:25:26.379+0000] {processor.py:799} INFO - Processing file /home/airflow/.local/lib/python3.7/site-packages/airflow/example_dags/example_sensors.py for tasks to queue
[2023-05-01T06:25:26.379+0000] {logging_mixin.py:149} INFO - [2023-05-01T06:25:26.379+0000] {dagbag.py:541} INFO - Filling up the DagBag from /home/airflow/.local/lib/python3.7/site-packages/airflow/example_dags/example_sensors.py
[2023-05-01T06:25:26.387+0000] {processor.py:809} INFO - DAG(s) dict_keys(['example_sensors']) retrieved from /home/airflow/.local/lib/python3.7/site-packages/airflow/example_dags/example_sensors.py
[2023-05-01T06:25:26.412+0000] {logging_mixin.py:149} INFO - [2023-05-01T06:25:26.412+0000] {dag.py:2726} INFO - Sync 1 DAGs
[2023-05-01T06:25:26.432+0000] {logging_mixin.py:149} INFO - [2023-05-01T06:25:26.432+0000] {dag.py:3490} INFO - Setting next_dagrun for example_sensors to None, run_after=None
[2023-05-01T06:25:26.448+0000] {processor.py:178} INFO - Processing /home/airflow/.local/lib/python3.7/site-packages/airflow/example_dags/example_sensors.py took 0.072 seconds
