[2023-05-01T06:20:19.348+0000] {processor.py:156} INFO - Started process (PID=34) to work on /home/airflow/.local/lib/python3.7/site-packages/airflow/example_dags/example_sla_dag.py
[2023-05-01T06:20:19.349+0000] {processor.py:799} INFO - Processing file /home/airflow/.local/lib/python3.7/site-packages/airflow/example_dags/example_sla_dag.py for tasks to queue
[2023-05-01T06:20:19.349+0000] {logging_mixin.py:149} INFO - [2023-05-01T06:20:19.349+0000] {dagbag.py:541} INFO - Filling up the DagBag from /home/airflow/.local/lib/python3.7/site-packages/airflow/example_dags/example_sla_dag.py
[2023-05-01T06:20:19.358+0000] {processor.py:809} INFO - DAG(s) dict_keys(['example_sla_dag']) retrieved from /home/airflow/.local/lib/python3.7/site-packages/airflow/example_dags/example_sla_dag.py
[2023-05-01T06:20:19.375+0000] {logging_mixin.py:149} INFO - [2023-05-01T06:20:19.375+0000] {dag.py:2726} INFO - Sync 1 DAGs
[2023-05-01T06:20:19.402+0000] {logging_mixin.py:149} INFO - [2023-05-01T06:20:19.402+0000] {dag.py:3490} INFO - Setting next_dagrun for example_sla_dag to 2023-05-01T06:18:00+00:00, run_after=2023-05-01T06:20:00+00:00
[2023-05-01T06:20:19.419+0000] {processor.py:178} INFO - Processing /home/airflow/.local/lib/python3.7/site-packages/airflow/example_dags/example_sla_dag.py took 0.073 seconds
[2023-05-01T06:20:49.645+0000] {processor.py:156} INFO - Started process (PID=90) to work on /home/airflow/.local/lib/python3.7/site-packages/airflow/example_dags/example_sla_dag.py
[2023-05-01T06:20:49.646+0000] {processor.py:799} INFO - Processing file /home/airflow/.local/lib/python3.7/site-packages/airflow/example_dags/example_sla_dag.py for tasks to queue
[2023-05-01T06:20:49.646+0000] {logging_mixin.py:149} INFO - [2023-05-01T06:20:49.646+0000] {dagbag.py:541} INFO - Filling up the DagBag from /home/airflow/.local/lib/python3.7/site-packages/airflow/example_dags/example_sla_dag.py
[2023-05-01T06:20:49.653+0000] {processor.py:809} INFO - DAG(s) dict_keys(['example_sla_dag']) retrieved from /home/airflow/.local/lib/python3.7/site-packages/airflow/example_dags/example_sla_dag.py
[2023-05-01T06:20:49.672+0000] {logging_mixin.py:149} INFO - [2023-05-01T06:20:49.672+0000] {dag.py:2726} INFO - Sync 1 DAGs
[2023-05-01T06:20:49.695+0000] {logging_mixin.py:149} INFO - [2023-05-01T06:20:49.695+0000] {dag.py:3490} INFO - Setting next_dagrun for example_sla_dag to 2023-05-01T06:18:00+00:00, run_after=2023-05-01T06:20:00+00:00
[2023-05-01T06:20:49.710+0000] {processor.py:178} INFO - Processing /home/airflow/.local/lib/python3.7/site-packages/airflow/example_dags/example_sla_dag.py took 0.068 seconds
[2023-05-01T06:21:20.285+0000] {processor.py:156} INFO - Started process (PID=146) to work on /home/airflow/.local/lib/python3.7/site-packages/airflow/example_dags/example_sla_dag.py
[2023-05-01T06:21:20.285+0000] {processor.py:799} INFO - Processing file /home/airflow/.local/lib/python3.7/site-packages/airflow/example_dags/example_sla_dag.py for tasks to queue
[2023-05-01T06:21:20.286+0000] {logging_mixin.py:149} INFO - [2023-05-01T06:21:20.286+0000] {dagbag.py:541} INFO - Filling up the DagBag from /home/airflow/.local/lib/python3.7/site-packages/airflow/example_dags/example_sla_dag.py
[2023-05-01T06:21:20.293+0000] {processor.py:809} INFO - DAG(s) dict_keys(['example_sla_dag']) retrieved from /home/airflow/.local/lib/python3.7/site-packages/airflow/example_dags/example_sla_dag.py
[2023-05-01T06:21:20.312+0000] {logging_mixin.py:149} INFO - [2023-05-01T06:21:20.312+0000] {dag.py:2726} INFO - Sync 1 DAGs
[2023-05-01T06:21:20.336+0000] {logging_mixin.py:149} INFO - [2023-05-01T06:21:20.336+0000] {dag.py:3490} INFO - Setting next_dagrun for example_sla_dag to 2023-05-01T06:18:00+00:00, run_after=2023-05-01T06:20:00+00:00
[2023-05-01T06:21:20.352+0000] {processor.py:178} INFO - Processing /home/airflow/.local/lib/python3.7/site-packages/airflow/example_dags/example_sla_dag.py took 0.070 seconds
[2023-05-01T06:21:50.793+0000] {processor.py:156} INFO - Started process (PID=202) to work on /home/airflow/.local/lib/python3.7/site-packages/airflow/example_dags/example_sla_dag.py
[2023-05-01T06:21:50.794+0000] {processor.py:799} INFO - Processing file /home/airflow/.local/lib/python3.7/site-packages/airflow/example_dags/example_sla_dag.py for tasks to queue
[2023-05-01T06:21:50.795+0000] {logging_mixin.py:149} INFO - [2023-05-01T06:21:50.795+0000] {dagbag.py:541} INFO - Filling up the DagBag from /home/airflow/.local/lib/python3.7/site-packages/airflow/example_dags/example_sla_dag.py
[2023-05-01T06:21:50.801+0000] {processor.py:809} INFO - DAG(s) dict_keys(['example_sla_dag']) retrieved from /home/airflow/.local/lib/python3.7/site-packages/airflow/example_dags/example_sla_dag.py
[2023-05-01T06:21:50.820+0000] {logging_mixin.py:149} INFO - [2023-05-01T06:21:50.820+0000] {dag.py:2726} INFO - Sync 1 DAGs
[2023-05-01T06:21:50.844+0000] {logging_mixin.py:149} INFO - [2023-05-01T06:21:50.844+0000] {dag.py:3490} INFO - Setting next_dagrun for example_sla_dag to 2023-05-01T06:18:00+00:00, run_after=2023-05-01T06:20:00+00:00
[2023-05-01T06:21:50.864+0000] {processor.py:178} INFO - Processing /home/airflow/.local/lib/python3.7/site-packages/airflow/example_dags/example_sla_dag.py took 0.073 seconds
[2023-05-01T06:22:21.301+0000] {processor.py:156} INFO - Started process (PID=258) to work on /home/airflow/.local/lib/python3.7/site-packages/airflow/example_dags/example_sla_dag.py
[2023-05-01T06:22:21.301+0000] {processor.py:799} INFO - Processing file /home/airflow/.local/lib/python3.7/site-packages/airflow/example_dags/example_sla_dag.py for tasks to queue
[2023-05-01T06:22:21.302+0000] {logging_mixin.py:149} INFO - [2023-05-01T06:22:21.302+0000] {dagbag.py:541} INFO - Filling up the DagBag from /home/airflow/.local/lib/python3.7/site-packages/airflow/example_dags/example_sla_dag.py
[2023-05-01T06:22:21.308+0000] {processor.py:809} INFO - DAG(s) dict_keys(['example_sla_dag']) retrieved from /home/airflow/.local/lib/python3.7/site-packages/airflow/example_dags/example_sla_dag.py
[2023-05-01T06:22:21.327+0000] {logging_mixin.py:149} INFO - [2023-05-01T06:22:21.327+0000] {dag.py:2726} INFO - Sync 1 DAGs
[2023-05-01T06:22:21.351+0000] {logging_mixin.py:149} INFO - [2023-05-01T06:22:21.351+0000] {dag.py:3490} INFO - Setting next_dagrun for example_sla_dag to 2023-05-01T06:20:00+00:00, run_after=2023-05-01T06:22:00+00:00
[2023-05-01T06:22:21.367+0000] {processor.py:178} INFO - Processing /home/airflow/.local/lib/python3.7/site-packages/airflow/example_dags/example_sla_dag.py took 0.069 seconds
[2023-05-01T06:22:51.779+0000] {processor.py:156} INFO - Started process (PID=314) to work on /home/airflow/.local/lib/python3.7/site-packages/airflow/example_dags/example_sla_dag.py
[2023-05-01T06:22:51.780+0000] {processor.py:799} INFO - Processing file /home/airflow/.local/lib/python3.7/site-packages/airflow/example_dags/example_sla_dag.py for tasks to queue
[2023-05-01T06:22:51.780+0000] {logging_mixin.py:149} INFO - [2023-05-01T06:22:51.780+0000] {dagbag.py:541} INFO - Filling up the DagBag from /home/airflow/.local/lib/python3.7/site-packages/airflow/example_dags/example_sla_dag.py
[2023-05-01T06:22:51.787+0000] {processor.py:809} INFO - DAG(s) dict_keys(['example_sla_dag']) retrieved from /home/airflow/.local/lib/python3.7/site-packages/airflow/example_dags/example_sla_dag.py
[2023-05-01T06:22:51.806+0000] {logging_mixin.py:149} INFO - [2023-05-01T06:22:51.805+0000] {dag.py:2726} INFO - Sync 1 DAGs
[2023-05-01T06:22:51.829+0000] {logging_mixin.py:149} INFO - [2023-05-01T06:22:51.829+0000] {dag.py:3490} INFO - Setting next_dagrun for example_sla_dag to 2023-05-01T06:20:00+00:00, run_after=2023-05-01T06:22:00+00:00
[2023-05-01T06:22:51.845+0000] {processor.py:178} INFO - Processing /home/airflow/.local/lib/python3.7/site-packages/airflow/example_dags/example_sla_dag.py took 0.068 seconds
[2023-05-01T06:23:22.396+0000] {processor.py:156} INFO - Started process (PID=369) to work on /home/airflow/.local/lib/python3.7/site-packages/airflow/example_dags/example_sla_dag.py
[2023-05-01T06:23:22.397+0000] {processor.py:799} INFO - Processing file /home/airflow/.local/lib/python3.7/site-packages/airflow/example_dags/example_sla_dag.py for tasks to queue
[2023-05-01T06:23:22.398+0000] {logging_mixin.py:149} INFO - [2023-05-01T06:23:22.398+0000] {dagbag.py:541} INFO - Filling up the DagBag from /home/airflow/.local/lib/python3.7/site-packages/airflow/example_dags/example_sla_dag.py
[2023-05-01T06:23:22.405+0000] {processor.py:809} INFO - DAG(s) dict_keys(['example_sla_dag']) retrieved from /home/airflow/.local/lib/python3.7/site-packages/airflow/example_dags/example_sla_dag.py
[2023-05-01T06:23:22.432+0000] {logging_mixin.py:149} INFO - [2023-05-01T06:23:22.432+0000] {dag.py:2726} INFO - Sync 1 DAGs
[2023-05-01T06:23:22.469+0000] {logging_mixin.py:149} INFO - [2023-05-01T06:23:22.469+0000] {dag.py:3490} INFO - Setting next_dagrun for example_sla_dag to 2023-05-01T06:20:00+00:00, run_after=2023-05-01T06:22:00+00:00
[2023-05-01T06:23:22.502+0000] {processor.py:178} INFO - Processing /home/airflow/.local/lib/python3.7/site-packages/airflow/example_dags/example_sla_dag.py took 0.120 seconds
