[2023-05-01T06:20:20.754+0000] {processor.py:156} INFO - Started process (PID=49) to work on /home/airflow/.local/lib/python3.7/site-packages/airflow/example_dags/example_task_group_decorator.py
[2023-05-01T06:20:20.755+0000] {processor.py:799} INFO - Processing file /home/airflow/.local/lib/python3.7/site-packages/airflow/example_dags/example_task_group_decorator.py for tasks to queue
[2023-05-01T06:20:20.755+0000] {logging_mixin.py:149} INFO - [2023-05-01T06:20:20.755+0000] {dagbag.py:541} INFO - Filling up the DagBag from /home/airflow/.local/lib/python3.7/site-packages/airflow/example_dags/example_task_group_decorator.py
[2023-05-01T06:20:20.769+0000] {processor.py:809} INFO - DAG(s) dict_keys(['example_task_group_decorator']) retrieved from /home/airflow/.local/lib/python3.7/site-packages/airflow/example_dags/example_task_group_decorator.py
[2023-05-01T06:20:20.780+0000] {logging_mixin.py:149} INFO - [2023-05-01T06:20:20.780+0000] {dag.py:2726} INFO - Sync 1 DAGs
[2023-05-01T06:20:20.804+0000] {logging_mixin.py:149} INFO - [2023-05-01T06:20:20.803+0000] {dag.py:3490} INFO - Setting next_dagrun for example_task_group_decorator to 2023-04-30T06:20:20.803765+00:00, run_after=2023-05-01T06:20:20.803765+00:00
[2023-05-01T06:20:20.820+0000] {processor.py:178} INFO - Processing /home/airflow/.local/lib/python3.7/site-packages/airflow/example_dags/example_task_group_decorator.py took 0.068 seconds
[2023-05-01T06:20:51.519+0000] {processor.py:156} INFO - Started process (PID=105) to work on /home/airflow/.local/lib/python3.7/site-packages/airflow/example_dags/example_task_group_decorator.py
[2023-05-01T06:20:51.520+0000] {processor.py:799} INFO - Processing file /home/airflow/.local/lib/python3.7/site-packages/airflow/example_dags/example_task_group_decorator.py for tasks to queue
[2023-05-01T06:20:51.521+0000] {logging_mixin.py:149} INFO - [2023-05-01T06:20:51.520+0000] {dagbag.py:541} INFO - Filling up the DagBag from /home/airflow/.local/lib/python3.7/site-packages/airflow/example_dags/example_task_group_decorator.py
[2023-05-01T06:20:51.532+0000] {processor.py:809} INFO - DAG(s) dict_keys(['example_task_group_decorator']) retrieved from /home/airflow/.local/lib/python3.7/site-packages/airflow/example_dags/example_task_group_decorator.py
[2023-05-01T06:20:51.554+0000] {logging_mixin.py:149} INFO - [2023-05-01T06:20:51.554+0000] {dag.py:2726} INFO - Sync 1 DAGs
[2023-05-01T06:20:51.576+0000] {logging_mixin.py:149} INFO - [2023-05-01T06:20:51.575+0000] {dag.py:3490} INFO - Setting next_dagrun for example_task_group_decorator to 2023-04-30T06:20:51.575794+00:00, run_after=2023-05-01T06:20:51.575794+00:00
[2023-05-01T06:20:51.592+0000] {processor.py:178} INFO - Processing /home/airflow/.local/lib/python3.7/site-packages/airflow/example_dags/example_task_group_decorator.py took 0.075 seconds
[2023-05-01T06:21:22.124+0000] {processor.py:156} INFO - Started process (PID=161) to work on /home/airflow/.local/lib/python3.7/site-packages/airflow/example_dags/example_task_group_decorator.py
[2023-05-01T06:21:22.125+0000] {processor.py:799} INFO - Processing file /home/airflow/.local/lib/python3.7/site-packages/airflow/example_dags/example_task_group_decorator.py for tasks to queue
[2023-05-01T06:21:22.125+0000] {logging_mixin.py:149} INFO - [2023-05-01T06:21:22.125+0000] {dagbag.py:541} INFO - Filling up the DagBag from /home/airflow/.local/lib/python3.7/site-packages/airflow/example_dags/example_task_group_decorator.py
[2023-05-01T06:21:22.136+0000] {processor.py:809} INFO - DAG(s) dict_keys(['example_task_group_decorator']) retrieved from /home/airflow/.local/lib/python3.7/site-packages/airflow/example_dags/example_task_group_decorator.py
[2023-05-01T06:21:22.159+0000] {logging_mixin.py:149} INFO - [2023-05-01T06:21:22.159+0000] {dag.py:2726} INFO - Sync 1 DAGs
[2023-05-01T06:21:22.180+0000] {logging_mixin.py:149} INFO - [2023-05-01T06:21:22.180+0000] {dag.py:3490} INFO - Setting next_dagrun for example_task_group_decorator to 2023-04-30T06:21:22.179932+00:00, run_after=2023-05-01T06:21:22.179932+00:00
[2023-05-01T06:21:22.195+0000] {processor.py:178} INFO - Processing /home/airflow/.local/lib/python3.7/site-packages/airflow/example_dags/example_task_group_decorator.py took 0.074 seconds
[2023-05-01T06:21:52.620+0000] {processor.py:156} INFO - Started process (PID=217) to work on /home/airflow/.local/lib/python3.7/site-packages/airflow/example_dags/example_task_group_decorator.py
[2023-05-01T06:21:52.620+0000] {processor.py:799} INFO - Processing file /home/airflow/.local/lib/python3.7/site-packages/airflow/example_dags/example_task_group_decorator.py for tasks to queue
[2023-05-01T06:21:52.621+0000] {logging_mixin.py:149} INFO - [2023-05-01T06:21:52.621+0000] {dagbag.py:541} INFO - Filling up the DagBag from /home/airflow/.local/lib/python3.7/site-packages/airflow/example_dags/example_task_group_decorator.py
[2023-05-01T06:21:52.632+0000] {processor.py:809} INFO - DAG(s) dict_keys(['example_task_group_decorator']) retrieved from /home/airflow/.local/lib/python3.7/site-packages/airflow/example_dags/example_task_group_decorator.py
[2023-05-01T06:21:52.656+0000] {logging_mixin.py:149} INFO - [2023-05-01T06:21:52.656+0000] {dag.py:2726} INFO - Sync 1 DAGs
[2023-05-01T06:21:52.677+0000] {logging_mixin.py:149} INFO - [2023-05-01T06:21:52.677+0000] {dag.py:3490} INFO - Setting next_dagrun for example_task_group_decorator to 2023-04-30T06:21:52.677382+00:00, run_after=2023-05-01T06:21:52.677382+00:00
[2023-05-01T06:21:52.693+0000] {processor.py:178} INFO - Processing /home/airflow/.local/lib/python3.7/site-packages/airflow/example_dags/example_task_group_decorator.py took 0.076 seconds
[2023-05-01T06:22:23.062+0000] {processor.py:156} INFO - Started process (PID=273) to work on /home/airflow/.local/lib/python3.7/site-packages/airflow/example_dags/example_task_group_decorator.py
[2023-05-01T06:22:23.063+0000] {processor.py:799} INFO - Processing file /home/airflow/.local/lib/python3.7/site-packages/airflow/example_dags/example_task_group_decorator.py for tasks to queue
[2023-05-01T06:22:23.063+0000] {logging_mixin.py:149} INFO - [2023-05-01T06:22:23.063+0000] {dagbag.py:541} INFO - Filling up the DagBag from /home/airflow/.local/lib/python3.7/site-packages/airflow/example_dags/example_task_group_decorator.py
[2023-05-01T06:22:23.074+0000] {processor.py:809} INFO - DAG(s) dict_keys(['example_task_group_decorator']) retrieved from /home/airflow/.local/lib/python3.7/site-packages/airflow/example_dags/example_task_group_decorator.py
[2023-05-01T06:22:23.097+0000] {logging_mixin.py:149} INFO - [2023-05-01T06:22:23.097+0000] {dag.py:2726} INFO - Sync 1 DAGs
[2023-05-01T06:22:23.117+0000] {logging_mixin.py:149} INFO - [2023-05-01T06:22:23.117+0000] {dag.py:3490} INFO - Setting next_dagrun for example_task_group_decorator to 2023-04-30T06:22:23.117221+00:00, run_after=2023-05-01T06:22:23.117221+00:00
[2023-05-01T06:22:23.132+0000] {processor.py:178} INFO - Processing /home/airflow/.local/lib/python3.7/site-packages/airflow/example_dags/example_task_group_decorator.py took 0.073 seconds
[2023-05-01T06:22:53.615+0000] {processor.py:156} INFO - Started process (PID=329) to work on /home/airflow/.local/lib/python3.7/site-packages/airflow/example_dags/example_task_group_decorator.py
[2023-05-01T06:22:53.616+0000] {processor.py:799} INFO - Processing file /home/airflow/.local/lib/python3.7/site-packages/airflow/example_dags/example_task_group_decorator.py for tasks to queue
[2023-05-01T06:22:53.616+0000] {logging_mixin.py:149} INFO - [2023-05-01T06:22:53.616+0000] {dagbag.py:541} INFO - Filling up the DagBag from /home/airflow/.local/lib/python3.7/site-packages/airflow/example_dags/example_task_group_decorator.py
[2023-05-01T06:22:53.628+0000] {processor.py:809} INFO - DAG(s) dict_keys(['example_task_group_decorator']) retrieved from /home/airflow/.local/lib/python3.7/site-packages/airflow/example_dags/example_task_group_decorator.py
[2023-05-01T06:22:53.652+0000] {logging_mixin.py:149} INFO - [2023-05-01T06:22:53.652+0000] {dag.py:2726} INFO - Sync 1 DAGs
[2023-05-01T06:22:53.673+0000] {logging_mixin.py:149} INFO - [2023-05-01T06:22:53.673+0000] {dag.py:3490} INFO - Setting next_dagrun for example_task_group_decorator to 2023-04-30T06:22:53.673480+00:00, run_after=2023-05-01T06:22:53.673480+00:00
[2023-05-01T06:22:53.689+0000] {processor.py:178} INFO - Processing /home/airflow/.local/lib/python3.7/site-packages/airflow/example_dags/example_task_group_decorator.py took 0.076 seconds
[2023-05-01T06:23:24.432+0000] {processor.py:156} INFO - Started process (PID=384) to work on /home/airflow/.local/lib/python3.7/site-packages/airflow/example_dags/example_task_group_decorator.py
[2023-05-01T06:23:24.433+0000] {processor.py:799} INFO - Processing file /home/airflow/.local/lib/python3.7/site-packages/airflow/example_dags/example_task_group_decorator.py for tasks to queue
[2023-05-01T06:23:24.434+0000] {logging_mixin.py:149} INFO - [2023-05-01T06:23:24.434+0000] {dagbag.py:541} INFO - Filling up the DagBag from /home/airflow/.local/lib/python3.7/site-packages/airflow/example_dags/example_task_group_decorator.py
[2023-05-01T06:23:24.446+0000] {processor.py:809} INFO - DAG(s) dict_keys(['example_task_group_decorator']) retrieved from /home/airflow/.local/lib/python3.7/site-packages/airflow/example_dags/example_task_group_decorator.py
[2023-05-01T06:23:24.469+0000] {logging_mixin.py:149} INFO - [2023-05-01T06:23:24.469+0000] {dag.py:2726} INFO - Sync 1 DAGs
[2023-05-01T06:23:24.491+0000] {logging_mixin.py:149} INFO - [2023-05-01T06:23:24.490+0000] {dag.py:3490} INFO - Setting next_dagrun for example_task_group_decorator to 2023-04-30T06:23:24.490755+00:00, run_after=2023-05-01T06:23:24.490755+00:00
[2023-05-01T06:23:24.507+0000] {processor.py:178} INFO - Processing /home/airflow/.local/lib/python3.7/site-packages/airflow/example_dags/example_task_group_decorator.py took 0.077 seconds
