[2023-05-01T06:20:19.482+0000] {processor.py:156} INFO - Started process (PID=36) to work on /home/airflow/.local/lib/python3.7/site-packages/airflow/example_dags/example_datasets.py
[2023-05-01T06:20:19.483+0000] {processor.py:799} INFO - Processing file /home/airflow/.local/lib/python3.7/site-packages/airflow/example_dags/example_datasets.py for tasks to queue
[2023-05-01T06:20:19.484+0000] {logging_mixin.py:149} INFO - [2023-05-01T06:20:19.483+0000] {dagbag.py:541} INFO - Filling up the DagBag from /home/airflow/.local/lib/python3.7/site-packages/airflow/example_dags/example_datasets.py
[2023-05-01T06:20:19.495+0000] {processor.py:809} INFO - DAG(s) dict_keys(['dataset_consumes_1_and_2', 'dataset_consumes_1_never_scheduled', 'dataset_produces_1', 'dataset_consumes_1', 'dataset_consumes_unknown_never_scheduled', 'dataset_produces_2']) retrieved from /home/airflow/.local/lib/python3.7/site-packages/airflow/example_dags/example_datasets.py
[2023-05-01T06:20:19.512+0000] {logging_mixin.py:149} INFO - [2023-05-01T06:20:19.511+0000] {dag.py:2726} INFO - Sync 6 DAGs
[2023-05-01T06:20:19.539+0000] {logging_mixin.py:149} INFO - [2023-05-01T06:20:19.539+0000] {dag.py:3490} INFO - Setting next_dagrun for dataset_consumes_1 to None, run_after=None
[2023-05-01T06:20:19.545+0000] {logging_mixin.py:149} INFO - [2023-05-01T06:20:19.545+0000] {dag.py:3490} INFO - Setting next_dagrun for dataset_consumes_1_and_2 to None, run_after=None
[2023-05-01T06:20:19.547+0000] {logging_mixin.py:149} INFO - [2023-05-01T06:20:19.547+0000] {dag.py:3490} INFO - Setting next_dagrun for dataset_consumes_1_never_scheduled to None, run_after=None
[2023-05-01T06:20:19.548+0000] {logging_mixin.py:149} INFO - [2023-05-01T06:20:19.548+0000] {dag.py:3490} INFO - Setting next_dagrun for dataset_consumes_unknown_never_scheduled to None, run_after=None
[2023-05-01T06:20:19.551+0000] {logging_mixin.py:149} INFO - [2023-05-01T06:20:19.551+0000] {dag.py:3490} INFO - Setting next_dagrun for dataset_produces_1 to 2023-04-30T00:00:00+00:00, run_after=2023-05-01T00:00:00+00:00
[2023-05-01T06:20:19.554+0000] {logging_mixin.py:149} INFO - [2023-05-01T06:20:19.554+0000] {dag.py:3490} INFO - Setting next_dagrun for dataset_produces_2 to None, run_after=None
[2023-05-01T06:20:19.598+0000] {processor.py:178} INFO - Processing /home/airflow/.local/lib/python3.7/site-packages/airflow/example_dags/example_datasets.py took 0.121 seconds
[2023-05-01T06:20:49.729+0000] {processor.py:156} INFO - Started process (PID=92) to work on /home/airflow/.local/lib/python3.7/site-packages/airflow/example_dags/example_datasets.py
[2023-05-01T06:20:49.730+0000] {processor.py:799} INFO - Processing file /home/airflow/.local/lib/python3.7/site-packages/airflow/example_dags/example_datasets.py for tasks to queue
[2023-05-01T06:20:49.730+0000] {logging_mixin.py:149} INFO - [2023-05-01T06:20:49.730+0000] {dagbag.py:541} INFO - Filling up the DagBag from /home/airflow/.local/lib/python3.7/site-packages/airflow/example_dags/example_datasets.py
[2023-05-01T06:20:49.737+0000] {processor.py:809} INFO - DAG(s) dict_keys(['dataset_consumes_1', 'dataset_consumes_unknown_never_scheduled', 'dataset_consumes_1_and_2', 'dataset_consumes_1_never_scheduled', 'dataset_produces_2', 'dataset_produces_1']) retrieved from /home/airflow/.local/lib/python3.7/site-packages/airflow/example_dags/example_datasets.py
[2023-05-01T06:20:49.814+0000] {logging_mixin.py:149} INFO - [2023-05-01T06:20:49.814+0000] {dag.py:2726} INFO - Sync 6 DAGs
[2023-05-01T06:20:49.834+0000] {logging_mixin.py:149} INFO - [2023-05-01T06:20:49.834+0000] {dag.py:3490} INFO - Setting next_dagrun for dataset_consumes_1 to None, run_after=None
[2023-05-01T06:20:49.837+0000] {logging_mixin.py:149} INFO - [2023-05-01T06:20:49.837+0000] {dag.py:3490} INFO - Setting next_dagrun for dataset_consumes_1_and_2 to None, run_after=None
[2023-05-01T06:20:49.838+0000] {logging_mixin.py:149} INFO - [2023-05-01T06:20:49.838+0000] {dag.py:3490} INFO - Setting next_dagrun for dataset_consumes_1_never_scheduled to None, run_after=None
[2023-05-01T06:20:49.839+0000] {logging_mixin.py:149} INFO - [2023-05-01T06:20:49.838+0000] {dag.py:3490} INFO - Setting next_dagrun for dataset_consumes_unknown_never_scheduled to None, run_after=None
[2023-05-01T06:20:49.841+0000] {logging_mixin.py:149} INFO - [2023-05-01T06:20:49.841+0000] {dag.py:3490} INFO - Setting next_dagrun for dataset_produces_1 to 2023-04-30T00:00:00+00:00, run_after=2023-05-01T00:00:00+00:00
[2023-05-01T06:20:49.842+0000] {logging_mixin.py:149} INFO - [2023-05-01T06:20:49.841+0000] {dag.py:3490} INFO - Setting next_dagrun for dataset_produces_2 to None, run_after=None
[2023-05-01T06:20:49.869+0000] {processor.py:178} INFO - Processing /home/airflow/.local/lib/python3.7/site-packages/airflow/example_dags/example_datasets.py took 0.143 seconds
[2023-05-01T06:21:20.369+0000] {processor.py:156} INFO - Started process (PID=148) to work on /home/airflow/.local/lib/python3.7/site-packages/airflow/example_dags/example_datasets.py
[2023-05-01T06:21:20.370+0000] {processor.py:799} INFO - Processing file /home/airflow/.local/lib/python3.7/site-packages/airflow/example_dags/example_datasets.py for tasks to queue
[2023-05-01T06:21:20.370+0000] {logging_mixin.py:149} INFO - [2023-05-01T06:21:20.370+0000] {dagbag.py:541} INFO - Filling up the DagBag from /home/airflow/.local/lib/python3.7/site-packages/airflow/example_dags/example_datasets.py
[2023-05-01T06:21:20.378+0000] {processor.py:809} INFO - DAG(s) dict_keys(['dataset_consumes_1', 'dataset_consumes_1_never_scheduled', 'dataset_consumes_unknown_never_scheduled', 'dataset_consumes_1_and_2', 'dataset_produces_1', 'dataset_produces_2']) retrieved from /home/airflow/.local/lib/python3.7/site-packages/airflow/example_dags/example_datasets.py
[2023-05-01T06:21:20.410+0000] {logging_mixin.py:149} INFO - [2023-05-01T06:21:20.410+0000] {dag.py:2726} INFO - Sync 6 DAGs
[2023-05-01T06:21:20.431+0000] {logging_mixin.py:149} INFO - [2023-05-01T06:21:20.431+0000] {dag.py:3490} INFO - Setting next_dagrun for dataset_consumes_1 to None, run_after=None
[2023-05-01T06:21:20.434+0000] {logging_mixin.py:149} INFO - [2023-05-01T06:21:20.434+0000] {dag.py:3490} INFO - Setting next_dagrun for dataset_consumes_1_and_2 to None, run_after=None
[2023-05-01T06:21:20.435+0000] {logging_mixin.py:149} INFO - [2023-05-01T06:21:20.435+0000] {dag.py:3490} INFO - Setting next_dagrun for dataset_consumes_1_never_scheduled to None, run_after=None
[2023-05-01T06:21:20.436+0000] {logging_mixin.py:149} INFO - [2023-05-01T06:21:20.436+0000] {dag.py:3490} INFO - Setting next_dagrun for dataset_consumes_unknown_never_scheduled to None, run_after=None
[2023-05-01T06:21:20.439+0000] {logging_mixin.py:149} INFO - [2023-05-01T06:21:20.439+0000] {dag.py:3490} INFO - Setting next_dagrun for dataset_produces_1 to 2023-04-30T00:00:00+00:00, run_after=2023-05-01T00:00:00+00:00
[2023-05-01T06:21:20.440+0000] {logging_mixin.py:149} INFO - [2023-05-01T06:21:20.440+0000] {dag.py:3490} INFO - Setting next_dagrun for dataset_produces_2 to None, run_after=None
[2023-05-01T06:21:20.467+0000] {processor.py:178} INFO - Processing /home/airflow/.local/lib/python3.7/site-packages/airflow/example_dags/example_datasets.py took 0.101 seconds
[2023-05-01T06:21:50.881+0000] {processor.py:156} INFO - Started process (PID=204) to work on /home/airflow/.local/lib/python3.7/site-packages/airflow/example_dags/example_datasets.py
[2023-05-01T06:21:50.882+0000] {processor.py:799} INFO - Processing file /home/airflow/.local/lib/python3.7/site-packages/airflow/example_dags/example_datasets.py for tasks to queue
[2023-05-01T06:21:50.882+0000] {logging_mixin.py:149} INFO - [2023-05-01T06:21:50.882+0000] {dagbag.py:541} INFO - Filling up the DagBag from /home/airflow/.local/lib/python3.7/site-packages/airflow/example_dags/example_datasets.py
[2023-05-01T06:21:50.889+0000] {processor.py:809} INFO - DAG(s) dict_keys(['dataset_produces_1', 'dataset_produces_2', 'dataset_consumes_1_and_2', 'dataset_consumes_1', 'dataset_consumes_1_never_scheduled', 'dataset_consumes_unknown_never_scheduled']) retrieved from /home/airflow/.local/lib/python3.7/site-packages/airflow/example_dags/example_datasets.py
[2023-05-01T06:21:50.922+0000] {logging_mixin.py:149} INFO - [2023-05-01T06:21:50.922+0000] {dag.py:2726} INFO - Sync 6 DAGs
[2023-05-01T06:21:50.944+0000] {logging_mixin.py:149} INFO - [2023-05-01T06:21:50.944+0000] {dag.py:3490} INFO - Setting next_dagrun for dataset_consumes_1 to None, run_after=None
[2023-05-01T06:21:50.947+0000] {logging_mixin.py:149} INFO - [2023-05-01T06:21:50.947+0000] {dag.py:3490} INFO - Setting next_dagrun for dataset_consumes_1_and_2 to None, run_after=None
[2023-05-01T06:21:50.948+0000] {logging_mixin.py:149} INFO - [2023-05-01T06:21:50.948+0000] {dag.py:3490} INFO - Setting next_dagrun for dataset_consumes_1_never_scheduled to None, run_after=None
[2023-05-01T06:21:50.949+0000] {logging_mixin.py:149} INFO - [2023-05-01T06:21:50.949+0000] {dag.py:3490} INFO - Setting next_dagrun for dataset_consumes_unknown_never_scheduled to None, run_after=None
[2023-05-01T06:21:50.952+0000] {logging_mixin.py:149} INFO - [2023-05-01T06:21:50.952+0000] {dag.py:3490} INFO - Setting next_dagrun for dataset_produces_1 to 2023-04-30T00:00:00+00:00, run_after=2023-05-01T00:00:00+00:00
[2023-05-01T06:21:50.953+0000] {logging_mixin.py:149} INFO - [2023-05-01T06:21:50.953+0000] {dag.py:3490} INFO - Setting next_dagrun for dataset_produces_2 to None, run_after=None
[2023-05-01T06:21:50.982+0000] {processor.py:178} INFO - Processing /home/airflow/.local/lib/python3.7/site-packages/airflow/example_dags/example_datasets.py took 0.103 seconds
[2023-05-01T06:22:21.385+0000] {processor.py:156} INFO - Started process (PID=260) to work on /home/airflow/.local/lib/python3.7/site-packages/airflow/example_dags/example_datasets.py
[2023-05-01T06:22:21.386+0000] {processor.py:799} INFO - Processing file /home/airflow/.local/lib/python3.7/site-packages/airflow/example_dags/example_datasets.py for tasks to queue
[2023-05-01T06:22:21.386+0000] {logging_mixin.py:149} INFO - [2023-05-01T06:22:21.386+0000] {dagbag.py:541} INFO - Filling up the DagBag from /home/airflow/.local/lib/python3.7/site-packages/airflow/example_dags/example_datasets.py
[2023-05-01T06:22:21.393+0000] {processor.py:809} INFO - DAG(s) dict_keys(['dataset_consumes_1', 'dataset_consumes_1_never_scheduled', 'dataset_consumes_1_and_2', 'dataset_consumes_unknown_never_scheduled', 'dataset_produces_1', 'dataset_produces_2']) retrieved from /home/airflow/.local/lib/python3.7/site-packages/airflow/example_dags/example_datasets.py
[2023-05-01T06:22:21.426+0000] {logging_mixin.py:149} INFO - [2023-05-01T06:22:21.426+0000] {dag.py:2726} INFO - Sync 6 DAGs
[2023-05-01T06:22:21.447+0000] {logging_mixin.py:149} INFO - [2023-05-01T06:22:21.447+0000] {dag.py:3490} INFO - Setting next_dagrun for dataset_consumes_1 to None, run_after=None
[2023-05-01T06:22:21.450+0000] {logging_mixin.py:149} INFO - [2023-05-01T06:22:21.450+0000] {dag.py:3490} INFO - Setting next_dagrun for dataset_consumes_1_and_2 to None, run_after=None
[2023-05-01T06:22:21.452+0000] {logging_mixin.py:149} INFO - [2023-05-01T06:22:21.452+0000] {dag.py:3490} INFO - Setting next_dagrun for dataset_consumes_1_never_scheduled to None, run_after=None
[2023-05-01T06:22:21.453+0000] {logging_mixin.py:149} INFO - [2023-05-01T06:22:21.453+0000] {dag.py:3490} INFO - Setting next_dagrun for dataset_consumes_unknown_never_scheduled to None, run_after=None
[2023-05-01T06:22:21.455+0000] {logging_mixin.py:149} INFO - [2023-05-01T06:22:21.455+0000] {dag.py:3490} INFO - Setting next_dagrun for dataset_produces_1 to 2023-04-30T00:00:00+00:00, run_after=2023-05-01T00:00:00+00:00
[2023-05-01T06:22:21.456+0000] {logging_mixin.py:149} INFO - [2023-05-01T06:22:21.456+0000] {dag.py:3490} INFO - Setting next_dagrun for dataset_produces_2 to None, run_after=None
[2023-05-01T06:22:21.485+0000] {processor.py:178} INFO - Processing /home/airflow/.local/lib/python3.7/site-packages/airflow/example_dags/example_datasets.py took 0.103 seconds
[2023-05-01T06:22:51.862+0000] {processor.py:156} INFO - Started process (PID=316) to work on /home/airflow/.local/lib/python3.7/site-packages/airflow/example_dags/example_datasets.py
[2023-05-01T06:22:51.862+0000] {processor.py:799} INFO - Processing file /home/airflow/.local/lib/python3.7/site-packages/airflow/example_dags/example_datasets.py for tasks to queue
[2023-05-01T06:22:51.863+0000] {logging_mixin.py:149} INFO - [2023-05-01T06:22:51.863+0000] {dagbag.py:541} INFO - Filling up the DagBag from /home/airflow/.local/lib/python3.7/site-packages/airflow/example_dags/example_datasets.py
[2023-05-01T06:22:51.870+0000] {processor.py:809} INFO - DAG(s) dict_keys(['dataset_consumes_unknown_never_scheduled', 'dataset_consumes_1_and_2', 'dataset_consumes_1', 'dataset_produces_2', 'dataset_consumes_1_never_scheduled', 'dataset_produces_1']) retrieved from /home/airflow/.local/lib/python3.7/site-packages/airflow/example_dags/example_datasets.py
[2023-05-01T06:22:51.903+0000] {logging_mixin.py:149} INFO - [2023-05-01T06:22:51.903+0000] {dag.py:2726} INFO - Sync 6 DAGs
[2023-05-01T06:22:51.924+0000] {logging_mixin.py:149} INFO - [2023-05-01T06:22:51.924+0000] {dag.py:3490} INFO - Setting next_dagrun for dataset_consumes_1 to None, run_after=None
[2023-05-01T06:22:51.927+0000] {logging_mixin.py:149} INFO - [2023-05-01T06:22:51.927+0000] {dag.py:3490} INFO - Setting next_dagrun for dataset_consumes_1_and_2 to None, run_after=None
[2023-05-01T06:22:51.928+0000] {logging_mixin.py:149} INFO - [2023-05-01T06:22:51.928+0000] {dag.py:3490} INFO - Setting next_dagrun for dataset_consumes_1_never_scheduled to None, run_after=None
[2023-05-01T06:22:51.929+0000] {logging_mixin.py:149} INFO - [2023-05-01T06:22:51.929+0000] {dag.py:3490} INFO - Setting next_dagrun for dataset_consumes_unknown_never_scheduled to None, run_after=None
[2023-05-01T06:22:51.931+0000] {logging_mixin.py:149} INFO - [2023-05-01T06:22:51.931+0000] {dag.py:3490} INFO - Setting next_dagrun for dataset_produces_1 to 2023-04-30T00:00:00+00:00, run_after=2023-05-01T00:00:00+00:00
[2023-05-01T06:22:51.932+0000] {logging_mixin.py:149} INFO - [2023-05-01T06:22:51.932+0000] {dag.py:3490} INFO - Setting next_dagrun for dataset_produces_2 to None, run_after=None
[2023-05-01T06:22:51.960+0000] {processor.py:178} INFO - Processing /home/airflow/.local/lib/python3.7/site-packages/airflow/example_dags/example_datasets.py took 0.101 seconds
[2023-05-01T06:23:22.497+0000] {processor.py:156} INFO - Started process (PID=371) to work on /home/airflow/.local/lib/python3.7/site-packages/airflow/example_dags/example_datasets.py
[2023-05-01T06:23:22.498+0000] {processor.py:799} INFO - Processing file /home/airflow/.local/lib/python3.7/site-packages/airflow/example_dags/example_datasets.py for tasks to queue
[2023-05-01T06:23:22.498+0000] {logging_mixin.py:149} INFO - [2023-05-01T06:23:22.498+0000] {dagbag.py:541} INFO - Filling up the DagBag from /home/airflow/.local/lib/python3.7/site-packages/airflow/example_dags/example_datasets.py
[2023-05-01T06:23:22.510+0000] {processor.py:809} INFO - DAG(s) dict_keys(['dataset_produces_2', 'dataset_consumes_1_never_scheduled', 'dataset_consumes_1_and_2', 'dataset_produces_1', 'dataset_consumes_unknown_never_scheduled', 'dataset_consumes_1']) retrieved from /home/airflow/.local/lib/python3.7/site-packages/airflow/example_dags/example_datasets.py
[2023-05-01T06:23:22.571+0000] {logging_mixin.py:149} INFO - [2023-05-01T06:23:22.571+0000] {dag.py:2726} INFO - Sync 6 DAGs
[2023-05-01T06:23:22.617+0000] {logging_mixin.py:149} INFO - [2023-05-01T06:23:22.617+0000] {dag.py:3490} INFO - Setting next_dagrun for dataset_consumes_1 to None, run_after=None
[2023-05-01T06:23:22.620+0000] {logging_mixin.py:149} INFO - [2023-05-01T06:23:22.620+0000] {dag.py:3490} INFO - Setting next_dagrun for dataset_consumes_1_and_2 to None, run_after=None
[2023-05-01T06:23:22.625+0000] {logging_mixin.py:149} INFO - [2023-05-01T06:23:22.625+0000] {dag.py:3490} INFO - Setting next_dagrun for dataset_consumes_1_never_scheduled to None, run_after=None
[2023-05-01T06:23:22.628+0000] {logging_mixin.py:149} INFO - [2023-05-01T06:23:22.628+0000] {dag.py:3490} INFO - Setting next_dagrun for dataset_consumes_unknown_never_scheduled to None, run_after=None
[2023-05-01T06:23:22.631+0000] {logging_mixin.py:149} INFO - [2023-05-01T06:23:22.630+0000] {dag.py:3490} INFO - Setting next_dagrun for dataset_produces_1 to 2023-04-30T00:00:00+00:00, run_after=2023-05-01T00:00:00+00:00
[2023-05-01T06:23:22.632+0000] {logging_mixin.py:149} INFO - [2023-05-01T06:23:22.632+0000] {dag.py:3490} INFO - Setting next_dagrun for dataset_produces_2 to None, run_after=None
[2023-05-01T06:23:22.682+0000] {processor.py:178} INFO - Processing /home/airflow/.local/lib/python3.7/site-packages/airflow/example_dags/example_datasets.py took 0.189 seconds
[2023-05-01T06:23:53.119+0000] {processor.py:156} INFO - Started process (PID=427) to work on /home/airflow/.local/lib/python3.7/site-packages/airflow/example_dags/example_datasets.py
[2023-05-01T06:23:53.120+0000] {processor.py:799} INFO - Processing file /home/airflow/.local/lib/python3.7/site-packages/airflow/example_dags/example_datasets.py for tasks to queue
[2023-05-01T06:23:53.121+0000] {logging_mixin.py:149} INFO - [2023-05-01T06:23:53.121+0000] {dagbag.py:541} INFO - Filling up the DagBag from /home/airflow/.local/lib/python3.7/site-packages/airflow/example_dags/example_datasets.py
[2023-05-01T06:23:53.128+0000] {processor.py:809} INFO - DAG(s) dict_keys(['dataset_consumes_1', 'dataset_consumes_1_and_2', 'dataset_consumes_unknown_never_scheduled', 'dataset_consumes_1_never_scheduled', 'dataset_produces_1', 'dataset_produces_2']) retrieved from /home/airflow/.local/lib/python3.7/site-packages/airflow/example_dags/example_datasets.py
[2023-05-01T06:23:53.162+0000] {logging_mixin.py:149} INFO - [2023-05-01T06:23:53.162+0000] {dag.py:2726} INFO - Sync 6 DAGs
[2023-05-01T06:23:53.185+0000] {logging_mixin.py:149} INFO - [2023-05-01T06:23:53.185+0000] {dag.py:3490} INFO - Setting next_dagrun for dataset_consumes_1 to None, run_after=None
[2023-05-01T06:23:53.188+0000] {logging_mixin.py:149} INFO - [2023-05-01T06:23:53.188+0000] {dag.py:3490} INFO - Setting next_dagrun for dataset_consumes_1_and_2 to None, run_after=None
[2023-05-01T06:23:53.189+0000] {logging_mixin.py:149} INFO - [2023-05-01T06:23:53.189+0000] {dag.py:3490} INFO - Setting next_dagrun for dataset_consumes_1_never_scheduled to None, run_after=None
[2023-05-01T06:23:53.190+0000] {logging_mixin.py:149} INFO - [2023-05-01T06:23:53.190+0000] {dag.py:3490} INFO - Setting next_dagrun for dataset_consumes_unknown_never_scheduled to None, run_after=None
[2023-05-01T06:23:53.193+0000] {logging_mixin.py:149} INFO - [2023-05-01T06:23:53.193+0000] {dag.py:3490} INFO - Setting next_dagrun for dataset_produces_1 to 2023-04-30T00:00:00+00:00, run_after=2023-05-01T00:00:00+00:00
[2023-05-01T06:23:53.194+0000] {logging_mixin.py:149} INFO - [2023-05-01T06:23:53.194+0000] {dag.py:3490} INFO - Setting next_dagrun for dataset_produces_2 to None, run_after=None
[2023-05-01T06:23:53.224+0000] {processor.py:178} INFO - Processing /home/airflow/.local/lib/python3.7/site-packages/airflow/example_dags/example_datasets.py took 0.107 seconds
[2023-05-01T06:24:23.803+0000] {processor.py:156} INFO - Started process (PID=483) to work on /home/airflow/.local/lib/python3.7/site-packages/airflow/example_dags/example_datasets.py
[2023-05-01T06:24:23.804+0000] {processor.py:799} INFO - Processing file /home/airflow/.local/lib/python3.7/site-packages/airflow/example_dags/example_datasets.py for tasks to queue
[2023-05-01T06:24:23.804+0000] {logging_mixin.py:149} INFO - [2023-05-01T06:24:23.804+0000] {dagbag.py:541} INFO - Filling up the DagBag from /home/airflow/.local/lib/python3.7/site-packages/airflow/example_dags/example_datasets.py
[2023-05-01T06:24:23.812+0000] {processor.py:809} INFO - DAG(s) dict_keys(['dataset_produces_1', 'dataset_consumes_1_and_2', 'dataset_consumes_unknown_never_scheduled', 'dataset_consumes_1_never_scheduled', 'dataset_produces_2', 'dataset_consumes_1']) retrieved from /home/airflow/.local/lib/python3.7/site-packages/airflow/example_dags/example_datasets.py
[2023-05-01T06:24:23.846+0000] {logging_mixin.py:149} INFO - [2023-05-01T06:24:23.846+0000] {dag.py:2726} INFO - Sync 6 DAGs
[2023-05-01T06:24:23.870+0000] {logging_mixin.py:149} INFO - [2023-05-01T06:24:23.870+0000] {dag.py:3490} INFO - Setting next_dagrun for dataset_consumes_1 to None, run_after=None
[2023-05-01T06:24:23.873+0000] {logging_mixin.py:149} INFO - [2023-05-01T06:24:23.873+0000] {dag.py:3490} INFO - Setting next_dagrun for dataset_consumes_1_and_2 to None, run_after=None
[2023-05-01T06:24:23.874+0000] {logging_mixin.py:149} INFO - [2023-05-01T06:24:23.874+0000] {dag.py:3490} INFO - Setting next_dagrun for dataset_consumes_1_never_scheduled to None, run_after=None
[2023-05-01T06:24:23.875+0000] {logging_mixin.py:149} INFO - [2023-05-01T06:24:23.875+0000] {dag.py:3490} INFO - Setting next_dagrun for dataset_consumes_unknown_never_scheduled to None, run_after=None
[2023-05-01T06:24:23.877+0000] {logging_mixin.py:149} INFO - [2023-05-01T06:24:23.877+0000] {dag.py:3490} INFO - Setting next_dagrun for dataset_produces_1 to 2023-04-30T00:00:00+00:00, run_after=2023-05-01T00:00:00+00:00
[2023-05-01T06:24:23.878+0000] {logging_mixin.py:149} INFO - [2023-05-01T06:24:23.878+0000] {dag.py:3490} INFO - Setting next_dagrun for dataset_produces_2 to None, run_after=None
[2023-05-01T06:24:23.909+0000] {processor.py:178} INFO - Processing /home/airflow/.local/lib/python3.7/site-packages/airflow/example_dags/example_datasets.py took 0.108 seconds
[2023-05-01T06:24:54.529+0000] {processor.py:156} INFO - Started process (PID=539) to work on /home/airflow/.local/lib/python3.7/site-packages/airflow/example_dags/example_datasets.py
[2023-05-01T06:24:54.532+0000] {processor.py:799} INFO - Processing file /home/airflow/.local/lib/python3.7/site-packages/airflow/example_dags/example_datasets.py for tasks to queue
[2023-05-01T06:24:54.533+0000] {logging_mixin.py:149} INFO - [2023-05-01T06:24:54.532+0000] {dagbag.py:541} INFO - Filling up the DagBag from /home/airflow/.local/lib/python3.7/site-packages/airflow/example_dags/example_datasets.py
[2023-05-01T06:24:54.540+0000] {processor.py:809} INFO - DAG(s) dict_keys(['dataset_consumes_1_and_2', 'dataset_produces_1', 'dataset_consumes_1_never_scheduled', 'dataset_consumes_unknown_never_scheduled', 'dataset_consumes_1', 'dataset_produces_2']) retrieved from /home/airflow/.local/lib/python3.7/site-packages/airflow/example_dags/example_datasets.py
[2023-05-01T06:24:54.573+0000] {logging_mixin.py:149} INFO - [2023-05-01T06:24:54.573+0000] {dag.py:2726} INFO - Sync 6 DAGs
[2023-05-01T06:24:54.597+0000] {logging_mixin.py:149} INFO - [2023-05-01T06:24:54.597+0000] {dag.py:3490} INFO - Setting next_dagrun for dataset_consumes_1 to None, run_after=None
[2023-05-01T06:24:54.601+0000] {logging_mixin.py:149} INFO - [2023-05-01T06:24:54.601+0000] {dag.py:3490} INFO - Setting next_dagrun for dataset_consumes_1_and_2 to None, run_after=None
[2023-05-01T06:24:54.602+0000] {logging_mixin.py:149} INFO - [2023-05-01T06:24:54.602+0000] {dag.py:3490} INFO - Setting next_dagrun for dataset_consumes_1_never_scheduled to None, run_after=None
[2023-05-01T06:24:54.603+0000] {logging_mixin.py:149} INFO - [2023-05-01T06:24:54.603+0000] {dag.py:3490} INFO - Setting next_dagrun for dataset_consumes_unknown_never_scheduled to None, run_after=None
[2023-05-01T06:24:54.607+0000] {logging_mixin.py:149} INFO - [2023-05-01T06:24:54.606+0000] {dag.py:3490} INFO - Setting next_dagrun for dataset_produces_1 to 2023-04-30T00:00:00+00:00, run_after=2023-05-01T00:00:00+00:00
[2023-05-01T06:24:54.608+0000] {logging_mixin.py:149} INFO - [2023-05-01T06:24:54.608+0000] {dag.py:3490} INFO - Setting next_dagrun for dataset_produces_2 to None, run_after=None
[2023-05-01T06:24:54.643+0000] {processor.py:178} INFO - Processing /home/airflow/.local/lib/python3.7/site-packages/airflow/example_dags/example_datasets.py took 0.118 seconds
[2023-05-01T06:25:24.914+0000] {processor.py:156} INFO - Started process (PID=596) to work on /home/airflow/.local/lib/python3.7/site-packages/airflow/example_dags/example_datasets.py
[2023-05-01T06:25:24.915+0000] {processor.py:799} INFO - Processing file /home/airflow/.local/lib/python3.7/site-packages/airflow/example_dags/example_datasets.py for tasks to queue
[2023-05-01T06:25:24.915+0000] {logging_mixin.py:149} INFO - [2023-05-01T06:25:24.915+0000] {dagbag.py:541} INFO - Filling up the DagBag from /home/airflow/.local/lib/python3.7/site-packages/airflow/example_dags/example_datasets.py
[2023-05-01T06:25:24.935+0000] {processor.py:809} INFO - DAG(s) dict_keys(['dataset_consumes_1_and_2', 'dataset_consumes_unknown_never_scheduled', 'dataset_consumes_1_never_scheduled', 'dataset_consumes_1', 'dataset_produces_1', 'dataset_produces_2']) retrieved from /home/airflow/.local/lib/python3.7/site-packages/airflow/example_dags/example_datasets.py
[2023-05-01T06:25:24.976+0000] {logging_mixin.py:149} INFO - [2023-05-01T06:25:24.976+0000] {dag.py:2726} INFO - Sync 6 DAGs
[2023-05-01T06:25:24.999+0000] {logging_mixin.py:149} INFO - [2023-05-01T06:25:24.998+0000] {dag.py:3490} INFO - Setting next_dagrun for dataset_consumes_1 to None, run_after=None
[2023-05-01T06:25:25.002+0000] {logging_mixin.py:149} INFO - [2023-05-01T06:25:25.001+0000] {dag.py:3490} INFO - Setting next_dagrun for dataset_consumes_1_and_2 to None, run_after=None
[2023-05-01T06:25:25.003+0000] {logging_mixin.py:149} INFO - [2023-05-01T06:25:25.003+0000] {dag.py:3490} INFO - Setting next_dagrun for dataset_consumes_1_never_scheduled to None, run_after=None
[2023-05-01T06:25:25.004+0000] {logging_mixin.py:149} INFO - [2023-05-01T06:25:25.004+0000] {dag.py:3490} INFO - Setting next_dagrun for dataset_consumes_unknown_never_scheduled to None, run_after=None
[2023-05-01T06:25:25.006+0000] {logging_mixin.py:149} INFO - [2023-05-01T06:25:25.006+0000] {dag.py:3490} INFO - Setting next_dagrun for dataset_produces_1 to 2023-04-30T00:00:00+00:00, run_after=2023-05-01T00:00:00+00:00
[2023-05-01T06:25:25.007+0000] {logging_mixin.py:149} INFO - [2023-05-01T06:25:25.007+0000] {dag.py:3490} INFO - Setting next_dagrun for dataset_produces_2 to None, run_after=None
[2023-05-01T06:25:25.035+0000] {processor.py:178} INFO - Processing /home/airflow/.local/lib/python3.7/site-packages/airflow/example_dags/example_datasets.py took 0.125 seconds
