[2023-05-01T06:20:21.414+0000] {processor.py:156} INFO - Started process (PID=58) to work on /home/airflow/.local/lib/python3.7/site-packages/airflow/example_dags/example_params_ui_tutorial.py
[2023-05-01T06:20:21.414+0000] {processor.py:799} INFO - Processing file /home/airflow/.local/lib/python3.7/site-packages/airflow/example_dags/example_params_ui_tutorial.py for tasks to queue
[2023-05-01T06:20:21.415+0000] {logging_mixin.py:149} INFO - [2023-05-01T06:20:21.415+0000] {dagbag.py:541} INFO - Filling up the DagBag from /home/airflow/.local/lib/python3.7/site-packages/airflow/example_dags/example_params_ui_tutorial.py
[2023-05-01T06:20:21.452+0000] {processor.py:809} INFO - DAG(s) dict_keys(['example_params_ui_tutorial']) retrieved from /home/airflow/.local/lib/python3.7/site-packages/airflow/example_dags/example_params_ui_tutorial.py
[2023-05-01T06:20:21.462+0000] {logging_mixin.py:149} INFO - [2023-05-01T06:20:21.462+0000] {dag.py:2726} INFO - Sync 1 DAGs
[2023-05-01T06:20:21.486+0000] {logging_mixin.py:149} INFO - [2023-05-01T06:20:21.486+0000] {dag.py:3490} INFO - Setting next_dagrun for example_params_ui_tutorial to None, run_after=None
[2023-05-01T06:20:21.504+0000] {processor.py:178} INFO - Processing /home/airflow/.local/lib/python3.7/site-packages/airflow/example_dags/example_params_ui_tutorial.py took 0.093 seconds
[2023-05-01T06:20:52.071+0000] {processor.py:156} INFO - Started process (PID=114) to work on /home/airflow/.local/lib/python3.7/site-packages/airflow/example_dags/example_params_ui_tutorial.py
[2023-05-01T06:20:52.072+0000] {processor.py:799} INFO - Processing file /home/airflow/.local/lib/python3.7/site-packages/airflow/example_dags/example_params_ui_tutorial.py for tasks to queue
[2023-05-01T06:20:52.073+0000] {logging_mixin.py:149} INFO - [2023-05-01T06:20:52.073+0000] {dagbag.py:541} INFO - Filling up the DagBag from /home/airflow/.local/lib/python3.7/site-packages/airflow/example_dags/example_params_ui_tutorial.py
[2023-05-01T06:20:52.107+0000] {processor.py:809} INFO - DAG(s) dict_keys(['example_params_ui_tutorial']) retrieved from /home/airflow/.local/lib/python3.7/site-packages/airflow/example_dags/example_params_ui_tutorial.py
[2023-05-01T06:20:52.160+0000] {logging_mixin.py:149} INFO - [2023-05-01T06:20:52.160+0000] {dag.py:2726} INFO - Sync 1 DAGs
[2023-05-01T06:20:52.180+0000] {logging_mixin.py:149} INFO - [2023-05-01T06:20:52.180+0000] {dag.py:3490} INFO - Setting next_dagrun for example_params_ui_tutorial to None, run_after=None
[2023-05-01T06:20:52.199+0000] {processor.py:178} INFO - Processing /home/airflow/.local/lib/python3.7/site-packages/airflow/example_dags/example_params_ui_tutorial.py took 0.130 seconds
[2023-05-01T06:21:22.699+0000] {processor.py:156} INFO - Started process (PID=170) to work on /home/airflow/.local/lib/python3.7/site-packages/airflow/example_dags/example_params_ui_tutorial.py
[2023-05-01T06:21:22.700+0000] {processor.py:799} INFO - Processing file /home/airflow/.local/lib/python3.7/site-packages/airflow/example_dags/example_params_ui_tutorial.py for tasks to queue
[2023-05-01T06:21:22.700+0000] {logging_mixin.py:149} INFO - [2023-05-01T06:21:22.700+0000] {dagbag.py:541} INFO - Filling up the DagBag from /home/airflow/.local/lib/python3.7/site-packages/airflow/example_dags/example_params_ui_tutorial.py
[2023-05-01T06:21:22.734+0000] {processor.py:809} INFO - DAG(s) dict_keys(['example_params_ui_tutorial']) retrieved from /home/airflow/.local/lib/python3.7/site-packages/airflow/example_dags/example_params_ui_tutorial.py
[2023-05-01T06:21:22.787+0000] {logging_mixin.py:149} INFO - [2023-05-01T06:21:22.787+0000] {dag.py:2726} INFO - Sync 1 DAGs
[2023-05-01T06:21:22.808+0000] {logging_mixin.py:149} INFO - [2023-05-01T06:21:22.807+0000] {dag.py:3490} INFO - Setting next_dagrun for example_params_ui_tutorial to None, run_after=None
[2023-05-01T06:21:22.824+0000] {processor.py:178} INFO - Processing /home/airflow/.local/lib/python3.7/site-packages/airflow/example_dags/example_params_ui_tutorial.py took 0.128 seconds
[2023-05-01T06:21:53.148+0000] {processor.py:156} INFO - Started process (PID=226) to work on /home/airflow/.local/lib/python3.7/site-packages/airflow/example_dags/example_params_ui_tutorial.py
[2023-05-01T06:21:53.149+0000] {processor.py:799} INFO - Processing file /home/airflow/.local/lib/python3.7/site-packages/airflow/example_dags/example_params_ui_tutorial.py for tasks to queue
[2023-05-01T06:21:53.149+0000] {logging_mixin.py:149} INFO - [2023-05-01T06:21:53.149+0000] {dagbag.py:541} INFO - Filling up the DagBag from /home/airflow/.local/lib/python3.7/site-packages/airflow/example_dags/example_params_ui_tutorial.py
[2023-05-01T06:21:53.183+0000] {processor.py:809} INFO - DAG(s) dict_keys(['example_params_ui_tutorial']) retrieved from /home/airflow/.local/lib/python3.7/site-packages/airflow/example_dags/example_params_ui_tutorial.py
[2023-05-01T06:21:53.237+0000] {logging_mixin.py:149} INFO - [2023-05-01T06:21:53.236+0000] {dag.py:2726} INFO - Sync 1 DAGs
[2023-05-01T06:21:53.259+0000] {logging_mixin.py:149} INFO - [2023-05-01T06:21:53.259+0000] {dag.py:3490} INFO - Setting next_dagrun for example_params_ui_tutorial to None, run_after=None
[2023-05-01T06:21:53.275+0000] {processor.py:178} INFO - Processing /home/airflow/.local/lib/python3.7/site-packages/airflow/example_dags/example_params_ui_tutorial.py took 0.130 seconds
[2023-05-01T06:22:23.670+0000] {processor.py:156} INFO - Started process (PID=282) to work on /home/airflow/.local/lib/python3.7/site-packages/airflow/example_dags/example_params_ui_tutorial.py
[2023-05-01T06:22:23.671+0000] {processor.py:799} INFO - Processing file /home/airflow/.local/lib/python3.7/site-packages/airflow/example_dags/example_params_ui_tutorial.py for tasks to queue
[2023-05-01T06:22:23.671+0000] {logging_mixin.py:149} INFO - [2023-05-01T06:22:23.671+0000] {dagbag.py:541} INFO - Filling up the DagBag from /home/airflow/.local/lib/python3.7/site-packages/airflow/example_dags/example_params_ui_tutorial.py
[2023-05-01T06:22:23.705+0000] {processor.py:809} INFO - DAG(s) dict_keys(['example_params_ui_tutorial']) retrieved from /home/airflow/.local/lib/python3.7/site-packages/airflow/example_dags/example_params_ui_tutorial.py
[2023-05-01T06:22:23.758+0000] {logging_mixin.py:149} INFO - [2023-05-01T06:22:23.758+0000] {dag.py:2726} INFO - Sync 1 DAGs
[2023-05-01T06:22:23.780+0000] {logging_mixin.py:149} INFO - [2023-05-01T06:22:23.780+0000] {dag.py:3490} INFO - Setting next_dagrun for example_params_ui_tutorial to None, run_after=None
[2023-05-01T06:22:23.795+0000] {processor.py:178} INFO - Processing /home/airflow/.local/lib/python3.7/site-packages/airflow/example_dags/example_params_ui_tutorial.py took 0.127 seconds
[2023-05-01T06:22:54.170+0000] {processor.py:156} INFO - Started process (PID=338) to work on /home/airflow/.local/lib/python3.7/site-packages/airflow/example_dags/example_params_ui_tutorial.py
[2023-05-01T06:22:54.171+0000] {processor.py:799} INFO - Processing file /home/airflow/.local/lib/python3.7/site-packages/airflow/example_dags/example_params_ui_tutorial.py for tasks to queue
[2023-05-01T06:22:54.171+0000] {logging_mixin.py:149} INFO - [2023-05-01T06:22:54.171+0000] {dagbag.py:541} INFO - Filling up the DagBag from /home/airflow/.local/lib/python3.7/site-packages/airflow/example_dags/example_params_ui_tutorial.py
[2023-05-01T06:22:54.205+0000] {processor.py:809} INFO - DAG(s) dict_keys(['example_params_ui_tutorial']) retrieved from /home/airflow/.local/lib/python3.7/site-packages/airflow/example_dags/example_params_ui_tutorial.py
[2023-05-01T06:22:54.257+0000] {logging_mixin.py:149} INFO - [2023-05-01T06:22:54.257+0000] {dag.py:2726} INFO - Sync 1 DAGs
[2023-05-01T06:22:54.277+0000] {logging_mixin.py:149} INFO - [2023-05-01T06:22:54.277+0000] {dag.py:3490} INFO - Setting next_dagrun for example_params_ui_tutorial to None, run_after=None
[2023-05-01T06:22:54.293+0000] {processor.py:178} INFO - Processing /home/airflow/.local/lib/python3.7/site-packages/airflow/example_dags/example_params_ui_tutorial.py took 0.126 seconds
[2023-05-01T06:23:25.003+0000] {processor.py:156} INFO - Started process (PID=393) to work on /home/airflow/.local/lib/python3.7/site-packages/airflow/example_dags/example_params_ui_tutorial.py
[2023-05-01T06:23:25.004+0000] {processor.py:799} INFO - Processing file /home/airflow/.local/lib/python3.7/site-packages/airflow/example_dags/example_params_ui_tutorial.py for tasks to queue
[2023-05-01T06:23:25.005+0000] {logging_mixin.py:149} INFO - [2023-05-01T06:23:25.005+0000] {dagbag.py:541} INFO - Filling up the DagBag from /home/airflow/.local/lib/python3.7/site-packages/airflow/example_dags/example_params_ui_tutorial.py
[2023-05-01T06:23:25.042+0000] {processor.py:809} INFO - DAG(s) dict_keys(['example_params_ui_tutorial']) retrieved from /home/airflow/.local/lib/python3.7/site-packages/airflow/example_dags/example_params_ui_tutorial.py
[2023-05-01T06:23:25.098+0000] {logging_mixin.py:149} INFO - [2023-05-01T06:23:25.098+0000] {dag.py:2726} INFO - Sync 1 DAGs
[2023-05-01T06:23:25.118+0000] {logging_mixin.py:149} INFO - [2023-05-01T06:23:25.118+0000] {dag.py:3490} INFO - Setting next_dagrun for example_params_ui_tutorial to None, run_after=None
[2023-05-01T06:23:25.134+0000] {processor.py:178} INFO - Processing /home/airflow/.local/lib/python3.7/site-packages/airflow/example_dags/example_params_ui_tutorial.py took 0.134 seconds
[2023-05-01T06:23:55.731+0000] {processor.py:156} INFO - Started process (PID=449) to work on /home/airflow/.local/lib/python3.7/site-packages/airflow/example_dags/example_params_ui_tutorial.py
[2023-05-01T06:23:55.732+0000] {processor.py:799} INFO - Processing file /home/airflow/.local/lib/python3.7/site-packages/airflow/example_dags/example_params_ui_tutorial.py for tasks to queue
[2023-05-01T06:23:55.732+0000] {logging_mixin.py:149} INFO - [2023-05-01T06:23:55.732+0000] {dagbag.py:541} INFO - Filling up the DagBag from /home/airflow/.local/lib/python3.7/site-packages/airflow/example_dags/example_params_ui_tutorial.py
[2023-05-01T06:23:55.768+0000] {processor.py:809} INFO - DAG(s) dict_keys(['example_params_ui_tutorial']) retrieved from /home/airflow/.local/lib/python3.7/site-packages/airflow/example_dags/example_params_ui_tutorial.py
[2023-05-01T06:23:55.838+0000] {logging_mixin.py:149} INFO - [2023-05-01T06:23:55.837+0000] {dag.py:2726} INFO - Sync 1 DAGs
[2023-05-01T06:23:55.861+0000] {logging_mixin.py:149} INFO - [2023-05-01T06:23:55.861+0000] {dag.py:3490} INFO - Setting next_dagrun for example_params_ui_tutorial to None, run_after=None
[2023-05-01T06:23:55.879+0000] {processor.py:178} INFO - Processing /home/airflow/.local/lib/python3.7/site-packages/airflow/example_dags/example_params_ui_tutorial.py took 0.151 seconds
[2023-05-01T06:24:26.157+0000] {processor.py:156} INFO - Started process (PID=505) to work on /home/airflow/.local/lib/python3.7/site-packages/airflow/example_dags/example_params_ui_tutorial.py
[2023-05-01T06:24:26.158+0000] {processor.py:799} INFO - Processing file /home/airflow/.local/lib/python3.7/site-packages/airflow/example_dags/example_params_ui_tutorial.py for tasks to queue
[2023-05-01T06:24:26.159+0000] {logging_mixin.py:149} INFO - [2023-05-01T06:24:26.159+0000] {dagbag.py:541} INFO - Filling up the DagBag from /home/airflow/.local/lib/python3.7/site-packages/airflow/example_dags/example_params_ui_tutorial.py
[2023-05-01T06:24:26.192+0000] {processor.py:809} INFO - DAG(s) dict_keys(['example_params_ui_tutorial']) retrieved from /home/airflow/.local/lib/python3.7/site-packages/airflow/example_dags/example_params_ui_tutorial.py
[2023-05-01T06:24:26.248+0000] {logging_mixin.py:149} INFO - [2023-05-01T06:24:26.247+0000] {dag.py:2726} INFO - Sync 1 DAGs
[2023-05-01T06:24:26.273+0000] {logging_mixin.py:149} INFO - [2023-05-01T06:24:26.273+0000] {dag.py:3490} INFO - Setting next_dagrun for example_params_ui_tutorial to None, run_after=None
[2023-05-01T06:24:26.290+0000] {processor.py:178} INFO - Processing /home/airflow/.local/lib/python3.7/site-packages/airflow/example_dags/example_params_ui_tutorial.py took 0.135 seconds
[2023-05-01T06:24:57.136+0000] {processor.py:156} INFO - Started process (PID=561) to work on /home/airflow/.local/lib/python3.7/site-packages/airflow/example_dags/example_params_ui_tutorial.py
[2023-05-01T06:24:57.137+0000] {processor.py:799} INFO - Processing file /home/airflow/.local/lib/python3.7/site-packages/airflow/example_dags/example_params_ui_tutorial.py for tasks to queue
[2023-05-01T06:24:57.137+0000] {logging_mixin.py:149} INFO - [2023-05-01T06:24:57.137+0000] {dagbag.py:541} INFO - Filling up the DagBag from /home/airflow/.local/lib/python3.7/site-packages/airflow/example_dags/example_params_ui_tutorial.py
[2023-05-01T06:24:57.174+0000] {processor.py:809} INFO - DAG(s) dict_keys(['example_params_ui_tutorial']) retrieved from /home/airflow/.local/lib/python3.7/site-packages/airflow/example_dags/example_params_ui_tutorial.py
[2023-05-01T06:24:57.233+0000] {logging_mixin.py:149} INFO - [2023-05-01T06:24:57.233+0000] {dag.py:2726} INFO - Sync 1 DAGs
[2023-05-01T06:24:57.256+0000] {logging_mixin.py:149} INFO - [2023-05-01T06:24:57.256+0000] {dag.py:3490} INFO - Setting next_dagrun for example_params_ui_tutorial to None, run_after=None
[2023-05-01T06:24:57.274+0000] {processor.py:178} INFO - Processing /home/airflow/.local/lib/python3.7/site-packages/airflow/example_dags/example_params_ui_tutorial.py took 0.141 seconds
[2023-05-01T06:25:28.104+0000] {processor.py:156} INFO - Started process (PID=617) to work on /home/airflow/.local/lib/python3.7/site-packages/airflow/example_dags/example_params_ui_tutorial.py
[2023-05-01T06:25:28.105+0000] {processor.py:799} INFO - Processing file /home/airflow/.local/lib/python3.7/site-packages/airflow/example_dags/example_params_ui_tutorial.py for tasks to queue
[2023-05-01T06:25:28.105+0000] {logging_mixin.py:149} INFO - [2023-05-01T06:25:28.105+0000] {dagbag.py:541} INFO - Filling up the DagBag from /home/airflow/.local/lib/python3.7/site-packages/airflow/example_dags/example_params_ui_tutorial.py
[2023-05-01T06:25:28.139+0000] {processor.py:809} INFO - DAG(s) dict_keys(['example_params_ui_tutorial']) retrieved from /home/airflow/.local/lib/python3.7/site-packages/airflow/example_dags/example_params_ui_tutorial.py
[2023-05-01T06:25:28.192+0000] {logging_mixin.py:149} INFO - [2023-05-01T06:25:28.192+0000] {dag.py:2726} INFO - Sync 1 DAGs
[2023-05-01T06:25:28.213+0000] {logging_mixin.py:149} INFO - [2023-05-01T06:25:28.213+0000] {dag.py:3490} INFO - Setting next_dagrun for example_params_ui_tutorial to None, run_after=None
[2023-05-01T06:25:28.232+0000] {processor.py:178} INFO - Processing /home/airflow/.local/lib/python3.7/site-packages/airflow/example_dags/example_params_ui_tutorial.py took 0.130 seconds
