[2023-05-01T06:20:19.506+0000] {processor.py:156} INFO - Started process (PID=37) to work on /home/airflow/.local/lib/python3.7/site-packages/airflow/example_dags/example_kubernetes_executor.py
[2023-05-01T06:20:19.511+0000] {processor.py:799} INFO - Processing file /home/airflow/.local/lib/python3.7/site-packages/airflow/example_dags/example_kubernetes_executor.py for tasks to queue
[2023-05-01T06:20:19.512+0000] {logging_mixin.py:149} INFO - [2023-05-01T06:20:19.512+0000] {dagbag.py:541} INFO - Filling up the DagBag from /home/airflow/.local/lib/python3.7/site-packages/airflow/example_dags/example_kubernetes_executor.py
[2023-05-01T06:20:20.792+0000] {processor.py:809} INFO - DAG(s) dict_keys(['example_kubernetes_executor']) retrieved from /home/airflow/.local/lib/python3.7/site-packages/airflow/example_dags/example_kubernetes_executor.py
[2023-05-01T06:20:20.812+0000] {logging_mixin.py:149} INFO - [2023-05-01T06:20:20.811+0000] {dag.py:2726} INFO - Sync 1 DAGs
[2023-05-01T06:20:20.835+0000] {logging_mixin.py:149} INFO - [2023-05-01T06:20:20.835+0000] {dag.py:3490} INFO - Setting next_dagrun for example_kubernetes_executor to None, run_after=None
[2023-05-01T06:20:20.851+0000] {processor.py:178} INFO - Processing /home/airflow/.local/lib/python3.7/site-packages/airflow/example_dags/example_kubernetes_executor.py took 1.348 seconds
[2023-05-01T06:20:51.075+0000] {processor.py:156} INFO - Started process (PID=97) to work on /home/airflow/.local/lib/python3.7/site-packages/airflow/example_dags/example_kubernetes_executor.py
[2023-05-01T06:20:51.077+0000] {processor.py:799} INFO - Processing file /home/airflow/.local/lib/python3.7/site-packages/airflow/example_dags/example_kubernetes_executor.py for tasks to queue
[2023-05-01T06:20:51.077+0000] {logging_mixin.py:149} INFO - [2023-05-01T06:20:51.077+0000] {dagbag.py:541} INFO - Filling up the DagBag from /home/airflow/.local/lib/python3.7/site-packages/airflow/example_dags/example_kubernetes_executor.py
[2023-05-01T06:20:51.268+0000] {processor.py:809} INFO - DAG(s) dict_keys(['example_kubernetes_executor']) retrieved from /home/airflow/.local/lib/python3.7/site-packages/airflow/example_dags/example_kubernetes_executor.py
[2023-05-01T06:20:51.304+0000] {logging_mixin.py:149} INFO - [2023-05-01T06:20:51.304+0000] {dag.py:2726} INFO - Sync 1 DAGs
[2023-05-01T06:20:51.326+0000] {logging_mixin.py:149} INFO - [2023-05-01T06:20:51.326+0000] {dag.py:3490} INFO - Setting next_dagrun for example_kubernetes_executor to None, run_after=None
[2023-05-01T06:20:51.341+0000] {processor.py:178} INFO - Processing /home/airflow/.local/lib/python3.7/site-packages/airflow/example_dags/example_kubernetes_executor.py took 0.271 seconds
[2023-05-01T06:21:21.595+0000] {processor.py:156} INFO - Started process (PID=153) to work on /home/airflow/.local/lib/python3.7/site-packages/airflow/example_dags/example_kubernetes_executor.py
[2023-05-01T06:21:21.596+0000] {processor.py:799} INFO - Processing file /home/airflow/.local/lib/python3.7/site-packages/airflow/example_dags/example_kubernetes_executor.py for tasks to queue
[2023-05-01T06:21:21.597+0000] {logging_mixin.py:149} INFO - [2023-05-01T06:21:21.597+0000] {dagbag.py:541} INFO - Filling up the DagBag from /home/airflow/.local/lib/python3.7/site-packages/airflow/example_dags/example_kubernetes_executor.py
[2023-05-01T06:21:21.787+0000] {processor.py:809} INFO - DAG(s) dict_keys(['example_kubernetes_executor']) retrieved from /home/airflow/.local/lib/python3.7/site-packages/airflow/example_dags/example_kubernetes_executor.py
[2023-05-01T06:21:21.820+0000] {logging_mixin.py:149} INFO - [2023-05-01T06:21:21.820+0000] {dag.py:2726} INFO - Sync 1 DAGs
[2023-05-01T06:21:21.842+0000] {logging_mixin.py:149} INFO - [2023-05-01T06:21:21.842+0000] {dag.py:3490} INFO - Setting next_dagrun for example_kubernetes_executor to None, run_after=None
[2023-05-01T06:21:21.859+0000] {processor.py:178} INFO - Processing /home/airflow/.local/lib/python3.7/site-packages/airflow/example_dags/example_kubernetes_executor.py took 0.269 seconds
[2023-05-01T06:21:52.092+0000] {processor.py:156} INFO - Started process (PID=209) to work on /home/airflow/.local/lib/python3.7/site-packages/airflow/example_dags/example_kubernetes_executor.py
[2023-05-01T06:21:52.093+0000] {processor.py:799} INFO - Processing file /home/airflow/.local/lib/python3.7/site-packages/airflow/example_dags/example_kubernetes_executor.py for tasks to queue
[2023-05-01T06:21:52.094+0000] {logging_mixin.py:149} INFO - [2023-05-01T06:21:52.094+0000] {dagbag.py:541} INFO - Filling up the DagBag from /home/airflow/.local/lib/python3.7/site-packages/airflow/example_dags/example_kubernetes_executor.py
[2023-05-01T06:21:52.286+0000] {processor.py:809} INFO - DAG(s) dict_keys(['example_kubernetes_executor']) retrieved from /home/airflow/.local/lib/python3.7/site-packages/airflow/example_dags/example_kubernetes_executor.py
[2023-05-01T06:21:52.316+0000] {logging_mixin.py:149} INFO - [2023-05-01T06:21:52.316+0000] {dag.py:2726} INFO - Sync 1 DAGs
[2023-05-01T06:21:52.338+0000] {logging_mixin.py:149} INFO - [2023-05-01T06:21:52.338+0000] {dag.py:3490} INFO - Setting next_dagrun for example_kubernetes_executor to None, run_after=None
[2023-05-01T06:21:52.353+0000] {processor.py:178} INFO - Processing /home/airflow/.local/lib/python3.7/site-packages/airflow/example_dags/example_kubernetes_executor.py took 0.265 seconds
[2023-05-01T06:22:22.620+0000] {processor.py:156} INFO - Started process (PID=265) to work on /home/airflow/.local/lib/python3.7/site-packages/airflow/example_dags/example_kubernetes_executor.py
[2023-05-01T06:22:22.622+0000] {processor.py:799} INFO - Processing file /home/airflow/.local/lib/python3.7/site-packages/airflow/example_dags/example_kubernetes_executor.py for tasks to queue
[2023-05-01T06:22:22.623+0000] {logging_mixin.py:149} INFO - [2023-05-01T06:22:22.623+0000] {dagbag.py:541} INFO - Filling up the DagBag from /home/airflow/.local/lib/python3.7/site-packages/airflow/example_dags/example_kubernetes_executor.py
[2023-05-01T06:22:22.816+0000] {processor.py:809} INFO - DAG(s) dict_keys(['example_kubernetes_executor']) retrieved from /home/airflow/.local/lib/python3.7/site-packages/airflow/example_dags/example_kubernetes_executor.py
[2023-05-01T06:22:22.847+0000] {logging_mixin.py:149} INFO - [2023-05-01T06:22:22.846+0000] {dag.py:2726} INFO - Sync 1 DAGs
[2023-05-01T06:22:22.867+0000] {logging_mixin.py:149} INFO - [2023-05-01T06:22:22.867+0000] {dag.py:3490} INFO - Setting next_dagrun for example_kubernetes_executor to None, run_after=None
[2023-05-01T06:22:22.884+0000] {processor.py:178} INFO - Processing /home/airflow/.local/lib/python3.7/site-packages/airflow/example_dags/example_kubernetes_executor.py took 0.272 seconds
[2023-05-01T06:22:53.081+0000] {processor.py:156} INFO - Started process (PID=321) to work on /home/airflow/.local/lib/python3.7/site-packages/airflow/example_dags/example_kubernetes_executor.py
[2023-05-01T06:22:53.083+0000] {processor.py:799} INFO - Processing file /home/airflow/.local/lib/python3.7/site-packages/airflow/example_dags/example_kubernetes_executor.py for tasks to queue
[2023-05-01T06:22:53.083+0000] {logging_mixin.py:149} INFO - [2023-05-01T06:22:53.083+0000] {dagbag.py:541} INFO - Filling up the DagBag from /home/airflow/.local/lib/python3.7/site-packages/airflow/example_dags/example_kubernetes_executor.py
[2023-05-01T06:22:53.276+0000] {processor.py:809} INFO - DAG(s) dict_keys(['example_kubernetes_executor']) retrieved from /home/airflow/.local/lib/python3.7/site-packages/airflow/example_dags/example_kubernetes_executor.py
[2023-05-01T06:22:53.308+0000] {logging_mixin.py:149} INFO - [2023-05-01T06:22:53.308+0000] {dag.py:2726} INFO - Sync 1 DAGs
[2023-05-01T06:22:53.329+0000] {logging_mixin.py:149} INFO - [2023-05-01T06:22:53.329+0000] {dag.py:3490} INFO - Setting next_dagrun for example_kubernetes_executor to None, run_after=None
[2023-05-01T06:22:53.346+0000] {processor.py:178} INFO - Processing /home/airflow/.local/lib/python3.7/site-packages/airflow/example_dags/example_kubernetes_executor.py took 0.270 seconds
[2023-05-01T06:23:23.869+0000] {processor.py:156} INFO - Started process (PID=376) to work on /home/airflow/.local/lib/python3.7/site-packages/airflow/example_dags/example_kubernetes_executor.py
[2023-05-01T06:23:23.870+0000] {processor.py:799} INFO - Processing file /home/airflow/.local/lib/python3.7/site-packages/airflow/example_dags/example_kubernetes_executor.py for tasks to queue
[2023-05-01T06:23:23.871+0000] {logging_mixin.py:149} INFO - [2023-05-01T06:23:23.871+0000] {dagbag.py:541} INFO - Filling up the DagBag from /home/airflow/.local/lib/python3.7/site-packages/airflow/example_dags/example_kubernetes_executor.py
[2023-05-01T06:23:24.077+0000] {processor.py:809} INFO - DAG(s) dict_keys(['example_kubernetes_executor']) retrieved from /home/airflow/.local/lib/python3.7/site-packages/airflow/example_dags/example_kubernetes_executor.py
[2023-05-01T06:23:24.112+0000] {logging_mixin.py:149} INFO - [2023-05-01T06:23:24.112+0000] {dag.py:2726} INFO - Sync 1 DAGs
[2023-05-01T06:23:24.137+0000] {logging_mixin.py:149} INFO - [2023-05-01T06:23:24.137+0000] {dag.py:3490} INFO - Setting next_dagrun for example_kubernetes_executor to None, run_after=None
[2023-05-01T06:23:24.153+0000] {processor.py:178} INFO - Processing /home/airflow/.local/lib/python3.7/site-packages/airflow/example_dags/example_kubernetes_executor.py took 0.289 seconds
