[2023-05-01T06:20:19.016+0000] {processor.py:156} INFO - Started process (PID=32) to work on /home/airflow/.local/lib/python3.7/site-packages/airflow/example_dags/example_branch_labels.py
[2023-05-01T06:20:19.016+0000] {processor.py:799} INFO - Processing file /home/airflow/.local/lib/python3.7/site-packages/airflow/example_dags/example_branch_labels.py for tasks to queue
[2023-05-01T06:20:19.017+0000] {logging_mixin.py:149} INFO - [2023-05-01T06:20:19.017+0000] {dagbag.py:541} INFO - Filling up the DagBag from /home/airflow/.local/lib/python3.7/site-packages/airflow/example_dags/example_branch_labels.py
[2023-05-01T06:20:19.039+0000] {processor.py:809} INFO - DAG(s) dict_keys(['example_branch_labels']) retrieved from /home/airflow/.local/lib/python3.7/site-packages/airflow/example_dags/example_branch_labels.py
[2023-05-01T06:20:19.118+0000] {logging_mixin.py:149} INFO - [2023-05-01T06:20:19.118+0000] {dag.py:2726} INFO - Sync 1 DAGs
[2023-05-01T06:20:19.276+0000] {logging_mixin.py:149} INFO - [2023-05-01T06:20:19.276+0000] {dag.py:3490} INFO - Setting next_dagrun for example_branch_labels to 2023-04-30T00:00:00+00:00, run_after=2023-05-01T00:00:00+00:00
[2023-05-01T06:20:19.302+0000] {processor.py:178} INFO - Processing /home/airflow/.local/lib/python3.7/site-packages/airflow/example_dags/example_branch_labels.py took 0.302 seconds
[2023-05-01T06:20:49.561+0000] {processor.py:156} INFO - Started process (PID=88) to work on /home/airflow/.local/lib/python3.7/site-packages/airflow/example_dags/example_branch_labels.py
[2023-05-01T06:20:49.562+0000] {processor.py:799} INFO - Processing file /home/airflow/.local/lib/python3.7/site-packages/airflow/example_dags/example_branch_labels.py for tasks to queue
[2023-05-01T06:20:49.562+0000] {logging_mixin.py:149} INFO - [2023-05-01T06:20:49.562+0000] {dagbag.py:541} INFO - Filling up the DagBag from /home/airflow/.local/lib/python3.7/site-packages/airflow/example_dags/example_branch_labels.py
[2023-05-01T06:20:49.569+0000] {processor.py:809} INFO - DAG(s) dict_keys(['example_branch_labels']) retrieved from /home/airflow/.local/lib/python3.7/site-packages/airflow/example_dags/example_branch_labels.py
[2023-05-01T06:20:49.589+0000] {logging_mixin.py:149} INFO - [2023-05-01T06:20:49.589+0000] {dag.py:2726} INFO - Sync 1 DAGs
[2023-05-01T06:20:49.611+0000] {logging_mixin.py:149} INFO - [2023-05-01T06:20:49.611+0000] {dag.py:3490} INFO - Setting next_dagrun for example_branch_labels to 2023-04-30T00:00:00+00:00, run_after=2023-05-01T00:00:00+00:00
[2023-05-01T06:20:49.626+0000] {processor.py:178} INFO - Processing /home/airflow/.local/lib/python3.7/site-packages/airflow/example_dags/example_branch_labels.py took 0.068 seconds
[2023-05-01T06:21:20.195+0000] {processor.py:156} INFO - Started process (PID=144) to work on /home/airflow/.local/lib/python3.7/site-packages/airflow/example_dags/example_branch_labels.py
[2023-05-01T06:21:20.196+0000] {processor.py:799} INFO - Processing file /home/airflow/.local/lib/python3.7/site-packages/airflow/example_dags/example_branch_labels.py for tasks to queue
[2023-05-01T06:21:20.196+0000] {logging_mixin.py:149} INFO - [2023-05-01T06:21:20.196+0000] {dagbag.py:541} INFO - Filling up the DagBag from /home/airflow/.local/lib/python3.7/site-packages/airflow/example_dags/example_branch_labels.py
[2023-05-01T06:21:20.205+0000] {processor.py:809} INFO - DAG(s) dict_keys(['example_branch_labels']) retrieved from /home/airflow/.local/lib/python3.7/site-packages/airflow/example_dags/example_branch_labels.py
[2023-05-01T06:21:20.228+0000] {logging_mixin.py:149} INFO - [2023-05-01T06:21:20.228+0000] {dag.py:2726} INFO - Sync 1 DAGs
[2023-05-01T06:21:20.251+0000] {logging_mixin.py:149} INFO - [2023-05-01T06:21:20.250+0000] {dag.py:3490} INFO - Setting next_dagrun for example_branch_labels to 2023-04-30T00:00:00+00:00, run_after=2023-05-01T00:00:00+00:00
[2023-05-01T06:21:20.266+0000] {processor.py:178} INFO - Processing /home/airflow/.local/lib/python3.7/site-packages/airflow/example_dags/example_branch_labels.py took 0.076 seconds
[2023-05-01T06:21:50.709+0000] {processor.py:156} INFO - Started process (PID=200) to work on /home/airflow/.local/lib/python3.7/site-packages/airflow/example_dags/example_branch_labels.py
[2023-05-01T06:21:50.710+0000] {processor.py:799} INFO - Processing file /home/airflow/.local/lib/python3.7/site-packages/airflow/example_dags/example_branch_labels.py for tasks to queue
[2023-05-01T06:21:50.710+0000] {logging_mixin.py:149} INFO - [2023-05-01T06:21:50.710+0000] {dagbag.py:541} INFO - Filling up the DagBag from /home/airflow/.local/lib/python3.7/site-packages/airflow/example_dags/example_branch_labels.py
[2023-05-01T06:21:50.716+0000] {processor.py:809} INFO - DAG(s) dict_keys(['example_branch_labels']) retrieved from /home/airflow/.local/lib/python3.7/site-packages/airflow/example_dags/example_branch_labels.py
[2023-05-01T06:21:50.738+0000] {logging_mixin.py:149} INFO - [2023-05-01T06:21:50.738+0000] {dag.py:2726} INFO - Sync 1 DAGs
[2023-05-01T06:21:50.761+0000] {logging_mixin.py:149} INFO - [2023-05-01T06:21:50.761+0000] {dag.py:3490} INFO - Setting next_dagrun for example_branch_labels to 2023-04-30T00:00:00+00:00, run_after=2023-05-01T00:00:00+00:00
[2023-05-01T06:21:50.776+0000] {processor.py:178} INFO - Processing /home/airflow/.local/lib/python3.7/site-packages/airflow/example_dags/example_branch_labels.py took 0.070 seconds
[2023-05-01T06:22:21.217+0000] {processor.py:156} INFO - Started process (PID=256) to work on /home/airflow/.local/lib/python3.7/site-packages/airflow/example_dags/example_branch_labels.py
[2023-05-01T06:22:21.218+0000] {processor.py:799} INFO - Processing file /home/airflow/.local/lib/python3.7/site-packages/airflow/example_dags/example_branch_labels.py for tasks to queue
[2023-05-01T06:22:21.219+0000] {logging_mixin.py:149} INFO - [2023-05-01T06:22:21.219+0000] {dagbag.py:541} INFO - Filling up the DagBag from /home/airflow/.local/lib/python3.7/site-packages/airflow/example_dags/example_branch_labels.py
[2023-05-01T06:22:21.225+0000] {processor.py:809} INFO - DAG(s) dict_keys(['example_branch_labels']) retrieved from /home/airflow/.local/lib/python3.7/site-packages/airflow/example_dags/example_branch_labels.py
[2023-05-01T06:22:21.246+0000] {logging_mixin.py:149} INFO - [2023-05-01T06:22:21.246+0000] {dag.py:2726} INFO - Sync 1 DAGs
[2023-05-01T06:22:21.268+0000] {logging_mixin.py:149} INFO - [2023-05-01T06:22:21.268+0000] {dag.py:3490} INFO - Setting next_dagrun for example_branch_labels to 2023-04-30T00:00:00+00:00, run_after=2023-05-01T00:00:00+00:00
[2023-05-01T06:22:21.283+0000] {processor.py:178} INFO - Processing /home/airflow/.local/lib/python3.7/site-packages/airflow/example_dags/example_branch_labels.py took 0.068 seconds
[2023-05-01T06:22:51.695+0000] {processor.py:156} INFO - Started process (PID=312) to work on /home/airflow/.local/lib/python3.7/site-packages/airflow/example_dags/example_branch_labels.py
[2023-05-01T06:22:51.696+0000] {processor.py:799} INFO - Processing file /home/airflow/.local/lib/python3.7/site-packages/airflow/example_dags/example_branch_labels.py for tasks to queue
[2023-05-01T06:22:51.696+0000] {logging_mixin.py:149} INFO - [2023-05-01T06:22:51.696+0000] {dagbag.py:541} INFO - Filling up the DagBag from /home/airflow/.local/lib/python3.7/site-packages/airflow/example_dags/example_branch_labels.py
[2023-05-01T06:22:51.702+0000] {processor.py:809} INFO - DAG(s) dict_keys(['example_branch_labels']) retrieved from /home/airflow/.local/lib/python3.7/site-packages/airflow/example_dags/example_branch_labels.py
[2023-05-01T06:22:51.723+0000] {logging_mixin.py:149} INFO - [2023-05-01T06:22:51.723+0000] {dag.py:2726} INFO - Sync 1 DAGs
[2023-05-01T06:22:51.745+0000] {logging_mixin.py:149} INFO - [2023-05-01T06:22:51.745+0000] {dag.py:3490} INFO - Setting next_dagrun for example_branch_labels to 2023-04-30T00:00:00+00:00, run_after=2023-05-01T00:00:00+00:00
[2023-05-01T06:22:51.761+0000] {processor.py:178} INFO - Processing /home/airflow/.local/lib/python3.7/site-packages/airflow/example_dags/example_branch_labels.py took 0.068 seconds
[2023-05-01T06:23:22.267+0000] {processor.py:156} INFO - Started process (PID=367) to work on /home/airflow/.local/lib/python3.7/site-packages/airflow/example_dags/example_branch_labels.py
[2023-05-01T06:23:22.273+0000] {processor.py:799} INFO - Processing file /home/airflow/.local/lib/python3.7/site-packages/airflow/example_dags/example_branch_labels.py for tasks to queue
[2023-05-01T06:23:22.274+0000] {logging_mixin.py:149} INFO - [2023-05-01T06:23:22.274+0000] {dagbag.py:541} INFO - Filling up the DagBag from /home/airflow/.local/lib/python3.7/site-packages/airflow/example_dags/example_branch_labels.py
[2023-05-01T06:23:22.289+0000] {processor.py:809} INFO - DAG(s) dict_keys(['example_branch_labels']) retrieved from /home/airflow/.local/lib/python3.7/site-packages/airflow/example_dags/example_branch_labels.py
[2023-05-01T06:23:22.318+0000] {logging_mixin.py:149} INFO - [2023-05-01T06:23:22.318+0000] {dag.py:2726} INFO - Sync 1 DAGs
[2023-05-01T06:23:22.344+0000] {logging_mixin.py:149} INFO - [2023-05-01T06:23:22.344+0000] {dag.py:3490} INFO - Setting next_dagrun for example_branch_labels to 2023-04-30T00:00:00+00:00, run_after=2023-05-01T00:00:00+00:00
[2023-05-01T06:23:22.363+0000] {processor.py:178} INFO - Processing /home/airflow/.local/lib/python3.7/site-packages/airflow/example_dags/example_branch_labels.py took 0.098 seconds
[2023-05-01T06:23:52.912+0000] {processor.py:156} INFO - Started process (PID=423) to work on /home/airflow/.local/lib/python3.7/site-packages/airflow/example_dags/example_branch_labels.py
[2023-05-01T06:23:52.912+0000] {processor.py:799} INFO - Processing file /home/airflow/.local/lib/python3.7/site-packages/airflow/example_dags/example_branch_labels.py for tasks to queue
[2023-05-01T06:23:52.913+0000] {logging_mixin.py:149} INFO - [2023-05-01T06:23:52.913+0000] {dagbag.py:541} INFO - Filling up the DagBag from /home/airflow/.local/lib/python3.7/site-packages/airflow/example_dags/example_branch_labels.py
[2023-05-01T06:23:52.919+0000] {processor.py:809} INFO - DAG(s) dict_keys(['example_branch_labels']) retrieved from /home/airflow/.local/lib/python3.7/site-packages/airflow/example_dags/example_branch_labels.py
[2023-05-01T06:23:52.941+0000] {logging_mixin.py:149} INFO - [2023-05-01T06:23:52.941+0000] {dag.py:2726} INFO - Sync 1 DAGs
[2023-05-01T06:23:52.965+0000] {logging_mixin.py:149} INFO - [2023-05-01T06:23:52.964+0000] {dag.py:3490} INFO - Setting next_dagrun for example_branch_labels to 2023-04-30T00:00:00+00:00, run_after=2023-05-01T00:00:00+00:00
[2023-05-01T06:23:52.984+0000] {processor.py:178} INFO - Processing /home/airflow/.local/lib/python3.7/site-packages/airflow/example_dags/example_branch_labels.py took 0.074 seconds
[2023-05-01T06:24:23.615+0000] {processor.py:156} INFO - Started process (PID=479) to work on /home/airflow/.local/lib/python3.7/site-packages/airflow/example_dags/example_branch_labels.py
[2023-05-01T06:24:23.615+0000] {processor.py:799} INFO - Processing file /home/airflow/.local/lib/python3.7/site-packages/airflow/example_dags/example_branch_labels.py for tasks to queue
[2023-05-01T06:24:23.616+0000] {logging_mixin.py:149} INFO - [2023-05-01T06:24:23.616+0000] {dagbag.py:541} INFO - Filling up the DagBag from /home/airflow/.local/lib/python3.7/site-packages/airflow/example_dags/example_branch_labels.py
[2023-05-01T06:24:23.622+0000] {processor.py:809} INFO - DAG(s) dict_keys(['example_branch_labels']) retrieved from /home/airflow/.local/lib/python3.7/site-packages/airflow/example_dags/example_branch_labels.py
[2023-05-01T06:24:23.644+0000] {logging_mixin.py:149} INFO - [2023-05-01T06:24:23.644+0000] {dag.py:2726} INFO - Sync 1 DAGs
[2023-05-01T06:24:23.669+0000] {logging_mixin.py:149} INFO - [2023-05-01T06:24:23.669+0000] {dag.py:3490} INFO - Setting next_dagrun for example_branch_labels to 2023-04-30T00:00:00+00:00, run_after=2023-05-01T00:00:00+00:00
[2023-05-01T06:24:23.686+0000] {processor.py:178} INFO - Processing /home/airflow/.local/lib/python3.7/site-packages/airflow/example_dags/example_branch_labels.py took 0.074 seconds
[2023-05-01T06:24:54.323+0000] {processor.py:156} INFO - Started process (PID=535) to work on /home/airflow/.local/lib/python3.7/site-packages/airflow/example_dags/example_branch_labels.py
[2023-05-01T06:24:54.323+0000] {processor.py:799} INFO - Processing file /home/airflow/.local/lib/python3.7/site-packages/airflow/example_dags/example_branch_labels.py for tasks to queue
[2023-05-01T06:24:54.324+0000] {logging_mixin.py:149} INFO - [2023-05-01T06:24:54.324+0000] {dagbag.py:541} INFO - Filling up the DagBag from /home/airflow/.local/lib/python3.7/site-packages/airflow/example_dags/example_branch_labels.py
[2023-05-01T06:24:54.330+0000] {processor.py:809} INFO - DAG(s) dict_keys(['example_branch_labels']) retrieved from /home/airflow/.local/lib/python3.7/site-packages/airflow/example_dags/example_branch_labels.py
[2023-05-01T06:24:54.356+0000] {logging_mixin.py:149} INFO - [2023-05-01T06:24:54.356+0000] {dag.py:2726} INFO - Sync 1 DAGs
[2023-05-01T06:24:54.379+0000] {logging_mixin.py:149} INFO - [2023-05-01T06:24:54.379+0000] {dag.py:3490} INFO - Setting next_dagrun for example_branch_labels to 2023-04-30T00:00:00+00:00, run_after=2023-05-01T00:00:00+00:00
[2023-05-01T06:24:54.397+0000] {processor.py:178} INFO - Processing /home/airflow/.local/lib/python3.7/site-packages/airflow/example_dags/example_branch_labels.py took 0.077 seconds
[2023-05-01T06:25:24.636+0000] {processor.py:156} INFO - Started process (PID=591) to work on /home/airflow/.local/lib/python3.7/site-packages/airflow/example_dags/example_branch_labels.py
[2023-05-01T06:25:24.637+0000] {processor.py:799} INFO - Processing file /home/airflow/.local/lib/python3.7/site-packages/airflow/example_dags/example_branch_labels.py for tasks to queue
[2023-05-01T06:25:24.637+0000] {logging_mixin.py:149} INFO - [2023-05-01T06:25:24.637+0000] {dagbag.py:541} INFO - Filling up the DagBag from /home/airflow/.local/lib/python3.7/site-packages/airflow/example_dags/example_branch_labels.py
[2023-05-01T06:25:24.644+0000] {processor.py:809} INFO - DAG(s) dict_keys(['example_branch_labels']) retrieved from /home/airflow/.local/lib/python3.7/site-packages/airflow/example_dags/example_branch_labels.py
[2023-05-01T06:25:24.666+0000] {logging_mixin.py:149} INFO - [2023-05-01T06:25:24.666+0000] {dag.py:2726} INFO - Sync 1 DAGs
[2023-05-01T06:25:24.689+0000] {logging_mixin.py:149} INFO - [2023-05-01T06:25:24.689+0000] {dag.py:3490} INFO - Setting next_dagrun for example_branch_labels to 2023-04-30T00:00:00+00:00, run_after=2023-05-01T00:00:00+00:00
[2023-05-01T06:25:24.704+0000] {processor.py:178} INFO - Processing /home/airflow/.local/lib/python3.7/site-packages/airflow/example_dags/example_branch_labels.py took 0.071 seconds
