[2023-05-01T06:20:21.061+0000] {processor.py:156} INFO - Started process (PID=54) to work on /home/airflow/.local/lib/python3.7/site-packages/airflow/example_dags/example_subdag_operator.py
[2023-05-01T06:20:21.062+0000] {processor.py:799} INFO - Processing file /home/airflow/.local/lib/python3.7/site-packages/airflow/example_dags/example_subdag_operator.py for tasks to queue
[2023-05-01T06:20:21.063+0000] {logging_mixin.py:149} INFO - [2023-05-01T06:20:21.062+0000] {dagbag.py:541} INFO - Filling up the DagBag from /home/airflow/.local/lib/python3.7/site-packages/airflow/example_dags/example_subdag_operator.py
[2023-05-01T06:20:21.085+0000] {processor.py:809} INFO - DAG(s) dict_keys(['example_subdag_operator.section-1', 'example_subdag_operator.section-2', 'example_subdag_operator']) retrieved from /home/airflow/.local/lib/python3.7/site-packages/airflow/example_dags/example_subdag_operator.py
[2023-05-01T06:20:21.089+0000] {logging_mixin.py:149} INFO - [2023-05-01T06:20:21.089+0000] {dag.py:2726} INFO - Sync 3 DAGs
[2023-05-01T06:20:21.114+0000] {logging_mixin.py:149} INFO - [2023-05-01T06:20:21.114+0000] {dag.py:3490} INFO - Setting next_dagrun for example_subdag_operator to 2022-01-01T00:00:00+00:00, run_after=2022-01-01T00:00:00+00:00
[2023-05-01T06:20:21.117+0000] {logging_mixin.py:149} INFO - [2023-05-01T06:20:21.117+0000] {dag.py:3490} INFO - Setting next_dagrun for example_subdag_operator.section-1 to None, run_after=None
[2023-05-01T06:20:21.119+0000] {logging_mixin.py:149} INFO - [2023-05-01T06:20:21.118+0000] {dag.py:3490} INFO - Setting next_dagrun for example_subdag_operator.section-2 to None, run_after=None
[2023-05-01T06:20:21.135+0000] {logging_mixin.py:149} INFO - [2023-05-01T06:20:21.135+0000] {dag.py:2726} INFO - Sync 2 DAGs
[2023-05-01T06:20:21.144+0000] {logging_mixin.py:149} INFO - [2023-05-01T06:20:21.144+0000] {dag.py:3490} INFO - Setting next_dagrun for example_subdag_operator.section-1 to None, run_after=None
[2023-05-01T06:20:21.144+0000] {logging_mixin.py:149} INFO - [2023-05-01T06:20:21.144+0000] {dag.py:3490} INFO - Setting next_dagrun for example_subdag_operator.section-2 to None, run_after=None
[2023-05-01T06:20:21.165+0000] {processor.py:178} INFO - Processing /home/airflow/.local/lib/python3.7/site-packages/airflow/example_dags/example_subdag_operator.py took 0.106 seconds
[2023-05-01T06:20:51.769+0000] {processor.py:156} INFO - Started process (PID=110) to work on /home/airflow/.local/lib/python3.7/site-packages/airflow/example_dags/example_subdag_operator.py
[2023-05-01T06:20:51.770+0000] {processor.py:799} INFO - Processing file /home/airflow/.local/lib/python3.7/site-packages/airflow/example_dags/example_subdag_operator.py for tasks to queue
[2023-05-01T06:20:51.770+0000] {logging_mixin.py:149} INFO - [2023-05-01T06:20:51.770+0000] {dagbag.py:541} INFO - Filling up the DagBag from /home/airflow/.local/lib/python3.7/site-packages/airflow/example_dags/example_subdag_operator.py
[2023-05-01T06:20:51.790+0000] {processor.py:809} INFO - DAG(s) dict_keys(['example_subdag_operator.section-1', 'example_subdag_operator.section-2', 'example_subdag_operator']) retrieved from /home/airflow/.local/lib/python3.7/site-packages/airflow/example_dags/example_subdag_operator.py
[2023-05-01T06:20:51.805+0000] {logging_mixin.py:149} INFO - [2023-05-01T06:20:51.805+0000] {dag.py:2726} INFO - Sync 3 DAGs
[2023-05-01T06:20:51.827+0000] {logging_mixin.py:149} INFO - [2023-05-01T06:20:51.827+0000] {dag.py:3490} INFO - Setting next_dagrun for example_subdag_operator to 2022-01-01T00:00:00+00:00, run_after=2022-01-01T00:00:00+00:00
[2023-05-01T06:20:51.830+0000] {logging_mixin.py:149} INFO - [2023-05-01T06:20:51.830+0000] {dag.py:3490} INFO - Setting next_dagrun for example_subdag_operator.section-1 to None, run_after=None
[2023-05-01T06:20:51.831+0000] {logging_mixin.py:149} INFO - [2023-05-01T06:20:51.831+0000] {dag.py:3490} INFO - Setting next_dagrun for example_subdag_operator.section-2 to None, run_after=None
[2023-05-01T06:20:51.837+0000] {logging_mixin.py:149} INFO - [2023-05-01T06:20:51.837+0000] {dag.py:2726} INFO - Sync 2 DAGs
[2023-05-01T06:20:51.841+0000] {logging_mixin.py:149} INFO - [2023-05-01T06:20:51.841+0000] {dag.py:3490} INFO - Setting next_dagrun for example_subdag_operator.section-1 to None, run_after=None
[2023-05-01T06:20:51.842+0000] {logging_mixin.py:149} INFO - [2023-05-01T06:20:51.842+0000] {dag.py:3490} INFO - Setting next_dagrun for example_subdag_operator.section-2 to None, run_after=None
[2023-05-01T06:20:51.850+0000] {processor.py:178} INFO - Processing /home/airflow/.local/lib/python3.7/site-packages/airflow/example_dags/example_subdag_operator.py took 0.084 seconds
[2023-05-01T06:21:22.378+0000] {processor.py:156} INFO - Started process (PID=166) to work on /home/airflow/.local/lib/python3.7/site-packages/airflow/example_dags/example_subdag_operator.py
[2023-05-01T06:21:22.379+0000] {processor.py:799} INFO - Processing file /home/airflow/.local/lib/python3.7/site-packages/airflow/example_dags/example_subdag_operator.py for tasks to queue
[2023-05-01T06:21:22.379+0000] {logging_mixin.py:149} INFO - [2023-05-01T06:21:22.379+0000] {dagbag.py:541} INFO - Filling up the DagBag from /home/airflow/.local/lib/python3.7/site-packages/airflow/example_dags/example_subdag_operator.py
[2023-05-01T06:21:22.400+0000] {processor.py:809} INFO - DAG(s) dict_keys(['example_subdag_operator.section-1', 'example_subdag_operator.section-2', 'example_subdag_operator']) retrieved from /home/airflow/.local/lib/python3.7/site-packages/airflow/example_dags/example_subdag_operator.py
[2023-05-01T06:21:22.417+0000] {logging_mixin.py:149} INFO - [2023-05-01T06:21:22.417+0000] {dag.py:2726} INFO - Sync 3 DAGs
[2023-05-01T06:21:22.439+0000] {logging_mixin.py:149} INFO - [2023-05-01T06:21:22.439+0000] {dag.py:3490} INFO - Setting next_dagrun for example_subdag_operator to 2022-01-01T00:00:00+00:00, run_after=2022-01-01T00:00:00+00:00
[2023-05-01T06:21:22.442+0000] {logging_mixin.py:149} INFO - [2023-05-01T06:21:22.442+0000] {dag.py:3490} INFO - Setting next_dagrun for example_subdag_operator.section-1 to None, run_after=None
[2023-05-01T06:21:22.443+0000] {logging_mixin.py:149} INFO - [2023-05-01T06:21:22.443+0000] {dag.py:3490} INFO - Setting next_dagrun for example_subdag_operator.section-2 to None, run_after=None
[2023-05-01T06:21:22.450+0000] {logging_mixin.py:149} INFO - [2023-05-01T06:21:22.450+0000] {dag.py:2726} INFO - Sync 2 DAGs
[2023-05-01T06:21:22.455+0000] {logging_mixin.py:149} INFO - [2023-05-01T06:21:22.455+0000] {dag.py:3490} INFO - Setting next_dagrun for example_subdag_operator.section-1 to None, run_after=None
[2023-05-01T06:21:22.455+0000] {logging_mixin.py:149} INFO - [2023-05-01T06:21:22.455+0000] {dag.py:3490} INFO - Setting next_dagrun for example_subdag_operator.section-2 to None, run_after=None
[2023-05-01T06:21:22.465+0000] {processor.py:178} INFO - Processing /home/airflow/.local/lib/python3.7/site-packages/airflow/example_dags/example_subdag_operator.py took 0.090 seconds
[2023-05-01T06:21:52.876+0000] {processor.py:156} INFO - Started process (PID=222) to work on /home/airflow/.local/lib/python3.7/site-packages/airflow/example_dags/example_subdag_operator.py
[2023-05-01T06:21:52.877+0000] {processor.py:799} INFO - Processing file /home/airflow/.local/lib/python3.7/site-packages/airflow/example_dags/example_subdag_operator.py for tasks to queue
[2023-05-01T06:21:52.878+0000] {logging_mixin.py:149} INFO - [2023-05-01T06:21:52.878+0000] {dagbag.py:541} INFO - Filling up the DagBag from /home/airflow/.local/lib/python3.7/site-packages/airflow/example_dags/example_subdag_operator.py
[2023-05-01T06:21:52.898+0000] {processor.py:809} INFO - DAG(s) dict_keys(['example_subdag_operator.section-1', 'example_subdag_operator.section-2', 'example_subdag_operator']) retrieved from /home/airflow/.local/lib/python3.7/site-packages/airflow/example_dags/example_subdag_operator.py
[2023-05-01T06:21:52.914+0000] {logging_mixin.py:149} INFO - [2023-05-01T06:21:52.914+0000] {dag.py:2726} INFO - Sync 3 DAGs
[2023-05-01T06:21:52.936+0000] {logging_mixin.py:149} INFO - [2023-05-01T06:21:52.936+0000] {dag.py:3490} INFO - Setting next_dagrun for example_subdag_operator to 2022-01-01T00:00:00+00:00, run_after=2022-01-01T00:00:00+00:00
[2023-05-01T06:21:52.939+0000] {logging_mixin.py:149} INFO - [2023-05-01T06:21:52.938+0000] {dag.py:3490} INFO - Setting next_dagrun for example_subdag_operator.section-1 to None, run_after=None
[2023-05-01T06:21:52.940+0000] {logging_mixin.py:149} INFO - [2023-05-01T06:21:52.939+0000] {dag.py:3490} INFO - Setting next_dagrun for example_subdag_operator.section-2 to None, run_after=None
[2023-05-01T06:21:52.946+0000] {logging_mixin.py:149} INFO - [2023-05-01T06:21:52.946+0000] {dag.py:2726} INFO - Sync 2 DAGs
[2023-05-01T06:21:52.951+0000] {logging_mixin.py:149} INFO - [2023-05-01T06:21:52.950+0000] {dag.py:3490} INFO - Setting next_dagrun for example_subdag_operator.section-1 to None, run_after=None
[2023-05-01T06:21:52.951+0000] {logging_mixin.py:149} INFO - [2023-05-01T06:21:52.951+0000] {dag.py:3490} INFO - Setting next_dagrun for example_subdag_operator.section-2 to None, run_after=None
[2023-05-01T06:21:52.960+0000] {processor.py:178} INFO - Processing /home/airflow/.local/lib/python3.7/site-packages/airflow/example_dags/example_subdag_operator.py took 0.086 seconds
[2023-05-01T06:22:23.309+0000] {processor.py:156} INFO - Started process (PID=277) to work on /home/airflow/.local/lib/python3.7/site-packages/airflow/example_dags/example_subdag_operator.py
[2023-05-01T06:22:23.310+0000] {processor.py:799} INFO - Processing file /home/airflow/.local/lib/python3.7/site-packages/airflow/example_dags/example_subdag_operator.py for tasks to queue
[2023-05-01T06:22:23.310+0000] {logging_mixin.py:149} INFO - [2023-05-01T06:22:23.310+0000] {dagbag.py:541} INFO - Filling up the DagBag from /home/airflow/.local/lib/python3.7/site-packages/airflow/example_dags/example_subdag_operator.py
[2023-05-01T06:22:23.330+0000] {processor.py:809} INFO - DAG(s) dict_keys(['example_subdag_operator.section-1', 'example_subdag_operator.section-2', 'example_subdag_operator']) retrieved from /home/airflow/.local/lib/python3.7/site-packages/airflow/example_dags/example_subdag_operator.py
[2023-05-01T06:22:23.345+0000] {logging_mixin.py:149} INFO - [2023-05-01T06:22:23.345+0000] {dag.py:2726} INFO - Sync 3 DAGs
[2023-05-01T06:22:23.365+0000] {logging_mixin.py:149} INFO - [2023-05-01T06:22:23.365+0000] {dag.py:3490} INFO - Setting next_dagrun for example_subdag_operator to 2022-01-01T00:00:00+00:00, run_after=2022-01-01T00:00:00+00:00
[2023-05-01T06:22:23.368+0000] {logging_mixin.py:149} INFO - [2023-05-01T06:22:23.368+0000] {dag.py:3490} INFO - Setting next_dagrun for example_subdag_operator.section-1 to None, run_after=None
[2023-05-01T06:22:23.369+0000] {logging_mixin.py:149} INFO - [2023-05-01T06:22:23.368+0000] {dag.py:3490} INFO - Setting next_dagrun for example_subdag_operator.section-2 to None, run_after=None
[2023-05-01T06:22:23.374+0000] {logging_mixin.py:149} INFO - [2023-05-01T06:22:23.374+0000] {dag.py:2726} INFO - Sync 2 DAGs
[2023-05-01T06:22:23.379+0000] {logging_mixin.py:149} INFO - [2023-05-01T06:22:23.379+0000] {dag.py:3490} INFO - Setting next_dagrun for example_subdag_operator.section-1 to None, run_after=None
[2023-05-01T06:22:23.379+0000] {logging_mixin.py:149} INFO - [2023-05-01T06:22:23.379+0000] {dag.py:3490} INFO - Setting next_dagrun for example_subdag_operator.section-2 to None, run_after=None
[2023-05-01T06:22:23.388+0000] {processor.py:178} INFO - Processing /home/airflow/.local/lib/python3.7/site-packages/airflow/example_dags/example_subdag_operator.py took 0.082 seconds
[2023-05-01T06:22:53.792+0000] {processor.py:156} INFO - Started process (PID=333) to work on /home/airflow/.local/lib/python3.7/site-packages/airflow/example_dags/example_subdag_operator.py
[2023-05-01T06:22:53.793+0000] {processor.py:799} INFO - Processing file /home/airflow/.local/lib/python3.7/site-packages/airflow/example_dags/example_subdag_operator.py for tasks to queue
[2023-05-01T06:22:53.794+0000] {logging_mixin.py:149} INFO - [2023-05-01T06:22:53.793+0000] {dagbag.py:541} INFO - Filling up the DagBag from /home/airflow/.local/lib/python3.7/site-packages/airflow/example_dags/example_subdag_operator.py
[2023-05-01T06:22:53.813+0000] {processor.py:809} INFO - DAG(s) dict_keys(['example_subdag_operator.section-1', 'example_subdag_operator.section-2', 'example_subdag_operator']) retrieved from /home/airflow/.local/lib/python3.7/site-packages/airflow/example_dags/example_subdag_operator.py
[2023-05-01T06:22:53.829+0000] {logging_mixin.py:149} INFO - [2023-05-01T06:22:53.829+0000] {dag.py:2726} INFO - Sync 3 DAGs
[2023-05-01T06:22:53.851+0000] {logging_mixin.py:149} INFO - [2023-05-01T06:22:53.851+0000] {dag.py:3490} INFO - Setting next_dagrun for example_subdag_operator to 2022-01-01T00:00:00+00:00, run_after=2022-01-01T00:00:00+00:00
[2023-05-01T06:22:53.854+0000] {logging_mixin.py:149} INFO - [2023-05-01T06:22:53.854+0000] {dag.py:3490} INFO - Setting next_dagrun for example_subdag_operator.section-1 to None, run_after=None
[2023-05-01T06:22:53.856+0000] {logging_mixin.py:149} INFO - [2023-05-01T06:22:53.855+0000] {dag.py:3490} INFO - Setting next_dagrun for example_subdag_operator.section-2 to None, run_after=None
[2023-05-01T06:22:53.862+0000] {logging_mixin.py:149} INFO - [2023-05-01T06:22:53.862+0000] {dag.py:2726} INFO - Sync 2 DAGs
[2023-05-01T06:22:53.868+0000] {logging_mixin.py:149} INFO - [2023-05-01T06:22:53.868+0000] {dag.py:3490} INFO - Setting next_dagrun for example_subdag_operator.section-1 to None, run_after=None
[2023-05-01T06:22:53.868+0000] {logging_mixin.py:149} INFO - [2023-05-01T06:22:53.868+0000] {dag.py:3490} INFO - Setting next_dagrun for example_subdag_operator.section-2 to None, run_after=None
[2023-05-01T06:22:53.879+0000] {processor.py:178} INFO - Processing /home/airflow/.local/lib/python3.7/site-packages/airflow/example_dags/example_subdag_operator.py took 0.090 seconds
[2023-05-01T06:23:24.697+0000] {processor.py:156} INFO - Started process (PID=389) to work on /home/airflow/.local/lib/python3.7/site-packages/airflow/example_dags/example_subdag_operator.py
[2023-05-01T06:23:24.698+0000] {processor.py:799} INFO - Processing file /home/airflow/.local/lib/python3.7/site-packages/airflow/example_dags/example_subdag_operator.py for tasks to queue
[2023-05-01T06:23:24.699+0000] {logging_mixin.py:149} INFO - [2023-05-01T06:23:24.699+0000] {dagbag.py:541} INFO - Filling up the DagBag from /home/airflow/.local/lib/python3.7/site-packages/airflow/example_dags/example_subdag_operator.py
[2023-05-01T06:23:24.720+0000] {processor.py:809} INFO - DAG(s) dict_keys(['example_subdag_operator.section-1', 'example_subdag_operator.section-2', 'example_subdag_operator']) retrieved from /home/airflow/.local/lib/python3.7/site-packages/airflow/example_dags/example_subdag_operator.py
[2023-05-01T06:23:24.737+0000] {logging_mixin.py:149} INFO - [2023-05-01T06:23:24.736+0000] {dag.py:2726} INFO - Sync 3 DAGs
[2023-05-01T06:23:24.760+0000] {logging_mixin.py:149} INFO - [2023-05-01T06:23:24.760+0000] {dag.py:3490} INFO - Setting next_dagrun for example_subdag_operator to 2022-01-01T00:00:00+00:00, run_after=2022-01-01T00:00:00+00:00
[2023-05-01T06:23:24.763+0000] {logging_mixin.py:149} INFO - [2023-05-01T06:23:24.763+0000] {dag.py:3490} INFO - Setting next_dagrun for example_subdag_operator.section-1 to None, run_after=None
[2023-05-01T06:23:24.770+0000] {logging_mixin.py:149} INFO - [2023-05-01T06:23:24.769+0000] {dag.py:3490} INFO - Setting next_dagrun for example_subdag_operator.section-2 to None, run_after=None
[2023-05-01T06:23:24.777+0000] {logging_mixin.py:149} INFO - [2023-05-01T06:23:24.777+0000] {dag.py:2726} INFO - Sync 2 DAGs
[2023-05-01T06:23:24.782+0000] {logging_mixin.py:149} INFO - [2023-05-01T06:23:24.782+0000] {dag.py:3490} INFO - Setting next_dagrun for example_subdag_operator.section-1 to None, run_after=None
[2023-05-01T06:23:24.782+0000] {logging_mixin.py:149} INFO - [2023-05-01T06:23:24.782+0000] {dag.py:3490} INFO - Setting next_dagrun for example_subdag_operator.section-2 to None, run_after=None
[2023-05-01T06:23:24.796+0000] {processor.py:178} INFO - Processing /home/airflow/.local/lib/python3.7/site-packages/airflow/example_dags/example_subdag_operator.py took 0.101 seconds
[2023-05-01T06:23:55.355+0000] {processor.py:156} INFO - Started process (PID=445) to work on /home/airflow/.local/lib/python3.7/site-packages/airflow/example_dags/example_subdag_operator.py
[2023-05-01T06:23:55.356+0000] {processor.py:799} INFO - Processing file /home/airflow/.local/lib/python3.7/site-packages/airflow/example_dags/example_subdag_operator.py for tasks to queue
[2023-05-01T06:23:55.356+0000] {logging_mixin.py:149} INFO - [2023-05-01T06:23:55.356+0000] {dagbag.py:541} INFO - Filling up the DagBag from /home/airflow/.local/lib/python3.7/site-packages/airflow/example_dags/example_subdag_operator.py
[2023-05-01T06:23:55.376+0000] {processor.py:809} INFO - DAG(s) dict_keys(['example_subdag_operator.section-1', 'example_subdag_operator.section-2', 'example_subdag_operator']) retrieved from /home/airflow/.local/lib/python3.7/site-packages/airflow/example_dags/example_subdag_operator.py
[2023-05-01T06:23:55.392+0000] {logging_mixin.py:149} INFO - [2023-05-01T06:23:55.392+0000] {dag.py:2726} INFO - Sync 3 DAGs
[2023-05-01T06:23:55.416+0000] {logging_mixin.py:149} INFO - [2023-05-01T06:23:55.416+0000] {dag.py:3490} INFO - Setting next_dagrun for example_subdag_operator to 2022-01-01T00:00:00+00:00, run_after=2022-01-01T00:00:00+00:00
[2023-05-01T06:23:55.419+0000] {logging_mixin.py:149} INFO - [2023-05-01T06:23:55.419+0000] {dag.py:3490} INFO - Setting next_dagrun for example_subdag_operator.section-1 to None, run_after=None
[2023-05-01T06:23:55.421+0000] {logging_mixin.py:149} INFO - [2023-05-01T06:23:55.421+0000] {dag.py:3490} INFO - Setting next_dagrun for example_subdag_operator.section-2 to None, run_after=None
[2023-05-01T06:23:55.435+0000] {logging_mixin.py:149} INFO - [2023-05-01T06:23:55.435+0000] {dag.py:2726} INFO - Sync 2 DAGs
[2023-05-01T06:23:55.443+0000] {logging_mixin.py:149} INFO - [2023-05-01T06:23:55.442+0000] {dag.py:3490} INFO - Setting next_dagrun for example_subdag_operator.section-1 to None, run_after=None
[2023-05-01T06:23:55.443+0000] {logging_mixin.py:149} INFO - [2023-05-01T06:23:55.443+0000] {dag.py:3490} INFO - Setting next_dagrun for example_subdag_operator.section-2 to None, run_after=None
[2023-05-01T06:23:55.457+0000] {processor.py:178} INFO - Processing /home/airflow/.local/lib/python3.7/site-packages/airflow/example_dags/example_subdag_operator.py took 0.104 seconds
[2023-05-01T06:24:25.911+0000] {processor.py:156} INFO - Started process (PID=501) to work on /home/airflow/.local/lib/python3.7/site-packages/airflow/example_dags/example_subdag_operator.py
[2023-05-01T06:24:25.912+0000] {processor.py:799} INFO - Processing file /home/airflow/.local/lib/python3.7/site-packages/airflow/example_dags/example_subdag_operator.py for tasks to queue
[2023-05-01T06:24:25.912+0000] {logging_mixin.py:149} INFO - [2023-05-01T06:24:25.912+0000] {dagbag.py:541} INFO - Filling up the DagBag from /home/airflow/.local/lib/python3.7/site-packages/airflow/example_dags/example_subdag_operator.py
[2023-05-01T06:24:25.932+0000] {processor.py:809} INFO - DAG(s) dict_keys(['example_subdag_operator.section-1', 'example_subdag_operator.section-2', 'example_subdag_operator']) retrieved from /home/airflow/.local/lib/python3.7/site-packages/airflow/example_dags/example_subdag_operator.py
[2023-05-01T06:24:25.949+0000] {logging_mixin.py:149} INFO - [2023-05-01T06:24:25.949+0000] {dag.py:2726} INFO - Sync 3 DAGs
[2023-05-01T06:24:25.970+0000] {logging_mixin.py:149} INFO - [2023-05-01T06:24:25.970+0000] {dag.py:3490} INFO - Setting next_dagrun for example_subdag_operator to 2022-01-01T00:00:00+00:00, run_after=2022-01-01T00:00:00+00:00
[2023-05-01T06:24:25.973+0000] {logging_mixin.py:149} INFO - [2023-05-01T06:24:25.973+0000] {dag.py:3490} INFO - Setting next_dagrun for example_subdag_operator.section-1 to None, run_after=None
[2023-05-01T06:24:25.974+0000] {logging_mixin.py:149} INFO - [2023-05-01T06:24:25.974+0000] {dag.py:3490} INFO - Setting next_dagrun for example_subdag_operator.section-2 to None, run_after=None
[2023-05-01T06:24:25.981+0000] {logging_mixin.py:149} INFO - [2023-05-01T06:24:25.981+0000] {dag.py:2726} INFO - Sync 2 DAGs
[2023-05-01T06:24:25.987+0000] {logging_mixin.py:149} INFO - [2023-05-01T06:24:25.986+0000] {dag.py:3490} INFO - Setting next_dagrun for example_subdag_operator.section-1 to None, run_after=None
[2023-05-01T06:24:25.987+0000] {logging_mixin.py:149} INFO - [2023-05-01T06:24:25.987+0000] {dag.py:3490} INFO - Setting next_dagrun for example_subdag_operator.section-2 to None, run_after=None
[2023-05-01T06:24:25.996+0000] {processor.py:178} INFO - Processing /home/airflow/.local/lib/python3.7/site-packages/airflow/example_dags/example_subdag_operator.py took 0.087 seconds
[2023-05-01T06:24:56.764+0000] {processor.py:156} INFO - Started process (PID=557) to work on /home/airflow/.local/lib/python3.7/site-packages/airflow/example_dags/example_subdag_operator.py
[2023-05-01T06:24:56.765+0000] {processor.py:799} INFO - Processing file /home/airflow/.local/lib/python3.7/site-packages/airflow/example_dags/example_subdag_operator.py for tasks to queue
[2023-05-01T06:24:56.765+0000] {logging_mixin.py:149} INFO - [2023-05-01T06:24:56.765+0000] {dagbag.py:541} INFO - Filling up the DagBag from /home/airflow/.local/lib/python3.7/site-packages/airflow/example_dags/example_subdag_operator.py
[2023-05-01T06:24:56.790+0000] {processor.py:809} INFO - DAG(s) dict_keys(['example_subdag_operator.section-1', 'example_subdag_operator.section-2', 'example_subdag_operator']) retrieved from /home/airflow/.local/lib/python3.7/site-packages/airflow/example_dags/example_subdag_operator.py
[2023-05-01T06:24:56.809+0000] {logging_mixin.py:149} INFO - [2023-05-01T06:24:56.809+0000] {dag.py:2726} INFO - Sync 3 DAGs
[2023-05-01T06:24:56.834+0000] {logging_mixin.py:149} INFO - [2023-05-01T06:24:56.834+0000] {dag.py:3490} INFO - Setting next_dagrun for example_subdag_operator to 2022-01-01T00:00:00+00:00, run_after=2022-01-01T00:00:00+00:00
[2023-05-01T06:24:56.837+0000] {logging_mixin.py:149} INFO - [2023-05-01T06:24:56.837+0000] {dag.py:3490} INFO - Setting next_dagrun for example_subdag_operator.section-1 to None, run_after=None
[2023-05-01T06:24:56.838+0000] {logging_mixin.py:149} INFO - [2023-05-01T06:24:56.838+0000] {dag.py:3490} INFO - Setting next_dagrun for example_subdag_operator.section-2 to None, run_after=None
[2023-05-01T06:24:56.855+0000] {logging_mixin.py:149} INFO - [2023-05-01T06:24:56.855+0000] {dag.py:2726} INFO - Sync 2 DAGs
[2023-05-01T06:24:56.862+0000] {logging_mixin.py:149} INFO - [2023-05-01T06:24:56.861+0000] {dag.py:3490} INFO - Setting next_dagrun for example_subdag_operator.section-1 to None, run_after=None
[2023-05-01T06:24:56.862+0000] {logging_mixin.py:149} INFO - [2023-05-01T06:24:56.862+0000] {dag.py:3490} INFO - Setting next_dagrun for example_subdag_operator.section-2 to None, run_after=None
[2023-05-01T06:24:56.879+0000] {processor.py:178} INFO - Processing /home/airflow/.local/lib/python3.7/site-packages/airflow/example_dags/example_subdag_operator.py took 0.117 seconds
[2023-05-01T06:25:27.831+0000] {processor.py:156} INFO - Started process (PID=613) to work on /home/airflow/.local/lib/python3.7/site-packages/airflow/example_dags/example_subdag_operator.py
[2023-05-01T06:25:27.831+0000] {processor.py:799} INFO - Processing file /home/airflow/.local/lib/python3.7/site-packages/airflow/example_dags/example_subdag_operator.py for tasks to queue
[2023-05-01T06:25:27.832+0000] {logging_mixin.py:149} INFO - [2023-05-01T06:25:27.832+0000] {dagbag.py:541} INFO - Filling up the DagBag from /home/airflow/.local/lib/python3.7/site-packages/airflow/example_dags/example_subdag_operator.py
[2023-05-01T06:25:27.852+0000] {processor.py:809} INFO - DAG(s) dict_keys(['example_subdag_operator.section-1', 'example_subdag_operator.section-2', 'example_subdag_operator']) retrieved from /home/airflow/.local/lib/python3.7/site-packages/airflow/example_dags/example_subdag_operator.py
[2023-05-01T06:25:27.868+0000] {logging_mixin.py:149} INFO - [2023-05-01T06:25:27.868+0000] {dag.py:2726} INFO - Sync 3 DAGs
[2023-05-01T06:25:27.890+0000] {logging_mixin.py:149} INFO - [2023-05-01T06:25:27.890+0000] {dag.py:3490} INFO - Setting next_dagrun for example_subdag_operator to 2022-01-01T00:00:00+00:00, run_after=2022-01-01T00:00:00+00:00
[2023-05-01T06:25:27.893+0000] {logging_mixin.py:149} INFO - [2023-05-01T06:25:27.893+0000] {dag.py:3490} INFO - Setting next_dagrun for example_subdag_operator.section-1 to None, run_after=None
[2023-05-01T06:25:27.894+0000] {logging_mixin.py:149} INFO - [2023-05-01T06:25:27.894+0000] {dag.py:3490} INFO - Setting next_dagrun for example_subdag_operator.section-2 to None, run_after=None
[2023-05-01T06:25:27.900+0000] {logging_mixin.py:149} INFO - [2023-05-01T06:25:27.900+0000] {dag.py:2726} INFO - Sync 2 DAGs
[2023-05-01T06:25:27.905+0000] {logging_mixin.py:149} INFO - [2023-05-01T06:25:27.905+0000] {dag.py:3490} INFO - Setting next_dagrun for example_subdag_operator.section-1 to None, run_after=None
[2023-05-01T06:25:27.905+0000] {logging_mixin.py:149} INFO - [2023-05-01T06:25:27.905+0000] {dag.py:3490} INFO - Setting next_dagrun for example_subdag_operator.section-2 to None, run_after=None
[2023-05-01T06:25:27.917+0000] {processor.py:178} INFO - Processing /home/airflow/.local/lib/python3.7/site-packages/airflow/example_dags/example_subdag_operator.py took 0.089 seconds
