[2023-05-01T06:20:21.447+0000] {processor.py:156} INFO - Started process (PID=59) to work on /home/airflow/.local/lib/python3.7/site-packages/airflow/example_dags/example_params_trigger_ui.py
[2023-05-01T06:20:21.448+0000] {processor.py:799} INFO - Processing file /home/airflow/.local/lib/python3.7/site-packages/airflow/example_dags/example_params_trigger_ui.py for tasks to queue
[2023-05-01T06:20:21.448+0000] {logging_mixin.py:149} INFO - [2023-05-01T06:20:21.448+0000] {dagbag.py:541} INFO - Filling up the DagBag from /home/airflow/.local/lib/python3.7/site-packages/airflow/example_dags/example_params_trigger_ui.py
[2023-05-01T06:20:21.485+0000] {processor.py:809} INFO - DAG(s) dict_keys(['example_params_trigger_ui']) retrieved from /home/airflow/.local/lib/python3.7/site-packages/airflow/example_dags/example_params_trigger_ui.py
[2023-05-01T06:20:21.505+0000] {logging_mixin.py:149} INFO - [2023-05-01T06:20:21.505+0000] {dag.py:2726} INFO - Sync 1 DAGs
[2023-05-01T06:20:21.540+0000] {logging_mixin.py:149} INFO - [2023-05-01T06:20:21.540+0000] {dag.py:3490} INFO - Setting next_dagrun for example_params_trigger_ui to None, run_after=None
[2023-05-01T06:20:21.564+0000] {processor.py:178} INFO - Processing /home/airflow/.local/lib/python3.7/site-packages/airflow/example_dags/example_params_trigger_ui.py took 0.119 seconds
[2023-05-01T06:20:52.113+0000] {processor.py:156} INFO - Started process (PID=115) to work on /home/airflow/.local/lib/python3.7/site-packages/airflow/example_dags/example_params_trigger_ui.py
[2023-05-01T06:20:52.113+0000] {processor.py:799} INFO - Processing file /home/airflow/.local/lib/python3.7/site-packages/airflow/example_dags/example_params_trigger_ui.py for tasks to queue
[2023-05-01T06:20:52.114+0000] {logging_mixin.py:149} INFO - [2023-05-01T06:20:52.114+0000] {dagbag.py:541} INFO - Filling up the DagBag from /home/airflow/.local/lib/python3.7/site-packages/airflow/example_dags/example_params_trigger_ui.py
[2023-05-01T06:20:52.131+0000] {processor.py:809} INFO - DAG(s) dict_keys(['example_params_trigger_ui']) retrieved from /home/airflow/.local/lib/python3.7/site-packages/airflow/example_dags/example_params_trigger_ui.py
[2023-05-01T06:20:52.203+0000] {logging_mixin.py:149} INFO - [2023-05-01T06:20:52.203+0000] {dag.py:2726} INFO - Sync 1 DAGs
[2023-05-01T06:20:52.225+0000] {logging_mixin.py:149} INFO - [2023-05-01T06:20:52.225+0000] {dag.py:3490} INFO - Setting next_dagrun for example_params_trigger_ui to None, run_after=None
[2023-05-01T06:20:52.244+0000] {processor.py:178} INFO - Processing /home/airflow/.local/lib/python3.7/site-packages/airflow/example_dags/example_params_trigger_ui.py took 0.134 seconds
[2023-05-01T06:21:22.841+0000] {processor.py:156} INFO - Started process (PID=171) to work on /home/airflow/.local/lib/python3.7/site-packages/airflow/example_dags/example_params_trigger_ui.py
[2023-05-01T06:21:22.842+0000] {processor.py:799} INFO - Processing file /home/airflow/.local/lib/python3.7/site-packages/airflow/example_dags/example_params_trigger_ui.py for tasks to queue
[2023-05-01T06:21:22.842+0000] {logging_mixin.py:149} INFO - [2023-05-01T06:21:22.842+0000] {dagbag.py:541} INFO - Filling up the DagBag from /home/airflow/.local/lib/python3.7/site-packages/airflow/example_dags/example_params_trigger_ui.py
[2023-05-01T06:21:22.861+0000] {processor.py:809} INFO - DAG(s) dict_keys(['example_params_trigger_ui']) retrieved from /home/airflow/.local/lib/python3.7/site-packages/airflow/example_dags/example_params_trigger_ui.py
[2023-05-01T06:21:22.935+0000] {logging_mixin.py:149} INFO - [2023-05-01T06:21:22.935+0000] {dag.py:2726} INFO - Sync 1 DAGs
[2023-05-01T06:21:22.957+0000] {logging_mixin.py:149} INFO - [2023-05-01T06:21:22.957+0000] {dag.py:3490} INFO - Setting next_dagrun for example_params_trigger_ui to None, run_after=None
[2023-05-01T06:21:22.975+0000] {processor.py:178} INFO - Processing /home/airflow/.local/lib/python3.7/site-packages/airflow/example_dags/example_params_trigger_ui.py took 0.136 seconds
[2023-05-01T06:21:53.293+0000] {processor.py:156} INFO - Started process (PID=229) to work on /home/airflow/.local/lib/python3.7/site-packages/airflow/example_dags/example_params_trigger_ui.py
[2023-05-01T06:21:53.294+0000] {processor.py:799} INFO - Processing file /home/airflow/.local/lib/python3.7/site-packages/airflow/example_dags/example_params_trigger_ui.py for tasks to queue
[2023-05-01T06:21:53.294+0000] {logging_mixin.py:149} INFO - [2023-05-01T06:21:53.294+0000] {dagbag.py:541} INFO - Filling up the DagBag from /home/airflow/.local/lib/python3.7/site-packages/airflow/example_dags/example_params_trigger_ui.py
[2023-05-01T06:21:53.311+0000] {processor.py:809} INFO - DAG(s) dict_keys(['example_params_trigger_ui']) retrieved from /home/airflow/.local/lib/python3.7/site-packages/airflow/example_dags/example_params_trigger_ui.py
[2023-05-01T06:21:53.382+0000] {logging_mixin.py:149} INFO - [2023-05-01T06:21:53.381+0000] {dag.py:2726} INFO - Sync 1 DAGs
[2023-05-01T06:21:53.402+0000] {logging_mixin.py:149} INFO - [2023-05-01T06:21:53.402+0000] {dag.py:3490} INFO - Setting next_dagrun for example_params_trigger_ui to None, run_after=None
[2023-05-01T06:21:53.417+0000] {processor.py:178} INFO - Processing /home/airflow/.local/lib/python3.7/site-packages/airflow/example_dags/example_params_trigger_ui.py took 0.126 seconds
[2023-05-01T06:22:23.812+0000] {processor.py:156} INFO - Started process (PID=285) to work on /home/airflow/.local/lib/python3.7/site-packages/airflow/example_dags/example_params_trigger_ui.py
[2023-05-01T06:22:23.813+0000] {processor.py:799} INFO - Processing file /home/airflow/.local/lib/python3.7/site-packages/airflow/example_dags/example_params_trigger_ui.py for tasks to queue
[2023-05-01T06:22:23.814+0000] {logging_mixin.py:149} INFO - [2023-05-01T06:22:23.813+0000] {dagbag.py:541} INFO - Filling up the DagBag from /home/airflow/.local/lib/python3.7/site-packages/airflow/example_dags/example_params_trigger_ui.py
[2023-05-01T06:22:23.830+0000] {processor.py:809} INFO - DAG(s) dict_keys(['example_params_trigger_ui']) retrieved from /home/airflow/.local/lib/python3.7/site-packages/airflow/example_dags/example_params_trigger_ui.py
[2023-05-01T06:22:23.900+0000] {logging_mixin.py:149} INFO - [2023-05-01T06:22:23.900+0000] {dag.py:2726} INFO - Sync 1 DAGs
[2023-05-01T06:22:23.920+0000] {logging_mixin.py:149} INFO - [2023-05-01T06:22:23.919+0000] {dag.py:3490} INFO - Setting next_dagrun for example_params_trigger_ui to None, run_after=None
[2023-05-01T06:22:23.935+0000] {processor.py:178} INFO - Processing /home/airflow/.local/lib/python3.7/site-packages/airflow/example_dags/example_params_trigger_ui.py took 0.125 seconds
[2023-05-01T06:22:54.339+0000] {processor.py:156} INFO - Started process (PID=341) to work on /home/airflow/.local/lib/python3.7/site-packages/airflow/example_dags/example_params_trigger_ui.py
[2023-05-01T06:22:54.340+0000] {processor.py:799} INFO - Processing file /home/airflow/.local/lib/python3.7/site-packages/airflow/example_dags/example_params_trigger_ui.py for tasks to queue
[2023-05-01T06:22:54.340+0000] {logging_mixin.py:149} INFO - [2023-05-01T06:22:54.340+0000] {dagbag.py:541} INFO - Filling up the DagBag from /home/airflow/.local/lib/python3.7/site-packages/airflow/example_dags/example_params_trigger_ui.py
[2023-05-01T06:22:54.358+0000] {processor.py:809} INFO - DAG(s) dict_keys(['example_params_trigger_ui']) retrieved from /home/airflow/.local/lib/python3.7/site-packages/airflow/example_dags/example_params_trigger_ui.py
[2023-05-01T06:22:54.429+0000] {logging_mixin.py:149} INFO - [2023-05-01T06:22:54.429+0000] {dag.py:2726} INFO - Sync 1 DAGs
[2023-05-01T06:22:54.450+0000] {logging_mixin.py:149} INFO - [2023-05-01T06:22:54.450+0000] {dag.py:3490} INFO - Setting next_dagrun for example_params_trigger_ui to None, run_after=None
[2023-05-01T06:22:54.466+0000] {processor.py:178} INFO - Processing /home/airflow/.local/lib/python3.7/site-packages/airflow/example_dags/example_params_trigger_ui.py took 0.129 seconds
[2023-05-01T06:23:25.058+0000] {processor.py:156} INFO - Started process (PID=394) to work on /home/airflow/.local/lib/python3.7/site-packages/airflow/example_dags/example_params_trigger_ui.py
[2023-05-01T06:23:25.059+0000] {processor.py:799} INFO - Processing file /home/airflow/.local/lib/python3.7/site-packages/airflow/example_dags/example_params_trigger_ui.py for tasks to queue
[2023-05-01T06:23:25.060+0000] {logging_mixin.py:149} INFO - [2023-05-01T06:23:25.059+0000] {dagbag.py:541} INFO - Filling up the DagBag from /home/airflow/.local/lib/python3.7/site-packages/airflow/example_dags/example_params_trigger_ui.py
[2023-05-01T06:23:25.081+0000] {processor.py:809} INFO - DAG(s) dict_keys(['example_params_trigger_ui']) retrieved from /home/airflow/.local/lib/python3.7/site-packages/airflow/example_dags/example_params_trigger_ui.py
[2023-05-01T06:23:25.158+0000] {logging_mixin.py:149} INFO - [2023-05-01T06:23:25.158+0000] {dag.py:2726} INFO - Sync 1 DAGs
[2023-05-01T06:23:25.179+0000] {logging_mixin.py:149} INFO - [2023-05-01T06:23:25.179+0000] {dag.py:3490} INFO - Setting next_dagrun for example_params_trigger_ui to None, run_after=None
[2023-05-01T06:23:25.195+0000] {processor.py:178} INFO - Processing /home/airflow/.local/lib/python3.7/site-packages/airflow/example_dags/example_params_trigger_ui.py took 0.140 seconds
