[2023-05-01T06:20:21.317+0000] {processor.py:156} INFO - Started process (PID=57) to work on /home/airflow/.local/lib/python3.7/site-packages/airflow/example_dags/example_task_group.py
[2023-05-01T06:20:21.318+0000] {processor.py:799} INFO - Processing file /home/airflow/.local/lib/python3.7/site-packages/airflow/example_dags/example_task_group.py for tasks to queue
[2023-05-01T06:20:21.318+0000] {logging_mixin.py:149} INFO - [2023-05-01T06:20:21.318+0000] {dagbag.py:541} INFO - Filling up the DagBag from /home/airflow/.local/lib/python3.7/site-packages/airflow/example_dags/example_task_group.py
[2023-05-01T06:20:21.329+0000] {processor.py:809} INFO - DAG(s) dict_keys(['example_task_group']) retrieved from /home/airflow/.local/lib/python3.7/site-packages/airflow/example_dags/example_task_group.py
[2023-05-01T06:20:21.352+0000] {logging_mixin.py:149} INFO - [2023-05-01T06:20:21.352+0000] {dag.py:2726} INFO - Sync 1 DAGs
[2023-05-01T06:20:21.403+0000] {logging_mixin.py:149} INFO - [2023-05-01T06:20:21.403+0000] {dag.py:3490} INFO - Setting next_dagrun for example_task_group to 2023-04-30T06:20:21.403210+00:00, run_after=2023-05-01T06:20:21.403210+00:00
[2023-05-01T06:20:21.425+0000] {processor.py:178} INFO - Processing /home/airflow/.local/lib/python3.7/site-packages/airflow/example_dags/example_task_group.py took 0.110 seconds
[2023-05-01T06:20:52.029+0000] {processor.py:156} INFO - Started process (PID=113) to work on /home/airflow/.local/lib/python3.7/site-packages/airflow/example_dags/example_task_group.py
[2023-05-01T06:20:52.030+0000] {processor.py:799} INFO - Processing file /home/airflow/.local/lib/python3.7/site-packages/airflow/example_dags/example_task_group.py for tasks to queue
[2023-05-01T06:20:52.030+0000] {logging_mixin.py:149} INFO - [2023-05-01T06:20:52.030+0000] {dagbag.py:541} INFO - Filling up the DagBag from /home/airflow/.local/lib/python3.7/site-packages/airflow/example_dags/example_task_group.py
[2023-05-01T06:20:52.036+0000] {processor.py:809} INFO - DAG(s) dict_keys(['example_task_group']) retrieved from /home/airflow/.local/lib/python3.7/site-packages/airflow/example_dags/example_task_group.py
[2023-05-01T06:20:52.058+0000] {logging_mixin.py:149} INFO - [2023-05-01T06:20:52.057+0000] {dag.py:2726} INFO - Sync 1 DAGs
[2023-05-01T06:20:52.080+0000] {logging_mixin.py:149} INFO - [2023-05-01T06:20:52.080+0000] {dag.py:3490} INFO - Setting next_dagrun for example_task_group to 2023-04-30T06:20:52.080175+00:00, run_after=2023-05-01T06:20:52.080175+00:00
[2023-05-01T06:20:52.095+0000] {processor.py:178} INFO - Processing /home/airflow/.local/lib/python3.7/site-packages/airflow/example_dags/example_task_group.py took 0.069 seconds
[2023-05-01T06:21:22.612+0000] {processor.py:156} INFO - Started process (PID=169) to work on /home/airflow/.local/lib/python3.7/site-packages/airflow/example_dags/example_task_group.py
[2023-05-01T06:21:22.613+0000] {processor.py:799} INFO - Processing file /home/airflow/.local/lib/python3.7/site-packages/airflow/example_dags/example_task_group.py for tasks to queue
[2023-05-01T06:21:22.613+0000] {logging_mixin.py:149} INFO - [2023-05-01T06:21:22.613+0000] {dagbag.py:541} INFO - Filling up the DagBag from /home/airflow/.local/lib/python3.7/site-packages/airflow/example_dags/example_task_group.py
[2023-05-01T06:21:22.619+0000] {processor.py:809} INFO - DAG(s) dict_keys(['example_task_group']) retrieved from /home/airflow/.local/lib/python3.7/site-packages/airflow/example_dags/example_task_group.py
[2023-05-01T06:21:22.642+0000] {logging_mixin.py:149} INFO - [2023-05-01T06:21:22.642+0000] {dag.py:2726} INFO - Sync 1 DAGs
[2023-05-01T06:21:22.664+0000] {logging_mixin.py:149} INFO - [2023-05-01T06:21:22.664+0000] {dag.py:3490} INFO - Setting next_dagrun for example_task_group to 2023-04-30T06:21:22.664466+00:00, run_after=2023-05-01T06:21:22.664466+00:00
[2023-05-01T06:21:22.682+0000] {processor.py:178} INFO - Processing /home/airflow/.local/lib/python3.7/site-packages/airflow/example_dags/example_task_group.py took 0.072 seconds
[2023-05-01T06:21:53.107+0000] {processor.py:156} INFO - Started process (PID=225) to work on /home/airflow/.local/lib/python3.7/site-packages/airflow/example_dags/example_task_group.py
[2023-05-01T06:21:53.108+0000] {processor.py:799} INFO - Processing file /home/airflow/.local/lib/python3.7/site-packages/airflow/example_dags/example_task_group.py for tasks to queue
[2023-05-01T06:21:53.108+0000] {logging_mixin.py:149} INFO - [2023-05-01T06:21:53.108+0000] {dagbag.py:541} INFO - Filling up the DagBag from /home/airflow/.local/lib/python3.7/site-packages/airflow/example_dags/example_task_group.py
[2023-05-01T06:21:53.115+0000] {processor.py:809} INFO - DAG(s) dict_keys(['example_task_group']) retrieved from /home/airflow/.local/lib/python3.7/site-packages/airflow/example_dags/example_task_group.py
[2023-05-01T06:21:53.136+0000] {logging_mixin.py:149} INFO - [2023-05-01T06:21:53.135+0000] {dag.py:2726} INFO - Sync 1 DAGs
[2023-05-01T06:21:53.157+0000] {logging_mixin.py:149} INFO - [2023-05-01T06:21:53.157+0000] {dag.py:3490} INFO - Setting next_dagrun for example_task_group to 2023-04-30T06:21:53.157608+00:00, run_after=2023-05-01T06:21:53.157608+00:00
[2023-05-01T06:21:53.173+0000] {processor.py:178} INFO - Processing /home/airflow/.local/lib/python3.7/site-packages/airflow/example_dags/example_task_group.py took 0.069 seconds
[2023-05-01T06:22:23.620+0000] {processor.py:156} INFO - Started process (PID=281) to work on /home/airflow/.local/lib/python3.7/site-packages/airflow/example_dags/example_task_group.py
[2023-05-01T06:22:23.621+0000] {processor.py:799} INFO - Processing file /home/airflow/.local/lib/python3.7/site-packages/airflow/example_dags/example_task_group.py for tasks to queue
[2023-05-01T06:22:23.621+0000] {logging_mixin.py:149} INFO - [2023-05-01T06:22:23.621+0000] {dagbag.py:541} INFO - Filling up the DagBag from /home/airflow/.local/lib/python3.7/site-packages/airflow/example_dags/example_task_group.py
[2023-05-01T06:22:23.628+0000] {processor.py:809} INFO - DAG(s) dict_keys(['example_task_group']) retrieved from /home/airflow/.local/lib/python3.7/site-packages/airflow/example_dags/example_task_group.py
[2023-05-01T06:22:23.649+0000] {logging_mixin.py:149} INFO - [2023-05-01T06:22:23.649+0000] {dag.py:2726} INFO - Sync 1 DAGs
[2023-05-01T06:22:23.670+0000] {logging_mixin.py:149} INFO - [2023-05-01T06:22:23.670+0000] {dag.py:3490} INFO - Setting next_dagrun for example_task_group to 2023-04-30T06:22:23.670601+00:00, run_after=2023-05-01T06:22:23.670601+00:00
[2023-05-01T06:22:23.687+0000] {processor.py:178} INFO - Processing /home/airflow/.local/lib/python3.7/site-packages/airflow/example_dags/example_task_group.py took 0.069 seconds
[2023-05-01T06:22:54.091+0000] {processor.py:156} INFO - Started process (PID=337) to work on /home/airflow/.local/lib/python3.7/site-packages/airflow/example_dags/example_task_group.py
[2023-05-01T06:22:54.092+0000] {processor.py:799} INFO - Processing file /home/airflow/.local/lib/python3.7/site-packages/airflow/example_dags/example_task_group.py for tasks to queue
[2023-05-01T06:22:54.092+0000] {logging_mixin.py:149} INFO - [2023-05-01T06:22:54.092+0000] {dagbag.py:541} INFO - Filling up the DagBag from /home/airflow/.local/lib/python3.7/site-packages/airflow/example_dags/example_task_group.py
[2023-05-01T06:22:54.099+0000] {processor.py:809} INFO - DAG(s) dict_keys(['example_task_group']) retrieved from /home/airflow/.local/lib/python3.7/site-packages/airflow/example_dags/example_task_group.py
[2023-05-01T06:22:54.122+0000] {logging_mixin.py:149} INFO - [2023-05-01T06:22:54.122+0000] {dag.py:2726} INFO - Sync 1 DAGs
[2023-05-01T06:22:54.144+0000] {logging_mixin.py:149} INFO - [2023-05-01T06:22:54.144+0000] {dag.py:3490} INFO - Setting next_dagrun for example_task_group to 2023-04-30T06:22:54.143860+00:00, run_after=2023-05-01T06:22:54.143860+00:00
[2023-05-01T06:22:54.160+0000] {processor.py:178} INFO - Processing /home/airflow/.local/lib/python3.7/site-packages/airflow/example_dags/example_task_group.py took 0.071 seconds
[2023-05-01T06:23:24.963+0000] {processor.py:156} INFO - Started process (PID=392) to work on /home/airflow/.local/lib/python3.7/site-packages/airflow/example_dags/example_task_group.py
[2023-05-01T06:23:24.963+0000] {processor.py:799} INFO - Processing file /home/airflow/.local/lib/python3.7/site-packages/airflow/example_dags/example_task_group.py for tasks to queue
[2023-05-01T06:23:24.964+0000] {logging_mixin.py:149} INFO - [2023-05-01T06:23:24.964+0000] {dagbag.py:541} INFO - Filling up the DagBag from /home/airflow/.local/lib/python3.7/site-packages/airflow/example_dags/example_task_group.py
[2023-05-01T06:23:24.973+0000] {processor.py:809} INFO - DAG(s) dict_keys(['example_task_group']) retrieved from /home/airflow/.local/lib/python3.7/site-packages/airflow/example_dags/example_task_group.py
[2023-05-01T06:23:24.995+0000] {logging_mixin.py:149} INFO - [2023-05-01T06:23:24.995+0000] {dag.py:2726} INFO - Sync 1 DAGs
[2023-05-01T06:23:25.018+0000] {logging_mixin.py:149} INFO - [2023-05-01T06:23:25.018+0000] {dag.py:3490} INFO - Setting next_dagrun for example_task_group to 2023-04-30T06:23:25.018526+00:00, run_after=2023-05-01T06:23:25.018526+00:00
[2023-05-01T06:23:25.036+0000] {processor.py:178} INFO - Processing /home/airflow/.local/lib/python3.7/site-packages/airflow/example_dags/example_task_group.py took 0.076 seconds
[2023-05-01T06:23:55.650+0000] {processor.py:156} INFO - Started process (PID=448) to work on /home/airflow/.local/lib/python3.7/site-packages/airflow/example_dags/example_task_group.py
[2023-05-01T06:23:55.650+0000] {processor.py:799} INFO - Processing file /home/airflow/.local/lib/python3.7/site-packages/airflow/example_dags/example_task_group.py for tasks to queue
[2023-05-01T06:23:55.651+0000] {logging_mixin.py:149} INFO - [2023-05-01T06:23:55.650+0000] {dagbag.py:541} INFO - Filling up the DagBag from /home/airflow/.local/lib/python3.7/site-packages/airflow/example_dags/example_task_group.py
[2023-05-01T06:23:55.657+0000] {processor.py:809} INFO - DAG(s) dict_keys(['example_task_group']) retrieved from /home/airflow/.local/lib/python3.7/site-packages/airflow/example_dags/example_task_group.py
[2023-05-01T06:23:55.677+0000] {logging_mixin.py:149} INFO - [2023-05-01T06:23:55.677+0000] {dag.py:2726} INFO - Sync 1 DAGs
[2023-05-01T06:23:55.697+0000] {logging_mixin.py:149} INFO - [2023-05-01T06:23:55.697+0000] {dag.py:3490} INFO - Setting next_dagrun for example_task_group to 2023-04-30T06:23:55.697532+00:00, run_after=2023-05-01T06:23:55.697532+00:00
[2023-05-01T06:23:55.714+0000] {processor.py:178} INFO - Processing /home/airflow/.local/lib/python3.7/site-packages/airflow/example_dags/example_task_group.py took 0.066 seconds
[2023-05-01T06:24:26.144+0000] {processor.py:156} INFO - Started process (PID=504) to work on /home/airflow/.local/lib/python3.7/site-packages/airflow/example_dags/example_task_group.py
[2023-05-01T06:24:26.145+0000] {processor.py:799} INFO - Processing file /home/airflow/.local/lib/python3.7/site-packages/airflow/example_dags/example_task_group.py for tasks to queue
[2023-05-01T06:24:26.145+0000] {logging_mixin.py:149} INFO - [2023-05-01T06:24:26.145+0000] {dagbag.py:541} INFO - Filling up the DagBag from /home/airflow/.local/lib/python3.7/site-packages/airflow/example_dags/example_task_group.py
[2023-05-01T06:24:26.151+0000] {processor.py:809} INFO - DAG(s) dict_keys(['example_task_group']) retrieved from /home/airflow/.local/lib/python3.7/site-packages/airflow/example_dags/example_task_group.py
[2023-05-01T06:24:26.172+0000] {logging_mixin.py:149} INFO - [2023-05-01T06:24:26.172+0000] {dag.py:2726} INFO - Sync 1 DAGs
[2023-05-01T06:24:26.193+0000] {logging_mixin.py:149} INFO - [2023-05-01T06:24:26.193+0000] {dag.py:3490} INFO - Setting next_dagrun for example_task_group to 2023-04-30T06:24:26.193057+00:00, run_after=2023-05-01T06:24:26.193057+00:00
[2023-05-01T06:24:26.209+0000] {processor.py:178} INFO - Processing /home/airflow/.local/lib/python3.7/site-packages/airflow/example_dags/example_task_group.py took 0.067 seconds
[2023-05-01T06:24:57.005+0000] {processor.py:156} INFO - Started process (PID=560) to work on /home/airflow/.local/lib/python3.7/site-packages/airflow/example_dags/example_task_group.py
[2023-05-01T06:24:57.007+0000] {processor.py:799} INFO - Processing file /home/airflow/.local/lib/python3.7/site-packages/airflow/example_dags/example_task_group.py for tasks to queue
[2023-05-01T06:24:57.008+0000] {logging_mixin.py:149} INFO - [2023-05-01T06:24:57.008+0000] {dagbag.py:541} INFO - Filling up the DagBag from /home/airflow/.local/lib/python3.7/site-packages/airflow/example_dags/example_task_group.py
[2023-05-01T06:24:57.023+0000] {processor.py:809} INFO - DAG(s) dict_keys(['example_task_group']) retrieved from /home/airflow/.local/lib/python3.7/site-packages/airflow/example_dags/example_task_group.py
[2023-05-01T06:24:57.052+0000] {logging_mixin.py:149} INFO - [2023-05-01T06:24:57.052+0000] {dag.py:2726} INFO - Sync 1 DAGs
[2023-05-01T06:24:57.084+0000] {logging_mixin.py:149} INFO - [2023-05-01T06:24:57.084+0000] {dag.py:3490} INFO - Setting next_dagrun for example_task_group to 2023-04-30T06:24:57.084562+00:00, run_after=2023-05-01T06:24:57.084562+00:00
[2023-05-01T06:24:57.108+0000] {processor.py:178} INFO - Processing /home/airflow/.local/lib/python3.7/site-packages/airflow/example_dags/example_task_group.py took 0.105 seconds
[2023-05-01T06:25:28.062+0000] {processor.py:156} INFO - Started process (PID=616) to work on /home/airflow/.local/lib/python3.7/site-packages/airflow/example_dags/example_task_group.py
[2023-05-01T06:25:28.062+0000] {processor.py:799} INFO - Processing file /home/airflow/.local/lib/python3.7/site-packages/airflow/example_dags/example_task_group.py for tasks to queue
[2023-05-01T06:25:28.063+0000] {logging_mixin.py:149} INFO - [2023-05-01T06:25:28.063+0000] {dagbag.py:541} INFO - Filling up the DagBag from /home/airflow/.local/lib/python3.7/site-packages/airflow/example_dags/example_task_group.py
[2023-05-01T06:25:28.069+0000] {processor.py:809} INFO - DAG(s) dict_keys(['example_task_group']) retrieved from /home/airflow/.local/lib/python3.7/site-packages/airflow/example_dags/example_task_group.py
[2023-05-01T06:25:28.090+0000] {logging_mixin.py:149} INFO - [2023-05-01T06:25:28.090+0000] {dag.py:2726} INFO - Sync 1 DAGs
[2023-05-01T06:25:28.112+0000] {logging_mixin.py:149} INFO - [2023-05-01T06:25:28.112+0000] {dag.py:3490} INFO - Setting next_dagrun for example_task_group to 2023-04-30T06:25:28.112668+00:00, run_after=2023-05-01T06:25:28.112668+00:00
[2023-05-01T06:25:28.130+0000] {processor.py:178} INFO - Processing /home/airflow/.local/lib/python3.7/site-packages/airflow/example_dags/example_task_group.py took 0.070 seconds
