[2023-05-01T06:20:20.966+0000] {processor.py:156} INFO - Started process (PID=53) to work on /home/airflow/.local/lib/python3.7/site-packages/airflow/example_dags/example_latest_only.py
[2023-05-01T06:20:20.967+0000] {processor.py:799} INFO - Processing file /home/airflow/.local/lib/python3.7/site-packages/airflow/example_dags/example_latest_only.py for tasks to queue
[2023-05-01T06:20:20.967+0000] {logging_mixin.py:149} INFO - [2023-05-01T06:20:20.967+0000] {dagbag.py:541} INFO - Filling up the DagBag from /home/airflow/.local/lib/python3.7/site-packages/airflow/example_dags/example_latest_only.py
[2023-05-01T06:20:20.974+0000] {processor.py:809} INFO - DAG(s) dict_keys(['latest_only']) retrieved from /home/airflow/.local/lib/python3.7/site-packages/airflow/example_dags/example_latest_only.py
[2023-05-01T06:20:20.987+0000] {logging_mixin.py:149} INFO - [2023-05-01T06:20:20.987+0000] {dag.py:2726} INFO - Sync 1 DAGs
[2023-05-01T06:20:21.016+0000] {logging_mixin.py:149} INFO - [2023-05-01T06:20:21.016+0000] {dag.py:3490} INFO - Setting next_dagrun for latest_only to 2023-05-01T02:20:21.015920+00:00, run_after=2023-05-01T06:20:21.015920+00:00
[2023-05-01T06:20:21.033+0000] {processor.py:178} INFO - Processing /home/airflow/.local/lib/python3.7/site-packages/airflow/example_dags/example_latest_only.py took 0.070 seconds
[2023-05-01T06:20:51.689+0000] {processor.py:156} INFO - Started process (PID=108) to work on /home/airflow/.local/lib/python3.7/site-packages/airflow/example_dags/example_latest_only.py
[2023-05-01T06:20:51.690+0000] {processor.py:799} INFO - Processing file /home/airflow/.local/lib/python3.7/site-packages/airflow/example_dags/example_latest_only.py for tasks to queue
[2023-05-01T06:20:51.690+0000] {logging_mixin.py:149} INFO - [2023-05-01T06:20:51.690+0000] {dagbag.py:541} INFO - Filling up the DagBag from /home/airflow/.local/lib/python3.7/site-packages/airflow/example_dags/example_latest_only.py
[2023-05-01T06:20:51.694+0000] {processor.py:809} INFO - DAG(s) dict_keys(['latest_only']) retrieved from /home/airflow/.local/lib/python3.7/site-packages/airflow/example_dags/example_latest_only.py
[2023-05-01T06:20:51.713+0000] {logging_mixin.py:149} INFO - [2023-05-01T06:20:51.713+0000] {dag.py:2726} INFO - Sync 1 DAGs
[2023-05-01T06:20:51.734+0000] {logging_mixin.py:149} INFO - [2023-05-01T06:20:51.734+0000] {dag.py:3490} INFO - Setting next_dagrun for latest_only to 2023-05-01T02:20:51.733908+00:00, run_after=2023-05-01T06:20:51.733908+00:00
[2023-05-01T06:20:51.748+0000] {processor.py:178} INFO - Processing /home/airflow/.local/lib/python3.7/site-packages/airflow/example_dags/example_latest_only.py took 0.062 seconds
[2023-05-01T06:21:22.297+0000] {processor.py:156} INFO - Started process (PID=165) to work on /home/airflow/.local/lib/python3.7/site-packages/airflow/example_dags/example_latest_only.py
[2023-05-01T06:21:22.297+0000] {processor.py:799} INFO - Processing file /home/airflow/.local/lib/python3.7/site-packages/airflow/example_dags/example_latest_only.py for tasks to queue
[2023-05-01T06:21:22.298+0000] {logging_mixin.py:149} INFO - [2023-05-01T06:21:22.298+0000] {dagbag.py:541} INFO - Filling up the DagBag from /home/airflow/.local/lib/python3.7/site-packages/airflow/example_dags/example_latest_only.py
[2023-05-01T06:21:22.302+0000] {processor.py:809} INFO - DAG(s) dict_keys(['latest_only']) retrieved from /home/airflow/.local/lib/python3.7/site-packages/airflow/example_dags/example_latest_only.py
[2023-05-01T06:21:22.322+0000] {logging_mixin.py:149} INFO - [2023-05-01T06:21:22.321+0000] {dag.py:2726} INFO - Sync 1 DAGs
[2023-05-01T06:21:22.344+0000] {logging_mixin.py:149} INFO - [2023-05-01T06:21:22.344+0000] {dag.py:3490} INFO - Setting next_dagrun for latest_only to 2023-05-01T02:21:22.344658+00:00, run_after=2023-05-01T06:21:22.344658+00:00
[2023-05-01T06:21:22.361+0000] {processor.py:178} INFO - Processing /home/airflow/.local/lib/python3.7/site-packages/airflow/example_dags/example_latest_only.py took 0.067 seconds
[2023-05-01T06:21:52.798+0000] {processor.py:156} INFO - Started process (PID=221) to work on /home/airflow/.local/lib/python3.7/site-packages/airflow/example_dags/example_latest_only.py
[2023-05-01T06:21:52.798+0000] {processor.py:799} INFO - Processing file /home/airflow/.local/lib/python3.7/site-packages/airflow/example_dags/example_latest_only.py for tasks to queue
[2023-05-01T06:21:52.799+0000] {logging_mixin.py:149} INFO - [2023-05-01T06:21:52.799+0000] {dagbag.py:541} INFO - Filling up the DagBag from /home/airflow/.local/lib/python3.7/site-packages/airflow/example_dags/example_latest_only.py
[2023-05-01T06:21:52.803+0000] {processor.py:809} INFO - DAG(s) dict_keys(['latest_only']) retrieved from /home/airflow/.local/lib/python3.7/site-packages/airflow/example_dags/example_latest_only.py
[2023-05-01T06:21:52.822+0000] {logging_mixin.py:149} INFO - [2023-05-01T06:21:52.822+0000] {dag.py:2726} INFO - Sync 1 DAGs
[2023-05-01T06:21:52.843+0000] {logging_mixin.py:149} INFO - [2023-05-01T06:21:52.843+0000] {dag.py:3490} INFO - Setting next_dagrun for latest_only to 2023-05-01T02:21:52.843633+00:00, run_after=2023-05-01T06:21:52.843633+00:00
[2023-05-01T06:21:52.859+0000] {processor.py:178} INFO - Processing /home/airflow/.local/lib/python3.7/site-packages/airflow/example_dags/example_latest_only.py took 0.064 seconds
[2023-05-01T06:22:23.231+0000] {processor.py:156} INFO - Started process (PID=276) to work on /home/airflow/.local/lib/python3.7/site-packages/airflow/example_dags/example_latest_only.py
[2023-05-01T06:22:23.232+0000] {processor.py:799} INFO - Processing file /home/airflow/.local/lib/python3.7/site-packages/airflow/example_dags/example_latest_only.py for tasks to queue
[2023-05-01T06:22:23.232+0000] {logging_mixin.py:149} INFO - [2023-05-01T06:22:23.232+0000] {dagbag.py:541} INFO - Filling up the DagBag from /home/airflow/.local/lib/python3.7/site-packages/airflow/example_dags/example_latest_only.py
[2023-05-01T06:22:23.236+0000] {processor.py:809} INFO - DAG(s) dict_keys(['latest_only']) retrieved from /home/airflow/.local/lib/python3.7/site-packages/airflow/example_dags/example_latest_only.py
[2023-05-01T06:22:23.255+0000] {logging_mixin.py:149} INFO - [2023-05-01T06:22:23.255+0000] {dag.py:2726} INFO - Sync 1 DAGs
[2023-05-01T06:22:23.279+0000] {logging_mixin.py:149} INFO - [2023-05-01T06:22:23.278+0000] {dag.py:3490} INFO - Setting next_dagrun for latest_only to 2023-05-01T02:22:23.278737+00:00, run_after=2023-05-01T06:22:23.278737+00:00
[2023-05-01T06:22:23.293+0000] {processor.py:178} INFO - Processing /home/airflow/.local/lib/python3.7/site-packages/airflow/example_dags/example_latest_only.py took 0.065 seconds
[2023-05-01T06:22:53.788+0000] {processor.py:156} INFO - Started process (PID=332) to work on /home/airflow/.local/lib/python3.7/site-packages/airflow/example_dags/example_latest_only.py
[2023-05-01T06:22:53.788+0000] {processor.py:799} INFO - Processing file /home/airflow/.local/lib/python3.7/site-packages/airflow/example_dags/example_latest_only.py for tasks to queue
[2023-05-01T06:22:53.789+0000] {logging_mixin.py:149} INFO - [2023-05-01T06:22:53.789+0000] {dagbag.py:541} INFO - Filling up the DagBag from /home/airflow/.local/lib/python3.7/site-packages/airflow/example_dags/example_latest_only.py
[2023-05-01T06:22:53.793+0000] {processor.py:809} INFO - DAG(s) dict_keys(['latest_only']) retrieved from /home/airflow/.local/lib/python3.7/site-packages/airflow/example_dags/example_latest_only.py
[2023-05-01T06:22:53.813+0000] {logging_mixin.py:149} INFO - [2023-05-01T06:22:53.812+0000] {dag.py:2726} INFO - Sync 1 DAGs
[2023-05-01T06:22:53.834+0000] {logging_mixin.py:149} INFO - [2023-05-01T06:22:53.834+0000] {dag.py:3490} INFO - Setting next_dagrun for latest_only to 2023-05-01T02:22:53.834078+00:00, run_after=2023-05-01T06:22:53.834078+00:00
[2023-05-01T06:22:53.850+0000] {processor.py:178} INFO - Processing /home/airflow/.local/lib/python3.7/site-packages/airflow/example_dags/example_latest_only.py took 0.065 seconds
[2023-05-01T06:23:24.616+0000] {processor.py:156} INFO - Started process (PID=388) to work on /home/airflow/.local/lib/python3.7/site-packages/airflow/example_dags/example_latest_only.py
[2023-05-01T06:23:24.617+0000] {processor.py:799} INFO - Processing file /home/airflow/.local/lib/python3.7/site-packages/airflow/example_dags/example_latest_only.py for tasks to queue
[2023-05-01T06:23:24.617+0000] {logging_mixin.py:149} INFO - [2023-05-01T06:23:24.617+0000] {dagbag.py:541} INFO - Filling up the DagBag from /home/airflow/.local/lib/python3.7/site-packages/airflow/example_dags/example_latest_only.py
[2023-05-01T06:23:24.622+0000] {processor.py:809} INFO - DAG(s) dict_keys(['latest_only']) retrieved from /home/airflow/.local/lib/python3.7/site-packages/airflow/example_dags/example_latest_only.py
[2023-05-01T06:23:24.642+0000] {logging_mixin.py:149} INFO - [2023-05-01T06:23:24.641+0000] {dag.py:2726} INFO - Sync 1 DAGs
[2023-05-01T06:23:24.663+0000] {logging_mixin.py:149} INFO - [2023-05-01T06:23:24.663+0000] {dag.py:3490} INFO - Setting next_dagrun for latest_only to 2023-05-01T02:23:24.663323+00:00, run_after=2023-05-01T06:23:24.663323+00:00
[2023-05-01T06:23:24.680+0000] {processor.py:178} INFO - Processing /home/airflow/.local/lib/python3.7/site-packages/airflow/example_dags/example_latest_only.py took 0.066 seconds
