[2023-05-01T06:20:20.873+0000] {processor.py:156} INFO - Started process (PID=51) to work on /home/airflow/.local/lib/python3.7/site-packages/airflow/example_dags/example_branch_python_dop_operator_3.py
[2023-05-01T06:20:20.874+0000] {processor.py:799} INFO - Processing file /home/airflow/.local/lib/python3.7/site-packages/airflow/example_dags/example_branch_python_dop_operator_3.py for tasks to queue
[2023-05-01T06:20:20.874+0000] {logging_mixin.py:149} INFO - [2023-05-01T06:20:20.874+0000] {dagbag.py:541} INFO - Filling up the DagBag from /home/airflow/.local/lib/python3.7/site-packages/airflow/example_dags/example_branch_python_dop_operator_3.py
[2023-05-01T06:20:20.883+0000] {processor.py:809} INFO - DAG(s) dict_keys(['example_branch_dop_operator_v3']) retrieved from /home/airflow/.local/lib/python3.7/site-packages/airflow/example_dags/example_branch_python_dop_operator_3.py
[2023-05-01T06:20:20.895+0000] {logging_mixin.py:149} INFO - [2023-05-01T06:20:20.895+0000] {dag.py:2726} INFO - Sync 1 DAGs
[2023-05-01T06:20:20.924+0000] {logging_mixin.py:149} INFO - [2023-05-01T06:20:20.924+0000] {dag.py:3490} INFO - Setting next_dagrun for example_branch_dop_operator_v3 to 2023-05-01T06:19:00+00:00, run_after=2023-05-01T06:20:00+00:00
[2023-05-01T06:20:20.941+0000] {processor.py:178} INFO - Processing /home/airflow/.local/lib/python3.7/site-packages/airflow/example_dags/example_branch_python_dop_operator_3.py took 0.071 seconds
[2023-05-01T06:20:51.608+0000] {processor.py:156} INFO - Started process (PID=107) to work on /home/airflow/.local/lib/python3.7/site-packages/airflow/example_dags/example_branch_python_dop_operator_3.py
[2023-05-01T06:20:51.608+0000] {processor.py:799} INFO - Processing file /home/airflow/.local/lib/python3.7/site-packages/airflow/example_dags/example_branch_python_dop_operator_3.py for tasks to queue
[2023-05-01T06:20:51.609+0000] {logging_mixin.py:149} INFO - [2023-05-01T06:20:51.609+0000] {dagbag.py:541} INFO - Filling up the DagBag from /home/airflow/.local/lib/python3.7/site-packages/airflow/example_dags/example_branch_python_dop_operator_3.py
[2023-05-01T06:20:51.615+0000] {processor.py:809} INFO - DAG(s) dict_keys(['example_branch_dop_operator_v3']) retrieved from /home/airflow/.local/lib/python3.7/site-packages/airflow/example_dags/example_branch_python_dop_operator_3.py
[2023-05-01T06:20:51.634+0000] {logging_mixin.py:149} INFO - [2023-05-01T06:20:51.634+0000] {dag.py:2726} INFO - Sync 1 DAGs
[2023-05-01T06:20:51.658+0000] {logging_mixin.py:149} INFO - [2023-05-01T06:20:51.658+0000] {dag.py:3490} INFO - Setting next_dagrun for example_branch_dop_operator_v3 to 2023-05-01T06:19:00+00:00, run_after=2023-05-01T06:20:00+00:00
[2023-05-01T06:20:51.673+0000] {processor.py:178} INFO - Processing /home/airflow/.local/lib/python3.7/site-packages/airflow/example_dags/example_branch_python_dop_operator_3.py took 0.068 seconds
[2023-05-01T06:21:22.211+0000] {processor.py:156} INFO - Started process (PID=163) to work on /home/airflow/.local/lib/python3.7/site-packages/airflow/example_dags/example_branch_python_dop_operator_3.py
[2023-05-01T06:21:22.212+0000] {processor.py:799} INFO - Processing file /home/airflow/.local/lib/python3.7/site-packages/airflow/example_dags/example_branch_python_dop_operator_3.py for tasks to queue
[2023-05-01T06:21:22.212+0000] {logging_mixin.py:149} INFO - [2023-05-01T06:21:22.212+0000] {dagbag.py:541} INFO - Filling up the DagBag from /home/airflow/.local/lib/python3.7/site-packages/airflow/example_dags/example_branch_python_dop_operator_3.py
[2023-05-01T06:21:22.219+0000] {processor.py:809} INFO - DAG(s) dict_keys(['example_branch_dop_operator_v3']) retrieved from /home/airflow/.local/lib/python3.7/site-packages/airflow/example_dags/example_branch_python_dop_operator_3.py
[2023-05-01T06:21:22.239+0000] {logging_mixin.py:149} INFO - [2023-05-01T06:21:22.239+0000] {dag.py:2726} INFO - Sync 1 DAGs
[2023-05-01T06:21:22.263+0000] {logging_mixin.py:149} INFO - [2023-05-01T06:21:22.263+0000] {dag.py:3490} INFO - Setting next_dagrun for example_branch_dop_operator_v3 to 2023-05-01T06:20:00+00:00, run_after=2023-05-01T06:21:00+00:00
[2023-05-01T06:21:22.280+0000] {processor.py:178} INFO - Processing /home/airflow/.local/lib/python3.7/site-packages/airflow/example_dags/example_branch_python_dop_operator_3.py took 0.071 seconds
[2023-05-01T06:21:52.709+0000] {processor.py:156} INFO - Started process (PID=219) to work on /home/airflow/.local/lib/python3.7/site-packages/airflow/example_dags/example_branch_python_dop_operator_3.py
[2023-05-01T06:21:52.710+0000] {processor.py:799} INFO - Processing file /home/airflow/.local/lib/python3.7/site-packages/airflow/example_dags/example_branch_python_dop_operator_3.py for tasks to queue
[2023-05-01T06:21:52.710+0000] {logging_mixin.py:149} INFO - [2023-05-01T06:21:52.710+0000] {dagbag.py:541} INFO - Filling up the DagBag from /home/airflow/.local/lib/python3.7/site-packages/airflow/example_dags/example_branch_python_dop_operator_3.py
[2023-05-01T06:21:52.716+0000] {processor.py:809} INFO - DAG(s) dict_keys(['example_branch_dop_operator_v3']) retrieved from /home/airflow/.local/lib/python3.7/site-packages/airflow/example_dags/example_branch_python_dop_operator_3.py
[2023-05-01T06:21:52.737+0000] {logging_mixin.py:149} INFO - [2023-05-01T06:21:52.737+0000] {dag.py:2726} INFO - Sync 1 DAGs
[2023-05-01T06:21:52.762+0000] {logging_mixin.py:149} INFO - [2023-05-01T06:21:52.762+0000] {dag.py:3490} INFO - Setting next_dagrun for example_branch_dop_operator_v3 to 2023-05-01T06:20:00+00:00, run_after=2023-05-01T06:21:00+00:00
[2023-05-01T06:21:52.777+0000] {processor.py:178} INFO - Processing /home/airflow/.local/lib/python3.7/site-packages/airflow/example_dags/example_branch_python_dop_operator_3.py took 0.071 seconds
[2023-05-01T06:22:23.152+0000] {processor.py:156} INFO - Started process (PID=275) to work on /home/airflow/.local/lib/python3.7/site-packages/airflow/example_dags/example_branch_python_dop_operator_3.py
[2023-05-01T06:22:23.153+0000] {processor.py:799} INFO - Processing file /home/airflow/.local/lib/python3.7/site-packages/airflow/example_dags/example_branch_python_dop_operator_3.py for tasks to queue
[2023-05-01T06:22:23.154+0000] {logging_mixin.py:149} INFO - [2023-05-01T06:22:23.154+0000] {dagbag.py:541} INFO - Filling up the DagBag from /home/airflow/.local/lib/python3.7/site-packages/airflow/example_dags/example_branch_python_dop_operator_3.py
[2023-05-01T06:22:23.160+0000] {processor.py:809} INFO - DAG(s) dict_keys(['example_branch_dop_operator_v3']) retrieved from /home/airflow/.local/lib/python3.7/site-packages/airflow/example_dags/example_branch_python_dop_operator_3.py
[2023-05-01T06:22:23.180+0000] {logging_mixin.py:149} INFO - [2023-05-01T06:22:23.180+0000] {dag.py:2726} INFO - Sync 1 DAGs
[2023-05-01T06:22:23.204+0000] {logging_mixin.py:149} INFO - [2023-05-01T06:22:23.204+0000] {dag.py:3490} INFO - Setting next_dagrun for example_branch_dop_operator_v3 to 2023-05-01T06:21:00+00:00, run_after=2023-05-01T06:22:00+00:00
[2023-05-01T06:22:23.220+0000] {processor.py:178} INFO - Processing /home/airflow/.local/lib/python3.7/site-packages/airflow/example_dags/example_branch_python_dop_operator_3.py took 0.070 seconds
[2023-05-01T06:22:53.705+0000] {processor.py:156} INFO - Started process (PID=331) to work on /home/airflow/.local/lib/python3.7/site-packages/airflow/example_dags/example_branch_python_dop_operator_3.py
[2023-05-01T06:22:53.706+0000] {processor.py:799} INFO - Processing file /home/airflow/.local/lib/python3.7/site-packages/airflow/example_dags/example_branch_python_dop_operator_3.py for tasks to queue
[2023-05-01T06:22:53.706+0000] {logging_mixin.py:149} INFO - [2023-05-01T06:22:53.706+0000] {dagbag.py:541} INFO - Filling up the DagBag from /home/airflow/.local/lib/python3.7/site-packages/airflow/example_dags/example_branch_python_dop_operator_3.py
[2023-05-01T06:22:53.712+0000] {processor.py:809} INFO - DAG(s) dict_keys(['example_branch_dop_operator_v3']) retrieved from /home/airflow/.local/lib/python3.7/site-packages/airflow/example_dags/example_branch_python_dop_operator_3.py
[2023-05-01T06:22:53.732+0000] {logging_mixin.py:149} INFO - [2023-05-01T06:22:53.732+0000] {dag.py:2726} INFO - Sync 1 DAGs
[2023-05-01T06:22:53.757+0000] {logging_mixin.py:149} INFO - [2023-05-01T06:22:53.757+0000] {dag.py:3490} INFO - Setting next_dagrun for example_branch_dop_operator_v3 to 2023-05-01T06:21:00+00:00, run_after=2023-05-01T06:22:00+00:00
[2023-05-01T06:22:53.772+0000] {processor.py:178} INFO - Processing /home/airflow/.local/lib/python3.7/site-packages/airflow/example_dags/example_branch_python_dop_operator_3.py took 0.070 seconds
[2023-05-01T06:23:24.525+0000] {processor.py:156} INFO - Started process (PID=386) to work on /home/airflow/.local/lib/python3.7/site-packages/airflow/example_dags/example_branch_python_dop_operator_3.py
[2023-05-01T06:23:24.525+0000] {processor.py:799} INFO - Processing file /home/airflow/.local/lib/python3.7/site-packages/airflow/example_dags/example_branch_python_dop_operator_3.py for tasks to queue
[2023-05-01T06:23:24.526+0000] {logging_mixin.py:149} INFO - [2023-05-01T06:23:24.526+0000] {dagbag.py:541} INFO - Filling up the DagBag from /home/airflow/.local/lib/python3.7/site-packages/airflow/example_dags/example_branch_python_dop_operator_3.py
[2023-05-01T06:23:24.533+0000] {processor.py:809} INFO - DAG(s) dict_keys(['example_branch_dop_operator_v3']) retrieved from /home/airflow/.local/lib/python3.7/site-packages/airflow/example_dags/example_branch_python_dop_operator_3.py
[2023-05-01T06:23:24.553+0000] {logging_mixin.py:149} INFO - [2023-05-01T06:23:24.553+0000] {dag.py:2726} INFO - Sync 1 DAGs
[2023-05-01T06:23:24.578+0000] {logging_mixin.py:149} INFO - [2023-05-01T06:23:24.578+0000] {dag.py:3490} INFO - Setting next_dagrun for example_branch_dop_operator_v3 to 2023-05-01T06:22:00+00:00, run_after=2023-05-01T06:23:00+00:00
[2023-05-01T06:23:24.595+0000] {processor.py:178} INFO - Processing /home/airflow/.local/lib/python3.7/site-packages/airflow/example_dags/example_branch_python_dop_operator_3.py took 0.072 seconds
[2023-05-01T06:23:55.189+0000] {processor.py:156} INFO - Started process (PID=442) to work on /home/airflow/.local/lib/python3.7/site-packages/airflow/example_dags/example_branch_python_dop_operator_3.py
[2023-05-01T06:23:55.190+0000] {processor.py:799} INFO - Processing file /home/airflow/.local/lib/python3.7/site-packages/airflow/example_dags/example_branch_python_dop_operator_3.py for tasks to queue
[2023-05-01T06:23:55.190+0000] {logging_mixin.py:149} INFO - [2023-05-01T06:23:55.190+0000] {dagbag.py:541} INFO - Filling up the DagBag from /home/airflow/.local/lib/python3.7/site-packages/airflow/example_dags/example_branch_python_dop_operator_3.py
[2023-05-01T06:23:55.197+0000] {processor.py:809} INFO - DAG(s) dict_keys(['example_branch_dop_operator_v3']) retrieved from /home/airflow/.local/lib/python3.7/site-packages/airflow/example_dags/example_branch_python_dop_operator_3.py
[2023-05-01T06:23:55.216+0000] {logging_mixin.py:149} INFO - [2023-05-01T06:23:55.216+0000] {dag.py:2726} INFO - Sync 1 DAGs
[2023-05-01T06:23:55.240+0000] {logging_mixin.py:149} INFO - [2023-05-01T06:23:55.240+0000] {dag.py:3490} INFO - Setting next_dagrun for example_branch_dop_operator_v3 to 2023-05-01T06:22:00+00:00, run_after=2023-05-01T06:23:00+00:00
[2023-05-01T06:23:55.255+0000] {processor.py:178} INFO - Processing /home/airflow/.local/lib/python3.7/site-packages/airflow/example_dags/example_branch_python_dop_operator_3.py took 0.068 seconds
[2023-05-01T06:24:25.728+0000] {processor.py:156} INFO - Started process (PID=498) to work on /home/airflow/.local/lib/python3.7/site-packages/airflow/example_dags/example_branch_python_dop_operator_3.py
[2023-05-01T06:24:25.729+0000] {processor.py:799} INFO - Processing file /home/airflow/.local/lib/python3.7/site-packages/airflow/example_dags/example_branch_python_dop_operator_3.py for tasks to queue
[2023-05-01T06:24:25.730+0000] {logging_mixin.py:149} INFO - [2023-05-01T06:24:25.730+0000] {dagbag.py:541} INFO - Filling up the DagBag from /home/airflow/.local/lib/python3.7/site-packages/airflow/example_dags/example_branch_python_dop_operator_3.py
[2023-05-01T06:24:25.742+0000] {processor.py:809} INFO - DAG(s) dict_keys(['example_branch_dop_operator_v3']) retrieved from /home/airflow/.local/lib/python3.7/site-packages/airflow/example_dags/example_branch_python_dop_operator_3.py
[2023-05-01T06:24:25.766+0000] {logging_mixin.py:149} INFO - [2023-05-01T06:24:25.766+0000] {dag.py:2726} INFO - Sync 1 DAGs
[2023-05-01T06:24:25.794+0000] {logging_mixin.py:149} INFO - [2023-05-01T06:24:25.794+0000] {dag.py:3490} INFO - Setting next_dagrun for example_branch_dop_operator_v3 to 2023-05-01T06:23:00+00:00, run_after=2023-05-01T06:24:00+00:00
[2023-05-01T06:24:25.811+0000] {processor.py:178} INFO - Processing /home/airflow/.local/lib/python3.7/site-packages/airflow/example_dags/example_branch_python_dop_operator_3.py took 0.086 seconds
[2023-05-01T06:24:56.408+0000] {processor.py:156} INFO - Started process (PID=554) to work on /home/airflow/.local/lib/python3.7/site-packages/airflow/example_dags/example_branch_python_dop_operator_3.py
[2023-05-01T06:24:56.409+0000] {processor.py:799} INFO - Processing file /home/airflow/.local/lib/python3.7/site-packages/airflow/example_dags/example_branch_python_dop_operator_3.py for tasks to queue
[2023-05-01T06:24:56.410+0000] {logging_mixin.py:149} INFO - [2023-05-01T06:24:56.409+0000] {dagbag.py:541} INFO - Filling up the DagBag from /home/airflow/.local/lib/python3.7/site-packages/airflow/example_dags/example_branch_python_dop_operator_3.py
[2023-05-01T06:24:56.416+0000] {processor.py:809} INFO - DAG(s) dict_keys(['example_branch_dop_operator_v3']) retrieved from /home/airflow/.local/lib/python3.7/site-packages/airflow/example_dags/example_branch_python_dop_operator_3.py
[2023-05-01T06:24:56.436+0000] {logging_mixin.py:149} INFO - [2023-05-01T06:24:56.436+0000] {dag.py:2726} INFO - Sync 1 DAGs
[2023-05-01T06:24:56.461+0000] {logging_mixin.py:149} INFO - [2023-05-01T06:24:56.461+0000] {dag.py:3490} INFO - Setting next_dagrun for example_branch_dop_operator_v3 to 2023-05-01T06:23:00+00:00, run_after=2023-05-01T06:24:00+00:00
[2023-05-01T06:24:56.478+0000] {processor.py:178} INFO - Processing /home/airflow/.local/lib/python3.7/site-packages/airflow/example_dags/example_branch_python_dop_operator_3.py took 0.073 seconds
[2023-05-01T06:25:26.630+0000] {processor.py:156} INFO - Started process (PID=610) to work on /home/airflow/.local/lib/python3.7/site-packages/airflow/example_dags/example_branch_python_dop_operator_3.py
[2023-05-01T06:25:26.630+0000] {processor.py:799} INFO - Processing file /home/airflow/.local/lib/python3.7/site-packages/airflow/example_dags/example_branch_python_dop_operator_3.py for tasks to queue
[2023-05-01T06:25:26.631+0000] {logging_mixin.py:149} INFO - [2023-05-01T06:25:26.631+0000] {dagbag.py:541} INFO - Filling up the DagBag from /home/airflow/.local/lib/python3.7/site-packages/airflow/example_dags/example_branch_python_dop_operator_3.py
[2023-05-01T06:25:26.638+0000] {processor.py:809} INFO - DAG(s) dict_keys(['example_branch_dop_operator_v3']) retrieved from /home/airflow/.local/lib/python3.7/site-packages/airflow/example_dags/example_branch_python_dop_operator_3.py
[2023-05-01T06:25:26.657+0000] {logging_mixin.py:149} INFO - [2023-05-01T06:25:26.657+0000] {dag.py:2726} INFO - Sync 1 DAGs
[2023-05-01T06:25:26.681+0000] {logging_mixin.py:149} INFO - [2023-05-01T06:25:26.681+0000] {dag.py:3490} INFO - Setting next_dagrun for example_branch_dop_operator_v3 to 2023-05-01T06:24:00+00:00, run_after=2023-05-01T06:25:00+00:00
[2023-05-01T06:25:26.697+0000] {processor.py:178} INFO - Processing /home/airflow/.local/lib/python3.7/site-packages/airflow/example_dags/example_branch_python_dop_operator_3.py took 0.070 seconds
