[2023-05-01T06:20:21.201+0000] {processor.py:156} INFO - Started process (PID=55) to work on /home/airflow/.local/lib/python3.7/site-packages/airflow/example_dags/example_dag_decorator.py
[2023-05-01T06:20:21.202+0000] {processor.py:799} INFO - Processing file /home/airflow/.local/lib/python3.7/site-packages/airflow/example_dags/example_dag_decorator.py for tasks to queue
[2023-05-01T06:20:21.202+0000] {logging_mixin.py:149} INFO - [2023-05-01T06:20:21.202+0000] {dagbag.py:541} INFO - Filling up the DagBag from /home/airflow/.local/lib/python3.7/site-packages/airflow/example_dags/example_dag_decorator.py
[2023-05-01T06:20:21.220+0000] {logging_mixin.py:149} INFO - [2023-05-01T06:20:21.220+0000] {taskmixin.py:211} WARNING - Dependency <Task(_PythonDecoratedOperator): prepare_email>, send_email already registered for DAG: example_dag_decorator
[2023-05-01T06:20:21.220+0000] {logging_mixin.py:149} INFO - [2023-05-01T06:20:21.220+0000] {taskmixin.py:211} WARNING - Dependency <Task(EmailOperator): send_email>, prepare_email already registered for DAG: example_dag_decorator
[2023-05-01T06:20:21.232+0000] {processor.py:809} INFO - DAG(s) dict_keys(['example_dag_decorator']) retrieved from /home/airflow/.local/lib/python3.7/site-packages/airflow/example_dags/example_dag_decorator.py
[2023-05-01T06:20:21.243+0000] {logging_mixin.py:149} INFO - [2023-05-01T06:20:21.243+0000] {dag.py:2726} INFO - Sync 1 DAGs
[2023-05-01T06:20:21.267+0000] {logging_mixin.py:149} INFO - [2023-05-01T06:20:21.267+0000] {dag.py:3490} INFO - Setting next_dagrun for example_dag_decorator to None, run_after=None
[2023-05-01T06:20:21.295+0000] {processor.py:178} INFO - Processing /home/airflow/.local/lib/python3.7/site-packages/airflow/example_dags/example_dag_decorator.py took 0.096 seconds
[2023-05-01T06:20:51.867+0000] {processor.py:156} INFO - Started process (PID=111) to work on /home/airflow/.local/lib/python3.7/site-packages/airflow/example_dags/example_dag_decorator.py
[2023-05-01T06:20:51.868+0000] {processor.py:799} INFO - Processing file /home/airflow/.local/lib/python3.7/site-packages/airflow/example_dags/example_dag_decorator.py for tasks to queue
[2023-05-01T06:20:51.868+0000] {logging_mixin.py:149} INFO - [2023-05-01T06:20:51.868+0000] {dagbag.py:541} INFO - Filling up the DagBag from /home/airflow/.local/lib/python3.7/site-packages/airflow/example_dags/example_dag_decorator.py
[2023-05-01T06:20:51.873+0000] {logging_mixin.py:149} INFO - [2023-05-01T06:20:51.873+0000] {taskmixin.py:211} WARNING - Dependency <Task(_PythonDecoratedOperator): prepare_email>, send_email already registered for DAG: example_dag_decorator
[2023-05-01T06:20:51.873+0000] {logging_mixin.py:149} INFO - [2023-05-01T06:20:51.873+0000] {taskmixin.py:211} WARNING - Dependency <Task(EmailOperator): send_email>, prepare_email already registered for DAG: example_dag_decorator
[2023-05-01T06:20:51.880+0000] {processor.py:809} INFO - DAG(s) dict_keys(['example_dag_decorator']) retrieved from /home/airflow/.local/lib/python3.7/site-packages/airflow/example_dags/example_dag_decorator.py
[2023-05-01T06:20:51.936+0000] {logging_mixin.py:149} INFO - [2023-05-01T06:20:51.936+0000] {dag.py:2726} INFO - Sync 1 DAGs
[2023-05-01T06:20:51.955+0000] {logging_mixin.py:149} INFO - [2023-05-01T06:20:51.955+0000] {dag.py:3490} INFO - Setting next_dagrun for example_dag_decorator to None, run_after=None
[2023-05-01T06:20:51.972+0000] {processor.py:178} INFO - Processing /home/airflow/.local/lib/python3.7/site-packages/airflow/example_dags/example_dag_decorator.py took 0.108 seconds
[2023-05-01T06:21:22.482+0000] {processor.py:156} INFO - Started process (PID=167) to work on /home/airflow/.local/lib/python3.7/site-packages/airflow/example_dags/example_dag_decorator.py
[2023-05-01T06:21:22.482+0000] {processor.py:799} INFO - Processing file /home/airflow/.local/lib/python3.7/site-packages/airflow/example_dags/example_dag_decorator.py for tasks to queue
[2023-05-01T06:21:22.483+0000] {logging_mixin.py:149} INFO - [2023-05-01T06:21:22.483+0000] {dagbag.py:541} INFO - Filling up the DagBag from /home/airflow/.local/lib/python3.7/site-packages/airflow/example_dags/example_dag_decorator.py
[2023-05-01T06:21:22.488+0000] {logging_mixin.py:149} INFO - [2023-05-01T06:21:22.488+0000] {taskmixin.py:211} WARNING - Dependency <Task(_PythonDecoratedOperator): prepare_email>, send_email already registered for DAG: example_dag_decorator
[2023-05-01T06:21:22.488+0000] {logging_mixin.py:149} INFO - [2023-05-01T06:21:22.488+0000] {taskmixin.py:211} WARNING - Dependency <Task(EmailOperator): send_email>, prepare_email already registered for DAG: example_dag_decorator
[2023-05-01T06:21:22.495+0000] {processor.py:809} INFO - DAG(s) dict_keys(['example_dag_decorator']) retrieved from /home/airflow/.local/lib/python3.7/site-packages/airflow/example_dags/example_dag_decorator.py
[2023-05-01T06:21:22.552+0000] {logging_mixin.py:149} INFO - [2023-05-01T06:21:22.552+0000] {dag.py:2726} INFO - Sync 1 DAGs
[2023-05-01T06:21:22.572+0000] {logging_mixin.py:149} INFO - [2023-05-01T06:21:22.572+0000] {dag.py:3490} INFO - Setting next_dagrun for example_dag_decorator to None, run_after=None
[2023-05-01T06:21:22.590+0000] {processor.py:178} INFO - Processing /home/airflow/.local/lib/python3.7/site-packages/airflow/example_dags/example_dag_decorator.py took 0.111 seconds
[2023-05-01T06:21:52.977+0000] {processor.py:156} INFO - Started process (PID=223) to work on /home/airflow/.local/lib/python3.7/site-packages/airflow/example_dags/example_dag_decorator.py
[2023-05-01T06:21:52.977+0000] {processor.py:799} INFO - Processing file /home/airflow/.local/lib/python3.7/site-packages/airflow/example_dags/example_dag_decorator.py for tasks to queue
[2023-05-01T06:21:52.978+0000] {logging_mixin.py:149} INFO - [2023-05-01T06:21:52.978+0000] {dagbag.py:541} INFO - Filling up the DagBag from /home/airflow/.local/lib/python3.7/site-packages/airflow/example_dags/example_dag_decorator.py
[2023-05-01T06:21:52.983+0000] {logging_mixin.py:149} INFO - [2023-05-01T06:21:52.982+0000] {taskmixin.py:211} WARNING - Dependency <Task(_PythonDecoratedOperator): prepare_email>, send_email already registered for DAG: example_dag_decorator
[2023-05-01T06:21:52.983+0000] {logging_mixin.py:149} INFO - [2023-05-01T06:21:52.983+0000] {taskmixin.py:211} WARNING - Dependency <Task(EmailOperator): send_email>, prepare_email already registered for DAG: example_dag_decorator
[2023-05-01T06:21:52.989+0000] {processor.py:809} INFO - DAG(s) dict_keys(['example_dag_decorator']) retrieved from /home/airflow/.local/lib/python3.7/site-packages/airflow/example_dags/example_dag_decorator.py
[2023-05-01T06:21:53.046+0000] {logging_mixin.py:149} INFO - [2023-05-01T06:21:53.046+0000] {dag.py:2726} INFO - Sync 1 DAGs
[2023-05-01T06:21:53.065+0000] {logging_mixin.py:149} INFO - [2023-05-01T06:21:53.065+0000] {dag.py:3490} INFO - Setting next_dagrun for example_dag_decorator to None, run_after=None
[2023-05-01T06:21:53.085+0000] {processor.py:178} INFO - Processing /home/airflow/.local/lib/python3.7/site-packages/airflow/example_dags/example_dag_decorator.py took 0.111 seconds
[2023-05-01T06:22:23.409+0000] {processor.py:156} INFO - Started process (PID=279) to work on /home/airflow/.local/lib/python3.7/site-packages/airflow/example_dags/example_dag_decorator.py
[2023-05-01T06:22:23.410+0000] {processor.py:799} INFO - Processing file /home/airflow/.local/lib/python3.7/site-packages/airflow/example_dags/example_dag_decorator.py for tasks to queue
[2023-05-01T06:22:23.410+0000] {logging_mixin.py:149} INFO - [2023-05-01T06:22:23.410+0000] {dagbag.py:541} INFO - Filling up the DagBag from /home/airflow/.local/lib/python3.7/site-packages/airflow/example_dags/example_dag_decorator.py
[2023-05-01T06:22:23.415+0000] {logging_mixin.py:149} INFO - [2023-05-01T06:22:23.415+0000] {taskmixin.py:211} WARNING - Dependency <Task(_PythonDecoratedOperator): prepare_email>, send_email already registered for DAG: example_dag_decorator
[2023-05-01T06:22:23.415+0000] {logging_mixin.py:149} INFO - [2023-05-01T06:22:23.415+0000] {taskmixin.py:211} WARNING - Dependency <Task(EmailOperator): send_email>, prepare_email already registered for DAG: example_dag_decorator
[2023-05-01T06:22:23.422+0000] {processor.py:809} INFO - DAG(s) dict_keys(['example_dag_decorator']) retrieved from /home/airflow/.local/lib/python3.7/site-packages/airflow/example_dags/example_dag_decorator.py
[2023-05-01T06:22:23.483+0000] {logging_mixin.py:149} INFO - [2023-05-01T06:22:23.483+0000] {dag.py:2726} INFO - Sync 1 DAGs
[2023-05-01T06:22:23.503+0000] {logging_mixin.py:149} INFO - [2023-05-01T06:22:23.503+0000] {dag.py:3490} INFO - Setting next_dagrun for example_dag_decorator to None, run_after=None
[2023-05-01T06:22:23.523+0000] {processor.py:178} INFO - Processing /home/airflow/.local/lib/python3.7/site-packages/airflow/example_dags/example_dag_decorator.py took 0.116 seconds
[2023-05-01T06:22:53.869+0000] {processor.py:156} INFO - Started process (PID=334) to work on /home/airflow/.local/lib/python3.7/site-packages/airflow/example_dags/example_dag_decorator.py
[2023-05-01T06:22:53.870+0000] {processor.py:799} INFO - Processing file /home/airflow/.local/lib/python3.7/site-packages/airflow/example_dags/example_dag_decorator.py for tasks to queue
[2023-05-01T06:22:53.871+0000] {logging_mixin.py:149} INFO - [2023-05-01T06:22:53.871+0000] {dagbag.py:541} INFO - Filling up the DagBag from /home/airflow/.local/lib/python3.7/site-packages/airflow/example_dags/example_dag_decorator.py
[2023-05-01T06:22:53.876+0000] {logging_mixin.py:149} INFO - [2023-05-01T06:22:53.876+0000] {taskmixin.py:211} WARNING - Dependency <Task(_PythonDecoratedOperator): prepare_email>, send_email already registered for DAG: example_dag_decorator
[2023-05-01T06:22:53.876+0000] {logging_mixin.py:149} INFO - [2023-05-01T06:22:53.876+0000] {taskmixin.py:211} WARNING - Dependency <Task(EmailOperator): send_email>, prepare_email already registered for DAG: example_dag_decorator
[2023-05-01T06:22:53.883+0000] {processor.py:809} INFO - DAG(s) dict_keys(['example_dag_decorator']) retrieved from /home/airflow/.local/lib/python3.7/site-packages/airflow/example_dags/example_dag_decorator.py
[2023-05-01T06:22:53.947+0000] {logging_mixin.py:149} INFO - [2023-05-01T06:22:53.947+0000] {dag.py:2726} INFO - Sync 1 DAGs
[2023-05-01T06:22:53.968+0000] {logging_mixin.py:149} INFO - [2023-05-01T06:22:53.968+0000] {dag.py:3490} INFO - Setting next_dagrun for example_dag_decorator to None, run_after=None
[2023-05-01T06:22:53.987+0000] {processor.py:178} INFO - Processing /home/airflow/.local/lib/python3.7/site-packages/airflow/example_dags/example_dag_decorator.py took 0.121 seconds
[2023-05-01T06:23:24.813+0000] {processor.py:156} INFO - Started process (PID=390) to work on /home/airflow/.local/lib/python3.7/site-packages/airflow/example_dags/example_dag_decorator.py
[2023-05-01T06:23:24.814+0000] {processor.py:799} INFO - Processing file /home/airflow/.local/lib/python3.7/site-packages/airflow/example_dags/example_dag_decorator.py for tasks to queue
[2023-05-01T06:23:24.814+0000] {logging_mixin.py:149} INFO - [2023-05-01T06:23:24.814+0000] {dagbag.py:541} INFO - Filling up the DagBag from /home/airflow/.local/lib/python3.7/site-packages/airflow/example_dags/example_dag_decorator.py
[2023-05-01T06:23:24.819+0000] {logging_mixin.py:149} INFO - [2023-05-01T06:23:24.819+0000] {taskmixin.py:211} WARNING - Dependency <Task(_PythonDecoratedOperator): prepare_email>, send_email already registered for DAG: example_dag_decorator
[2023-05-01T06:23:24.819+0000] {logging_mixin.py:149} INFO - [2023-05-01T06:23:24.819+0000] {taskmixin.py:211} WARNING - Dependency <Task(EmailOperator): send_email>, prepare_email already registered for DAG: example_dag_decorator
[2023-05-01T06:23:24.826+0000] {processor.py:809} INFO - DAG(s) dict_keys(['example_dag_decorator']) retrieved from /home/airflow/.local/lib/python3.7/site-packages/airflow/example_dags/example_dag_decorator.py
[2023-05-01T06:23:24.890+0000] {logging_mixin.py:149} INFO - [2023-05-01T06:23:24.889+0000] {dag.py:2726} INFO - Sync 1 DAGs
[2023-05-01T06:23:24.911+0000] {logging_mixin.py:149} INFO - [2023-05-01T06:23:24.911+0000] {dag.py:3490} INFO - Setting next_dagrun for example_dag_decorator to None, run_after=None
[2023-05-01T06:23:24.942+0000] {processor.py:178} INFO - Processing /home/airflow/.local/lib/python3.7/site-packages/airflow/example_dags/example_dag_decorator.py took 0.131 seconds
