[2023-05-01T06:20:21.276+0000] {processor.py:156} INFO - Started process (PID=56) to work on /home/airflow/.local/lib/python3.7/site-packages/airflow/example_dags/example_skip_dag.py
[2023-05-01T06:20:21.276+0000] {processor.py:799} INFO - Processing file /home/airflow/.local/lib/python3.7/site-packages/airflow/example_dags/example_skip_dag.py for tasks to queue
[2023-05-01T06:20:21.288+0000] {logging_mixin.py:149} INFO - [2023-05-01T06:20:21.288+0000] {dagbag.py:541} INFO - Filling up the DagBag from /home/airflow/.local/lib/python3.7/site-packages/airflow/example_dags/example_skip_dag.py
[2023-05-01T06:20:21.295+0000] {processor.py:809} INFO - DAG(s) dict_keys(['example_skip_dag']) retrieved from /home/airflow/.local/lib/python3.7/site-packages/airflow/example_dags/example_skip_dag.py
[2023-05-01T06:20:21.321+0000] {logging_mixin.py:149} INFO - [2023-05-01T06:20:21.321+0000] {dag.py:2726} INFO - Sync 1 DAGs
[2023-05-01T06:20:21.361+0000] {logging_mixin.py:149} INFO - [2023-05-01T06:20:21.361+0000] {dag.py:3490} INFO - Setting next_dagrun for example_skip_dag to 2023-04-30T06:20:21.361546+00:00, run_after=2023-05-01T06:20:21.361546+00:00
[2023-05-01T06:20:21.392+0000] {processor.py:178} INFO - Processing /home/airflow/.local/lib/python3.7/site-packages/airflow/example_dags/example_skip_dag.py took 0.124 seconds
[2023-05-01T06:20:51.989+0000] {processor.py:156} INFO - Started process (PID=112) to work on /home/airflow/.local/lib/python3.7/site-packages/airflow/example_dags/example_skip_dag.py
[2023-05-01T06:20:51.990+0000] {processor.py:799} INFO - Processing file /home/airflow/.local/lib/python3.7/site-packages/airflow/example_dags/example_skip_dag.py for tasks to queue
[2023-05-01T06:20:51.990+0000] {logging_mixin.py:149} INFO - [2023-05-01T06:20:51.990+0000] {dagbag.py:541} INFO - Filling up the DagBag from /home/airflow/.local/lib/python3.7/site-packages/airflow/example_dags/example_skip_dag.py
[2023-05-01T06:20:51.996+0000] {processor.py:809} INFO - DAG(s) dict_keys(['example_skip_dag']) retrieved from /home/airflow/.local/lib/python3.7/site-packages/airflow/example_dags/example_skip_dag.py
[2023-05-01T06:20:52.016+0000] {logging_mixin.py:149} INFO - [2023-05-01T06:20:52.016+0000] {dag.py:2726} INFO - Sync 1 DAGs
[2023-05-01T06:20:52.037+0000] {logging_mixin.py:149} INFO - [2023-05-01T06:20:52.037+0000] {dag.py:3490} INFO - Setting next_dagrun for example_skip_dag to 2023-04-30T06:20:52.037539+00:00, run_after=2023-05-01T06:20:52.037539+00:00
[2023-05-01T06:20:52.054+0000] {processor.py:178} INFO - Processing /home/airflow/.local/lib/python3.7/site-packages/airflow/example_dags/example_skip_dag.py took 0.067 seconds
[2023-05-01T06:21:22.607+0000] {processor.py:156} INFO - Started process (PID=168) to work on /home/airflow/.local/lib/python3.7/site-packages/airflow/example_dags/example_skip_dag.py
[2023-05-01T06:21:22.608+0000] {processor.py:799} INFO - Processing file /home/airflow/.local/lib/python3.7/site-packages/airflow/example_dags/example_skip_dag.py for tasks to queue
[2023-05-01T06:21:22.608+0000] {logging_mixin.py:149} INFO - [2023-05-01T06:21:22.608+0000] {dagbag.py:541} INFO - Filling up the DagBag from /home/airflow/.local/lib/python3.7/site-packages/airflow/example_dags/example_skip_dag.py
[2023-05-01T06:21:22.614+0000] {processor.py:809} INFO - DAG(s) dict_keys(['example_skip_dag']) retrieved from /home/airflow/.local/lib/python3.7/site-packages/airflow/example_dags/example_skip_dag.py
[2023-05-01T06:21:22.637+0000] {logging_mixin.py:149} INFO - [2023-05-01T06:21:22.637+0000] {dag.py:2726} INFO - Sync 1 DAGs
[2023-05-01T06:21:22.660+0000] {logging_mixin.py:149} INFO - [2023-05-01T06:21:22.659+0000] {dag.py:3490} INFO - Setting next_dagrun for example_skip_dag to 2023-04-30T06:21:22.659698+00:00, run_after=2023-05-01T06:21:22.659698+00:00
[2023-05-01T06:21:22.679+0000] {processor.py:178} INFO - Processing /home/airflow/.local/lib/python3.7/site-packages/airflow/example_dags/example_skip_dag.py took 0.075 seconds
[2023-05-01T06:21:53.060+0000] {processor.py:156} INFO - Started process (PID=224) to work on /home/airflow/.local/lib/python3.7/site-packages/airflow/example_dags/example_skip_dag.py
[2023-05-01T06:21:53.061+0000] {processor.py:799} INFO - Processing file /home/airflow/.local/lib/python3.7/site-packages/airflow/example_dags/example_skip_dag.py for tasks to queue
[2023-05-01T06:21:53.061+0000] {logging_mixin.py:149} INFO - [2023-05-01T06:21:53.061+0000] {dagbag.py:541} INFO - Filling up the DagBag from /home/airflow/.local/lib/python3.7/site-packages/airflow/example_dags/example_skip_dag.py
[2023-05-01T06:21:53.067+0000] {processor.py:809} INFO - DAG(s) dict_keys(['example_skip_dag']) retrieved from /home/airflow/.local/lib/python3.7/site-packages/airflow/example_dags/example_skip_dag.py
[2023-05-01T06:21:53.089+0000] {logging_mixin.py:149} INFO - [2023-05-01T06:21:53.088+0000] {dag.py:2726} INFO - Sync 1 DAGs
[2023-05-01T06:21:53.113+0000] {logging_mixin.py:149} INFO - [2023-05-01T06:21:53.113+0000] {dag.py:3490} INFO - Setting next_dagrun for example_skip_dag to 2023-04-30T06:21:53.113217+00:00, run_after=2023-05-01T06:21:53.113217+00:00
[2023-05-01T06:21:53.129+0000] {processor.py:178} INFO - Processing /home/airflow/.local/lib/python3.7/site-packages/airflow/example_dags/example_skip_dag.py took 0.072 seconds
[2023-05-01T06:22:23.540+0000] {processor.py:156} INFO - Started process (PID=280) to work on /home/airflow/.local/lib/python3.7/site-packages/airflow/example_dags/example_skip_dag.py
[2023-05-01T06:22:23.541+0000] {processor.py:799} INFO - Processing file /home/airflow/.local/lib/python3.7/site-packages/airflow/example_dags/example_skip_dag.py for tasks to queue
[2023-05-01T06:22:23.541+0000] {logging_mixin.py:149} INFO - [2023-05-01T06:22:23.541+0000] {dagbag.py:541} INFO - Filling up the DagBag from /home/airflow/.local/lib/python3.7/site-packages/airflow/example_dags/example_skip_dag.py
[2023-05-01T06:22:23.546+0000] {processor.py:809} INFO - DAG(s) dict_keys(['example_skip_dag']) retrieved from /home/airflow/.local/lib/python3.7/site-packages/airflow/example_dags/example_skip_dag.py
[2023-05-01T06:22:23.566+0000] {logging_mixin.py:149} INFO - [2023-05-01T06:22:23.566+0000] {dag.py:2726} INFO - Sync 1 DAGs
[2023-05-01T06:22:23.587+0000] {logging_mixin.py:149} INFO - [2023-05-01T06:22:23.587+0000] {dag.py:3490} INFO - Setting next_dagrun for example_skip_dag to 2023-04-30T06:22:23.587646+00:00, run_after=2023-05-01T06:22:23.587646+00:00
[2023-05-01T06:22:23.603+0000] {processor.py:178} INFO - Processing /home/airflow/.local/lib/python3.7/site-packages/airflow/example_dags/example_skip_dag.py took 0.066 seconds
[2023-05-01T06:22:54.006+0000] {processor.py:156} INFO - Started process (PID=336) to work on /home/airflow/.local/lib/python3.7/site-packages/airflow/example_dags/example_skip_dag.py
[2023-05-01T06:22:54.007+0000] {processor.py:799} INFO - Processing file /home/airflow/.local/lib/python3.7/site-packages/airflow/example_dags/example_skip_dag.py for tasks to queue
[2023-05-01T06:22:54.007+0000] {logging_mixin.py:149} INFO - [2023-05-01T06:22:54.007+0000] {dagbag.py:541} INFO - Filling up the DagBag from /home/airflow/.local/lib/python3.7/site-packages/airflow/example_dags/example_skip_dag.py
[2023-05-01T06:22:54.013+0000] {processor.py:809} INFO - DAG(s) dict_keys(['example_skip_dag']) retrieved from /home/airflow/.local/lib/python3.7/site-packages/airflow/example_dags/example_skip_dag.py
[2023-05-01T06:22:54.035+0000] {logging_mixin.py:149} INFO - [2023-05-01T06:22:54.035+0000] {dag.py:2726} INFO - Sync 1 DAGs
[2023-05-01T06:22:54.057+0000] {logging_mixin.py:149} INFO - [2023-05-01T06:22:54.057+0000] {dag.py:3490} INFO - Setting next_dagrun for example_skip_dag to 2023-04-30T06:22:54.057481+00:00, run_after=2023-05-01T06:22:54.057481+00:00
[2023-05-01T06:22:54.074+0000] {processor.py:178} INFO - Processing /home/airflow/.local/lib/python3.7/site-packages/airflow/example_dags/example_skip_dag.py took 0.071 seconds
[2023-05-01T06:23:24.896+0000] {processor.py:156} INFO - Started process (PID=391) to work on /home/airflow/.local/lib/python3.7/site-packages/airflow/example_dags/example_skip_dag.py
[2023-05-01T06:23:24.897+0000] {processor.py:799} INFO - Processing file /home/airflow/.local/lib/python3.7/site-packages/airflow/example_dags/example_skip_dag.py for tasks to queue
[2023-05-01T06:23:24.897+0000] {logging_mixin.py:149} INFO - [2023-05-01T06:23:24.897+0000] {dagbag.py:541} INFO - Filling up the DagBag from /home/airflow/.local/lib/python3.7/site-packages/airflow/example_dags/example_skip_dag.py
[2023-05-01T06:23:24.903+0000] {processor.py:809} INFO - DAG(s) dict_keys(['example_skip_dag']) retrieved from /home/airflow/.local/lib/python3.7/site-packages/airflow/example_dags/example_skip_dag.py
[2023-05-01T06:23:24.927+0000] {logging_mixin.py:149} INFO - [2023-05-01T06:23:24.927+0000] {dag.py:2726} INFO - Sync 1 DAGs
[2023-05-01T06:23:24.958+0000] {logging_mixin.py:149} INFO - [2023-05-01T06:23:24.958+0000] {dag.py:3490} INFO - Setting next_dagrun for example_skip_dag to 2023-04-30T06:23:24.957751+00:00, run_after=2023-05-01T06:23:24.957751+00:00
[2023-05-01T06:23:24.977+0000] {processor.py:178} INFO - Processing /home/airflow/.local/lib/python3.7/site-packages/airflow/example_dags/example_skip_dag.py took 0.084 seconds
