[2023-05-01T06:20:21.593+0000] {processor.py:156} INFO - Started process (PID=62) to work on /home/airflow/.local/lib/python3.7/site-packages/airflow/example_dags/example_external_task_marker_dag.py
[2023-05-01T06:20:21.594+0000] {processor.py:799} INFO - Processing file /home/airflow/.local/lib/python3.7/site-packages/airflow/example_dags/example_external_task_marker_dag.py for tasks to queue
[2023-05-01T06:20:21.594+0000] {logging_mixin.py:149} INFO - [2023-05-01T06:20:21.594+0000] {dagbag.py:541} INFO - Filling up the DagBag from /home/airflow/.local/lib/python3.7/site-packages/airflow/example_dags/example_external_task_marker_dag.py
[2023-05-01T06:20:21.599+0000] {processor.py:809} INFO - DAG(s) dict_keys(['example_external_task_marker_parent', 'example_external_task_marker_child']) retrieved from /home/airflow/.local/lib/python3.7/site-packages/airflow/example_dags/example_external_task_marker_dag.py
[2023-05-01T06:20:21.622+0000] {logging_mixin.py:149} INFO - [2023-05-01T06:20:21.622+0000] {dag.py:2726} INFO - Sync 2 DAGs
[2023-05-01T06:20:21.657+0000] {logging_mixin.py:149} INFO - [2023-05-01T06:20:21.656+0000] {dag.py:3490} INFO - Setting next_dagrun for example_external_task_marker_child to None, run_after=None
[2023-05-01T06:20:21.660+0000] {logging_mixin.py:149} INFO - [2023-05-01T06:20:21.660+0000] {dag.py:3490} INFO - Setting next_dagrun for example_external_task_marker_parent to None, run_after=None
[2023-05-01T06:20:21.676+0000] {processor.py:178} INFO - Processing /home/airflow/.local/lib/python3.7/site-packages/airflow/example_dags/example_external_task_marker_dag.py took 0.086 seconds
[2023-05-01T06:20:52.262+0000] {processor.py:156} INFO - Started process (PID=118) to work on /home/airflow/.local/lib/python3.7/site-packages/airflow/example_dags/example_external_task_marker_dag.py
[2023-05-01T06:20:52.263+0000] {processor.py:799} INFO - Processing file /home/airflow/.local/lib/python3.7/site-packages/airflow/example_dags/example_external_task_marker_dag.py for tasks to queue
[2023-05-01T06:20:52.264+0000] {logging_mixin.py:149} INFO - [2023-05-01T06:20:52.263+0000] {dagbag.py:541} INFO - Filling up the DagBag from /home/airflow/.local/lib/python3.7/site-packages/airflow/example_dags/example_external_task_marker_dag.py
[2023-05-01T06:20:52.268+0000] {processor.py:809} INFO - DAG(s) dict_keys(['example_external_task_marker_child', 'example_external_task_marker_parent']) retrieved from /home/airflow/.local/lib/python3.7/site-packages/airflow/example_dags/example_external_task_marker_dag.py
[2023-05-01T06:20:52.294+0000] {logging_mixin.py:149} INFO - [2023-05-01T06:20:52.294+0000] {dag.py:2726} INFO - Sync 2 DAGs
[2023-05-01T06:20:52.318+0000] {logging_mixin.py:149} INFO - [2023-05-01T06:20:52.318+0000] {dag.py:3490} INFO - Setting next_dagrun for example_external_task_marker_child to None, run_after=None
[2023-05-01T06:20:52.322+0000] {logging_mixin.py:149} INFO - [2023-05-01T06:20:52.322+0000] {dag.py:3490} INFO - Setting next_dagrun for example_external_task_marker_parent to None, run_after=None
[2023-05-01T06:20:52.337+0000] {processor.py:178} INFO - Processing /home/airflow/.local/lib/python3.7/site-packages/airflow/example_dags/example_external_task_marker_dag.py took 0.077 seconds
[2023-05-01T06:21:22.957+0000] {processor.py:156} INFO - Started process (PID=174) to work on /home/airflow/.local/lib/python3.7/site-packages/airflow/example_dags/example_external_task_marker_dag.py
[2023-05-01T06:21:22.958+0000] {processor.py:799} INFO - Processing file /home/airflow/.local/lib/python3.7/site-packages/airflow/example_dags/example_external_task_marker_dag.py for tasks to queue
[2023-05-01T06:21:22.958+0000] {logging_mixin.py:149} INFO - [2023-05-01T06:21:22.958+0000] {dagbag.py:541} INFO - Filling up the DagBag from /home/airflow/.local/lib/python3.7/site-packages/airflow/example_dags/example_external_task_marker_dag.py
[2023-05-01T06:21:22.963+0000] {processor.py:809} INFO - DAG(s) dict_keys(['example_external_task_marker_parent', 'example_external_task_marker_child']) retrieved from /home/airflow/.local/lib/python3.7/site-packages/airflow/example_dags/example_external_task_marker_dag.py
[2023-05-01T06:21:22.987+0000] {logging_mixin.py:149} INFO - [2023-05-01T06:21:22.987+0000] {dag.py:2726} INFO - Sync 2 DAGs
[2023-05-01T06:21:23.009+0000] {logging_mixin.py:149} INFO - [2023-05-01T06:21:23.009+0000] {dag.py:3490} INFO - Setting next_dagrun for example_external_task_marker_child to None, run_after=None
[2023-05-01T06:21:23.012+0000] {logging_mixin.py:149} INFO - [2023-05-01T06:21:23.012+0000] {dag.py:3490} INFO - Setting next_dagrun for example_external_task_marker_parent to None, run_after=None
[2023-05-01T06:21:23.027+0000] {processor.py:178} INFO - Processing /home/airflow/.local/lib/python3.7/site-packages/airflow/example_dags/example_external_task_marker_dag.py took 0.072 seconds
[2023-05-01T06:21:53.433+0000] {processor.py:156} INFO - Started process (PID=230) to work on /home/airflow/.local/lib/python3.7/site-packages/airflow/example_dags/example_external_task_marker_dag.py
[2023-05-01T06:21:53.434+0000] {processor.py:799} INFO - Processing file /home/airflow/.local/lib/python3.7/site-packages/airflow/example_dags/example_external_task_marker_dag.py for tasks to queue
[2023-05-01T06:21:53.434+0000] {logging_mixin.py:149} INFO - [2023-05-01T06:21:53.434+0000] {dagbag.py:541} INFO - Filling up the DagBag from /home/airflow/.local/lib/python3.7/site-packages/airflow/example_dags/example_external_task_marker_dag.py
[2023-05-01T06:21:53.438+0000] {processor.py:809} INFO - DAG(s) dict_keys(['example_external_task_marker_parent', 'example_external_task_marker_child']) retrieved from /home/airflow/.local/lib/python3.7/site-packages/airflow/example_dags/example_external_task_marker_dag.py
[2023-05-01T06:21:53.463+0000] {logging_mixin.py:149} INFO - [2023-05-01T06:21:53.463+0000] {dag.py:2726} INFO - Sync 2 DAGs
[2023-05-01T06:21:53.487+0000] {logging_mixin.py:149} INFO - [2023-05-01T06:21:53.487+0000] {dag.py:3490} INFO - Setting next_dagrun for example_external_task_marker_child to None, run_after=None
[2023-05-01T06:21:53.490+0000] {logging_mixin.py:149} INFO - [2023-05-01T06:21:53.490+0000] {dag.py:3490} INFO - Setting next_dagrun for example_external_task_marker_parent to None, run_after=None
[2023-05-01T06:21:53.505+0000] {processor.py:178} INFO - Processing /home/airflow/.local/lib/python3.7/site-packages/airflow/example_dags/example_external_task_marker_dag.py took 0.075 seconds
[2023-05-01T06:22:23.950+0000] {processor.py:156} INFO - Started process (PID=286) to work on /home/airflow/.local/lib/python3.7/site-packages/airflow/example_dags/example_external_task_marker_dag.py
[2023-05-01T06:22:23.951+0000] {processor.py:799} INFO - Processing file /home/airflow/.local/lib/python3.7/site-packages/airflow/example_dags/example_external_task_marker_dag.py for tasks to queue
[2023-05-01T06:22:23.952+0000] {logging_mixin.py:149} INFO - [2023-05-01T06:22:23.952+0000] {dagbag.py:541} INFO - Filling up the DagBag from /home/airflow/.local/lib/python3.7/site-packages/airflow/example_dags/example_external_task_marker_dag.py
[2023-05-01T06:22:23.956+0000] {processor.py:809} INFO - DAG(s) dict_keys(['example_external_task_marker_parent', 'example_external_task_marker_child']) retrieved from /home/airflow/.local/lib/python3.7/site-packages/airflow/example_dags/example_external_task_marker_dag.py
[2023-05-01T06:22:23.979+0000] {logging_mixin.py:149} INFO - [2023-05-01T06:22:23.979+0000] {dag.py:2726} INFO - Sync 2 DAGs
[2023-05-01T06:22:24.000+0000] {logging_mixin.py:149} INFO - [2023-05-01T06:22:24.000+0000] {dag.py:3490} INFO - Setting next_dagrun for example_external_task_marker_child to None, run_after=None
[2023-05-01T06:22:24.003+0000] {logging_mixin.py:149} INFO - [2023-05-01T06:22:24.003+0000] {dag.py:3490} INFO - Setting next_dagrun for example_external_task_marker_parent to None, run_after=None
[2023-05-01T06:22:24.017+0000] {processor.py:178} INFO - Processing /home/airflow/.local/lib/python3.7/site-packages/airflow/example_dags/example_external_task_marker_dag.py took 0.069 seconds
[2023-05-01T06:22:54.396+0000] {processor.py:156} INFO - Started process (PID=342) to work on /home/airflow/.local/lib/python3.7/site-packages/airflow/example_dags/example_external_task_marker_dag.py
[2023-05-01T06:22:54.397+0000] {processor.py:799} INFO - Processing file /home/airflow/.local/lib/python3.7/site-packages/airflow/example_dags/example_external_task_marker_dag.py for tasks to queue
[2023-05-01T06:22:54.398+0000] {logging_mixin.py:149} INFO - [2023-05-01T06:22:54.398+0000] {dagbag.py:541} INFO - Filling up the DagBag from /home/airflow/.local/lib/python3.7/site-packages/airflow/example_dags/example_external_task_marker_dag.py
[2023-05-01T06:22:54.402+0000] {processor.py:809} INFO - DAG(s) dict_keys(['example_external_task_marker_parent', 'example_external_task_marker_child']) retrieved from /home/airflow/.local/lib/python3.7/site-packages/airflow/example_dags/example_external_task_marker_dag.py
[2023-05-01T06:22:54.425+0000] {logging_mixin.py:149} INFO - [2023-05-01T06:22:54.425+0000] {dag.py:2726} INFO - Sync 2 DAGs
[2023-05-01T06:22:54.447+0000] {logging_mixin.py:149} INFO - [2023-05-01T06:22:54.446+0000] {dag.py:3490} INFO - Setting next_dagrun for example_external_task_marker_child to None, run_after=None
[2023-05-01T06:22:54.449+0000] {logging_mixin.py:149} INFO - [2023-05-01T06:22:54.449+0000] {dag.py:3490} INFO - Setting next_dagrun for example_external_task_marker_parent to None, run_after=None
[2023-05-01T06:22:54.464+0000] {processor.py:178} INFO - Processing /home/airflow/.local/lib/python3.7/site-packages/airflow/example_dags/example_external_task_marker_dag.py took 0.070 seconds
[2023-05-01T06:23:25.213+0000] {processor.py:156} INFO - Started process (PID=397) to work on /home/airflow/.local/lib/python3.7/site-packages/airflow/example_dags/example_external_task_marker_dag.py
[2023-05-01T06:23:25.213+0000] {processor.py:799} INFO - Processing file /home/airflow/.local/lib/python3.7/site-packages/airflow/example_dags/example_external_task_marker_dag.py for tasks to queue
[2023-05-01T06:23:25.214+0000] {logging_mixin.py:149} INFO - [2023-05-01T06:23:25.214+0000] {dagbag.py:541} INFO - Filling up the DagBag from /home/airflow/.local/lib/python3.7/site-packages/airflow/example_dags/example_external_task_marker_dag.py
[2023-05-01T06:23:25.218+0000] {processor.py:809} INFO - DAG(s) dict_keys(['example_external_task_marker_child', 'example_external_task_marker_parent']) retrieved from /home/airflow/.local/lib/python3.7/site-packages/airflow/example_dags/example_external_task_marker_dag.py
[2023-05-01T06:23:25.241+0000] {logging_mixin.py:149} INFO - [2023-05-01T06:23:25.241+0000] {dag.py:2726} INFO - Sync 2 DAGs
[2023-05-01T06:23:25.263+0000] {logging_mixin.py:149} INFO - [2023-05-01T06:23:25.263+0000] {dag.py:3490} INFO - Setting next_dagrun for example_external_task_marker_child to None, run_after=None
[2023-05-01T06:23:25.266+0000] {logging_mixin.py:149} INFO - [2023-05-01T06:23:25.266+0000] {dag.py:3490} INFO - Setting next_dagrun for example_external_task_marker_parent to None, run_after=None
[2023-05-01T06:23:25.282+0000] {processor.py:178} INFO - Processing /home/airflow/.local/lib/python3.7/site-packages/airflow/example_dags/example_external_task_marker_dag.py took 0.071 seconds
[2023-05-01T06:23:55.918+0000] {processor.py:156} INFO - Started process (PID=453) to work on /home/airflow/.local/lib/python3.7/site-packages/airflow/example_dags/example_external_task_marker_dag.py
[2023-05-01T06:23:55.919+0000] {processor.py:799} INFO - Processing file /home/airflow/.local/lib/python3.7/site-packages/airflow/example_dags/example_external_task_marker_dag.py for tasks to queue
[2023-05-01T06:23:55.919+0000] {logging_mixin.py:149} INFO - [2023-05-01T06:23:55.919+0000] {dagbag.py:541} INFO - Filling up the DagBag from /home/airflow/.local/lib/python3.7/site-packages/airflow/example_dags/example_external_task_marker_dag.py
[2023-05-01T06:23:55.925+0000] {processor.py:809} INFO - DAG(s) dict_keys(['example_external_task_marker_parent', 'example_external_task_marker_child']) retrieved from /home/airflow/.local/lib/python3.7/site-packages/airflow/example_dags/example_external_task_marker_dag.py
[2023-05-01T06:23:55.948+0000] {logging_mixin.py:149} INFO - [2023-05-01T06:23:55.948+0000] {dag.py:2726} INFO - Sync 2 DAGs
[2023-05-01T06:23:55.969+0000] {logging_mixin.py:149} INFO - [2023-05-01T06:23:55.969+0000] {dag.py:3490} INFO - Setting next_dagrun for example_external_task_marker_child to None, run_after=None
[2023-05-01T06:23:55.972+0000] {logging_mixin.py:149} INFO - [2023-05-01T06:23:55.972+0000] {dag.py:3490} INFO - Setting next_dagrun for example_external_task_marker_parent to None, run_after=None
[2023-05-01T06:23:55.987+0000] {processor.py:178} INFO - Processing /home/airflow/.local/lib/python3.7/site-packages/airflow/example_dags/example_external_task_marker_dag.py took 0.071 seconds
[2023-05-01T06:24:26.385+0000] {processor.py:156} INFO - Started process (PID=509) to work on /home/airflow/.local/lib/python3.7/site-packages/airflow/example_dags/example_external_task_marker_dag.py
[2023-05-01T06:24:26.385+0000] {processor.py:799} INFO - Processing file /home/airflow/.local/lib/python3.7/site-packages/airflow/example_dags/example_external_task_marker_dag.py for tasks to queue
[2023-05-01T06:24:26.386+0000] {logging_mixin.py:149} INFO - [2023-05-01T06:24:26.386+0000] {dagbag.py:541} INFO - Filling up the DagBag from /home/airflow/.local/lib/python3.7/site-packages/airflow/example_dags/example_external_task_marker_dag.py
[2023-05-01T06:24:26.390+0000] {processor.py:809} INFO - DAG(s) dict_keys(['example_external_task_marker_child', 'example_external_task_marker_parent']) retrieved from /home/airflow/.local/lib/python3.7/site-packages/airflow/example_dags/example_external_task_marker_dag.py
[2023-05-01T06:24:26.414+0000] {logging_mixin.py:149} INFO - [2023-05-01T06:24:26.414+0000] {dag.py:2726} INFO - Sync 2 DAGs
[2023-05-01T06:24:26.436+0000] {logging_mixin.py:149} INFO - [2023-05-01T06:24:26.436+0000] {dag.py:3490} INFO - Setting next_dagrun for example_external_task_marker_child to None, run_after=None
[2023-05-01T06:24:26.441+0000] {logging_mixin.py:149} INFO - [2023-05-01T06:24:26.441+0000] {dag.py:3490} INFO - Setting next_dagrun for example_external_task_marker_parent to None, run_after=None
[2023-05-01T06:24:26.465+0000] {processor.py:178} INFO - Processing /home/airflow/.local/lib/python3.7/site-packages/airflow/example_dags/example_external_task_marker_dag.py took 0.082 seconds
[2023-05-01T06:24:57.436+0000] {processor.py:156} INFO - Started process (PID=565) to work on /home/airflow/.local/lib/python3.7/site-packages/airflow/example_dags/example_external_task_marker_dag.py
[2023-05-01T06:24:57.437+0000] {processor.py:799} INFO - Processing file /home/airflow/.local/lib/python3.7/site-packages/airflow/example_dags/example_external_task_marker_dag.py for tasks to queue
[2023-05-01T06:24:57.437+0000] {logging_mixin.py:149} INFO - [2023-05-01T06:24:57.437+0000] {dagbag.py:541} INFO - Filling up the DagBag from /home/airflow/.local/lib/python3.7/site-packages/airflow/example_dags/example_external_task_marker_dag.py
[2023-05-01T06:24:57.441+0000] {processor.py:809} INFO - DAG(s) dict_keys(['example_external_task_marker_child', 'example_external_task_marker_parent']) retrieved from /home/airflow/.local/lib/python3.7/site-packages/airflow/example_dags/example_external_task_marker_dag.py
[2023-05-01T06:24:57.467+0000] {logging_mixin.py:149} INFO - [2023-05-01T06:24:57.467+0000] {dag.py:2726} INFO - Sync 2 DAGs
[2023-05-01T06:24:57.491+0000] {logging_mixin.py:149} INFO - [2023-05-01T06:24:57.491+0000] {dag.py:3490} INFO - Setting next_dagrun for example_external_task_marker_child to None, run_after=None
[2023-05-01T06:24:57.495+0000] {logging_mixin.py:149} INFO - [2023-05-01T06:24:57.495+0000] {dag.py:3490} INFO - Setting next_dagrun for example_external_task_marker_parent to None, run_after=None
[2023-05-01T06:24:57.521+0000] {processor.py:178} INFO - Processing /home/airflow/.local/lib/python3.7/site-packages/airflow/example_dags/example_external_task_marker_dag.py took 0.088 seconds
[2023-05-01T06:25:28.305+0000] {processor.py:156} INFO - Started process (PID=621) to work on /home/airflow/.local/lib/python3.7/site-packages/airflow/example_dags/example_external_task_marker_dag.py
[2023-05-01T06:25:28.306+0000] {processor.py:799} INFO - Processing file /home/airflow/.local/lib/python3.7/site-packages/airflow/example_dags/example_external_task_marker_dag.py for tasks to queue
[2023-05-01T06:25:28.306+0000] {logging_mixin.py:149} INFO - [2023-05-01T06:25:28.306+0000] {dagbag.py:541} INFO - Filling up the DagBag from /home/airflow/.local/lib/python3.7/site-packages/airflow/example_dags/example_external_task_marker_dag.py
[2023-05-01T06:25:28.311+0000] {processor.py:809} INFO - DAG(s) dict_keys(['example_external_task_marker_parent', 'example_external_task_marker_child']) retrieved from /home/airflow/.local/lib/python3.7/site-packages/airflow/example_dags/example_external_task_marker_dag.py
[2023-05-01T06:25:28.336+0000] {logging_mixin.py:149} INFO - [2023-05-01T06:25:28.336+0000] {dag.py:2726} INFO - Sync 2 DAGs
[2023-05-01T06:25:28.359+0000] {logging_mixin.py:149} INFO - [2023-05-01T06:25:28.359+0000] {dag.py:3490} INFO - Setting next_dagrun for example_external_task_marker_child to None, run_after=None
[2023-05-01T06:25:28.362+0000] {logging_mixin.py:149} INFO - [2023-05-01T06:25:28.362+0000] {dag.py:3490} INFO - Setting next_dagrun for example_external_task_marker_parent to None, run_after=None
[2023-05-01T06:25:28.377+0000] {processor.py:178} INFO - Processing /home/airflow/.local/lib/python3.7/site-packages/airflow/example_dags/example_external_task_marker_dag.py took 0.075 seconds
