[2023-05-01T06:20:21.696+0000] {processor.py:156} INFO - Started process (PID=64) to work on /home/airflow/.local/lib/python3.7/site-packages/airflow/example_dags/example_branch_datetime_operator.py
[2023-05-01T06:20:21.697+0000] {processor.py:799} INFO - Processing file /home/airflow/.local/lib/python3.7/site-packages/airflow/example_dags/example_branch_datetime_operator.py for tasks to queue
[2023-05-01T06:20:21.698+0000] {logging_mixin.py:149} INFO - [2023-05-01T06:20:21.697+0000] {dagbag.py:541} INFO - Filling up the DagBag from /home/airflow/.local/lib/python3.7/site-packages/airflow/example_dags/example_branch_datetime_operator.py
[2023-05-01T06:20:21.706+0000] {processor.py:809} INFO - DAG(s) dict_keys(['example_branch_datetime_operator', 'example_branch_datetime_operator_2', 'example_branch_datetime_operator_3']) retrieved from /home/airflow/.local/lib/python3.7/site-packages/airflow/example_dags/example_branch_datetime_operator.py
[2023-05-01T06:20:21.719+0000] {logging_mixin.py:149} INFO - [2023-05-01T06:20:21.719+0000] {dag.py:2726} INFO - Sync 3 DAGs
[2023-05-01T06:20:21.749+0000] {logging_mixin.py:149} INFO - [2023-05-01T06:20:21.749+0000] {dag.py:3490} INFO - Setting next_dagrun for example_branch_datetime_operator to 2023-04-30T00:00:00+00:00, run_after=2023-05-01T00:00:00+00:00
[2023-05-01T06:20:21.754+0000] {logging_mixin.py:149} INFO - [2023-05-01T06:20:21.754+0000] {dag.py:3490} INFO - Setting next_dagrun for example_branch_datetime_operator_2 to 2023-04-30T00:00:00+00:00, run_after=2023-05-01T00:00:00+00:00
[2023-05-01T06:20:21.758+0000] {logging_mixin.py:149} INFO - [2023-05-01T06:20:21.757+0000] {dag.py:3490} INFO - Setting next_dagrun for example_branch_datetime_operator_3 to 2023-04-30T00:00:00+00:00, run_after=2023-05-01T00:00:00+00:00
[2023-05-01T06:20:21.782+0000] {processor.py:178} INFO - Processing /home/airflow/.local/lib/python3.7/site-packages/airflow/example_dags/example_branch_datetime_operator.py took 0.088 seconds
[2023-05-01T06:20:52.360+0000] {processor.py:156} INFO - Started process (PID=120) to work on /home/airflow/.local/lib/python3.7/site-packages/airflow/example_dags/example_branch_datetime_operator.py
[2023-05-01T06:20:52.361+0000] {processor.py:799} INFO - Processing file /home/airflow/.local/lib/python3.7/site-packages/airflow/example_dags/example_branch_datetime_operator.py for tasks to queue
[2023-05-01T06:20:52.361+0000] {logging_mixin.py:149} INFO - [2023-05-01T06:20:52.361+0000] {dagbag.py:541} INFO - Filling up the DagBag from /home/airflow/.local/lib/python3.7/site-packages/airflow/example_dags/example_branch_datetime_operator.py
[2023-05-01T06:20:52.369+0000] {processor.py:809} INFO - DAG(s) dict_keys(['example_branch_datetime_operator', 'example_branch_datetime_operator_2', 'example_branch_datetime_operator_3']) retrieved from /home/airflow/.local/lib/python3.7/site-packages/airflow/example_dags/example_branch_datetime_operator.py
[2023-05-01T06:20:52.399+0000] {logging_mixin.py:149} INFO - [2023-05-01T06:20:52.399+0000] {dag.py:2726} INFO - Sync 3 DAGs
[2023-05-01T06:20:52.428+0000] {logging_mixin.py:149} INFO - [2023-05-01T06:20:52.428+0000] {dag.py:3490} INFO - Setting next_dagrun for example_branch_datetime_operator to 2023-04-30T00:00:00+00:00, run_after=2023-05-01T00:00:00+00:00
[2023-05-01T06:20:52.432+0000] {logging_mixin.py:149} INFO - [2023-05-01T06:20:52.432+0000] {dag.py:3490} INFO - Setting next_dagrun for example_branch_datetime_operator_2 to 2023-04-30T00:00:00+00:00, run_after=2023-05-01T00:00:00+00:00
[2023-05-01T06:20:52.434+0000] {logging_mixin.py:149} INFO - [2023-05-01T06:20:52.434+0000] {dag.py:3490} INFO - Setting next_dagrun for example_branch_datetime_operator_3 to 2023-04-30T00:00:00+00:00, run_after=2023-05-01T00:00:00+00:00
[2023-05-01T06:20:52.447+0000] {processor.py:178} INFO - Processing /home/airflow/.local/lib/python3.7/site-packages/airflow/example_dags/example_branch_datetime_operator.py took 0.090 seconds
[2023-05-01T06:21:23.043+0000] {processor.py:156} INFO - Started process (PID=176) to work on /home/airflow/.local/lib/python3.7/site-packages/airflow/example_dags/example_branch_datetime_operator.py
[2023-05-01T06:21:23.044+0000] {processor.py:799} INFO - Processing file /home/airflow/.local/lib/python3.7/site-packages/airflow/example_dags/example_branch_datetime_operator.py for tasks to queue
[2023-05-01T06:21:23.044+0000] {logging_mixin.py:149} INFO - [2023-05-01T06:21:23.044+0000] {dagbag.py:541} INFO - Filling up the DagBag from /home/airflow/.local/lib/python3.7/site-packages/airflow/example_dags/example_branch_datetime_operator.py
[2023-05-01T06:21:23.052+0000] {processor.py:809} INFO - DAG(s) dict_keys(['example_branch_datetime_operator_2', 'example_branch_datetime_operator_3', 'example_branch_datetime_operator']) retrieved from /home/airflow/.local/lib/python3.7/site-packages/airflow/example_dags/example_branch_datetime_operator.py
[2023-05-01T06:21:23.079+0000] {logging_mixin.py:149} INFO - [2023-05-01T06:21:23.079+0000] {dag.py:2726} INFO - Sync 3 DAGs
[2023-05-01T06:21:23.102+0000] {logging_mixin.py:149} INFO - [2023-05-01T06:21:23.102+0000] {dag.py:3490} INFO - Setting next_dagrun for example_branch_datetime_operator to 2023-04-30T00:00:00+00:00, run_after=2023-05-01T00:00:00+00:00
[2023-05-01T06:21:23.106+0000] {logging_mixin.py:149} INFO - [2023-05-01T06:21:23.106+0000] {dag.py:3490} INFO - Setting next_dagrun for example_branch_datetime_operator_2 to 2023-04-30T00:00:00+00:00, run_after=2023-05-01T00:00:00+00:00
[2023-05-01T06:21:23.108+0000] {logging_mixin.py:149} INFO - [2023-05-01T06:21:23.108+0000] {dag.py:3490} INFO - Setting next_dagrun for example_branch_datetime_operator_3 to 2023-04-30T00:00:00+00:00, run_after=2023-05-01T00:00:00+00:00
[2023-05-01T06:21:23.123+0000] {processor.py:178} INFO - Processing /home/airflow/.local/lib/python3.7/site-packages/airflow/example_dags/example_branch_datetime_operator.py took 0.082 seconds
[2023-05-01T06:21:53.523+0000] {processor.py:156} INFO - Started process (PID=232) to work on /home/airflow/.local/lib/python3.7/site-packages/airflow/example_dags/example_branch_datetime_operator.py
[2023-05-01T06:21:53.524+0000] {processor.py:799} INFO - Processing file /home/airflow/.local/lib/python3.7/site-packages/airflow/example_dags/example_branch_datetime_operator.py for tasks to queue
[2023-05-01T06:21:53.524+0000] {logging_mixin.py:149} INFO - [2023-05-01T06:21:53.524+0000] {dagbag.py:541} INFO - Filling up the DagBag from /home/airflow/.local/lib/python3.7/site-packages/airflow/example_dags/example_branch_datetime_operator.py
[2023-05-01T06:21:53.532+0000] {processor.py:809} INFO - DAG(s) dict_keys(['example_branch_datetime_operator_3', 'example_branch_datetime_operator', 'example_branch_datetime_operator_2']) retrieved from /home/airflow/.local/lib/python3.7/site-packages/airflow/example_dags/example_branch_datetime_operator.py
[2023-05-01T06:21:53.560+0000] {logging_mixin.py:149} INFO - [2023-05-01T06:21:53.560+0000] {dag.py:2726} INFO - Sync 3 DAGs
[2023-05-01T06:21:53.582+0000] {logging_mixin.py:149} INFO - [2023-05-01T06:21:53.582+0000] {dag.py:3490} INFO - Setting next_dagrun for example_branch_datetime_operator to 2023-04-30T00:00:00+00:00, run_after=2023-05-01T00:00:00+00:00
[2023-05-01T06:21:53.586+0000] {logging_mixin.py:149} INFO - [2023-05-01T06:21:53.586+0000] {dag.py:3490} INFO - Setting next_dagrun for example_branch_datetime_operator_2 to 2023-04-30T00:00:00+00:00, run_after=2023-05-01T00:00:00+00:00
[2023-05-01T06:21:53.588+0000] {logging_mixin.py:149} INFO - [2023-05-01T06:21:53.588+0000] {dag.py:3490} INFO - Setting next_dagrun for example_branch_datetime_operator_3 to 2023-04-30T00:00:00+00:00, run_after=2023-05-01T00:00:00+00:00
[2023-05-01T06:21:53.602+0000] {processor.py:178} INFO - Processing /home/airflow/.local/lib/python3.7/site-packages/airflow/example_dags/example_branch_datetime_operator.py took 0.081 seconds
[2023-05-01T06:22:24.034+0000] {processor.py:156} INFO - Started process (PID=288) to work on /home/airflow/.local/lib/python3.7/site-packages/airflow/example_dags/example_branch_datetime_operator.py
[2023-05-01T06:22:24.034+0000] {processor.py:799} INFO - Processing file /home/airflow/.local/lib/python3.7/site-packages/airflow/example_dags/example_branch_datetime_operator.py for tasks to queue
[2023-05-01T06:22:24.035+0000] {logging_mixin.py:149} INFO - [2023-05-01T06:22:24.035+0000] {dagbag.py:541} INFO - Filling up the DagBag from /home/airflow/.local/lib/python3.7/site-packages/airflow/example_dags/example_branch_datetime_operator.py
[2023-05-01T06:22:24.042+0000] {processor.py:809} INFO - DAG(s) dict_keys(['example_branch_datetime_operator_3', 'example_branch_datetime_operator', 'example_branch_datetime_operator_2']) retrieved from /home/airflow/.local/lib/python3.7/site-packages/airflow/example_dags/example_branch_datetime_operator.py
[2023-05-01T06:22:24.070+0000] {logging_mixin.py:149} INFO - [2023-05-01T06:22:24.070+0000] {dag.py:2726} INFO - Sync 3 DAGs
[2023-05-01T06:22:24.093+0000] {logging_mixin.py:149} INFO - [2023-05-01T06:22:24.093+0000] {dag.py:3490} INFO - Setting next_dagrun for example_branch_datetime_operator to 2023-04-30T00:00:00+00:00, run_after=2023-05-01T00:00:00+00:00
[2023-05-01T06:22:24.097+0000] {logging_mixin.py:149} INFO - [2023-05-01T06:22:24.097+0000] {dag.py:3490} INFO - Setting next_dagrun for example_branch_datetime_operator_2 to 2023-04-30T00:00:00+00:00, run_after=2023-05-01T00:00:00+00:00
[2023-05-01T06:22:24.100+0000] {logging_mixin.py:149} INFO - [2023-05-01T06:22:24.100+0000] {dag.py:3490} INFO - Setting next_dagrun for example_branch_datetime_operator_3 to 2023-04-30T00:00:00+00:00, run_after=2023-05-01T00:00:00+00:00
[2023-05-01T06:22:24.114+0000] {processor.py:178} INFO - Processing /home/airflow/.local/lib/python3.7/site-packages/airflow/example_dags/example_branch_datetime_operator.py took 0.083 seconds
[2023-05-01T06:22:54.563+0000] {processor.py:156} INFO - Started process (PID=344) to work on /home/airflow/.local/lib/python3.7/site-packages/airflow/example_dags/example_branch_datetime_operator.py
[2023-05-01T06:22:54.564+0000] {processor.py:799} INFO - Processing file /home/airflow/.local/lib/python3.7/site-packages/airflow/example_dags/example_branch_datetime_operator.py for tasks to queue
[2023-05-01T06:22:54.564+0000] {logging_mixin.py:149} INFO - [2023-05-01T06:22:54.564+0000] {dagbag.py:541} INFO - Filling up the DagBag from /home/airflow/.local/lib/python3.7/site-packages/airflow/example_dags/example_branch_datetime_operator.py
[2023-05-01T06:22:54.572+0000] {processor.py:809} INFO - DAG(s) dict_keys(['example_branch_datetime_operator_2', 'example_branch_datetime_operator_3', 'example_branch_datetime_operator']) retrieved from /home/airflow/.local/lib/python3.7/site-packages/airflow/example_dags/example_branch_datetime_operator.py
[2023-05-01T06:22:54.600+0000] {logging_mixin.py:149} INFO - [2023-05-01T06:22:54.600+0000] {dag.py:2726} INFO - Sync 3 DAGs
[2023-05-01T06:22:54.623+0000] {logging_mixin.py:149} INFO - [2023-05-01T06:22:54.623+0000] {dag.py:3490} INFO - Setting next_dagrun for example_branch_datetime_operator to 2023-04-30T00:00:00+00:00, run_after=2023-05-01T00:00:00+00:00
[2023-05-01T06:22:54.627+0000] {logging_mixin.py:149} INFO - [2023-05-01T06:22:54.627+0000] {dag.py:3490} INFO - Setting next_dagrun for example_branch_datetime_operator_2 to 2023-04-30T00:00:00+00:00, run_after=2023-05-01T00:00:00+00:00
[2023-05-01T06:22:54.629+0000] {logging_mixin.py:149} INFO - [2023-05-01T06:22:54.629+0000] {dag.py:3490} INFO - Setting next_dagrun for example_branch_datetime_operator_3 to 2023-04-30T00:00:00+00:00, run_after=2023-05-01T00:00:00+00:00
[2023-05-01T06:22:54.644+0000] {processor.py:178} INFO - Processing /home/airflow/.local/lib/python3.7/site-packages/airflow/example_dags/example_branch_datetime_operator.py took 0.084 seconds
[2023-05-01T06:23:25.300+0000] {processor.py:156} INFO - Started process (PID=399) to work on /home/airflow/.local/lib/python3.7/site-packages/airflow/example_dags/example_branch_datetime_operator.py
[2023-05-01T06:23:25.301+0000] {processor.py:799} INFO - Processing file /home/airflow/.local/lib/python3.7/site-packages/airflow/example_dags/example_branch_datetime_operator.py for tasks to queue
[2023-05-01T06:23:25.302+0000] {logging_mixin.py:149} INFO - [2023-05-01T06:23:25.301+0000] {dagbag.py:541} INFO - Filling up the DagBag from /home/airflow/.local/lib/python3.7/site-packages/airflow/example_dags/example_branch_datetime_operator.py
[2023-05-01T06:23:25.310+0000] {processor.py:809} INFO - DAG(s) dict_keys(['example_branch_datetime_operator', 'example_branch_datetime_operator_3', 'example_branch_datetime_operator_2']) retrieved from /home/airflow/.local/lib/python3.7/site-packages/airflow/example_dags/example_branch_datetime_operator.py
[2023-05-01T06:23:25.339+0000] {logging_mixin.py:149} INFO - [2023-05-01T06:23:25.339+0000] {dag.py:2726} INFO - Sync 3 DAGs
[2023-05-01T06:23:25.364+0000] {logging_mixin.py:149} INFO - [2023-05-01T06:23:25.364+0000] {dag.py:3490} INFO - Setting next_dagrun for example_branch_datetime_operator to 2023-04-30T00:00:00+00:00, run_after=2023-05-01T00:00:00+00:00
[2023-05-01T06:23:25.368+0000] {logging_mixin.py:149} INFO - [2023-05-01T06:23:25.368+0000] {dag.py:3490} INFO - Setting next_dagrun for example_branch_datetime_operator_2 to 2023-04-30T00:00:00+00:00, run_after=2023-05-01T00:00:00+00:00
[2023-05-01T06:23:25.371+0000] {logging_mixin.py:149} INFO - [2023-05-01T06:23:25.371+0000] {dag.py:3490} INFO - Setting next_dagrun for example_branch_datetime_operator_3 to 2023-04-30T00:00:00+00:00, run_after=2023-05-01T00:00:00+00:00
[2023-05-01T06:23:25.387+0000] {processor.py:178} INFO - Processing /home/airflow/.local/lib/python3.7/site-packages/airflow/example_dags/example_branch_datetime_operator.py took 0.089 seconds
