[2023-05-01T06:20:20.595+0000] {processor.py:156} INFO - Started process (PID=47) to work on /home/airflow/.local/lib/python3.7/site-packages/airflow/example_dags/example_short_circuit_operator.py
[2023-05-01T06:20:20.596+0000] {processor.py:799} INFO - Processing file /home/airflow/.local/lib/python3.7/site-packages/airflow/example_dags/example_short_circuit_operator.py for tasks to queue
[2023-05-01T06:20:20.597+0000] {logging_mixin.py:149} INFO - [2023-05-01T06:20:20.597+0000] {dagbag.py:541} INFO - Filling up the DagBag from /home/airflow/.local/lib/python3.7/site-packages/airflow/example_dags/example_short_circuit_operator.py
[2023-05-01T06:20:20.605+0000] {processor.py:809} INFO - DAG(s) dict_keys(['example_short_circuit_operator']) retrieved from /home/airflow/.local/lib/python3.7/site-packages/airflow/example_dags/example_short_circuit_operator.py
[2023-05-01T06:20:20.618+0000] {logging_mixin.py:149} INFO - [2023-05-01T06:20:20.618+0000] {dag.py:2726} INFO - Sync 1 DAGs
[2023-05-01T06:20:20.641+0000] {logging_mixin.py:149} INFO - [2023-05-01T06:20:20.641+0000] {dag.py:3490} INFO - Setting next_dagrun for example_short_circuit_operator to 2023-04-30T06:20:20.641588+00:00, run_after=2023-05-01T06:20:20.641588+00:00
[2023-05-01T06:20:20.659+0000] {processor.py:178} INFO - Processing /home/airflow/.local/lib/python3.7/site-packages/airflow/example_dags/example_short_circuit_operator.py took 0.066 seconds
[2023-05-01T06:20:51.437+0000] {processor.py:156} INFO - Started process (PID=103) to work on /home/airflow/.local/lib/python3.7/site-packages/airflow/example_dags/example_short_circuit_operator.py
[2023-05-01T06:20:51.438+0000] {processor.py:799} INFO - Processing file /home/airflow/.local/lib/python3.7/site-packages/airflow/example_dags/example_short_circuit_operator.py for tasks to queue
[2023-05-01T06:20:51.438+0000] {logging_mixin.py:149} INFO - [2023-05-01T06:20:51.438+0000] {dagbag.py:541} INFO - Filling up the DagBag from /home/airflow/.local/lib/python3.7/site-packages/airflow/example_dags/example_short_circuit_operator.py
[2023-05-01T06:20:51.445+0000] {processor.py:809} INFO - DAG(s) dict_keys(['example_short_circuit_operator']) retrieved from /home/airflow/.local/lib/python3.7/site-packages/airflow/example_dags/example_short_circuit_operator.py
[2023-05-01T06:20:51.466+0000] {logging_mixin.py:149} INFO - [2023-05-01T06:20:51.466+0000] {dag.py:2726} INFO - Sync 1 DAGs
[2023-05-01T06:20:51.487+0000] {logging_mixin.py:149} INFO - [2023-05-01T06:20:51.487+0000] {dag.py:3490} INFO - Setting next_dagrun for example_short_circuit_operator to 2023-04-30T06:20:51.487115+00:00, run_after=2023-05-01T06:20:51.487115+00:00
[2023-05-01T06:20:51.503+0000] {processor.py:178} INFO - Processing /home/airflow/.local/lib/python3.7/site-packages/airflow/example_dags/example_short_circuit_operator.py took 0.069 seconds
[2023-05-01T06:21:21.967+0000] {processor.py:156} INFO - Started process (PID=159) to work on /home/airflow/.local/lib/python3.7/site-packages/airflow/example_dags/example_short_circuit_operator.py
[2023-05-01T06:21:21.968+0000] {processor.py:799} INFO - Processing file /home/airflow/.local/lib/python3.7/site-packages/airflow/example_dags/example_short_circuit_operator.py for tasks to queue
[2023-05-01T06:21:21.968+0000] {logging_mixin.py:149} INFO - [2023-05-01T06:21:21.968+0000] {dagbag.py:541} INFO - Filling up the DagBag from /home/airflow/.local/lib/python3.7/site-packages/airflow/example_dags/example_short_circuit_operator.py
[2023-05-01T06:21:21.974+0000] {processor.py:809} INFO - DAG(s) dict_keys(['example_short_circuit_operator']) retrieved from /home/airflow/.local/lib/python3.7/site-packages/airflow/example_dags/example_short_circuit_operator.py
[2023-05-01T06:21:21.996+0000] {logging_mixin.py:149} INFO - [2023-05-01T06:21:21.996+0000] {dag.py:2726} INFO - Sync 1 DAGs
[2023-05-01T06:21:22.018+0000] {logging_mixin.py:149} INFO - [2023-05-01T06:21:22.017+0000] {dag.py:3490} INFO - Setting next_dagrun for example_short_circuit_operator to 2023-04-30T06:21:22.017732+00:00, run_after=2023-05-01T06:21:22.017732+00:00
[2023-05-01T06:21:22.034+0000] {processor.py:178} INFO - Processing /home/airflow/.local/lib/python3.7/site-packages/airflow/example_dags/example_short_circuit_operator.py took 0.070 seconds
[2023-05-01T06:21:52.461+0000] {processor.py:156} INFO - Started process (PID=215) to work on /home/airflow/.local/lib/python3.7/site-packages/airflow/example_dags/example_short_circuit_operator.py
[2023-05-01T06:21:52.462+0000] {processor.py:799} INFO - Processing file /home/airflow/.local/lib/python3.7/site-packages/airflow/example_dags/example_short_circuit_operator.py for tasks to queue
[2023-05-01T06:21:52.462+0000] {logging_mixin.py:149} INFO - [2023-05-01T06:21:52.462+0000] {dagbag.py:541} INFO - Filling up the DagBag from /home/airflow/.local/lib/python3.7/site-packages/airflow/example_dags/example_short_circuit_operator.py
[2023-05-01T06:21:52.469+0000] {processor.py:809} INFO - DAG(s) dict_keys(['example_short_circuit_operator']) retrieved from /home/airflow/.local/lib/python3.7/site-packages/airflow/example_dags/example_short_circuit_operator.py
[2023-05-01T06:21:52.490+0000] {logging_mixin.py:149} INFO - [2023-05-01T06:21:52.490+0000] {dag.py:2726} INFO - Sync 1 DAGs
[2023-05-01T06:21:52.511+0000] {logging_mixin.py:149} INFO - [2023-05-01T06:21:52.511+0000] {dag.py:3490} INFO - Setting next_dagrun for example_short_circuit_operator to 2023-04-30T06:21:52.511174+00:00, run_after=2023-05-01T06:21:52.511174+00:00
[2023-05-01T06:21:52.527+0000] {processor.py:178} INFO - Processing /home/airflow/.local/lib/python3.7/site-packages/airflow/example_dags/example_short_circuit_operator.py took 0.068 seconds
[2023-05-01T06:22:22.981+0000] {processor.py:156} INFO - Started process (PID=271) to work on /home/airflow/.local/lib/python3.7/site-packages/airflow/example_dags/example_short_circuit_operator.py
[2023-05-01T06:22:22.981+0000] {processor.py:799} INFO - Processing file /home/airflow/.local/lib/python3.7/site-packages/airflow/example_dags/example_short_circuit_operator.py for tasks to queue
[2023-05-01T06:22:22.982+0000] {logging_mixin.py:149} INFO - [2023-05-01T06:22:22.982+0000] {dagbag.py:541} INFO - Filling up the DagBag from /home/airflow/.local/lib/python3.7/site-packages/airflow/example_dags/example_short_circuit_operator.py
[2023-05-01T06:22:22.988+0000] {processor.py:809} INFO - DAG(s) dict_keys(['example_short_circuit_operator']) retrieved from /home/airflow/.local/lib/python3.7/site-packages/airflow/example_dags/example_short_circuit_operator.py
[2023-05-01T06:22:23.009+0000] {logging_mixin.py:149} INFO - [2023-05-01T06:22:23.009+0000] {dag.py:2726} INFO - Sync 1 DAGs
[2023-05-01T06:22:23.030+0000] {logging_mixin.py:149} INFO - [2023-05-01T06:22:23.030+0000] {dag.py:3490} INFO - Setting next_dagrun for example_short_circuit_operator to 2023-04-30T06:22:23.030352+00:00, run_after=2023-05-01T06:22:23.030352+00:00
[2023-05-01T06:22:23.046+0000] {processor.py:178} INFO - Processing /home/airflow/.local/lib/python3.7/site-packages/airflow/example_dags/example_short_circuit_operator.py took 0.068 seconds
[2023-05-01T06:22:53.458+0000] {processor.py:156} INFO - Started process (PID=327) to work on /home/airflow/.local/lib/python3.7/site-packages/airflow/example_dags/example_short_circuit_operator.py
[2023-05-01T06:22:53.459+0000] {processor.py:799} INFO - Processing file /home/airflow/.local/lib/python3.7/site-packages/airflow/example_dags/example_short_circuit_operator.py for tasks to queue
[2023-05-01T06:22:53.460+0000] {logging_mixin.py:149} INFO - [2023-05-01T06:22:53.460+0000] {dagbag.py:541} INFO - Filling up the DagBag from /home/airflow/.local/lib/python3.7/site-packages/airflow/example_dags/example_short_circuit_operator.py
[2023-05-01T06:22:53.466+0000] {processor.py:809} INFO - DAG(s) dict_keys(['example_short_circuit_operator']) retrieved from /home/airflow/.local/lib/python3.7/site-packages/airflow/example_dags/example_short_circuit_operator.py
[2023-05-01T06:22:53.488+0000] {logging_mixin.py:149} INFO - [2023-05-01T06:22:53.488+0000] {dag.py:2726} INFO - Sync 1 DAGs
[2023-05-01T06:22:53.509+0000] {logging_mixin.py:149} INFO - [2023-05-01T06:22:53.509+0000] {dag.py:3490} INFO - Setting next_dagrun for example_short_circuit_operator to 2023-04-30T06:22:53.508983+00:00, run_after=2023-05-01T06:22:53.508983+00:00
[2023-05-01T06:22:53.525+0000] {processor.py:178} INFO - Processing /home/airflow/.local/lib/python3.7/site-packages/airflow/example_dags/example_short_circuit_operator.py took 0.069 seconds
[2023-05-01T06:23:24.265+0000] {processor.py:156} INFO - Started process (PID=382) to work on /home/airflow/.local/lib/python3.7/site-packages/airflow/example_dags/example_short_circuit_operator.py
[2023-05-01T06:23:24.266+0000] {processor.py:799} INFO - Processing file /home/airflow/.local/lib/python3.7/site-packages/airflow/example_dags/example_short_circuit_operator.py for tasks to queue
[2023-05-01T06:23:24.266+0000] {logging_mixin.py:149} INFO - [2023-05-01T06:23:24.266+0000] {dagbag.py:541} INFO - Filling up the DagBag from /home/airflow/.local/lib/python3.7/site-packages/airflow/example_dags/example_short_circuit_operator.py
[2023-05-01T06:23:24.273+0000] {processor.py:809} INFO - DAG(s) dict_keys(['example_short_circuit_operator']) retrieved from /home/airflow/.local/lib/python3.7/site-packages/airflow/example_dags/example_short_circuit_operator.py
[2023-05-01T06:23:24.295+0000] {logging_mixin.py:149} INFO - [2023-05-01T06:23:24.295+0000] {dag.py:2726} INFO - Sync 1 DAGs
[2023-05-01T06:23:24.318+0000] {logging_mixin.py:149} INFO - [2023-05-01T06:23:24.318+0000] {dag.py:3490} INFO - Setting next_dagrun for example_short_circuit_operator to 2023-04-30T06:23:24.317892+00:00, run_after=2023-05-01T06:23:24.317892+00:00
[2023-05-01T06:23:24.338+0000] {processor.py:178} INFO - Processing /home/airflow/.local/lib/python3.7/site-packages/airflow/example_dags/example_short_circuit_operator.py took 0.076 seconds
[2023-05-01T06:23:54.938+0000] {processor.py:156} INFO - Started process (PID=438) to work on /home/airflow/.local/lib/python3.7/site-packages/airflow/example_dags/example_short_circuit_operator.py
[2023-05-01T06:23:54.938+0000] {processor.py:799} INFO - Processing file /home/airflow/.local/lib/python3.7/site-packages/airflow/example_dags/example_short_circuit_operator.py for tasks to queue
[2023-05-01T06:23:54.939+0000] {logging_mixin.py:149} INFO - [2023-05-01T06:23:54.939+0000] {dagbag.py:541} INFO - Filling up the DagBag from /home/airflow/.local/lib/python3.7/site-packages/airflow/example_dags/example_short_circuit_operator.py
[2023-05-01T06:23:54.945+0000] {processor.py:809} INFO - DAG(s) dict_keys(['example_short_circuit_operator']) retrieved from /home/airflow/.local/lib/python3.7/site-packages/airflow/example_dags/example_short_circuit_operator.py
[2023-05-01T06:23:54.967+0000] {logging_mixin.py:149} INFO - [2023-05-01T06:23:54.967+0000] {dag.py:2726} INFO - Sync 1 DAGs
[2023-05-01T06:23:54.990+0000] {logging_mixin.py:149} INFO - [2023-05-01T06:23:54.989+0000] {dag.py:3490} INFO - Setting next_dagrun for example_short_circuit_operator to 2023-04-30T06:23:54.989789+00:00, run_after=2023-05-01T06:23:54.989789+00:00
[2023-05-01T06:23:55.006+0000] {processor.py:178} INFO - Processing /home/airflow/.local/lib/python3.7/site-packages/airflow/example_dags/example_short_circuit_operator.py took 0.071 seconds
[2023-05-01T06:24:25.475+0000] {processor.py:156} INFO - Started process (PID=494) to work on /home/airflow/.local/lib/python3.7/site-packages/airflow/example_dags/example_short_circuit_operator.py
[2023-05-01T06:24:25.475+0000] {processor.py:799} INFO - Processing file /home/airflow/.local/lib/python3.7/site-packages/airflow/example_dags/example_short_circuit_operator.py for tasks to queue
[2023-05-01T06:24:25.476+0000] {logging_mixin.py:149} INFO - [2023-05-01T06:24:25.476+0000] {dagbag.py:541} INFO - Filling up the DagBag from /home/airflow/.local/lib/python3.7/site-packages/airflow/example_dags/example_short_circuit_operator.py
[2023-05-01T06:24:25.486+0000] {processor.py:809} INFO - DAG(s) dict_keys(['example_short_circuit_operator']) retrieved from /home/airflow/.local/lib/python3.7/site-packages/airflow/example_dags/example_short_circuit_operator.py
[2023-05-01T06:24:25.511+0000] {logging_mixin.py:149} INFO - [2023-05-01T06:24:25.511+0000] {dag.py:2726} INFO - Sync 1 DAGs
[2023-05-01T06:24:25.535+0000] {logging_mixin.py:149} INFO - [2023-05-01T06:24:25.535+0000] {dag.py:3490} INFO - Setting next_dagrun for example_short_circuit_operator to 2023-04-30T06:24:25.535572+00:00, run_after=2023-05-01T06:24:25.535572+00:00
[2023-05-01T06:24:25.562+0000] {processor.py:178} INFO - Processing /home/airflow/.local/lib/python3.7/site-packages/airflow/example_dags/example_short_circuit_operator.py took 0.090 seconds
[2023-05-01T06:24:56.138+0000] {processor.py:156} INFO - Started process (PID=550) to work on /home/airflow/.local/lib/python3.7/site-packages/airflow/example_dags/example_short_circuit_operator.py
[2023-05-01T06:24:56.139+0000] {processor.py:799} INFO - Processing file /home/airflow/.local/lib/python3.7/site-packages/airflow/example_dags/example_short_circuit_operator.py for tasks to queue
[2023-05-01T06:24:56.140+0000] {logging_mixin.py:149} INFO - [2023-05-01T06:24:56.140+0000] {dagbag.py:541} INFO - Filling up the DagBag from /home/airflow/.local/lib/python3.7/site-packages/airflow/example_dags/example_short_circuit_operator.py
[2023-05-01T06:24:56.147+0000] {processor.py:809} INFO - DAG(s) dict_keys(['example_short_circuit_operator']) retrieved from /home/airflow/.local/lib/python3.7/site-packages/airflow/example_dags/example_short_circuit_operator.py
[2023-05-01T06:24:56.171+0000] {logging_mixin.py:149} INFO - [2023-05-01T06:24:56.171+0000] {dag.py:2726} INFO - Sync 1 DAGs
[2023-05-01T06:24:56.193+0000] {logging_mixin.py:149} INFO - [2023-05-01T06:24:56.193+0000] {dag.py:3490} INFO - Setting next_dagrun for example_short_circuit_operator to 2023-04-30T06:24:56.193515+00:00, run_after=2023-05-01T06:24:56.193515+00:00
[2023-05-01T06:24:56.212+0000] {processor.py:178} INFO - Processing /home/airflow/.local/lib/python3.7/site-packages/airflow/example_dags/example_short_circuit_operator.py took 0.076 seconds
[2023-05-01T06:25:26.457+0000] {processor.py:156} INFO - Started process (PID=606) to work on /home/airflow/.local/lib/python3.7/site-packages/airflow/example_dags/example_short_circuit_operator.py
[2023-05-01T06:25:26.457+0000] {processor.py:799} INFO - Processing file /home/airflow/.local/lib/python3.7/site-packages/airflow/example_dags/example_short_circuit_operator.py for tasks to queue
[2023-05-01T06:25:26.458+0000] {logging_mixin.py:149} INFO - [2023-05-01T06:25:26.458+0000] {dagbag.py:541} INFO - Filling up the DagBag from /home/airflow/.local/lib/python3.7/site-packages/airflow/example_dags/example_short_circuit_operator.py
[2023-05-01T06:25:26.464+0000] {processor.py:809} INFO - DAG(s) dict_keys(['example_short_circuit_operator']) retrieved from /home/airflow/.local/lib/python3.7/site-packages/airflow/example_dags/example_short_circuit_operator.py
[2023-05-01T06:25:26.485+0000] {logging_mixin.py:149} INFO - [2023-05-01T06:25:26.485+0000] {dag.py:2726} INFO - Sync 1 DAGs
[2023-05-01T06:25:26.506+0000] {logging_mixin.py:149} INFO - [2023-05-01T06:25:26.506+0000] {dag.py:3490} INFO - Setting next_dagrun for example_short_circuit_operator to 2023-04-30T06:25:26.506269+00:00, run_after=2023-05-01T06:25:26.506269+00:00
[2023-05-01T06:25:26.522+0000] {processor.py:178} INFO - Processing /home/airflow/.local/lib/python3.7/site-packages/airflow/example_dags/example_short_circuit_operator.py took 0.067 seconds
