[2023-05-01T06:20:21.891+0000] {processor.py:156} INFO - Started process (PID=67) to work on /home/airflow/.local/lib/python3.7/site-packages/airflow/example_dags/example_short_circuit_decorator.py
[2023-05-01T06:20:21.891+0000] {processor.py:799} INFO - Processing file /home/airflow/.local/lib/python3.7/site-packages/airflow/example_dags/example_short_circuit_decorator.py for tasks to queue
[2023-05-01T06:20:21.893+0000] {logging_mixin.py:149} INFO - [2023-05-01T06:20:21.893+0000] {dagbag.py:541} INFO - Filling up the DagBag from /home/airflow/.local/lib/python3.7/site-packages/airflow/example_dags/example_short_circuit_decorator.py
[2023-05-01T06:20:21.904+0000] {processor.py:809} INFO - DAG(s) dict_keys(['example_short_circuit_decorator']) retrieved from /home/airflow/.local/lib/python3.7/site-packages/airflow/example_dags/example_short_circuit_decorator.py
[2023-05-01T06:20:21.917+0000] {logging_mixin.py:149} INFO - [2023-05-01T06:20:21.917+0000] {dag.py:2726} INFO - Sync 1 DAGs
[2023-05-01T06:20:21.944+0000] {logging_mixin.py:149} INFO - [2023-05-01T06:20:21.944+0000] {dag.py:3490} INFO - Setting next_dagrun for example_short_circuit_decorator to 2023-04-30T06:20:21.943894+00:00, run_after=2023-05-01T06:20:21.943894+00:00
[2023-05-01T06:20:21.961+0000] {processor.py:178} INFO - Processing /home/airflow/.local/lib/python3.7/site-packages/airflow/example_dags/example_short_circuit_decorator.py took 0.073 seconds
[2023-05-01T06:20:52.546+0000] {processor.py:156} INFO - Started process (PID=123) to work on /home/airflow/.local/lib/python3.7/site-packages/airflow/example_dags/example_short_circuit_decorator.py
[2023-05-01T06:20:52.547+0000] {processor.py:799} INFO - Processing file /home/airflow/.local/lib/python3.7/site-packages/airflow/example_dags/example_short_circuit_decorator.py for tasks to queue
[2023-05-01T06:20:52.548+0000] {logging_mixin.py:149} INFO - [2023-05-01T06:20:52.548+0000] {dagbag.py:541} INFO - Filling up the DagBag from /home/airflow/.local/lib/python3.7/site-packages/airflow/example_dags/example_short_circuit_decorator.py
[2023-05-01T06:20:52.555+0000] {processor.py:809} INFO - DAG(s) dict_keys(['example_short_circuit_decorator']) retrieved from /home/airflow/.local/lib/python3.7/site-packages/airflow/example_dags/example_short_circuit_decorator.py
[2023-05-01T06:20:52.576+0000] {logging_mixin.py:149} INFO - [2023-05-01T06:20:52.576+0000] {dag.py:2726} INFO - Sync 1 DAGs
[2023-05-01T06:20:52.598+0000] {logging_mixin.py:149} INFO - [2023-05-01T06:20:52.597+0000] {dag.py:3490} INFO - Setting next_dagrun for example_short_circuit_decorator to 2023-04-30T06:20:52.597692+00:00, run_after=2023-05-01T06:20:52.597692+00:00
[2023-05-01T06:20:52.613+0000] {processor.py:178} INFO - Processing /home/airflow/.local/lib/python3.7/site-packages/airflow/example_dags/example_short_circuit_decorator.py took 0.069 seconds
[2023-05-01T06:21:23.162+0000] {processor.py:156} INFO - Started process (PID=179) to work on /home/airflow/.local/lib/python3.7/site-packages/airflow/example_dags/example_short_circuit_decorator.py
[2023-05-01T06:21:23.162+0000] {processor.py:799} INFO - Processing file /home/airflow/.local/lib/python3.7/site-packages/airflow/example_dags/example_short_circuit_decorator.py for tasks to queue
[2023-05-01T06:21:23.163+0000] {logging_mixin.py:149} INFO - [2023-05-01T06:21:23.163+0000] {dagbag.py:541} INFO - Filling up the DagBag from /home/airflow/.local/lib/python3.7/site-packages/airflow/example_dags/example_short_circuit_decorator.py
[2023-05-01T06:21:23.170+0000] {processor.py:809} INFO - DAG(s) dict_keys(['example_short_circuit_decorator']) retrieved from /home/airflow/.local/lib/python3.7/site-packages/airflow/example_dags/example_short_circuit_decorator.py
[2023-05-01T06:21:23.193+0000] {logging_mixin.py:149} INFO - [2023-05-01T06:21:23.193+0000] {dag.py:2726} INFO - Sync 1 DAGs
[2023-05-01T06:21:23.215+0000] {logging_mixin.py:149} INFO - [2023-05-01T06:21:23.215+0000] {dag.py:3490} INFO - Setting next_dagrun for example_short_circuit_decorator to 2023-04-30T06:21:23.214881+00:00, run_after=2023-05-01T06:21:23.214881+00:00
[2023-05-01T06:21:23.232+0000] {processor.py:178} INFO - Processing /home/airflow/.local/lib/python3.7/site-packages/airflow/example_dags/example_short_circuit_decorator.py took 0.073 seconds
[2023-05-01T06:21:53.701+0000] {processor.py:156} INFO - Started process (PID=235) to work on /home/airflow/.local/lib/python3.7/site-packages/airflow/example_dags/example_short_circuit_decorator.py
[2023-05-01T06:21:53.702+0000] {processor.py:799} INFO - Processing file /home/airflow/.local/lib/python3.7/site-packages/airflow/example_dags/example_short_circuit_decorator.py for tasks to queue
[2023-05-01T06:21:53.702+0000] {logging_mixin.py:149} INFO - [2023-05-01T06:21:53.702+0000] {dagbag.py:541} INFO - Filling up the DagBag from /home/airflow/.local/lib/python3.7/site-packages/airflow/example_dags/example_short_circuit_decorator.py
[2023-05-01T06:21:53.710+0000] {processor.py:809} INFO - DAG(s) dict_keys(['example_short_circuit_decorator']) retrieved from /home/airflow/.local/lib/python3.7/site-packages/airflow/example_dags/example_short_circuit_decorator.py
[2023-05-01T06:21:53.731+0000] {logging_mixin.py:149} INFO - [2023-05-01T06:21:53.731+0000] {dag.py:2726} INFO - Sync 1 DAGs
[2023-05-01T06:21:53.755+0000] {logging_mixin.py:149} INFO - [2023-05-01T06:21:53.755+0000] {dag.py:3490} INFO - Setting next_dagrun for example_short_circuit_decorator to 2023-04-30T06:21:53.755000+00:00, run_after=2023-05-01T06:21:53.755000+00:00
[2023-05-01T06:21:53.772+0000] {processor.py:178} INFO - Processing /home/airflow/.local/lib/python3.7/site-packages/airflow/example_dags/example_short_circuit_decorator.py took 0.074 seconds
[2023-05-01T06:22:24.216+0000] {processor.py:156} INFO - Started process (PID=291) to work on /home/airflow/.local/lib/python3.7/site-packages/airflow/example_dags/example_short_circuit_decorator.py
[2023-05-01T06:22:24.217+0000] {processor.py:799} INFO - Processing file /home/airflow/.local/lib/python3.7/site-packages/airflow/example_dags/example_short_circuit_decorator.py for tasks to queue
[2023-05-01T06:22:24.217+0000] {logging_mixin.py:149} INFO - [2023-05-01T06:22:24.217+0000] {dagbag.py:541} INFO - Filling up the DagBag from /home/airflow/.local/lib/python3.7/site-packages/airflow/example_dags/example_short_circuit_decorator.py
[2023-05-01T06:22:24.225+0000] {processor.py:809} INFO - DAG(s) dict_keys(['example_short_circuit_decorator']) retrieved from /home/airflow/.local/lib/python3.7/site-packages/airflow/example_dags/example_short_circuit_decorator.py
[2023-05-01T06:22:24.247+0000] {logging_mixin.py:149} INFO - [2023-05-01T06:22:24.247+0000] {dag.py:2726} INFO - Sync 1 DAGs
[2023-05-01T06:22:24.269+0000] {logging_mixin.py:149} INFO - [2023-05-01T06:22:24.269+0000] {dag.py:3490} INFO - Setting next_dagrun for example_short_circuit_decorator to 2023-04-30T06:22:24.269108+00:00, run_after=2023-05-01T06:22:24.269108+00:00
[2023-05-01T06:22:24.285+0000] {processor.py:178} INFO - Processing /home/airflow/.local/lib/python3.7/site-packages/airflow/example_dags/example_short_circuit_decorator.py took 0.071 seconds
[2023-05-01T06:22:54.662+0000] {processor.py:156} INFO - Started process (PID=347) to work on /home/airflow/.local/lib/python3.7/site-packages/airflow/example_dags/example_short_circuit_decorator.py
[2023-05-01T06:22:54.663+0000] {processor.py:799} INFO - Processing file /home/airflow/.local/lib/python3.7/site-packages/airflow/example_dags/example_short_circuit_decorator.py for tasks to queue
[2023-05-01T06:22:54.663+0000] {logging_mixin.py:149} INFO - [2023-05-01T06:22:54.663+0000] {dagbag.py:541} INFO - Filling up the DagBag from /home/airflow/.local/lib/python3.7/site-packages/airflow/example_dags/example_short_circuit_decorator.py
[2023-05-01T06:22:54.671+0000] {processor.py:809} INFO - DAG(s) dict_keys(['example_short_circuit_decorator']) retrieved from /home/airflow/.local/lib/python3.7/site-packages/airflow/example_dags/example_short_circuit_decorator.py
[2023-05-01T06:22:54.692+0000] {logging_mixin.py:149} INFO - [2023-05-01T06:22:54.692+0000] {dag.py:2726} INFO - Sync 1 DAGs
[2023-05-01T06:22:54.713+0000] {logging_mixin.py:149} INFO - [2023-05-01T06:22:54.713+0000] {dag.py:3490} INFO - Setting next_dagrun for example_short_circuit_decorator to 2023-04-30T06:22:54.713569+00:00, run_after=2023-05-01T06:22:54.713569+00:00
[2023-05-01T06:22:54.729+0000] {processor.py:178} INFO - Processing /home/airflow/.local/lib/python3.7/site-packages/airflow/example_dags/example_short_circuit_decorator.py took 0.070 seconds
[2023-05-01T06:23:25.451+0000] {processor.py:156} INFO - Started process (PID=402) to work on /home/airflow/.local/lib/python3.7/site-packages/airflow/example_dags/example_short_circuit_decorator.py
[2023-05-01T06:23:25.452+0000] {processor.py:799} INFO - Processing file /home/airflow/.local/lib/python3.7/site-packages/airflow/example_dags/example_short_circuit_decorator.py for tasks to queue
[2023-05-01T06:23:25.452+0000] {logging_mixin.py:149} INFO - [2023-05-01T06:23:25.452+0000] {dagbag.py:541} INFO - Filling up the DagBag from /home/airflow/.local/lib/python3.7/site-packages/airflow/example_dags/example_short_circuit_decorator.py
[2023-05-01T06:23:25.460+0000] {processor.py:809} INFO - DAG(s) dict_keys(['example_short_circuit_decorator']) retrieved from /home/airflow/.local/lib/python3.7/site-packages/airflow/example_dags/example_short_circuit_decorator.py
[2023-05-01T06:23:25.482+0000] {logging_mixin.py:149} INFO - [2023-05-01T06:23:25.482+0000] {dag.py:2726} INFO - Sync 1 DAGs
[2023-05-01T06:23:25.504+0000] {logging_mixin.py:149} INFO - [2023-05-01T06:23:25.504+0000] {dag.py:3490} INFO - Setting next_dagrun for example_short_circuit_decorator to 2023-04-30T06:23:25.503849+00:00, run_after=2023-05-01T06:23:25.503849+00:00
[2023-05-01T06:23:25.520+0000] {processor.py:178} INFO - Processing /home/airflow/.local/lib/python3.7/site-packages/airflow/example_dags/example_short_circuit_decorator.py took 0.072 seconds
[2023-05-01T06:23:56.157+0000] {processor.py:156} INFO - Started process (PID=458) to work on /home/airflow/.local/lib/python3.7/site-packages/airflow/example_dags/example_short_circuit_decorator.py
[2023-05-01T06:23:56.158+0000] {processor.py:799} INFO - Processing file /home/airflow/.local/lib/python3.7/site-packages/airflow/example_dags/example_short_circuit_decorator.py for tasks to queue
[2023-05-01T06:23:56.158+0000] {logging_mixin.py:149} INFO - [2023-05-01T06:23:56.158+0000] {dagbag.py:541} INFO - Filling up the DagBag from /home/airflow/.local/lib/python3.7/site-packages/airflow/example_dags/example_short_circuit_decorator.py
[2023-05-01T06:23:56.166+0000] {processor.py:809} INFO - DAG(s) dict_keys(['example_short_circuit_decorator']) retrieved from /home/airflow/.local/lib/python3.7/site-packages/airflow/example_dags/example_short_circuit_decorator.py
[2023-05-01T06:23:56.187+0000] {logging_mixin.py:149} INFO - [2023-05-01T06:23:56.187+0000] {dag.py:2726} INFO - Sync 1 DAGs
[2023-05-01T06:23:56.209+0000] {logging_mixin.py:149} INFO - [2023-05-01T06:23:56.208+0000] {dag.py:3490} INFO - Setting next_dagrun for example_short_circuit_decorator to 2023-04-30T06:23:56.208742+00:00, run_after=2023-05-01T06:23:56.208742+00:00
[2023-05-01T06:23:56.225+0000] {processor.py:178} INFO - Processing /home/airflow/.local/lib/python3.7/site-packages/airflow/example_dags/example_short_circuit_decorator.py took 0.071 seconds
[2023-05-01T06:24:26.760+0000] {processor.py:156} INFO - Started process (PID=514) to work on /home/airflow/.local/lib/python3.7/site-packages/airflow/example_dags/example_short_circuit_decorator.py
[2023-05-01T06:24:26.760+0000] {processor.py:799} INFO - Processing file /home/airflow/.local/lib/python3.7/site-packages/airflow/example_dags/example_short_circuit_decorator.py for tasks to queue
[2023-05-01T06:24:26.761+0000] {logging_mixin.py:149} INFO - [2023-05-01T06:24:26.761+0000] {dagbag.py:541} INFO - Filling up the DagBag from /home/airflow/.local/lib/python3.7/site-packages/airflow/example_dags/example_short_circuit_decorator.py
[2023-05-01T06:24:26.769+0000] {processor.py:809} INFO - DAG(s) dict_keys(['example_short_circuit_decorator']) retrieved from /home/airflow/.local/lib/python3.7/site-packages/airflow/example_dags/example_short_circuit_decorator.py
[2023-05-01T06:24:26.792+0000] {logging_mixin.py:149} INFO - [2023-05-01T06:24:26.792+0000] {dag.py:2726} INFO - Sync 1 DAGs
[2023-05-01T06:24:26.815+0000] {logging_mixin.py:149} INFO - [2023-05-01T06:24:26.815+0000] {dag.py:3490} INFO - Setting next_dagrun for example_short_circuit_decorator to 2023-04-30T06:24:26.815183+00:00, run_after=2023-05-01T06:24:26.815183+00:00
[2023-05-01T06:24:26.832+0000] {processor.py:178} INFO - Processing /home/airflow/.local/lib/python3.7/site-packages/airflow/example_dags/example_short_circuit_decorator.py took 0.075 seconds
[2023-05-01T06:24:57.761+0000] {processor.py:156} INFO - Started process (PID=570) to work on /home/airflow/.local/lib/python3.7/site-packages/airflow/example_dags/example_short_circuit_decorator.py
[2023-05-01T06:24:57.762+0000] {processor.py:799} INFO - Processing file /home/airflow/.local/lib/python3.7/site-packages/airflow/example_dags/example_short_circuit_decorator.py for tasks to queue
[2023-05-01T06:24:57.762+0000] {logging_mixin.py:149} INFO - [2023-05-01T06:24:57.762+0000] {dagbag.py:541} INFO - Filling up the DagBag from /home/airflow/.local/lib/python3.7/site-packages/airflow/example_dags/example_short_circuit_decorator.py
[2023-05-01T06:24:57.770+0000] {processor.py:809} INFO - DAG(s) dict_keys(['example_short_circuit_decorator']) retrieved from /home/airflow/.local/lib/python3.7/site-packages/airflow/example_dags/example_short_circuit_decorator.py
[2023-05-01T06:24:57.809+0000] {logging_mixin.py:149} INFO - [2023-05-01T06:24:57.809+0000] {dag.py:2726} INFO - Sync 1 DAGs
[2023-05-01T06:24:57.832+0000] {logging_mixin.py:149} INFO - [2023-05-01T06:24:57.832+0000] {dag.py:3490} INFO - Setting next_dagrun for example_short_circuit_decorator to 2023-04-30T06:24:57.832281+00:00, run_after=2023-05-01T06:24:57.832281+00:00
[2023-05-01T06:24:57.849+0000] {processor.py:178} INFO - Processing /home/airflow/.local/lib/python3.7/site-packages/airflow/example_dags/example_short_circuit_decorator.py took 0.091 seconds
[2023-05-01T06:25:28.535+0000] {processor.py:156} INFO - Started process (PID=626) to work on /home/airflow/.local/lib/python3.7/site-packages/airflow/example_dags/example_short_circuit_decorator.py
[2023-05-01T06:25:28.536+0000] {processor.py:799} INFO - Processing file /home/airflow/.local/lib/python3.7/site-packages/airflow/example_dags/example_short_circuit_decorator.py for tasks to queue
[2023-05-01T06:25:28.536+0000] {logging_mixin.py:149} INFO - [2023-05-01T06:25:28.536+0000] {dagbag.py:541} INFO - Filling up the DagBag from /home/airflow/.local/lib/python3.7/site-packages/airflow/example_dags/example_short_circuit_decorator.py
[2023-05-01T06:25:28.544+0000] {processor.py:809} INFO - DAG(s) dict_keys(['example_short_circuit_decorator']) retrieved from /home/airflow/.local/lib/python3.7/site-packages/airflow/example_dags/example_short_circuit_decorator.py
[2023-05-01T06:25:28.565+0000] {logging_mixin.py:149} INFO - [2023-05-01T06:25:28.565+0000] {dag.py:2726} INFO - Sync 1 DAGs
[2023-05-01T06:25:28.587+0000] {logging_mixin.py:149} INFO - [2023-05-01T06:25:28.587+0000] {dag.py:3490} INFO - Setting next_dagrun for example_short_circuit_decorator to 2023-04-30T06:25:28.587163+00:00, run_after=2023-05-01T06:25:28.587163+00:00
[2023-05-01T06:25:28.605+0000] {processor.py:178} INFO - Processing /home/airflow/.local/lib/python3.7/site-packages/airflow/example_dags/example_short_circuit_decorator.py took 0.073 seconds
