[2023-05-01T06:20:20.839+0000] {processor.py:156} INFO - Started process (PID=50) to work on /home/airflow/.local/lib/python3.7/site-packages/airflow/example_dags/example_nested_branch_dag.py
[2023-05-01T06:20:20.839+0000] {processor.py:799} INFO - Processing file /home/airflow/.local/lib/python3.7/site-packages/airflow/example_dags/example_nested_branch_dag.py for tasks to queue
[2023-05-01T06:20:20.840+0000] {logging_mixin.py:149} INFO - [2023-05-01T06:20:20.840+0000] {dagbag.py:541} INFO - Filling up the DagBag from /home/airflow/.local/lib/python3.7/site-packages/airflow/example_dags/example_nested_branch_dag.py
[2023-05-01T06:20:20.850+0000] {processor.py:809} INFO - DAG(s) dict_keys(['example_nested_branch_dag']) retrieved from /home/airflow/.local/lib/python3.7/site-packages/airflow/example_dags/example_nested_branch_dag.py
[2023-05-01T06:20:20.861+0000] {logging_mixin.py:149} INFO - [2023-05-01T06:20:20.861+0000] {dag.py:2726} INFO - Sync 1 DAGs
[2023-05-01T06:20:20.888+0000] {logging_mixin.py:149} INFO - [2023-05-01T06:20:20.887+0000] {dag.py:3490} INFO - Setting next_dagrun for example_nested_branch_dag to 2023-04-30T00:00:00+00:00, run_after=2023-05-01T00:00:00+00:00
[2023-05-01T06:20:20.907+0000] {processor.py:178} INFO - Processing /home/airflow/.local/lib/python3.7/site-packages/airflow/example_dags/example_nested_branch_dag.py took 0.070 seconds
[2023-05-01T06:20:51.529+0000] {processor.py:156} INFO - Started process (PID=106) to work on /home/airflow/.local/lib/python3.7/site-packages/airflow/example_dags/example_nested_branch_dag.py
[2023-05-01T06:20:51.529+0000] {processor.py:799} INFO - Processing file /home/airflow/.local/lib/python3.7/site-packages/airflow/example_dags/example_nested_branch_dag.py for tasks to queue
[2023-05-01T06:20:51.530+0000] {logging_mixin.py:149} INFO - [2023-05-01T06:20:51.530+0000] {dagbag.py:541} INFO - Filling up the DagBag from /home/airflow/.local/lib/python3.7/site-packages/airflow/example_dags/example_nested_branch_dag.py
[2023-05-01T06:20:51.538+0000] {processor.py:809} INFO - DAG(s) dict_keys(['example_nested_branch_dag']) retrieved from /home/airflow/.local/lib/python3.7/site-packages/airflow/example_dags/example_nested_branch_dag.py
[2023-05-01T06:20:51.558+0000] {logging_mixin.py:149} INFO - [2023-05-01T06:20:51.558+0000] {dag.py:2726} INFO - Sync 1 DAGs
[2023-05-01T06:20:51.581+0000] {logging_mixin.py:149} INFO - [2023-05-01T06:20:51.581+0000] {dag.py:3490} INFO - Setting next_dagrun for example_nested_branch_dag to 2023-04-30T00:00:00+00:00, run_after=2023-05-01T00:00:00+00:00
[2023-05-01T06:20:51.597+0000] {processor.py:178} INFO - Processing /home/airflow/.local/lib/python3.7/site-packages/airflow/example_dags/example_nested_branch_dag.py took 0.071 seconds
[2023-05-01T06:21:22.128+0000] {processor.py:156} INFO - Started process (PID=162) to work on /home/airflow/.local/lib/python3.7/site-packages/airflow/example_dags/example_nested_branch_dag.py
[2023-05-01T06:21:22.129+0000] {processor.py:799} INFO - Processing file /home/airflow/.local/lib/python3.7/site-packages/airflow/example_dags/example_nested_branch_dag.py for tasks to queue
[2023-05-01T06:21:22.130+0000] {logging_mixin.py:149} INFO - [2023-05-01T06:21:22.129+0000] {dagbag.py:541} INFO - Filling up the DagBag from /home/airflow/.local/lib/python3.7/site-packages/airflow/example_dags/example_nested_branch_dag.py
[2023-05-01T06:21:22.137+0000] {processor.py:809} INFO - DAG(s) dict_keys(['example_nested_branch_dag']) retrieved from /home/airflow/.local/lib/python3.7/site-packages/airflow/example_dags/example_nested_branch_dag.py
[2023-05-01T06:21:22.157+0000] {logging_mixin.py:149} INFO - [2023-05-01T06:21:22.157+0000] {dag.py:2726} INFO - Sync 1 DAGs
[2023-05-01T06:21:22.179+0000] {logging_mixin.py:149} INFO - [2023-05-01T06:21:22.179+0000] {dag.py:3490} INFO - Setting next_dagrun for example_nested_branch_dag to 2023-04-30T00:00:00+00:00, run_after=2023-05-01T00:00:00+00:00
[2023-05-01T06:21:22.195+0000] {processor.py:178} INFO - Processing /home/airflow/.local/lib/python3.7/site-packages/airflow/example_dags/example_nested_branch_dag.py took 0.069 seconds
[2023-05-01T06:21:52.625+0000] {processor.py:156} INFO - Started process (PID=218) to work on /home/airflow/.local/lib/python3.7/site-packages/airflow/example_dags/example_nested_branch_dag.py
[2023-05-01T06:21:52.625+0000] {processor.py:799} INFO - Processing file /home/airflow/.local/lib/python3.7/site-packages/airflow/example_dags/example_nested_branch_dag.py for tasks to queue
[2023-05-01T06:21:52.626+0000] {logging_mixin.py:149} INFO - [2023-05-01T06:21:52.626+0000] {dagbag.py:541} INFO - Filling up the DagBag from /home/airflow/.local/lib/python3.7/site-packages/airflow/example_dags/example_nested_branch_dag.py
[2023-05-01T06:21:52.634+0000] {processor.py:809} INFO - DAG(s) dict_keys(['example_nested_branch_dag']) retrieved from /home/airflow/.local/lib/python3.7/site-packages/airflow/example_dags/example_nested_branch_dag.py
[2023-05-01T06:21:52.654+0000] {logging_mixin.py:149} INFO - [2023-05-01T06:21:52.654+0000] {dag.py:2726} INFO - Sync 1 DAGs
[2023-05-01T06:21:52.677+0000] {logging_mixin.py:149} INFO - [2023-05-01T06:21:52.677+0000] {dag.py:3490} INFO - Setting next_dagrun for example_nested_branch_dag to 2023-04-30T00:00:00+00:00, run_after=2023-05-01T00:00:00+00:00
[2023-05-01T06:21:52.693+0000] {processor.py:178} INFO - Processing /home/airflow/.local/lib/python3.7/site-packages/airflow/example_dags/example_nested_branch_dag.py took 0.071 seconds
[2023-05-01T06:22:23.148+0000] {processor.py:156} INFO - Started process (PID=274) to work on /home/airflow/.local/lib/python3.7/site-packages/airflow/example_dags/example_nested_branch_dag.py
[2023-05-01T06:22:23.149+0000] {processor.py:799} INFO - Processing file /home/airflow/.local/lib/python3.7/site-packages/airflow/example_dags/example_nested_branch_dag.py for tasks to queue
[2023-05-01T06:22:23.149+0000] {logging_mixin.py:149} INFO - [2023-05-01T06:22:23.149+0000] {dagbag.py:541} INFO - Filling up the DagBag from /home/airflow/.local/lib/python3.7/site-packages/airflow/example_dags/example_nested_branch_dag.py
[2023-05-01T06:22:23.157+0000] {processor.py:809} INFO - DAG(s) dict_keys(['example_nested_branch_dag']) retrieved from /home/airflow/.local/lib/python3.7/site-packages/airflow/example_dags/example_nested_branch_dag.py
[2023-05-01T06:22:23.178+0000] {logging_mixin.py:149} INFO - [2023-05-01T06:22:23.177+0000] {dag.py:2726} INFO - Sync 1 DAGs
[2023-05-01T06:22:23.200+0000] {logging_mixin.py:149} INFO - [2023-05-01T06:22:23.200+0000] {dag.py:3490} INFO - Setting next_dagrun for example_nested_branch_dag to 2023-04-30T00:00:00+00:00, run_after=2023-05-01T00:00:00+00:00
[2023-05-01T06:22:23.215+0000] {processor.py:178} INFO - Processing /home/airflow/.local/lib/python3.7/site-packages/airflow/example_dags/example_nested_branch_dag.py took 0.070 seconds
[2023-05-01T06:22:53.620+0000] {processor.py:156} INFO - Started process (PID=330) to work on /home/airflow/.local/lib/python3.7/site-packages/airflow/example_dags/example_nested_branch_dag.py
[2023-05-01T06:22:53.621+0000] {processor.py:799} INFO - Processing file /home/airflow/.local/lib/python3.7/site-packages/airflow/example_dags/example_nested_branch_dag.py for tasks to queue
[2023-05-01T06:22:53.621+0000] {logging_mixin.py:149} INFO - [2023-05-01T06:22:53.621+0000] {dagbag.py:541} INFO - Filling up the DagBag from /home/airflow/.local/lib/python3.7/site-packages/airflow/example_dags/example_nested_branch_dag.py
[2023-05-01T06:22:53.630+0000] {processor.py:809} INFO - DAG(s) dict_keys(['example_nested_branch_dag']) retrieved from /home/airflow/.local/lib/python3.7/site-packages/airflow/example_dags/example_nested_branch_dag.py
[2023-05-01T06:22:53.653+0000] {logging_mixin.py:149} INFO - [2023-05-01T06:22:53.652+0000] {dag.py:2726} INFO - Sync 1 DAGs
[2023-05-01T06:22:53.674+0000] {logging_mixin.py:149} INFO - [2023-05-01T06:22:53.674+0000] {dag.py:3490} INFO - Setting next_dagrun for example_nested_branch_dag to 2023-04-30T00:00:00+00:00, run_after=2023-05-01T00:00:00+00:00
[2023-05-01T06:22:53.691+0000] {processor.py:178} INFO - Processing /home/airflow/.local/lib/python3.7/site-packages/airflow/example_dags/example_nested_branch_dag.py took 0.074 seconds
[2023-05-01T06:23:24.437+0000] {processor.py:156} INFO - Started process (PID=385) to work on /home/airflow/.local/lib/python3.7/site-packages/airflow/example_dags/example_nested_branch_dag.py
[2023-05-01T06:23:24.438+0000] {processor.py:799} INFO - Processing file /home/airflow/.local/lib/python3.7/site-packages/airflow/example_dags/example_nested_branch_dag.py for tasks to queue
[2023-05-01T06:23:24.439+0000] {logging_mixin.py:149} INFO - [2023-05-01T06:23:24.439+0000] {dagbag.py:541} INFO - Filling up the DagBag from /home/airflow/.local/lib/python3.7/site-packages/airflow/example_dags/example_nested_branch_dag.py
[2023-05-01T06:23:24.447+0000] {processor.py:809} INFO - DAG(s) dict_keys(['example_nested_branch_dag']) retrieved from /home/airflow/.local/lib/python3.7/site-packages/airflow/example_dags/example_nested_branch_dag.py
[2023-05-01T06:23:24.468+0000] {logging_mixin.py:149} INFO - [2023-05-01T06:23:24.468+0000] {dag.py:2726} INFO - Sync 1 DAGs
[2023-05-01T06:23:24.491+0000] {logging_mixin.py:149} INFO - [2023-05-01T06:23:24.491+0000] {dag.py:3490} INFO - Setting next_dagrun for example_nested_branch_dag to 2023-04-30T00:00:00+00:00, run_after=2023-05-01T00:00:00+00:00
[2023-05-01T06:23:24.507+0000] {processor.py:178} INFO - Processing /home/airflow/.local/lib/python3.7/site-packages/airflow/example_dags/example_nested_branch_dag.py took 0.073 seconds
[2023-05-01T06:23:55.104+0000] {processor.py:156} INFO - Started process (PID=441) to work on /home/airflow/.local/lib/python3.7/site-packages/airflow/example_dags/example_nested_branch_dag.py
[2023-05-01T06:23:55.105+0000] {processor.py:799} INFO - Processing file /home/airflow/.local/lib/python3.7/site-packages/airflow/example_dags/example_nested_branch_dag.py for tasks to queue
[2023-05-01T06:23:55.105+0000] {logging_mixin.py:149} INFO - [2023-05-01T06:23:55.105+0000] {dagbag.py:541} INFO - Filling up the DagBag from /home/airflow/.local/lib/python3.7/site-packages/airflow/example_dags/example_nested_branch_dag.py
[2023-05-01T06:23:55.113+0000] {processor.py:809} INFO - DAG(s) dict_keys(['example_nested_branch_dag']) retrieved from /home/airflow/.local/lib/python3.7/site-packages/airflow/example_dags/example_nested_branch_dag.py
[2023-05-01T06:23:55.134+0000] {logging_mixin.py:149} INFO - [2023-05-01T06:23:55.134+0000] {dag.py:2726} INFO - Sync 1 DAGs
[2023-05-01T06:23:55.157+0000] {logging_mixin.py:149} INFO - [2023-05-01T06:23:55.157+0000] {dag.py:3490} INFO - Setting next_dagrun for example_nested_branch_dag to 2023-04-30T00:00:00+00:00, run_after=2023-05-01T00:00:00+00:00
[2023-05-01T06:23:55.173+0000] {processor.py:178} INFO - Processing /home/airflow/.local/lib/python3.7/site-packages/airflow/example_dags/example_nested_branch_dag.py took 0.071 seconds
[2023-05-01T06:24:25.684+0000] {processor.py:156} INFO - Started process (PID=497) to work on /home/airflow/.local/lib/python3.7/site-packages/airflow/example_dags/example_nested_branch_dag.py
[2023-05-01T06:24:25.686+0000] {processor.py:799} INFO - Processing file /home/airflow/.local/lib/python3.7/site-packages/airflow/example_dags/example_nested_branch_dag.py for tasks to queue
[2023-05-01T06:24:25.686+0000] {logging_mixin.py:149} INFO - [2023-05-01T06:24:25.686+0000] {dagbag.py:541} INFO - Filling up the DagBag from /home/airflow/.local/lib/python3.7/site-packages/airflow/example_dags/example_nested_branch_dag.py
[2023-05-01T06:24:25.696+0000] {processor.py:809} INFO - DAG(s) dict_keys(['example_nested_branch_dag']) retrieved from /home/airflow/.local/lib/python3.7/site-packages/airflow/example_dags/example_nested_branch_dag.py
[2023-05-01T06:24:25.728+0000] {logging_mixin.py:149} INFO - [2023-05-01T06:24:25.728+0000] {dag.py:2726} INFO - Sync 1 DAGs
[2023-05-01T06:24:25.758+0000] {logging_mixin.py:149} INFO - [2023-05-01T06:24:25.758+0000] {dag.py:3490} INFO - Setting next_dagrun for example_nested_branch_dag to 2023-04-30T00:00:00+00:00, run_after=2023-05-01T00:00:00+00:00
[2023-05-01T06:24:25.776+0000] {processor.py:178} INFO - Processing /home/airflow/.local/lib/python3.7/site-packages/airflow/example_dags/example_nested_branch_dag.py took 0.094 seconds
[2023-05-01T06:24:56.403+0000] {processor.py:156} INFO - Started process (PID=553) to work on /home/airflow/.local/lib/python3.7/site-packages/airflow/example_dags/example_nested_branch_dag.py
[2023-05-01T06:24:56.404+0000] {processor.py:799} INFO - Processing file /home/airflow/.local/lib/python3.7/site-packages/airflow/example_dags/example_nested_branch_dag.py for tasks to queue
[2023-05-01T06:24:56.405+0000] {logging_mixin.py:149} INFO - [2023-05-01T06:24:56.404+0000] {dagbag.py:541} INFO - Filling up the DagBag from /home/airflow/.local/lib/python3.7/site-packages/airflow/example_dags/example_nested_branch_dag.py
[2023-05-01T06:24:56.413+0000] {processor.py:809} INFO - DAG(s) dict_keys(['example_nested_branch_dag']) retrieved from /home/airflow/.local/lib/python3.7/site-packages/airflow/example_dags/example_nested_branch_dag.py
[2023-05-01T06:24:56.434+0000] {logging_mixin.py:149} INFO - [2023-05-01T06:24:56.434+0000] {dag.py:2726} INFO - Sync 1 DAGs
[2023-05-01T06:24:56.457+0000] {logging_mixin.py:149} INFO - [2023-05-01T06:24:56.457+0000] {dag.py:3490} INFO - Setting next_dagrun for example_nested_branch_dag to 2023-04-30T00:00:00+00:00, run_after=2023-05-01T00:00:00+00:00
[2023-05-01T06:24:56.474+0000] {processor.py:178} INFO - Processing /home/airflow/.local/lib/python3.7/site-packages/airflow/example_dags/example_nested_branch_dag.py took 0.073 seconds
[2023-05-01T06:25:26.625+0000] {processor.py:156} INFO - Started process (PID=609) to work on /home/airflow/.local/lib/python3.7/site-packages/airflow/example_dags/example_nested_branch_dag.py
[2023-05-01T06:25:26.626+0000] {processor.py:799} INFO - Processing file /home/airflow/.local/lib/python3.7/site-packages/airflow/example_dags/example_nested_branch_dag.py for tasks to queue
[2023-05-01T06:25:26.626+0000] {logging_mixin.py:149} INFO - [2023-05-01T06:25:26.626+0000] {dagbag.py:541} INFO - Filling up the DagBag from /home/airflow/.local/lib/python3.7/site-packages/airflow/example_dags/example_nested_branch_dag.py
[2023-05-01T06:25:26.634+0000] {processor.py:809} INFO - DAG(s) dict_keys(['example_nested_branch_dag']) retrieved from /home/airflow/.local/lib/python3.7/site-packages/airflow/example_dags/example_nested_branch_dag.py
[2023-05-01T06:25:26.656+0000] {logging_mixin.py:149} INFO - [2023-05-01T06:25:26.655+0000] {dag.py:2726} INFO - Sync 1 DAGs
[2023-05-01T06:25:26.678+0000] {logging_mixin.py:149} INFO - [2023-05-01T06:25:26.678+0000] {dag.py:3490} INFO - Setting next_dagrun for example_nested_branch_dag to 2023-04-30T00:00:00+00:00, run_after=2023-05-01T00:00:00+00:00
[2023-05-01T06:25:26.693+0000] {processor.py:178} INFO - Processing /home/airflow/.local/lib/python3.7/site-packages/airflow/example_dags/example_nested_branch_dag.py took 0.071 seconds
