[2023-05-01T06:20:21.811+0000] {processor.py:156} INFO - Started process (PID=66) to work on /home/airflow/.local/lib/python3.7/site-packages/airflow/example_dags/example_complex.py
[2023-05-01T06:20:21.812+0000] {processor.py:799} INFO - Processing file /home/airflow/.local/lib/python3.7/site-packages/airflow/example_dags/example_complex.py for tasks to queue
[2023-05-01T06:20:21.813+0000] {logging_mixin.py:149} INFO - [2023-05-01T06:20:21.813+0000] {dagbag.py:541} INFO - Filling up the DagBag from /home/airflow/.local/lib/python3.7/site-packages/airflow/example_dags/example_complex.py
[2023-05-01T06:20:21.827+0000] {logging_mixin.py:149} INFO - [2023-05-01T06:20:21.824+0000] {taskmixin.py:211} WARNING - Dependency <Task(BashOperator): create_entry_group>, delete_entry_group already registered for DAG: example_complex
[2023-05-01T06:20:21.827+0000] {logging_mixin.py:149} INFO - [2023-05-01T06:20:21.827+0000] {taskmixin.py:211} WARNING - Dependency <Task(BashOperator): delete_entry_group>, create_entry_group already registered for DAG: example_complex
[2023-05-01T06:20:21.827+0000] {logging_mixin.py:149} INFO - [2023-05-01T06:20:21.827+0000] {taskmixin.py:211} WARNING - Dependency <Task(BashOperator): create_entry_gcs>, delete_entry already registered for DAG: example_complex
[2023-05-01T06:20:21.827+0000] {logging_mixin.py:149} INFO - [2023-05-01T06:20:21.827+0000] {taskmixin.py:211} WARNING - Dependency <Task(BashOperator): delete_entry>, create_entry_gcs already registered for DAG: example_complex
[2023-05-01T06:20:21.828+0000] {logging_mixin.py:149} INFO - [2023-05-01T06:20:21.828+0000] {taskmixin.py:211} WARNING - Dependency <Task(BashOperator): create_tag>, delete_tag already registered for DAG: example_complex
[2023-05-01T06:20:21.828+0000] {logging_mixin.py:149} INFO - [2023-05-01T06:20:21.828+0000] {taskmixin.py:211} WARNING - Dependency <Task(BashOperator): delete_tag>, create_tag already registered for DAG: example_complex
[2023-05-01T06:20:21.829+0000] {processor.py:809} INFO - DAG(s) dict_keys(['example_complex']) retrieved from /home/airflow/.local/lib/python3.7/site-packages/airflow/example_dags/example_complex.py
[2023-05-01T06:20:21.844+0000] {logging_mixin.py:149} INFO - [2023-05-01T06:20:21.844+0000] {dag.py:2726} INFO - Sync 1 DAGs
[2023-05-01T06:20:21.879+0000] {logging_mixin.py:149} INFO - [2023-05-01T06:20:21.879+0000] {dag.py:3490} INFO - Setting next_dagrun for example_complex to None, run_after=None
[2023-05-01T06:20:21.922+0000] {processor.py:178} INFO - Processing /home/airflow/.local/lib/python3.7/site-packages/airflow/example_dags/example_complex.py took 0.118 seconds
[2023-05-01T06:20:52.542+0000] {processor.py:156} INFO - Started process (PID=122) to work on /home/airflow/.local/lib/python3.7/site-packages/airflow/example_dags/example_complex.py
[2023-05-01T06:20:52.542+0000] {processor.py:799} INFO - Processing file /home/airflow/.local/lib/python3.7/site-packages/airflow/example_dags/example_complex.py for tasks to queue
[2023-05-01T06:20:52.543+0000] {logging_mixin.py:149} INFO - [2023-05-01T06:20:52.543+0000] {dagbag.py:541} INFO - Filling up the DagBag from /home/airflow/.local/lib/python3.7/site-packages/airflow/example_dags/example_complex.py
[2023-05-01T06:20:52.551+0000] {logging_mixin.py:149} INFO - [2023-05-01T06:20:52.551+0000] {taskmixin.py:211} WARNING - Dependency <Task(BashOperator): create_entry_group>, delete_entry_group already registered for DAG: example_complex
[2023-05-01T06:20:52.551+0000] {logging_mixin.py:149} INFO - [2023-05-01T06:20:52.551+0000] {taskmixin.py:211} WARNING - Dependency <Task(BashOperator): delete_entry_group>, create_entry_group already registered for DAG: example_complex
[2023-05-01T06:20:52.551+0000] {logging_mixin.py:149} INFO - [2023-05-01T06:20:52.551+0000] {taskmixin.py:211} WARNING - Dependency <Task(BashOperator): create_entry_gcs>, delete_entry already registered for DAG: example_complex
[2023-05-01T06:20:52.551+0000] {logging_mixin.py:149} INFO - [2023-05-01T06:20:52.551+0000] {taskmixin.py:211} WARNING - Dependency <Task(BashOperator): delete_entry>, create_entry_gcs already registered for DAG: example_complex
[2023-05-01T06:20:52.552+0000] {logging_mixin.py:149} INFO - [2023-05-01T06:20:52.552+0000] {taskmixin.py:211} WARNING - Dependency <Task(BashOperator): create_tag>, delete_tag already registered for DAG: example_complex
[2023-05-01T06:20:52.552+0000] {logging_mixin.py:149} INFO - [2023-05-01T06:20:52.552+0000] {taskmixin.py:211} WARNING - Dependency <Task(BashOperator): delete_tag>, create_tag already registered for DAG: example_complex
[2023-05-01T06:20:52.553+0000] {processor.py:809} INFO - DAG(s) dict_keys(['example_complex']) retrieved from /home/airflow/.local/lib/python3.7/site-packages/airflow/example_dags/example_complex.py
[2023-05-01T06:20:52.581+0000] {logging_mixin.py:149} INFO - [2023-05-01T06:20:52.581+0000] {dag.py:2726} INFO - Sync 1 DAGs
[2023-05-01T06:20:52.602+0000] {logging_mixin.py:149} INFO - [2023-05-01T06:20:52.602+0000] {dag.py:3490} INFO - Setting next_dagrun for example_complex to None, run_after=None
[2023-05-01T06:20:52.618+0000] {processor.py:178} INFO - Processing /home/airflow/.local/lib/python3.7/site-packages/airflow/example_dags/example_complex.py took 0.078 seconds
[2023-05-01T06:21:23.140+0000] {processor.py:156} INFO - Started process (PID=178) to work on /home/airflow/.local/lib/python3.7/site-packages/airflow/example_dags/example_complex.py
[2023-05-01T06:21:23.140+0000] {processor.py:799} INFO - Processing file /home/airflow/.local/lib/python3.7/site-packages/airflow/example_dags/example_complex.py for tasks to queue
[2023-05-01T06:21:23.141+0000] {logging_mixin.py:149} INFO - [2023-05-01T06:21:23.141+0000] {dagbag.py:541} INFO - Filling up the DagBag from /home/airflow/.local/lib/python3.7/site-packages/airflow/example_dags/example_complex.py
[2023-05-01T06:21:23.149+0000] {logging_mixin.py:149} INFO - [2023-05-01T06:21:23.149+0000] {taskmixin.py:211} WARNING - Dependency <Task(BashOperator): create_entry_group>, delete_entry_group already registered for DAG: example_complex
[2023-05-01T06:21:23.149+0000] {logging_mixin.py:149} INFO - [2023-05-01T06:21:23.149+0000] {taskmixin.py:211} WARNING - Dependency <Task(BashOperator): delete_entry_group>, create_entry_group already registered for DAG: example_complex
[2023-05-01T06:21:23.149+0000] {logging_mixin.py:149} INFO - [2023-05-01T06:21:23.149+0000] {taskmixin.py:211} WARNING - Dependency <Task(BashOperator): create_entry_gcs>, delete_entry already registered for DAG: example_complex
[2023-05-01T06:21:23.150+0000] {logging_mixin.py:149} INFO - [2023-05-01T06:21:23.149+0000] {taskmixin.py:211} WARNING - Dependency <Task(BashOperator): delete_entry>, create_entry_gcs already registered for DAG: example_complex
[2023-05-01T06:21:23.150+0000] {logging_mixin.py:149} INFO - [2023-05-01T06:21:23.150+0000] {taskmixin.py:211} WARNING - Dependency <Task(BashOperator): create_tag>, delete_tag already registered for DAG: example_complex
[2023-05-01T06:21:23.150+0000] {logging_mixin.py:149} INFO - [2023-05-01T06:21:23.150+0000] {taskmixin.py:211} WARNING - Dependency <Task(BashOperator): delete_tag>, create_tag already registered for DAG: example_complex
[2023-05-01T06:21:23.151+0000] {processor.py:809} INFO - DAG(s) dict_keys(['example_complex']) retrieved from /home/airflow/.local/lib/python3.7/site-packages/airflow/example_dags/example_complex.py
[2023-05-01T06:21:23.179+0000] {logging_mixin.py:149} INFO - [2023-05-01T06:21:23.179+0000] {dag.py:2726} INFO - Sync 1 DAGs
[2023-05-01T06:21:23.199+0000] {logging_mixin.py:149} INFO - [2023-05-01T06:21:23.199+0000] {dag.py:3490} INFO - Setting next_dagrun for example_complex to None, run_after=None
[2023-05-01T06:21:23.215+0000] {processor.py:178} INFO - Processing /home/airflow/.local/lib/python3.7/site-packages/airflow/example_dags/example_complex.py took 0.078 seconds
[2023-05-01T06:21:53.623+0000] {processor.py:156} INFO - Started process (PID=234) to work on /home/airflow/.local/lib/python3.7/site-packages/airflow/example_dags/example_complex.py
[2023-05-01T06:21:53.624+0000] {processor.py:799} INFO - Processing file /home/airflow/.local/lib/python3.7/site-packages/airflow/example_dags/example_complex.py for tasks to queue
[2023-05-01T06:21:53.624+0000] {logging_mixin.py:149} INFO - [2023-05-01T06:21:53.624+0000] {dagbag.py:541} INFO - Filling up the DagBag from /home/airflow/.local/lib/python3.7/site-packages/airflow/example_dags/example_complex.py
[2023-05-01T06:21:53.633+0000] {logging_mixin.py:149} INFO - [2023-05-01T06:21:53.633+0000] {taskmixin.py:211} WARNING - Dependency <Task(BashOperator): create_entry_group>, delete_entry_group already registered for DAG: example_complex
[2023-05-01T06:21:53.633+0000] {logging_mixin.py:149} INFO - [2023-05-01T06:21:53.633+0000] {taskmixin.py:211} WARNING - Dependency <Task(BashOperator): delete_entry_group>, create_entry_group already registered for DAG: example_complex
[2023-05-01T06:21:53.633+0000] {logging_mixin.py:149} INFO - [2023-05-01T06:21:53.633+0000] {taskmixin.py:211} WARNING - Dependency <Task(BashOperator): create_entry_gcs>, delete_entry already registered for DAG: example_complex
[2023-05-01T06:21:53.633+0000] {logging_mixin.py:149} INFO - [2023-05-01T06:21:53.633+0000] {taskmixin.py:211} WARNING - Dependency <Task(BashOperator): delete_entry>, create_entry_gcs already registered for DAG: example_complex
[2023-05-01T06:21:53.634+0000] {logging_mixin.py:149} INFO - [2023-05-01T06:21:53.634+0000] {taskmixin.py:211} WARNING - Dependency <Task(BashOperator): create_tag>, delete_tag already registered for DAG: example_complex
[2023-05-01T06:21:53.634+0000] {logging_mixin.py:149} INFO - [2023-05-01T06:21:53.634+0000] {taskmixin.py:211} WARNING - Dependency <Task(BashOperator): delete_tag>, create_tag already registered for DAG: example_complex
[2023-05-01T06:21:53.635+0000] {processor.py:809} INFO - DAG(s) dict_keys(['example_complex']) retrieved from /home/airflow/.local/lib/python3.7/site-packages/airflow/example_dags/example_complex.py
[2023-05-01T06:21:53.669+0000] {logging_mixin.py:149} INFO - [2023-05-01T06:21:53.668+0000] {dag.py:2726} INFO - Sync 1 DAGs
[2023-05-01T06:21:53.690+0000] {logging_mixin.py:149} INFO - [2023-05-01T06:21:53.690+0000] {dag.py:3490} INFO - Setting next_dagrun for example_complex to None, run_after=None
[2023-05-01T06:21:53.706+0000] {processor.py:178} INFO - Processing /home/airflow/.local/lib/python3.7/site-packages/airflow/example_dags/example_complex.py took 0.085 seconds
[2023-05-01T06:22:24.126+0000] {processor.py:156} INFO - Started process (PID=290) to work on /home/airflow/.local/lib/python3.7/site-packages/airflow/example_dags/example_complex.py
[2023-05-01T06:22:24.127+0000] {processor.py:799} INFO - Processing file /home/airflow/.local/lib/python3.7/site-packages/airflow/example_dags/example_complex.py for tasks to queue
[2023-05-01T06:22:24.127+0000] {logging_mixin.py:149} INFO - [2023-05-01T06:22:24.127+0000] {dagbag.py:541} INFO - Filling up the DagBag from /home/airflow/.local/lib/python3.7/site-packages/airflow/example_dags/example_complex.py
[2023-05-01T06:22:24.135+0000] {logging_mixin.py:149} INFO - [2023-05-01T06:22:24.135+0000] {taskmixin.py:211} WARNING - Dependency <Task(BashOperator): create_entry_group>, delete_entry_group already registered for DAG: example_complex
[2023-05-01T06:22:24.135+0000] {logging_mixin.py:149} INFO - [2023-05-01T06:22:24.135+0000] {taskmixin.py:211} WARNING - Dependency <Task(BashOperator): delete_entry_group>, create_entry_group already registered for DAG: example_complex
[2023-05-01T06:22:24.136+0000] {logging_mixin.py:149} INFO - [2023-05-01T06:22:24.136+0000] {taskmixin.py:211} WARNING - Dependency <Task(BashOperator): create_entry_gcs>, delete_entry already registered for DAG: example_complex
[2023-05-01T06:22:24.136+0000] {logging_mixin.py:149} INFO - [2023-05-01T06:22:24.136+0000] {taskmixin.py:211} WARNING - Dependency <Task(BashOperator): delete_entry>, create_entry_gcs already registered for DAG: example_complex
[2023-05-01T06:22:24.136+0000] {logging_mixin.py:149} INFO - [2023-05-01T06:22:24.136+0000] {taskmixin.py:211} WARNING - Dependency <Task(BashOperator): create_tag>, delete_tag already registered for DAG: example_complex
[2023-05-01T06:22:24.136+0000] {logging_mixin.py:149} INFO - [2023-05-01T06:22:24.136+0000] {taskmixin.py:211} WARNING - Dependency <Task(BashOperator): delete_tag>, create_tag already registered for DAG: example_complex
[2023-05-01T06:22:24.137+0000] {processor.py:809} INFO - DAG(s) dict_keys(['example_complex']) retrieved from /home/airflow/.local/lib/python3.7/site-packages/airflow/example_dags/example_complex.py
[2023-05-01T06:22:24.165+0000] {logging_mixin.py:149} INFO - [2023-05-01T06:22:24.165+0000] {dag.py:2726} INFO - Sync 1 DAGs
[2023-05-01T06:22:24.186+0000] {logging_mixin.py:149} INFO - [2023-05-01T06:22:24.186+0000] {dag.py:3490} INFO - Setting next_dagrun for example_complex to None, run_after=None
[2023-05-01T06:22:24.201+0000] {processor.py:178} INFO - Processing /home/airflow/.local/lib/python3.7/site-packages/airflow/example_dags/example_complex.py took 0.077 seconds
[2023-05-01T06:22:54.650+0000] {processor.py:156} INFO - Started process (PID=346) to work on /home/airflow/.local/lib/python3.7/site-packages/airflow/example_dags/example_complex.py
[2023-05-01T06:22:54.651+0000] {processor.py:799} INFO - Processing file /home/airflow/.local/lib/python3.7/site-packages/airflow/example_dags/example_complex.py for tasks to queue
[2023-05-01T06:22:54.651+0000] {logging_mixin.py:149} INFO - [2023-05-01T06:22:54.651+0000] {dagbag.py:541} INFO - Filling up the DagBag from /home/airflow/.local/lib/python3.7/site-packages/airflow/example_dags/example_complex.py
[2023-05-01T06:22:54.660+0000] {logging_mixin.py:149} INFO - [2023-05-01T06:22:54.659+0000] {taskmixin.py:211} WARNING - Dependency <Task(BashOperator): create_entry_group>, delete_entry_group already registered for DAG: example_complex
[2023-05-01T06:22:54.660+0000] {logging_mixin.py:149} INFO - [2023-05-01T06:22:54.660+0000] {taskmixin.py:211} WARNING - Dependency <Task(BashOperator): delete_entry_group>, create_entry_group already registered for DAG: example_complex
[2023-05-01T06:22:54.660+0000] {logging_mixin.py:149} INFO - [2023-05-01T06:22:54.660+0000] {taskmixin.py:211} WARNING - Dependency <Task(BashOperator): create_entry_gcs>, delete_entry already registered for DAG: example_complex
[2023-05-01T06:22:54.660+0000] {logging_mixin.py:149} INFO - [2023-05-01T06:22:54.660+0000] {taskmixin.py:211} WARNING - Dependency <Task(BashOperator): delete_entry>, create_entry_gcs already registered for DAG: example_complex
[2023-05-01T06:22:54.660+0000] {logging_mixin.py:149} INFO - [2023-05-01T06:22:54.660+0000] {taskmixin.py:211} WARNING - Dependency <Task(BashOperator): create_tag>, delete_tag already registered for DAG: example_complex
[2023-05-01T06:22:54.661+0000] {logging_mixin.py:149} INFO - [2023-05-01T06:22:54.660+0000] {taskmixin.py:211} WARNING - Dependency <Task(BashOperator): delete_tag>, create_tag already registered for DAG: example_complex
[2023-05-01T06:22:54.662+0000] {processor.py:809} INFO - DAG(s) dict_keys(['example_complex']) retrieved from /home/airflow/.local/lib/python3.7/site-packages/airflow/example_dags/example_complex.py
[2023-05-01T06:22:54.690+0000] {logging_mixin.py:149} INFO - [2023-05-01T06:22:54.689+0000] {dag.py:2726} INFO - Sync 1 DAGs
[2023-05-01T06:22:54.710+0000] {logging_mixin.py:149} INFO - [2023-05-01T06:22:54.710+0000] {dag.py:3490} INFO - Setting next_dagrun for example_complex to None, run_after=None
[2023-05-01T06:22:54.726+0000] {processor.py:178} INFO - Processing /home/airflow/.local/lib/python3.7/site-packages/airflow/example_dags/example_complex.py took 0.079 seconds
[2023-05-01T06:23:25.406+0000] {processor.py:156} INFO - Started process (PID=401) to work on /home/airflow/.local/lib/python3.7/site-packages/airflow/example_dags/example_complex.py
[2023-05-01T06:23:25.407+0000] {processor.py:799} INFO - Processing file /home/airflow/.local/lib/python3.7/site-packages/airflow/example_dags/example_complex.py for tasks to queue
[2023-05-01T06:23:25.408+0000] {logging_mixin.py:149} INFO - [2023-05-01T06:23:25.408+0000] {dagbag.py:541} INFO - Filling up the DagBag from /home/airflow/.local/lib/python3.7/site-packages/airflow/example_dags/example_complex.py
[2023-05-01T06:23:25.416+0000] {logging_mixin.py:149} INFO - [2023-05-01T06:23:25.416+0000] {taskmixin.py:211} WARNING - Dependency <Task(BashOperator): create_entry_group>, delete_entry_group already registered for DAG: example_complex
[2023-05-01T06:23:25.417+0000] {logging_mixin.py:149} INFO - [2023-05-01T06:23:25.417+0000] {taskmixin.py:211} WARNING - Dependency <Task(BashOperator): delete_entry_group>, create_entry_group already registered for DAG: example_complex
[2023-05-01T06:23:25.417+0000] {logging_mixin.py:149} INFO - [2023-05-01T06:23:25.417+0000] {taskmixin.py:211} WARNING - Dependency <Task(BashOperator): create_entry_gcs>, delete_entry already registered for DAG: example_complex
[2023-05-01T06:23:25.417+0000] {logging_mixin.py:149} INFO - [2023-05-01T06:23:25.417+0000] {taskmixin.py:211} WARNING - Dependency <Task(BashOperator): delete_entry>, create_entry_gcs already registered for DAG: example_complex
[2023-05-01T06:23:25.417+0000] {logging_mixin.py:149} INFO - [2023-05-01T06:23:25.417+0000] {taskmixin.py:211} WARNING - Dependency <Task(BashOperator): create_tag>, delete_tag already registered for DAG: example_complex
[2023-05-01T06:23:25.417+0000] {logging_mixin.py:149} INFO - [2023-05-01T06:23:25.417+0000] {taskmixin.py:211} WARNING - Dependency <Task(BashOperator): delete_tag>, create_tag already registered for DAG: example_complex
[2023-05-01T06:23:25.419+0000] {processor.py:809} INFO - DAG(s) dict_keys(['example_complex']) retrieved from /home/airflow/.local/lib/python3.7/site-packages/airflow/example_dags/example_complex.py
[2023-05-01T06:23:25.448+0000] {logging_mixin.py:149} INFO - [2023-05-01T06:23:25.448+0000] {dag.py:2726} INFO - Sync 1 DAGs
[2023-05-01T06:23:25.470+0000] {logging_mixin.py:149} INFO - [2023-05-01T06:23:25.470+0000] {dag.py:3490} INFO - Setting next_dagrun for example_complex to None, run_after=None
[2023-05-01T06:23:25.487+0000] {processor.py:178} INFO - Processing /home/airflow/.local/lib/python3.7/site-packages/airflow/example_dags/example_complex.py took 0.084 seconds
