[2023-05-01T06:20:19.310+0000] {processor.py:156} INFO - Started process (PID=33) to work on /home/airflow/.local/lib/python3.7/site-packages/airflow/example_dags/tutorial_dag.py
[2023-05-01T06:20:19.311+0000] {processor.py:799} INFO - Processing file /home/airflow/.local/lib/python3.7/site-packages/airflow/example_dags/tutorial_dag.py for tasks to queue
[2023-05-01T06:20:19.311+0000] {logging_mixin.py:149} INFO - [2023-05-01T06:20:19.311+0000] {dagbag.py:541} INFO - Filling up the DagBag from /home/airflow/.local/lib/python3.7/site-packages/airflow/example_dags/tutorial_dag.py
[2023-05-01T06:20:19.325+0000] {processor.py:809} INFO - DAG(s) dict_keys(['tutorial_dag']) retrieved from /home/airflow/.local/lib/python3.7/site-packages/airflow/example_dags/tutorial_dag.py
[2023-05-01T06:20:19.340+0000] {logging_mixin.py:149} INFO - [2023-05-01T06:20:19.339+0000] {dag.py:2726} INFO - Sync 1 DAGs
[2023-05-01T06:20:19.464+0000] {logging_mixin.py:149} INFO - [2023-05-01T06:20:19.463+0000] {dag.py:3490} INFO - Setting next_dagrun for tutorial_dag to None, run_after=None
[2023-05-01T06:20:19.484+0000] {processor.py:178} INFO - Processing /home/airflow/.local/lib/python3.7/site-packages/airflow/example_dags/tutorial_dag.py took 0.177 seconds
[2023-05-01T06:20:49.640+0000] {processor.py:156} INFO - Started process (PID=89) to work on /home/airflow/.local/lib/python3.7/site-packages/airflow/example_dags/tutorial_dag.py
[2023-05-01T06:20:49.641+0000] {processor.py:799} INFO - Processing file /home/airflow/.local/lib/python3.7/site-packages/airflow/example_dags/tutorial_dag.py for tasks to queue
[2023-05-01T06:20:49.642+0000] {logging_mixin.py:149} INFO - [2023-05-01T06:20:49.642+0000] {dagbag.py:541} INFO - Filling up the DagBag from /home/airflow/.local/lib/python3.7/site-packages/airflow/example_dags/tutorial_dag.py
[2023-05-01T06:20:49.645+0000] {processor.py:809} INFO - DAG(s) dict_keys(['tutorial_dag']) retrieved from /home/airflow/.local/lib/python3.7/site-packages/airflow/example_dags/tutorial_dag.py
[2023-05-01T06:20:49.665+0000] {logging_mixin.py:149} INFO - [2023-05-01T06:20:49.665+0000] {dag.py:2726} INFO - Sync 1 DAGs
[2023-05-01T06:20:49.686+0000] {logging_mixin.py:149} INFO - [2023-05-01T06:20:49.686+0000] {dag.py:3490} INFO - Setting next_dagrun for tutorial_dag to None, run_after=None
[2023-05-01T06:20:49.701+0000] {processor.py:178} INFO - Processing /home/airflow/.local/lib/python3.7/site-packages/airflow/example_dags/tutorial_dag.py took 0.063 seconds
[2023-05-01T06:21:20.276+0000] {processor.py:156} INFO - Started process (PID=145) to work on /home/airflow/.local/lib/python3.7/site-packages/airflow/example_dags/tutorial_dag.py
[2023-05-01T06:21:20.277+0000] {processor.py:799} INFO - Processing file /home/airflow/.local/lib/python3.7/site-packages/airflow/example_dags/tutorial_dag.py for tasks to queue
[2023-05-01T06:21:20.277+0000] {logging_mixin.py:149} INFO - [2023-05-01T06:21:20.277+0000] {dagbag.py:541} INFO - Filling up the DagBag from /home/airflow/.local/lib/python3.7/site-packages/airflow/example_dags/tutorial_dag.py
[2023-05-01T06:21:20.280+0000] {processor.py:809} INFO - DAG(s) dict_keys(['tutorial_dag']) retrieved from /home/airflow/.local/lib/python3.7/site-packages/airflow/example_dags/tutorial_dag.py
[2023-05-01T06:21:20.302+0000] {logging_mixin.py:149} INFO - [2023-05-01T06:21:20.302+0000] {dag.py:2726} INFO - Sync 1 DAGs
[2023-05-01T06:21:20.323+0000] {logging_mixin.py:149} INFO - [2023-05-01T06:21:20.323+0000] {dag.py:3490} INFO - Setting next_dagrun for tutorial_dag to None, run_after=None
[2023-05-01T06:21:20.339+0000] {processor.py:178} INFO - Processing /home/airflow/.local/lib/python3.7/site-packages/airflow/example_dags/tutorial_dag.py took 0.065 seconds
[2023-05-01T06:21:50.784+0000] {processor.py:156} INFO - Started process (PID=201) to work on /home/airflow/.local/lib/python3.7/site-packages/airflow/example_dags/tutorial_dag.py
[2023-05-01T06:21:50.784+0000] {processor.py:799} INFO - Processing file /home/airflow/.local/lib/python3.7/site-packages/airflow/example_dags/tutorial_dag.py for tasks to queue
[2023-05-01T06:21:50.785+0000] {logging_mixin.py:149} INFO - [2023-05-01T06:21:50.785+0000] {dagbag.py:541} INFO - Filling up the DagBag from /home/airflow/.local/lib/python3.7/site-packages/airflow/example_dags/tutorial_dag.py
[2023-05-01T06:21:50.789+0000] {processor.py:809} INFO - DAG(s) dict_keys(['tutorial_dag']) retrieved from /home/airflow/.local/lib/python3.7/site-packages/airflow/example_dags/tutorial_dag.py
[2023-05-01T06:21:50.808+0000] {logging_mixin.py:149} INFO - [2023-05-01T06:21:50.808+0000] {dag.py:2726} INFO - Sync 1 DAGs
[2023-05-01T06:21:50.829+0000] {logging_mixin.py:149} INFO - [2023-05-01T06:21:50.829+0000] {dag.py:3490} INFO - Setting next_dagrun for tutorial_dag to None, run_after=None
[2023-05-01T06:21:50.845+0000] {processor.py:178} INFO - Processing /home/airflow/.local/lib/python3.7/site-packages/airflow/example_dags/tutorial_dag.py took 0.064 seconds
[2023-05-01T06:22:21.290+0000] {processor.py:156} INFO - Started process (PID=257) to work on /home/airflow/.local/lib/python3.7/site-packages/airflow/example_dags/tutorial_dag.py
[2023-05-01T06:22:21.291+0000] {processor.py:799} INFO - Processing file /home/airflow/.local/lib/python3.7/site-packages/airflow/example_dags/tutorial_dag.py for tasks to queue
[2023-05-01T06:22:21.291+0000] {logging_mixin.py:149} INFO - [2023-05-01T06:22:21.291+0000] {dagbag.py:541} INFO - Filling up the DagBag from /home/airflow/.local/lib/python3.7/site-packages/airflow/example_dags/tutorial_dag.py
[2023-05-01T06:22:21.295+0000] {processor.py:809} INFO - DAG(s) dict_keys(['tutorial_dag']) retrieved from /home/airflow/.local/lib/python3.7/site-packages/airflow/example_dags/tutorial_dag.py
[2023-05-01T06:22:21.314+0000] {logging_mixin.py:149} INFO - [2023-05-01T06:22:21.314+0000] {dag.py:2726} INFO - Sync 1 DAGs
[2023-05-01T06:22:21.335+0000] {logging_mixin.py:149} INFO - [2023-05-01T06:22:21.335+0000] {dag.py:3490} INFO - Setting next_dagrun for tutorial_dag to None, run_after=None
[2023-05-01T06:22:21.350+0000] {processor.py:178} INFO - Processing /home/airflow/.local/lib/python3.7/site-packages/airflow/example_dags/tutorial_dag.py took 0.063 seconds
[2023-05-01T06:22:51.768+0000] {processor.py:156} INFO - Started process (PID=313) to work on /home/airflow/.local/lib/python3.7/site-packages/airflow/example_dags/tutorial_dag.py
[2023-05-01T06:22:51.769+0000] {processor.py:799} INFO - Processing file /home/airflow/.local/lib/python3.7/site-packages/airflow/example_dags/tutorial_dag.py for tasks to queue
[2023-05-01T06:22:51.769+0000] {logging_mixin.py:149} INFO - [2023-05-01T06:22:51.769+0000] {dagbag.py:541} INFO - Filling up the DagBag from /home/airflow/.local/lib/python3.7/site-packages/airflow/example_dags/tutorial_dag.py
[2023-05-01T06:22:51.773+0000] {processor.py:809} INFO - DAG(s) dict_keys(['tutorial_dag']) retrieved from /home/airflow/.local/lib/python3.7/site-packages/airflow/example_dags/tutorial_dag.py
[2023-05-01T06:22:51.792+0000] {logging_mixin.py:149} INFO - [2023-05-01T06:22:51.792+0000] {dag.py:2726} INFO - Sync 1 DAGs
[2023-05-01T06:22:51.814+0000] {logging_mixin.py:149} INFO - [2023-05-01T06:22:51.813+0000] {dag.py:3490} INFO - Setting next_dagrun for tutorial_dag to None, run_after=None
[2023-05-01T06:22:51.829+0000] {processor.py:178} INFO - Processing /home/airflow/.local/lib/python3.7/site-packages/airflow/example_dags/tutorial_dag.py took 0.063 seconds
[2023-05-01T06:23:22.341+0000] {processor.py:156} INFO - Started process (PID=368) to work on /home/airflow/.local/lib/python3.7/site-packages/airflow/example_dags/tutorial_dag.py
[2023-05-01T06:23:22.342+0000] {processor.py:799} INFO - Processing file /home/airflow/.local/lib/python3.7/site-packages/airflow/example_dags/tutorial_dag.py for tasks to queue
[2023-05-01T06:23:22.342+0000] {logging_mixin.py:149} INFO - [2023-05-01T06:23:22.342+0000] {dagbag.py:541} INFO - Filling up the DagBag from /home/airflow/.local/lib/python3.7/site-packages/airflow/example_dags/tutorial_dag.py
[2023-05-01T06:23:22.346+0000] {processor.py:809} INFO - DAG(s) dict_keys(['tutorial_dag']) retrieved from /home/airflow/.local/lib/python3.7/site-packages/airflow/example_dags/tutorial_dag.py
[2023-05-01T06:23:22.368+0000] {logging_mixin.py:149} INFO - [2023-05-01T06:23:22.368+0000] {dag.py:2726} INFO - Sync 1 DAGs
[2023-05-01T06:23:22.397+0000] {logging_mixin.py:149} INFO - [2023-05-01T06:23:22.397+0000] {dag.py:3490} INFO - Setting next_dagrun for tutorial_dag to None, run_after=None
[2023-05-01T06:23:22.427+0000] {processor.py:178} INFO - Processing /home/airflow/.local/lib/python3.7/site-packages/airflow/example_dags/tutorial_dag.py took 0.089 seconds
[2023-05-01T06:23:52.989+0000] {processor.py:156} INFO - Started process (PID=424) to work on /home/airflow/.local/lib/python3.7/site-packages/airflow/example_dags/tutorial_dag.py
[2023-05-01T06:23:52.989+0000] {processor.py:799} INFO - Processing file /home/airflow/.local/lib/python3.7/site-packages/airflow/example_dags/tutorial_dag.py for tasks to queue
[2023-05-01T06:23:52.990+0000] {logging_mixin.py:149} INFO - [2023-05-01T06:23:52.990+0000] {dagbag.py:541} INFO - Filling up the DagBag from /home/airflow/.local/lib/python3.7/site-packages/airflow/example_dags/tutorial_dag.py
[2023-05-01T06:23:52.994+0000] {processor.py:809} INFO - DAG(s) dict_keys(['tutorial_dag']) retrieved from /home/airflow/.local/lib/python3.7/site-packages/airflow/example_dags/tutorial_dag.py
[2023-05-01T06:23:53.013+0000] {logging_mixin.py:149} INFO - [2023-05-01T06:23:53.013+0000] {dag.py:2726} INFO - Sync 1 DAGs
[2023-05-01T06:23:53.036+0000] {logging_mixin.py:149} INFO - [2023-05-01T06:23:53.035+0000] {dag.py:3490} INFO - Setting next_dagrun for tutorial_dag to None, run_after=None
[2023-05-01T06:23:53.053+0000] {processor.py:178} INFO - Processing /home/airflow/.local/lib/python3.7/site-packages/airflow/example_dags/tutorial_dag.py took 0.068 seconds
[2023-05-01T06:24:23.687+0000] {processor.py:156} INFO - Started process (PID=480) to work on /home/airflow/.local/lib/python3.7/site-packages/airflow/example_dags/tutorial_dag.py
[2023-05-01T06:24:23.688+0000] {processor.py:799} INFO - Processing file /home/airflow/.local/lib/python3.7/site-packages/airflow/example_dags/tutorial_dag.py for tasks to queue
[2023-05-01T06:24:23.689+0000] {logging_mixin.py:149} INFO - [2023-05-01T06:24:23.689+0000] {dagbag.py:541} INFO - Filling up the DagBag from /home/airflow/.local/lib/python3.7/site-packages/airflow/example_dags/tutorial_dag.py
[2023-05-01T06:24:23.693+0000] {processor.py:809} INFO - DAG(s) dict_keys(['tutorial_dag']) retrieved from /home/airflow/.local/lib/python3.7/site-packages/airflow/example_dags/tutorial_dag.py
[2023-05-01T06:24:23.713+0000] {logging_mixin.py:149} INFO - [2023-05-01T06:24:23.713+0000] {dag.py:2726} INFO - Sync 1 DAGs
[2023-05-01T06:24:23.736+0000] {logging_mixin.py:149} INFO - [2023-05-01T06:24:23.736+0000] {dag.py:3490} INFO - Setting next_dagrun for tutorial_dag to None, run_after=None
[2023-05-01T06:24:23.753+0000] {processor.py:178} INFO - Processing /home/airflow/.local/lib/python3.7/site-packages/airflow/example_dags/tutorial_dag.py took 0.068 seconds
[2023-05-01T06:24:54.407+0000] {processor.py:156} INFO - Started process (PID=536) to work on /home/airflow/.local/lib/python3.7/site-packages/airflow/example_dags/tutorial_dag.py
[2023-05-01T06:24:54.408+0000] {processor.py:799} INFO - Processing file /home/airflow/.local/lib/python3.7/site-packages/airflow/example_dags/tutorial_dag.py for tasks to queue
[2023-05-01T06:24:54.409+0000] {logging_mixin.py:149} INFO - [2023-05-01T06:24:54.409+0000] {dagbag.py:541} INFO - Filling up the DagBag from /home/airflow/.local/lib/python3.7/site-packages/airflow/example_dags/tutorial_dag.py
[2023-05-01T06:24:54.412+0000] {processor.py:809} INFO - DAG(s) dict_keys(['tutorial_dag']) retrieved from /home/airflow/.local/lib/python3.7/site-packages/airflow/example_dags/tutorial_dag.py
[2023-05-01T06:24:54.436+0000] {logging_mixin.py:149} INFO - [2023-05-01T06:24:54.436+0000] {dag.py:2726} INFO - Sync 1 DAGs
[2023-05-01T06:24:54.459+0000] {logging_mixin.py:149} INFO - [2023-05-01T06:24:54.459+0000] {dag.py:3490} INFO - Setting next_dagrun for tutorial_dag to None, run_after=None
[2023-05-01T06:24:54.494+0000] {processor.py:178} INFO - Processing /home/airflow/.local/lib/python3.7/site-packages/airflow/example_dags/tutorial_dag.py took 0.089 seconds
[2023-05-01T06:25:24.712+0000] {processor.py:156} INFO - Started process (PID=592) to work on /home/airflow/.local/lib/python3.7/site-packages/airflow/example_dags/tutorial_dag.py
[2023-05-01T06:25:24.713+0000] {processor.py:799} INFO - Processing file /home/airflow/.local/lib/python3.7/site-packages/airflow/example_dags/tutorial_dag.py for tasks to queue
[2023-05-01T06:25:24.713+0000] {logging_mixin.py:149} INFO - [2023-05-01T06:25:24.713+0000] {dagbag.py:541} INFO - Filling up the DagBag from /home/airflow/.local/lib/python3.7/site-packages/airflow/example_dags/tutorial_dag.py
[2023-05-01T06:25:24.717+0000] {processor.py:809} INFO - DAG(s) dict_keys(['tutorial_dag']) retrieved from /home/airflow/.local/lib/python3.7/site-packages/airflow/example_dags/tutorial_dag.py
[2023-05-01T06:25:24.737+0000] {logging_mixin.py:149} INFO - [2023-05-01T06:25:24.736+0000] {dag.py:2726} INFO - Sync 1 DAGs
[2023-05-01T06:25:24.759+0000] {logging_mixin.py:149} INFO - [2023-05-01T06:25:24.759+0000] {dag.py:3490} INFO - Setting next_dagrun for tutorial_dag to None, run_after=None
[2023-05-01T06:25:24.777+0000] {processor.py:178} INFO - Processing /home/airflow/.local/lib/python3.7/site-packages/airflow/example_dags/tutorial_dag.py took 0.068 seconds
